<?xml version="1.0" encoding="UTF-8"?>
<!-- Generated by org.testng.reporters.JUnitXMLReporter -->
<testsuite ignored="4" hostname="DESKTOP-BG83L86" failures="2" tests="17" name="Add Self Task And Check In Day View Functionality" time="153.463" errors="0" timestamp="2024-05-15T17:14:11 IST">
  <testcase classname="in.biencaps.erp.testCases.AddSelfTaskAndCheckInDayViewFunctionality" name="verify_Add_Task_From_Sidebar_Without_Entering_Task_Title" time="3.57"/>
  <testcase classname="in.biencaps.erp.testCases.AddSelfTaskAndCheckInDayViewFunctionality" name="verify_Total_Tasks_Count_Before_Add_New_Task" time="1.983"/>
  <testcase classname="in.biencaps.erp.testCases.AddSelfTaskAndCheckInDayViewFunctionality" name="verify_Add_Task_From_Month_View_At_Current_Date" time="7.219"/>
  <testcase classname="in.biencaps.erp.testCases.AddSelfTaskAndCheckInDayViewFunctionality" name="verify_Added_Task_From_Month_View_At_Current_Date_Check_In_Day_View" time="4.506"/>
  <testcase classname="in.biencaps.erp.testCases.AddSelfTaskAndCheckInDayViewFunctionality" name="verify_Total_Tasks_Count_And_Log_Messages_In_Day_View_After_New_Task_Add_From_Month_View_At_Current_Date" time="9.155"/>
  <testcase classname="in.biencaps.erp.testCases.AddSelfTaskAndCheckInDayViewFunctionality" name="verify_Add_Roll_Over_Task_At_Past_Date_Which_Start_And_End_Date_Is_Same" time="4.766"/>
  <testcase classname="in.biencaps.erp.testCases.AddSelfTaskAndCheckInDayViewFunctionality" name="verify_Added_Roll_Over_Task_In_Each_Day_From_Start_Date_Until_Current_Day_In_Day_View" time="26.652"/>
  <testcase classname="in.biencaps.erp.testCases.AddSelfTaskAndCheckInDayViewFunctionality" name="verify_Total_Tasks_Count_And_Log_Messages_In_Day_View_After_Added_Another_Task_From_Month_View_Sidebar" time="10.347"/>
  <testcase classname="in.biencaps.erp.testCases.AddSelfTaskAndCheckInDayViewFunctionality" name="verify_Add_New_Task_From_Day_View_At_Current_Date" time="8.506">
    <failure type="org.openqa.selenium.TimeoutException" message="Expected condition failed: waiting for visibility of element located by By.xpath: (//div[@class=&amp;apos;taskTileDivContainer&amp;apos;]//input[@type=&amp;apos;text&amp;apos;])[last()] (tried for 6 second(s) with 500 milliseconds interval)
Build info: version: &amp;apos;4.20.0&amp;apos;, revision: &amp;apos;866c76ca80&amp;apos;
System info: os.name: &amp;apos;Windows 10&amp;apos;, os.arch: &amp;apos;amd64&amp;apos;, os.version: &amp;apos;10.0&amp;apos;, java.version: &amp;apos;17.0.8&amp;apos;
Driver info: org.openqa.selenium.chrome.ChromeDriver
Capabilities {acceptInsecureCerts: false, browserName: chrome, browserVersion: 124.0.6367.203, chrome: {chromedriverVersion: 124.0.6367.207 (a9001a6e39f..., userDataDir: C:\Users\Lenovo\AppData\Loc...}, fedcm:accounts: true, goog:chromeOptions: {debuggerAddress: localhost:63694}, networkConnectionEnabled: false, pageLoadStrategy: normal, platformName: windows, proxy: Proxy(), se:cdp: ws://localhost:63694/devtoo..., se:cdpVersion: 124.0.6367.203, setWindowRect: true, strictFileInteractability: false, timeouts: {implicit: 0, pageLoad: 300000, script: 30000}, unhandledPromptBehavior: dismiss and notify, webauthn:extension:credBlob: true, webauthn:extension:largeBlob: true, webauthn:extension:minPinLength: true, webauthn:extension:prf: true, webauthn:virtualAuthenticators: true}
Session ID: ec562747806b96cae1267085502cab79">
      <![CDATA[org.openqa.selenium.TimeoutException: Expected condition failed: waiting for visibility of element located by By.xpath: (//div[@class='taskTileDivContainer']//input[@type='text'])[last()] (tried for 6 second(s) with 500 milliseconds interval)
Build info: version: '4.20.0', revision: '866c76ca80'
System info: os.name: 'Windows 10', os.arch: 'amd64', os.version: '10.0', java.version: '17.0.8'
Driver info: org.openqa.selenium.chrome.ChromeDriver
Capabilities {acceptInsecureCerts: false, browserName: chrome, browserVersion: 124.0.6367.203, chrome: {chromedriverVersion: 124.0.6367.207 (a9001a6e39f..., userDataDir: C:\Users\Lenovo\AppData\Loc...}, fedcm:accounts: true, goog:chromeOptions: {debuggerAddress: localhost:63694}, networkConnectionEnabled: false, pageLoadStrategy: normal, platformName: windows, proxy: Proxy(), se:cdp: ws://localhost:63694/devtoo..., se:cdpVersion: 124.0.6367.203, setWindowRect: true, strictFileInteractability: false, timeouts: {implicit: 0, pageLoad: 300000, script: 30000}, unhandledPromptBehavior: dismiss and notify, webauthn:extension:credBlob: true, webauthn:extension:largeBlob: true, webauthn:extension:minPinLength: true, webauthn:extension:prf: true, webauthn:virtualAuthenticators: true}
Session ID: ec562747806b96cae1267085502cab79
at org.openqa.selenium.support.ui.WebDriverWait.timeoutException(WebDriverWait.java:84)
at org.openqa.selenium.support.ui.FluentWait.until(FluentWait.java:228)
at in.biencaps.erp.utilities.WebElementActions.sendKeysMethod(WebElementActions.java:150)
at in.biencaps.erp.pages.MyTasksPage.enterTaskTitleInLastTaskTitleTextfieldDayView(MyTasksPage.java:618)
at in.biencaps.erp.testCases.AddSelfTaskAndCheckInDayViewFunctionality.verify_Add_New_Task_From_Day_View_At_Current_Date(AddSelfTaskAndCheckInDayViewFunctionality.java:495)
at java.base/java.util.ArrayList.forEach(ArrayList.java:1511)
... Removed 27 stack frames]]>
    </failure>
  </testcase> <!-- verify_Add_New_Task_From_Day_View_At_Current_Date -->
  <testcase classname="in.biencaps.erp.testCases.AddSelfTaskAndCheckInDayViewFunctionality" name="verify_Total_Tasks_Count_And_Log_Message_In_Day_View_After_Added_Another_Task_From_Day_View" time="0.0">
    <skipped/>
  </testcase> <!-- verify_Total_Tasks_Count_And_Log_Message_In_Day_View_After_Added_Another_Task_From_Day_View -->
  <testcase classname="in.biencaps.erp.testCases.AddSelfTaskAndCheckInDayViewFunctionality" name="verify_Add_Task_From_Day_View_Sidebar_With_Start_Date_As_Current_Date_And_Due_Date_As_Future_Date" time="6.553"/>
  <testcase classname="in.biencaps.erp.testCases.AddSelfTaskAndCheckInDayViewFunctionality" name="verify_Added_Task_From_Day_View_Sidebar_Check_In_Each_Day_Until_Future_Date_In_Day_View" time="16.438"/>
  <testcase classname="in.biencaps.erp.testCases.AddSelfTaskAndCheckInDayViewFunctionality" name="verify_Total_Tasks_Count_And_Log_Message_In_Day_View_After_Adding_Another_Task_From_Day_View_Sidebar" time="11.79"/>
  <testcase classname="in.biencaps.erp.testCases.AddSelfTaskAndCheckInDayViewFunctionality" name="verify_Add_Task_From_Week_View_Sidebar_By_Giving_Only_Title_Date_And_Comment" time="10.129"/>
  <testcase classname="in.biencaps.erp.testCases.AddSelfTaskAndCheckInDayViewFunctionality" name="verify_Added_Task_From_Week_View_Sidebar_Check_In_Day_View" time="22.767">
    <failure type="org.openqa.selenium.NoSuchElementException" message="no such element: Unable to locate element: {&amp;quot;method&amp;quot;:&amp;quot;xpath&amp;quot;,&amp;quot;selector&amp;quot;:&amp;quot;(//input[@id=&amp;apos;due-task-title&amp;apos;])[last()]&amp;quot;}
  (Session info: chrome=124.0.6367.203)
For documentation on this error, please visit: https://www.selenium.dev/documentation/webdriver/troubleshooting/errors#no-such-element-exception
Build info: version: &amp;apos;4.20.0&amp;apos;, revision: &amp;apos;866c76ca80&amp;apos;
System info: os.name: &amp;apos;Windows 10&amp;apos;, os.arch: &amp;apos;amd64&amp;apos;, os.version: &amp;apos;10.0&amp;apos;, java.version: &amp;apos;17.0.8&amp;apos;
Driver info: org.openqa.selenium.chrome.ChromeDriver
Command: [ec562747806b96cae1267085502cab79, findElement {using=xpath, value=(//input[@id=&amp;apos;due-task-title&amp;apos;])[last()]}]
Capabilities {acceptInsecureCerts: false, browserName: chrome, browserVersion: 124.0.6367.203, chrome: {chromedriverVersion: 124.0.6367.207 (a9001a6e39f..., userDataDir: C:\Users\Lenovo\AppData\Loc...}, fedcm:accounts: true, goog:chromeOptions: {debuggerAddress: localhost:63694}, networkConnectionEnabled: false, pageLoadStrategy: normal, platformName: windows, proxy: Proxy(), se:cdp: ws://localhost:63694/devtoo..., se:cdpVersion: 124.0.6367.203, setWindowRect: true, strictFileInteractability: false, timeouts: {implicit: 0, pageLoad: 300000, script: 30000}, unhandledPromptBehavior: dismiss and notify, webauthn:extension:credBlob: true, webauthn:extension:largeBlob: true, webauthn:extension:minPinLength: true, webauthn:extension:prf: true, webauthn:virtualAuthenticators: true}
Session ID: ec562747806b96cae1267085502cab79">
      <![CDATA[org.openqa.selenium.NoSuchElementException: no such element: Unable to locate element: {"method":"xpath","selector":"(//input[@id='due-task-title'])[last()]"}
  (Session info: chrome=124.0.6367.203)
For documentation on this error, please visit: https://www.selenium.dev/documentation/webdriver/troubleshooting/errors#no-such-element-exception
Build info: version: '4.20.0', revision: '866c76ca80'
System info: os.name: 'Windows 10', os.arch: 'amd64', os.version: '10.0', java.version: '17.0.8'
Driver info: org.openqa.selenium.chrome.ChromeDriver
Command: [ec562747806b96cae1267085502cab79, findElement {using=xpath, value=(//input[@id='due-task-title'])[last()]}]
Capabilities {acceptInsecureCerts: false, browserName: chrome, browserVersion: 124.0.6367.203, chrome: {chromedriverVersion: 124.0.6367.207 (a9001a6e39f..., userDataDir: C:\Users\Lenovo\AppData\Loc...}, fedcm:accounts: true, goog:chromeOptions: {debuggerAddress: localhost:63694}, networkConnectionEnabled: false, pageLoadStrategy: normal, platformName: windows, proxy: Proxy(), se:cdp: ws://localhost:63694/devtoo..., se:cdpVersion: 124.0.6367.203, setWindowRect: true, strictFileInteractability: false, timeouts: {implicit: 0, pageLoad: 300000, script: 30000}, unhandledPromptBehavior: dismiss and notify, webauthn:extension:credBlob: true, webauthn:extension:largeBlob: true, webauthn:extension:minPinLength: true, webauthn:extension:prf: true, webauthn:virtualAuthenticators: true}
Session ID: ec562747806b96cae1267085502cab79
at org.openqa.selenium.remote.ErrorCodec.decode(ErrorCodec.java:167)
at org.openqa.selenium.remote.codec.w3c.W3CHttpResponseCodec.decode(W3CHttpResponseCodec.java:138)
at org.openqa.selenium.remote.codec.w3c.W3CHttpResponseCodec.decode(W3CHttpResponseCodec.java:50)
at org.openqa.selenium.remote.HttpCommandExecutor.execute(HttpCommandExecutor.java:190)
at org.openqa.selenium.remote.service.DriverCommandExecutor.invokeExecute(DriverCommandExecutor.java:216)
at org.openqa.selenium.remote.service.DriverCommandExecutor.execute(DriverCommandExecutor.java:174)
at org.openqa.selenium.remote.RemoteWebDriver.execute(RemoteWebDriver.java:518)
at org.openqa.selenium.remote.ElementLocation$ElementFinder$2.findElement(ElementLocation.java:165)
at org.openqa.selenium.remote.ElementLocation.findElement(ElementLocation.java:59)
at org.openqa.selenium.remote.RemoteWebDriver.findElement(RemoteWebDriver.java:355)
at org.openqa.selenium.remote.RemoteWebDriver.findElement(RemoteWebDriver.java:349)
at in.biencaps.erp.utilities.WebElementActions.getCssValue(WebElementActions.java:168)
at in.biencaps.erp.pages.MyTasksPage.checkRollOverTaskColor(MyTasksPage.java:360)
at in.biencaps.erp.testCases.AddSelfTaskAndCheckInDayViewFunctionality.verify_Added_Task_From_Week_View_Sidebar_Check_In_Day_View(AddSelfTaskAndCheckInDayViewFunctionality.java:1126)
at java.base/java.util.ArrayList.forEach(ArrayList.java:1511)
... Removed 31 stack frames]]>
    </failure>
  </testcase> <!-- verify_Added_Task_From_Week_View_Sidebar_Check_In_Day_View -->
  <testcase classname="in.biencaps.erp.testCases.AddSelfTaskAndCheckInDayViewFunctionality" name="verify_Added_Task_From_Week_View_Sidebar_In_Week_View" time="8.58"/>
  <testcase classname="in.biencaps.erp.testCases.AddSelfTaskAndCheckInDayViewFunctionality" name="verify_Total_Tasks_Count_And_Log_Message_In_Day_View_After_Added_Another_Task_From_Week_View_Sidebar" time="0.0">
    <skipped/>
  </testcase> <!-- verify_Total_Tasks_Count_And_Log_Message_In_Day_View_After_Added_Another_Task_From_Week_View_Sidebar -->
  <testcase classname="in.biencaps.erp.testCases.AddSelfTaskAndCheckInDayViewFunctionality" name="verify_Add_Task_From_Week_View_At_Future_Date" time="0.0">
    <ignored/>
  </testcase> <!-- verify_Add_Task_From_Week_View_At_Future_Date -->
  <testcase classname="in.biencaps.erp.testCases.AddSelfTaskAndCheckInDayViewFunctionality" name="verify_Added_Task_From_Week_View_Sidebar_At_Future_Date_In_Week_View" time="0.0">
    <ignored/>
  </testcase> <!-- verify_Added_Task_From_Week_View_Sidebar_At_Future_Date_In_Week_View -->
  <testcase classname="in.biencaps.erp.testCases.AddSelfTaskAndCheckInDayViewFunctionality" name="verify_Added_Task_From_Week_View_At_Future_Date_Check_In_Day_View" time="0.0">
    <ignored/>
  </testcase> <!-- verify_Added_Task_From_Week_View_At_Future_Date_Check_In_Day_View -->
  <testcase classname="in.biencaps.erp.testCases.AddSelfTaskAndCheckInDayViewFunctionality" name="verify_Total_Tasks_Count_And_Log_Message_In_Day_View_After_Task_Added_From_Week_View_At_Future_Date" time="0.0">
    <ignored/>
  </testcase> <!-- verify_Total_Tasks_Count_And_Log_Message_In_Day_View_After_Task_Added_From_Week_View_At_Future_Date -->
</testsuite> <!-- Add Self Task And Check In Day View Functionality -->
