<html>
<head>
<title>TestNG:  Add Self Task And Check In Day View Functionality</title>
<link href="../testng.css" rel="stylesheet" type="text/css" />
<link href="../my-testng.css" rel="stylesheet" type="text/css" />

<style type="text/css">
.log { display: none;} 
.stack-trace { display: none;} 
</style>
<script type="text/javascript">
<!--
function flip(e) {
  current = e.style.display;
  if (current == 'block') {
    e.style.display = 'none';
    return 0;
  }
  else {
    e.style.display = 'block';
    return 1;
  }
}

function toggleBox(szDivId, elem, msg1, msg2)
{
  var res = -1;  if (document.getElementById) {
    res = flip(document.getElementById(szDivId));
  }
  else if (document.all) {
    // this is the way old msie versions work
    res = flip(document.all[szDivId]);
  }
  if(elem) {
    if(res == 0) elem.innerHTML = msg1; else elem.innerHTML = msg2;
  }

}

function toggleAllBoxes() {
  if (document.getElementsByTagName) {
    d = document.getElementsByTagName('div');
    for (i = 0; i < d.length; i++) {
      if (d[i].className == 'log') {
        flip(d[i]);
      }
    }
  }
}

// -->
</script>

</head>
<body>
<h2 align='center'>Add Self Task And Check In Day View Functionality</h2><table border='1' align="center">
<tr>
<td>Tests passed/Failed/Skipped:</td><td>0/7/10</td>
</tr><tr>
<td>Started on:</td><td>Tue May 07 18:08:29 IST 2024</td>
</tr>
<tr><td>Total time:</td><td>9 seconds (9792 ms)</td>
</tr><tr>
<td>Included groups:</td><td></td>
</tr><tr>
<td>Excluded groups:</td><td></td>
</tr>
</table><p/>
<small><i>(Hover the method name to see the test class name)</i></small><p/>
<table width='100%' border='1' class='invocation-failed'>
<tr><td colspan='4' align='center'><b>FAILED TESTS</b></td></tr>
<tr><td><b>Test method</b></td>
<td><b>Attribute(s)</b></td>
<td width="30%"><b>Exception</b></td>
<td width="10%"><b>Time (seconds)</b></td>
<td><b>Instance</b></td>
</tr>
<tr>
<td title='com.biencaps.erp.testCases.AddSelfTaskAndCheckInDayViewFunctionality.verifyAddTaskFromMonthViewAtParticularDate()'><b>verifyAddTaskFromMonthViewAtParticularDate</b><br>Test class: com.biencaps.erp.testCases.AddSelfTaskAndCheckInDayViewFunctionality</td>
<td><div><pre>org.openqa.selenium.ElementClickInterceptedException: element click intercepted: Element &lt;button class=&quot;monthView-btn monthView-btn-view&quot; style=&quot;background: rgb(255, 246, 223);&quot;&gt;...&lt;/button&gt; is not clickable at point (1293, 118). Other element would receive the click: &lt;input type=&quot;text&quot; placeholder=&quot;Enter Tasks Name &quot; value=&quot;&quot;&gt;
  (Session info: chrome=124.0.6367.119)
Build info: version: &apos;4.20.0&apos;, revision: &apos;866c76ca80&apos;
System info: os.name: &apos;Windows 10&apos;, os.arch: &apos;amd64&apos;, os.version: &apos;10.0&apos;, java.version: &apos;17.0.8&apos;
Driver info: org.openqa.selenium.chrome.ChromeDriver
Command: [006ecbb0722d094b6f2e7e3f0495576b, clickElement {id=f.4A66033EA3385147DB983D8182A3A304.d.73AE1D36A3F043B396757F59E668651F.e.127}]
Capabilities {acceptInsecureCerts: false, browserName: chrome, browserVersion: 124.0.6367.119, chrome: {chromedriverVersion: 124.0.6367.91 (51df0e5e17a8..., userDataDir: C:\Users\Lenovo\AppData\Loc...}, fedcm:accounts: true, goog:chromeOptions: {debuggerAddress: localhost:61187}, networkConnectionEnabled: false, pageLoadStrategy: normal, platformName: windows, proxy: Proxy(), se:cdp: ws://localhost:61187/devtoo..., se:cdpVersion: 124.0.6367.119, setWindowRect: true, strictFileInteractability: false, timeouts: {implicit: 0, pageLoad: 300000, script: 30000}, unhandledPromptBehavior: dismiss and notify, webauthn:extension:credBlob: true, webauthn:extension:largeBlob: true, webauthn:extension:minPinLength: true, webauthn:extension:prf: true, webauthn:virtualAuthenticators: true}
Element: [[ChromeDriver: chrome on windows (006ecbb0722d094b6f2e7e3f0495576b)] -&gt; xpath: //button[normalize-space()=&apos;Month&apos;]]
Session ID: 006ecbb0722d094b6f2e7e3f0495576b
	at org.openqa.selenium.remote.ErrorCodec.decode(ErrorCodec.java:167)
	at org.openqa.selenium.remote.codec.w3c.W3CHttpResponseCodec.decode(W3CHttpResponseCodec.java:138)
	at org.openqa.selenium.remote.codec.w3c.W3CHttpResponseCodec.decode(W3CHttpResponseCodec.java:50)
	at org.openqa.selenium.remote.HttpCommandExecutor.execute(HttpCommandExecutor.java:190)
	at org.openqa.selenium.remote.service.DriverCommandExecutor.invokeExecute(DriverCommandExecutor.java:216)
	at org.openqa.selenium.remote.service.DriverCommandExecutor.execute(DriverCommandExecutor.java:174)
	at org.openqa.selenium.remote.RemoteWebDriver.execute(RemoteWebDriver.java:518)
	at org.openqa.selenium.remote.RemoteWebElement.execute(RemoteWebElement.java:223)
	at org.openqa.selenium.remote.RemoteWebElement.click(RemoteWebElement.java:76)
	at com.biencaps.erp.utilities.WebElementActions.clickOnMethod(WebElementActions.java:70)
	at com.biencaps.erp.pageObjectModels.MyTasksPage.clickOnMonthButton(MyTasksPage.java:549)
	at com.biencaps.erp.testCases.AddSelfTaskAndCheckInDayViewFunctionality.verifyAddTaskFromMonthViewAtParticularDate(AddSelfTaskAndCheckInDayViewFunctionality.java:144)
	at java.base/java.util.ArrayList.forEach(ArrayList.java:1511)
... Removed 32 stack frames</pre></div><a href='#' onClick='toggleBox("stack-trace2037835062", this, "Click to show all stack frames", "Click to hide stack frames")'>Click to show all stack frames</a>
<div class='stack-trace' id='stack-trace2037835062'><pre>org.openqa.selenium.ElementClickInterceptedException: element click intercepted: Element &lt;button class=&quot;monthView-btn monthView-btn-view&quot; style=&quot;background: rgb(255, 246, 223);&quot;&gt;...&lt;/button&gt; is not clickable at point (1293, 118). Other element would receive the click: &lt;input type=&quot;text&quot; placeholder=&quot;Enter Tasks Name &quot; value=&quot;&quot;&gt;
  (Session info: chrome=124.0.6367.119)
Build info: version: &apos;4.20.0&apos;, revision: &apos;866c76ca80&apos;
System info: os.name: &apos;Windows 10&apos;, os.arch: &apos;amd64&apos;, os.version: &apos;10.0&apos;, java.version: &apos;17.0.8&apos;
Driver info: org.openqa.selenium.chrome.ChromeDriver
Command: [006ecbb0722d094b6f2e7e3f0495576b, clickElement {id=f.4A66033EA3385147DB983D8182A3A304.d.73AE1D36A3F043B396757F59E668651F.e.127}]
Capabilities {acceptInsecureCerts: false, browserName: chrome, browserVersion: 124.0.6367.119, chrome: {chromedriverVersion: 124.0.6367.91 (51df0e5e17a8..., userDataDir: C:\Users\Lenovo\AppData\Loc...}, fedcm:accounts: true, goog:chromeOptions: {debuggerAddress: localhost:61187}, networkConnectionEnabled: false, pageLoadStrategy: normal, platformName: windows, proxy: Proxy(), se:cdp: ws://localhost:61187/devtoo..., se:cdpVersion: 124.0.6367.119, setWindowRect: true, strictFileInteractability: false, timeouts: {implicit: 0, pageLoad: 300000, script: 30000}, unhandledPromptBehavior: dismiss and notify, webauthn:extension:credBlob: true, webauthn:extension:largeBlob: true, webauthn:extension:minPinLength: true, webauthn:extension:prf: true, webauthn:virtualAuthenticators: true}
Element: [[ChromeDriver: chrome on windows (006ecbb0722d094b6f2e7e3f0495576b)] -&gt; xpath: //button[normalize-space()=&apos;Month&apos;]]
Session ID: 006ecbb0722d094b6f2e7e3f0495576b
	at java.base/jdk.internal.reflect.NativeConstructorAccessorImpl.newInstance0(Native Method)
	at java.base/jdk.internal.reflect.NativeConstructorAccessorImpl.newInstance(NativeConstructorAccessorImpl.java:77)
	at java.base/jdk.internal.reflect.DelegatingConstructorAccessorImpl.newInstance(DelegatingConstructorAccessorImpl.java:45)
	at java.base/java.lang.reflect.Constructor.newInstanceWithCaller(Constructor.java:499)
	at java.base/java.lang.reflect.Constructor.newInstance(Constructor.java:480)
	at org.openqa.selenium.remote.ErrorCodec.decode(ErrorCodec.java:167)
	at org.openqa.selenium.remote.codec.w3c.W3CHttpResponseCodec.decode(W3CHttpResponseCodec.java:138)
	at org.openqa.selenium.remote.codec.w3c.W3CHttpResponseCodec.decode(W3CHttpResponseCodec.java:50)
	at org.openqa.selenium.remote.HttpCommandExecutor.execute(HttpCommandExecutor.java:190)
	at org.openqa.selenium.remote.service.DriverCommandExecutor.invokeExecute(DriverCommandExecutor.java:216)
	at org.openqa.selenium.remote.service.DriverCommandExecutor.execute(DriverCommandExecutor.java:174)
	at org.openqa.selenium.remote.RemoteWebDriver.execute(RemoteWebDriver.java:518)
	at org.openqa.selenium.remote.RemoteWebElement.execute(RemoteWebElement.java:223)
	at org.openqa.selenium.remote.RemoteWebElement.click(RemoteWebElement.java:76)
	at com.biencaps.erp.utilities.WebElementActions.clickOnMethod(WebElementActions.java:70)
	at com.biencaps.erp.pageObjectModels.MyTasksPage.clickOnMonthButton(MyTasksPage.java:549)
	at com.biencaps.erp.testCases.AddSelfTaskAndCheckInDayViewFunctionality.verifyAddTaskFromMonthViewAtParticularDate(AddSelfTaskAndCheckInDayViewFunctionality.java:144)
	at java.base/jdk.internal.reflect.NativeMethodAccessorImpl.invoke0(Native Method)
	at java.base/jdk.internal.reflect.NativeMethodAccessorImpl.invoke(NativeMethodAccessorImpl.java:77)
	at java.base/jdk.internal.reflect.DelegatingMethodAccessorImpl.invoke(DelegatingMethodAccessorImpl.java:43)
	at java.base/java.lang.reflect.Method.invoke(Method.java:568)
	at org.testng.internal.invokers.MethodInvocationHelper.invokeMethod(MethodInvocationHelper.java:139)
	at org.testng.internal.invokers.TestInvoker.invokeMethod(TestInvoker.java:664)
	at org.testng.internal.invokers.TestInvoker.invokeTestMethod(TestInvoker.java:228)
	at org.testng.internal.invokers.MethodRunner.runInSequence(MethodRunner.java:63)
	at org.testng.internal.invokers.TestInvoker$MethodInvocationAgent.invoke(TestInvoker.java:961)
	at org.testng.internal.invokers.TestInvoker.invokeTestMethods(TestInvoker.java:201)
	at org.testng.internal.invokers.TestMethodWorker.invokeTestMethods(TestMethodWorker.java:148)
	at org.testng.internal.invokers.TestMethodWorker.run(TestMethodWorker.java:128)
	at java.base/java.util.ArrayList.forEach(ArrayList.java:1511)
	at org.testng.TestRunner.privateRun(TestRunner.java:819)
	at org.testng.TestRunner.run(TestRunner.java:619)
	at org.testng.SuiteRunner.runTest(SuiteRunner.java:443)
	at org.testng.SuiteRunner.runSequentially(SuiteRunner.java:437)
	at org.testng.SuiteRunner.privateRun(SuiteRunner.java:397)
	at org.testng.SuiteRunner.run(SuiteRunner.java:336)
	at org.testng.SuiteRunnerWorker.runSuite(SuiteRunnerWorker.java:52)
	at org.testng.SuiteRunnerWorker.run(SuiteRunnerWorker.java:95)
	at org.testng.TestNG.runSuitesSequentially(TestNG.java:1301)
	at org.testng.TestNG.runSuitesLocally(TestNG.java:1228)
	at org.testng.TestNG.runSuites(TestNG.java:1134)
	at org.testng.TestNG.run(TestNG.java:1101)
	at org.testng.remote.AbstractRemoteTestNG.run(AbstractRemoteTestNG.java:115)
	at org.testng.remote.RemoteTestNG.initAndRun(RemoteTestNG.java:251)
	at org.testng.remote.RemoteTestNG.main(RemoteTestNG.java:77)
</pre></div></td>
<td>1</td>
<td>com.biencaps.erp.testCases.AddSelfTaskAndCheckInDayViewFunctionality@2c7b5824</td></tr>
<tr>
<td title='com.biencaps.erp.testCases.AddSelfTaskAndCheckInDayViewFunctionality.verifyAddTaskFromSidebarWithoutEnteringTaskTitle()'><b>verifyAddTaskFromSidebarWithoutEnteringTaskTitle</b><br>Test class: com.biencaps.erp.testCases.AddSelfTaskAndCheckInDayViewFunctionality</td>
<td><div><pre>java.lang.AssertionError: expected [Please Add the task ] but found [Please Add the task first]
	at com.biencaps.erp.utilities.CommonTestMethods.verifyToastMessage(CommonTestMethods.java:126)
	at com.biencaps.erp.testCases.AddSelfTaskAndCheckInDayViewFunctionality.verifyAddTaskFromSidebarWithoutEnteringTaskTitle(AddSelfTaskAndCheckInDayViewFunctionality.java:88)
	at java.base/java.util.ArrayList.forEach(ArrayList.java:1511)
... Removed 33 stack frames</pre></div><a href='#' onClick='toggleBox("stack-trace417917785", this, "Click to show all stack frames", "Click to hide stack frames")'>Click to show all stack frames</a>
<div class='stack-trace' id='stack-trace417917785'><pre>java.lang.AssertionError: expected [Please Add the task ] but found [Please Add the task first]
	at org.testng.Assert.fail(Assert.java:111)
	at org.testng.Assert.failNotEquals(Assert.java:1578)
	at org.testng.Assert.assertEqualsImpl(Assert.java:150)
	at org.testng.Assert.assertEquals(Assert.java:132)
	at org.testng.Assert.assertEquals(Assert.java:656)
	at org.testng.Assert.assertEquals(Assert.java:666)
	at com.biencaps.erp.utilities.CommonTestMethods.verifyToastMessage(CommonTestMethods.java:126)
	at com.biencaps.erp.testCases.AddSelfTaskAndCheckInDayViewFunctionality.verifyAddTaskFromSidebarWithoutEnteringTaskTitle(AddSelfTaskAndCheckInDayViewFunctionality.java:88)
	at java.base/jdk.internal.reflect.NativeMethodAccessorImpl.invoke0(Native Method)
	at java.base/jdk.internal.reflect.NativeMethodAccessorImpl.invoke(NativeMethodAccessorImpl.java:77)
	at java.base/jdk.internal.reflect.DelegatingMethodAccessorImpl.invoke(DelegatingMethodAccessorImpl.java:43)
	at java.base/java.lang.reflect.Method.invoke(Method.java:568)
	at org.testng.internal.invokers.MethodInvocationHelper.invokeMethod(MethodInvocationHelper.java:139)
	at org.testng.internal.invokers.TestInvoker.invokeMethod(TestInvoker.java:664)
	at org.testng.internal.invokers.TestInvoker.invokeTestMethod(TestInvoker.java:228)
	at org.testng.internal.invokers.MethodRunner.runInSequence(MethodRunner.java:63)
	at org.testng.internal.invokers.TestInvoker$MethodInvocationAgent.invoke(TestInvoker.java:961)
	at org.testng.internal.invokers.TestInvoker.invokeTestMethods(TestInvoker.java:201)
	at org.testng.internal.invokers.TestMethodWorker.invokeTestMethods(TestMethodWorker.java:148)
	at org.testng.internal.invokers.TestMethodWorker.run(TestMethodWorker.java:128)
	at java.base/java.util.ArrayList.forEach(ArrayList.java:1511)
	at org.testng.TestRunner.privateRun(TestRunner.java:819)
	at org.testng.TestRunner.run(TestRunner.java:619)
	at org.testng.SuiteRunner.runTest(SuiteRunner.java:443)
	at org.testng.SuiteRunner.runSequentially(SuiteRunner.java:437)
	at org.testng.SuiteRunner.privateRun(SuiteRunner.java:397)
	at org.testng.SuiteRunner.run(SuiteRunner.java:336)
	at org.testng.SuiteRunnerWorker.runSuite(SuiteRunnerWorker.java:52)
	at org.testng.SuiteRunnerWorker.run(SuiteRunnerWorker.java:95)
	at org.testng.TestNG.runSuitesSequentially(TestNG.java:1301)
	at org.testng.TestNG.runSuitesLocally(TestNG.java:1228)
	at org.testng.TestNG.runSuites(TestNG.java:1134)
	at org.testng.TestNG.run(TestNG.java:1101)
	at org.testng.remote.AbstractRemoteTestNG.run(AbstractRemoteTestNG.java:115)
	at org.testng.remote.RemoteTestNG.initAndRun(RemoteTestNG.java:251)
	at org.testng.remote.RemoteTestNG.main(RemoteTestNG.java:77)
</pre></div></td>
<td>1</td>
<td>com.biencaps.erp.testCases.AddSelfTaskAndCheckInDayViewFunctionality@2c7b5824</td></tr>
<tr>
<td title='com.biencaps.erp.testCases.AddSelfTaskAndCheckInDayViewFunctionality.verifyAddTaskFromMonthViewSidebarByGivingOnlyTitleAndDate()'><b>verifyAddTaskFromMonthViewSidebarByGivingOnlyTitleAndDate</b><br>Test class: com.biencaps.erp.testCases.AddSelfTaskAndCheckInDayViewFunctionality</td>
<td><div><pre>org.openqa.selenium.ElementClickInterceptedException: element click intercepted: Element &lt;button class=&quot;monthView-btn monthView-btn-view&quot; style=&quot;background: rgb(255, 246, 223);&quot;&gt;...&lt;/button&gt; is not clickable at point (1293, 118). Other element would receive the click: &lt;input type=&quot;text&quot; placeholder=&quot;Enter Tasks Name &quot; value=&quot;&quot;&gt;
  (Session info: chrome=124.0.6367.119)
Build info: version: &apos;4.20.0&apos;, revision: &apos;866c76ca80&apos;
System info: os.name: &apos;Windows 10&apos;, os.arch: &apos;amd64&apos;, os.version: &apos;10.0&apos;, java.version: &apos;17.0.8&apos;
Driver info: org.openqa.selenium.chrome.ChromeDriver
Command: [006ecbb0722d094b6f2e7e3f0495576b, clickElement {id=f.4A66033EA3385147DB983D8182A3A304.d.73AE1D36A3F043B396757F59E668651F.e.127}]
Capabilities {acceptInsecureCerts: false, browserName: chrome, browserVersion: 124.0.6367.119, chrome: {chromedriverVersion: 124.0.6367.91 (51df0e5e17a8..., userDataDir: C:\Users\Lenovo\AppData\Loc...}, fedcm:accounts: true, goog:chromeOptions: {debuggerAddress: localhost:61187}, networkConnectionEnabled: false, pageLoadStrategy: normal, platformName: windows, proxy: Proxy(), se:cdp: ws://localhost:61187/devtoo..., se:cdpVersion: 124.0.6367.119, setWindowRect: true, strictFileInteractability: false, timeouts: {implicit: 0, pageLoad: 300000, script: 30000}, unhandledPromptBehavior: dismiss and notify, webauthn:extension:credBlob: true, webauthn:extension:largeBlob: true, webauthn:extension:minPinLength: true, webauthn:extension:prf: true, webauthn:virtualAuthenticators: true}
Element: [[ChromeDriver: chrome on windows (006ecbb0722d094b6f2e7e3f0495576b)] -&gt; xpath: //button[normalize-space()=&apos;Month&apos;]]
Session ID: 006ecbb0722d094b6f2e7e3f0495576b
	at org.openqa.selenium.remote.ErrorCodec.decode(ErrorCodec.java:167)
	at org.openqa.selenium.remote.codec.w3c.W3CHttpResponseCodec.decode(W3CHttpResponseCodec.java:138)
	at org.openqa.selenium.remote.codec.w3c.W3CHttpResponseCodec.decode(W3CHttpResponseCodec.java:50)
	at org.openqa.selenium.remote.HttpCommandExecutor.execute(HttpCommandExecutor.java:190)
	at org.openqa.selenium.remote.service.DriverCommandExecutor.invokeExecute(DriverCommandExecutor.java:216)
	at org.openqa.selenium.remote.service.DriverCommandExecutor.execute(DriverCommandExecutor.java:174)
	at org.openqa.selenium.remote.RemoteWebDriver.execute(RemoteWebDriver.java:518)
	at org.openqa.selenium.remote.RemoteWebElement.execute(RemoteWebElement.java:223)
	at org.openqa.selenium.remote.RemoteWebElement.click(RemoteWebElement.java:76)
	at com.biencaps.erp.utilities.WebElementActions.clickOnMethod(WebElementActions.java:70)
	at com.biencaps.erp.pageObjectModels.MyTasksPage.clickOnMonthButton(MyTasksPage.java:549)
	at com.biencaps.erp.testCases.AddSelfTaskAndCheckInDayViewFunctionality.verifyAddTaskFromMonthViewSidebarByGivingOnlyTitleAndDate(AddSelfTaskAndCheckInDayViewFunctionality.java:314)
	at java.base/java.util.ArrayList.forEach(ArrayList.java:1511)
... Removed 32 stack frames</pre></div><a href='#' onClick='toggleBox("stack-trace320706431", this, "Click to show all stack frames", "Click to hide stack frames")'>Click to show all stack frames</a>
<div class='stack-trace' id='stack-trace320706431'><pre>org.openqa.selenium.ElementClickInterceptedException: element click intercepted: Element &lt;button class=&quot;monthView-btn monthView-btn-view&quot; style=&quot;background: rgb(255, 246, 223);&quot;&gt;...&lt;/button&gt; is not clickable at point (1293, 118). Other element would receive the click: &lt;input type=&quot;text&quot; placeholder=&quot;Enter Tasks Name &quot; value=&quot;&quot;&gt;
  (Session info: chrome=124.0.6367.119)
Build info: version: &apos;4.20.0&apos;, revision: &apos;866c76ca80&apos;
System info: os.name: &apos;Windows 10&apos;, os.arch: &apos;amd64&apos;, os.version: &apos;10.0&apos;, java.version: &apos;17.0.8&apos;
Driver info: org.openqa.selenium.chrome.ChromeDriver
Command: [006ecbb0722d094b6f2e7e3f0495576b, clickElement {id=f.4A66033EA3385147DB983D8182A3A304.d.73AE1D36A3F043B396757F59E668651F.e.127}]
Capabilities {acceptInsecureCerts: false, browserName: chrome, browserVersion: 124.0.6367.119, chrome: {chromedriverVersion: 124.0.6367.91 (51df0e5e17a8..., userDataDir: C:\Users\Lenovo\AppData\Loc...}, fedcm:accounts: true, goog:chromeOptions: {debuggerAddress: localhost:61187}, networkConnectionEnabled: false, pageLoadStrategy: normal, platformName: windows, proxy: Proxy(), se:cdp: ws://localhost:61187/devtoo..., se:cdpVersion: 124.0.6367.119, setWindowRect: true, strictFileInteractability: false, timeouts: {implicit: 0, pageLoad: 300000, script: 30000}, unhandledPromptBehavior: dismiss and notify, webauthn:extension:credBlob: true, webauthn:extension:largeBlob: true, webauthn:extension:minPinLength: true, webauthn:extension:prf: true, webauthn:virtualAuthenticators: true}
Element: [[ChromeDriver: chrome on windows (006ecbb0722d094b6f2e7e3f0495576b)] -&gt; xpath: //button[normalize-space()=&apos;Month&apos;]]
Session ID: 006ecbb0722d094b6f2e7e3f0495576b
	at java.base/jdk.internal.reflect.NativeConstructorAccessorImpl.newInstance0(Native Method)
	at java.base/jdk.internal.reflect.NativeConstructorAccessorImpl.newInstance(NativeConstructorAccessorImpl.java:77)
	at java.base/jdk.internal.reflect.DelegatingConstructorAccessorImpl.newInstance(DelegatingConstructorAccessorImpl.java:45)
	at java.base/java.lang.reflect.Constructor.newInstanceWithCaller(Constructor.java:499)
	at java.base/java.lang.reflect.Constructor.newInstance(Constructor.java:480)
	at org.openqa.selenium.remote.ErrorCodec.decode(ErrorCodec.java:167)
	at org.openqa.selenium.remote.codec.w3c.W3CHttpResponseCodec.decode(W3CHttpResponseCodec.java:138)
	at org.openqa.selenium.remote.codec.w3c.W3CHttpResponseCodec.decode(W3CHttpResponseCodec.java:50)
	at org.openqa.selenium.remote.HttpCommandExecutor.execute(HttpCommandExecutor.java:190)
	at org.openqa.selenium.remote.service.DriverCommandExecutor.invokeExecute(DriverCommandExecutor.java:216)
	at org.openqa.selenium.remote.service.DriverCommandExecutor.execute(DriverCommandExecutor.java:174)
	at org.openqa.selenium.remote.RemoteWebDriver.execute(RemoteWebDriver.java:518)
	at org.openqa.selenium.remote.RemoteWebElement.execute(RemoteWebElement.java:223)
	at org.openqa.selenium.remote.RemoteWebElement.click(RemoteWebElement.java:76)
	at com.biencaps.erp.utilities.WebElementActions.clickOnMethod(WebElementActions.java:70)
	at com.biencaps.erp.pageObjectModels.MyTasksPage.clickOnMonthButton(MyTasksPage.java:549)
	at com.biencaps.erp.testCases.AddSelfTaskAndCheckInDayViewFunctionality.verifyAddTaskFromMonthViewSidebarByGivingOnlyTitleAndDate(AddSelfTaskAndCheckInDayViewFunctionality.java:314)
	at java.base/jdk.internal.reflect.NativeMethodAccessorImpl.invoke0(Native Method)
	at java.base/jdk.internal.reflect.NativeMethodAccessorImpl.invoke(NativeMethodAccessorImpl.java:77)
	at java.base/jdk.internal.reflect.DelegatingMethodAccessorImpl.invoke(DelegatingMethodAccessorImpl.java:43)
	at java.base/java.lang.reflect.Method.invoke(Method.java:568)
	at org.testng.internal.invokers.MethodInvocationHelper.invokeMethod(MethodInvocationHelper.java:139)
	at org.testng.internal.invokers.TestInvoker.invokeMethod(TestInvoker.java:664)
	at org.testng.internal.invokers.TestInvoker.invokeTestMethod(TestInvoker.java:228)
	at org.testng.internal.invokers.MethodRunner.runInSequence(MethodRunner.java:63)
	at org.testng.internal.invokers.TestInvoker$MethodInvocationAgent.invoke(TestInvoker.java:961)
	at org.testng.internal.invokers.TestInvoker.invokeTestMethods(TestInvoker.java:201)
	at org.testng.internal.invokers.TestMethodWorker.invokeTestMethods(TestMethodWorker.java:148)
	at org.testng.internal.invokers.TestMethodWorker.run(TestMethodWorker.java:128)
	at java.base/java.util.ArrayList.forEach(ArrayList.java:1511)
	at org.testng.TestRunner.privateRun(TestRunner.java:819)
	at org.testng.TestRunner.run(TestRunner.java:619)
	at org.testng.SuiteRunner.runTest(SuiteRunner.java:443)
	at org.testng.SuiteRunner.runSequentially(SuiteRunner.java:437)
	at org.testng.SuiteRunner.privateRun(SuiteRunner.java:397)
	at org.testng.SuiteRunner.run(SuiteRunner.java:336)
	at org.testng.SuiteRunnerWorker.runSuite(SuiteRunnerWorker.java:52)
	at org.testng.SuiteRunnerWorker.run(SuiteRunnerWorker.java:95)
	at org.testng.TestNG.runSuitesSequentially(TestNG.java:1301)
	at org.testng.TestNG.runSuitesLocally(TestNG.java:1228)
	at org.testng.TestNG.runSuites(TestNG.java:1134)
	at org.testng.TestNG.run(TestNG.java:1101)
	at org.testng.remote.AbstractRemoteTestNG.run(AbstractRemoteTestNG.java:115)
	at org.testng.remote.RemoteTestNG.initAndRun(RemoteTestNG.java:251)
	at org.testng.remote.RemoteTestNG.main(RemoteTestNG.java:77)
</pre></div></td>
<td>1</td>
<td>com.biencaps.erp.testCases.AddSelfTaskAndCheckInDayViewFunctionality@2c7b5824</td></tr>
<tr>
<td title='com.biencaps.erp.testCases.AddSelfTaskAndCheckInDayViewFunctionality.verifyTotalTasksCountBeforeAddNewTask()'><b>verifyTotalTasksCountBeforeAddNewTask</b><br>Test class: com.biencaps.erp.testCases.AddSelfTaskAndCheckInDayViewFunctionality</td>
<td><div><pre>org.openqa.selenium.ElementClickInterceptedException: element click intercepted: Element &lt;button class=&quot;dayView-btn monthView-btn-view&quot; style=&quot;background: none;&quot;&gt;...&lt;/button&gt; is not clickable at point (1437, 118). Other element would receive the click: &lt;input type=&quot;text&quot; placeholder=&quot;Enter Tasks Name &quot; value=&quot;&quot;&gt;
  (Session info: chrome=124.0.6367.119)
Build info: version: &apos;4.20.0&apos;, revision: &apos;866c76ca80&apos;
System info: os.name: &apos;Windows 10&apos;, os.arch: &apos;amd64&apos;, os.version: &apos;10.0&apos;, java.version: &apos;17.0.8&apos;
Driver info: org.openqa.selenium.chrome.ChromeDriver
Command: [006ecbb0722d094b6f2e7e3f0495576b, clickElement {id=f.4A66033EA3385147DB983D8182A3A304.d.73AE1D36A3F043B396757F59E668651F.e.126}]
Capabilities {acceptInsecureCerts: false, browserName: chrome, browserVersion: 124.0.6367.119, chrome: {chromedriverVersion: 124.0.6367.91 (51df0e5e17a8..., userDataDir: C:\Users\Lenovo\AppData\Loc...}, fedcm:accounts: true, goog:chromeOptions: {debuggerAddress: localhost:61187}, networkConnectionEnabled: false, pageLoadStrategy: normal, platformName: windows, proxy: Proxy(), se:cdp: ws://localhost:61187/devtoo..., se:cdpVersion: 124.0.6367.119, setWindowRect: true, strictFileInteractability: false, timeouts: {implicit: 0, pageLoad: 300000, script: 30000}, unhandledPromptBehavior: dismiss and notify, webauthn:extension:credBlob: true, webauthn:extension:largeBlob: true, webauthn:extension:minPinLength: true, webauthn:extension:prf: true, webauthn:virtualAuthenticators: true}
Element: [[ChromeDriver: chrome on windows (006ecbb0722d094b6f2e7e3f0495576b)] -&gt; xpath: //button[normalize-space()=&apos;Day&apos;]]
Session ID: 006ecbb0722d094b6f2e7e3f0495576b
	at org.openqa.selenium.remote.ErrorCodec.decode(ErrorCodec.java:167)
	at org.openqa.selenium.remote.codec.w3c.W3CHttpResponseCodec.decode(W3CHttpResponseCodec.java:138)
	at org.openqa.selenium.remote.codec.w3c.W3CHttpResponseCodec.decode(W3CHttpResponseCodec.java:50)
	at org.openqa.selenium.remote.HttpCommandExecutor.execute(HttpCommandExecutor.java:190)
	at org.openqa.selenium.remote.service.DriverCommandExecutor.invokeExecute(DriverCommandExecutor.java:216)
	at org.openqa.selenium.remote.service.DriverCommandExecutor.execute(DriverCommandExecutor.java:174)
	at org.openqa.selenium.remote.RemoteWebDriver.execute(RemoteWebDriver.java:518)
	at org.openqa.selenium.remote.RemoteWebElement.execute(RemoteWebElement.java:223)
	at org.openqa.selenium.remote.RemoteWebElement.click(RemoteWebElement.java:76)
	at com.biencaps.erp.utilities.WebElementActions.clickOnMethod(WebElementActions.java:70)
	at com.biencaps.erp.pageObjectModels.MyTasksPage.clickOnDayButton(MyTasksPage.java:338)
	at com.biencaps.erp.testCases.AddSelfTaskAndCheckInDayViewFunctionality.verifyTotalTasksCountBeforeAddNewTask(AddSelfTaskAndCheckInDayViewFunctionality.java:127)
	at java.base/java.util.ArrayList.forEach(ArrayList.java:1511)
... Removed 32 stack frames</pre></div><a href='#' onClick='toggleBox("stack-trace905404580", this, "Click to show all stack frames", "Click to hide stack frames")'>Click to show all stack frames</a>
<div class='stack-trace' id='stack-trace905404580'><pre>org.openqa.selenium.ElementClickInterceptedException: element click intercepted: Element &lt;button class=&quot;dayView-btn monthView-btn-view&quot; style=&quot;background: none;&quot;&gt;...&lt;/button&gt; is not clickable at point (1437, 118). Other element would receive the click: &lt;input type=&quot;text&quot; placeholder=&quot;Enter Tasks Name &quot; value=&quot;&quot;&gt;
  (Session info: chrome=124.0.6367.119)
Build info: version: &apos;4.20.0&apos;, revision: &apos;866c76ca80&apos;
System info: os.name: &apos;Windows 10&apos;, os.arch: &apos;amd64&apos;, os.version: &apos;10.0&apos;, java.version: &apos;17.0.8&apos;
Driver info: org.openqa.selenium.chrome.ChromeDriver
Command: [006ecbb0722d094b6f2e7e3f0495576b, clickElement {id=f.4A66033EA3385147DB983D8182A3A304.d.73AE1D36A3F043B396757F59E668651F.e.126}]
Capabilities {acceptInsecureCerts: false, browserName: chrome, browserVersion: 124.0.6367.119, chrome: {chromedriverVersion: 124.0.6367.91 (51df0e5e17a8..., userDataDir: C:\Users\Lenovo\AppData\Loc...}, fedcm:accounts: true, goog:chromeOptions: {debuggerAddress: localhost:61187}, networkConnectionEnabled: false, pageLoadStrategy: normal, platformName: windows, proxy: Proxy(), se:cdp: ws://localhost:61187/devtoo..., se:cdpVersion: 124.0.6367.119, setWindowRect: true, strictFileInteractability: false, timeouts: {implicit: 0, pageLoad: 300000, script: 30000}, unhandledPromptBehavior: dismiss and notify, webauthn:extension:credBlob: true, webauthn:extension:largeBlob: true, webauthn:extension:minPinLength: true, webauthn:extension:prf: true, webauthn:virtualAuthenticators: true}
Element: [[ChromeDriver: chrome on windows (006ecbb0722d094b6f2e7e3f0495576b)] -&gt; xpath: //button[normalize-space()=&apos;Day&apos;]]
Session ID: 006ecbb0722d094b6f2e7e3f0495576b
	at java.base/jdk.internal.reflect.NativeConstructorAccessorImpl.newInstance0(Native Method)
	at java.base/jdk.internal.reflect.NativeConstructorAccessorImpl.newInstance(NativeConstructorAccessorImpl.java:77)
	at java.base/jdk.internal.reflect.DelegatingConstructorAccessorImpl.newInstance(DelegatingConstructorAccessorImpl.java:45)
	at java.base/java.lang.reflect.Constructor.newInstanceWithCaller(Constructor.java:499)
	at java.base/java.lang.reflect.Constructor.newInstance(Constructor.java:480)
	at org.openqa.selenium.remote.ErrorCodec.decode(ErrorCodec.java:167)
	at org.openqa.selenium.remote.codec.w3c.W3CHttpResponseCodec.decode(W3CHttpResponseCodec.java:138)
	at org.openqa.selenium.remote.codec.w3c.W3CHttpResponseCodec.decode(W3CHttpResponseCodec.java:50)
	at org.openqa.selenium.remote.HttpCommandExecutor.execute(HttpCommandExecutor.java:190)
	at org.openqa.selenium.remote.service.DriverCommandExecutor.invokeExecute(DriverCommandExecutor.java:216)
	at org.openqa.selenium.remote.service.DriverCommandExecutor.execute(DriverCommandExecutor.java:174)
	at org.openqa.selenium.remote.RemoteWebDriver.execute(RemoteWebDriver.java:518)
	at org.openqa.selenium.remote.RemoteWebElement.execute(RemoteWebElement.java:223)
	at org.openqa.selenium.remote.RemoteWebElement.click(RemoteWebElement.java:76)
	at com.biencaps.erp.utilities.WebElementActions.clickOnMethod(WebElementActions.java:70)
	at com.biencaps.erp.pageObjectModels.MyTasksPage.clickOnDayButton(MyTasksPage.java:338)
	at com.biencaps.erp.testCases.AddSelfTaskAndCheckInDayViewFunctionality.verifyTotalTasksCountBeforeAddNewTask(AddSelfTaskAndCheckInDayViewFunctionality.java:127)
	at java.base/jdk.internal.reflect.NativeMethodAccessorImpl.invoke0(Native Method)
	at java.base/jdk.internal.reflect.NativeMethodAccessorImpl.invoke(NativeMethodAccessorImpl.java:77)
	at java.base/jdk.internal.reflect.DelegatingMethodAccessorImpl.invoke(DelegatingMethodAccessorImpl.java:43)
	at java.base/java.lang.reflect.Method.invoke(Method.java:568)
	at org.testng.internal.invokers.MethodInvocationHelper.invokeMethod(MethodInvocationHelper.java:139)
	at org.testng.internal.invokers.TestInvoker.invokeMethod(TestInvoker.java:664)
	at org.testng.internal.invokers.TestInvoker.invokeTestMethod(TestInvoker.java:228)
	at org.testng.internal.invokers.MethodRunner.runInSequence(MethodRunner.java:63)
	at org.testng.internal.invokers.TestInvoker$MethodInvocationAgent.invoke(TestInvoker.java:961)
	at org.testng.internal.invokers.TestInvoker.invokeTestMethods(TestInvoker.java:201)
	at org.testng.internal.invokers.TestMethodWorker.invokeTestMethods(TestMethodWorker.java:148)
	at org.testng.internal.invokers.TestMethodWorker.run(TestMethodWorker.java:128)
	at java.base/java.util.ArrayList.forEach(ArrayList.java:1511)
	at org.testng.TestRunner.privateRun(TestRunner.java:819)
	at org.testng.TestRunner.run(TestRunner.java:619)
	at org.testng.SuiteRunner.runTest(SuiteRunner.java:443)
	at org.testng.SuiteRunner.runSequentially(SuiteRunner.java:437)
	at org.testng.SuiteRunner.privateRun(SuiteRunner.java:397)
	at org.testng.SuiteRunner.run(SuiteRunner.java:336)
	at org.testng.SuiteRunnerWorker.runSuite(SuiteRunnerWorker.java:52)
	at org.testng.SuiteRunnerWorker.run(SuiteRunnerWorker.java:95)
	at org.testng.TestNG.runSuitesSequentially(TestNG.java:1301)
	at org.testng.TestNG.runSuitesLocally(TestNG.java:1228)
	at org.testng.TestNG.runSuites(TestNG.java:1134)
	at org.testng.TestNG.run(TestNG.java:1101)
	at org.testng.remote.AbstractRemoteTestNG.run(AbstractRemoteTestNG.java:115)
	at org.testng.remote.RemoteTestNG.initAndRun(RemoteTestNG.java:251)
	at org.testng.remote.RemoteTestNG.main(RemoteTestNG.java:77)
</pre></div></td>
<td>1</td>
<td>com.biencaps.erp.testCases.AddSelfTaskAndCheckInDayViewFunctionality@2c7b5824</td></tr>
<tr>
<td title='com.biencaps.erp.testCases.AddSelfTaskAndCheckInDayViewFunctionality.verifyAddNewTaskFromDayView()'><b>verifyAddNewTaskFromDayView</b><br>Test class: com.biencaps.erp.testCases.AddSelfTaskAndCheckInDayViewFunctionality</td>
<td><div><pre>org.openqa.selenium.ElementClickInterceptedException: element click intercepted: Element &lt;button class=&quot;dayView-btn monthView-btn-view&quot; style=&quot;background: none;&quot;&gt;...&lt;/button&gt; is not clickable at point (1437, 118). Other element would receive the click: &lt;input type=&quot;text&quot; placeholder=&quot;Enter Tasks Name &quot; value=&quot;&quot;&gt;
  (Session info: chrome=124.0.6367.119)
Build info: version: &apos;4.20.0&apos;, revision: &apos;866c76ca80&apos;
System info: os.name: &apos;Windows 10&apos;, os.arch: &apos;amd64&apos;, os.version: &apos;10.0&apos;, java.version: &apos;17.0.8&apos;
Driver info: org.openqa.selenium.chrome.ChromeDriver
Command: [006ecbb0722d094b6f2e7e3f0495576b, clickElement {id=f.4A66033EA3385147DB983D8182A3A304.d.73AE1D36A3F043B396757F59E668651F.e.126}]
Capabilities {acceptInsecureCerts: false, browserName: chrome, browserVersion: 124.0.6367.119, chrome: {chromedriverVersion: 124.0.6367.91 (51df0e5e17a8..., userDataDir: C:\Users\Lenovo\AppData\Loc...}, fedcm:accounts: true, goog:chromeOptions: {debuggerAddress: localhost:61187}, networkConnectionEnabled: false, pageLoadStrategy: normal, platformName: windows, proxy: Proxy(), se:cdp: ws://localhost:61187/devtoo..., se:cdpVersion: 124.0.6367.119, setWindowRect: true, strictFileInteractability: false, timeouts: {implicit: 0, pageLoad: 300000, script: 30000}, unhandledPromptBehavior: dismiss and notify, webauthn:extension:credBlob: true, webauthn:extension:largeBlob: true, webauthn:extension:minPinLength: true, webauthn:extension:prf: true, webauthn:virtualAuthenticators: true}
Element: [[ChromeDriver: chrome on windows (006ecbb0722d094b6f2e7e3f0495576b)] -&gt; xpath: //button[normalize-space()=&apos;Day&apos;]]
Session ID: 006ecbb0722d094b6f2e7e3f0495576b
	at org.openqa.selenium.remote.ErrorCodec.decode(ErrorCodec.java:167)
	at org.openqa.selenium.remote.codec.w3c.W3CHttpResponseCodec.decode(W3CHttpResponseCodec.java:138)
	at org.openqa.selenium.remote.codec.w3c.W3CHttpResponseCodec.decode(W3CHttpResponseCodec.java:50)
	at org.openqa.selenium.remote.HttpCommandExecutor.execute(HttpCommandExecutor.java:190)
	at org.openqa.selenium.remote.service.DriverCommandExecutor.invokeExecute(DriverCommandExecutor.java:216)
	at org.openqa.selenium.remote.service.DriverCommandExecutor.execute(DriverCommandExecutor.java:174)
	at org.openqa.selenium.remote.RemoteWebDriver.execute(RemoteWebDriver.java:518)
	at org.openqa.selenium.remote.RemoteWebElement.execute(RemoteWebElement.java:223)
	at org.openqa.selenium.remote.RemoteWebElement.click(RemoteWebElement.java:76)
	at com.biencaps.erp.utilities.WebElementActions.clickOnMethod(WebElementActions.java:70)
	at com.biencaps.erp.pageObjectModels.MyTasksPage.clickOnDayButton(MyTasksPage.java:338)
	at com.biencaps.erp.testCases.AddSelfTaskAndCheckInDayViewFunctionality.verifyAddNewTaskFromDayView(AddSelfTaskAndCheckInDayViewFunctionality.java:505)
	at java.base/java.util.ArrayList.forEach(ArrayList.java:1511)
... Removed 32 stack frames</pre></div><a href='#' onClick='toggleBox("stack-trace265722243", this, "Click to show all stack frames", "Click to hide stack frames")'>Click to show all stack frames</a>
<div class='stack-trace' id='stack-trace265722243'><pre>org.openqa.selenium.ElementClickInterceptedException: element click intercepted: Element &lt;button class=&quot;dayView-btn monthView-btn-view&quot; style=&quot;background: none;&quot;&gt;...&lt;/button&gt; is not clickable at point (1437, 118). Other element would receive the click: &lt;input type=&quot;text&quot; placeholder=&quot;Enter Tasks Name &quot; value=&quot;&quot;&gt;
  (Session info: chrome=124.0.6367.119)
Build info: version: &apos;4.20.0&apos;, revision: &apos;866c76ca80&apos;
System info: os.name: &apos;Windows 10&apos;, os.arch: &apos;amd64&apos;, os.version: &apos;10.0&apos;, java.version: &apos;17.0.8&apos;
Driver info: org.openqa.selenium.chrome.ChromeDriver
Command: [006ecbb0722d094b6f2e7e3f0495576b, clickElement {id=f.4A66033EA3385147DB983D8182A3A304.d.73AE1D36A3F043B396757F59E668651F.e.126}]
Capabilities {acceptInsecureCerts: false, browserName: chrome, browserVersion: 124.0.6367.119, chrome: {chromedriverVersion: 124.0.6367.91 (51df0e5e17a8..., userDataDir: C:\Users\Lenovo\AppData\Loc...}, fedcm:accounts: true, goog:chromeOptions: {debuggerAddress: localhost:61187}, networkConnectionEnabled: false, pageLoadStrategy: normal, platformName: windows, proxy: Proxy(), se:cdp: ws://localhost:61187/devtoo..., se:cdpVersion: 124.0.6367.119, setWindowRect: true, strictFileInteractability: false, timeouts: {implicit: 0, pageLoad: 300000, script: 30000}, unhandledPromptBehavior: dismiss and notify, webauthn:extension:credBlob: true, webauthn:extension:largeBlob: true, webauthn:extension:minPinLength: true, webauthn:extension:prf: true, webauthn:virtualAuthenticators: true}
Element: [[ChromeDriver: chrome on windows (006ecbb0722d094b6f2e7e3f0495576b)] -&gt; xpath: //button[normalize-space()=&apos;Day&apos;]]
Session ID: 006ecbb0722d094b6f2e7e3f0495576b
	at java.base/jdk.internal.reflect.NativeConstructorAccessorImpl.newInstance0(Native Method)
	at java.base/jdk.internal.reflect.NativeConstructorAccessorImpl.newInstance(NativeConstructorAccessorImpl.java:77)
	at java.base/jdk.internal.reflect.DelegatingConstructorAccessorImpl.newInstance(DelegatingConstructorAccessorImpl.java:45)
	at java.base/java.lang.reflect.Constructor.newInstanceWithCaller(Constructor.java:499)
	at java.base/java.lang.reflect.Constructor.newInstance(Constructor.java:480)
	at org.openqa.selenium.remote.ErrorCodec.decode(ErrorCodec.java:167)
	at org.openqa.selenium.remote.codec.w3c.W3CHttpResponseCodec.decode(W3CHttpResponseCodec.java:138)
	at org.openqa.selenium.remote.codec.w3c.W3CHttpResponseCodec.decode(W3CHttpResponseCodec.java:50)
	at org.openqa.selenium.remote.HttpCommandExecutor.execute(HttpCommandExecutor.java:190)
	at org.openqa.selenium.remote.service.DriverCommandExecutor.invokeExecute(DriverCommandExecutor.java:216)
	at org.openqa.selenium.remote.service.DriverCommandExecutor.execute(DriverCommandExecutor.java:174)
	at org.openqa.selenium.remote.RemoteWebDriver.execute(RemoteWebDriver.java:518)
	at org.openqa.selenium.remote.RemoteWebElement.execute(RemoteWebElement.java:223)
	at org.openqa.selenium.remote.RemoteWebElement.click(RemoteWebElement.java:76)
	at com.biencaps.erp.utilities.WebElementActions.clickOnMethod(WebElementActions.java:70)
	at com.biencaps.erp.pageObjectModels.MyTasksPage.clickOnDayButton(MyTasksPage.java:338)
	at com.biencaps.erp.testCases.AddSelfTaskAndCheckInDayViewFunctionality.verifyAddNewTaskFromDayView(AddSelfTaskAndCheckInDayViewFunctionality.java:505)
	at java.base/jdk.internal.reflect.NativeMethodAccessorImpl.invoke0(Native Method)
	at java.base/jdk.internal.reflect.NativeMethodAccessorImpl.invoke(NativeMethodAccessorImpl.java:77)
	at java.base/jdk.internal.reflect.DelegatingMethodAccessorImpl.invoke(DelegatingMethodAccessorImpl.java:43)
	at java.base/java.lang.reflect.Method.invoke(Method.java:568)
	at org.testng.internal.invokers.MethodInvocationHelper.invokeMethod(MethodInvocationHelper.java:139)
	at org.testng.internal.invokers.TestInvoker.invokeMethod(TestInvoker.java:664)
	at org.testng.internal.invokers.TestInvoker.invokeTestMethod(TestInvoker.java:228)
	at org.testng.internal.invokers.MethodRunner.runInSequence(MethodRunner.java:63)
	at org.testng.internal.invokers.TestInvoker$MethodInvocationAgent.invoke(TestInvoker.java:961)
	at org.testng.internal.invokers.TestInvoker.invokeTestMethods(TestInvoker.java:201)
	at org.testng.internal.invokers.TestMethodWorker.invokeTestMethods(TestMethodWorker.java:148)
	at org.testng.internal.invokers.TestMethodWorker.run(TestMethodWorker.java:128)
	at java.base/java.util.ArrayList.forEach(ArrayList.java:1511)
	at org.testng.TestRunner.privateRun(TestRunner.java:819)
	at org.testng.TestRunner.run(TestRunner.java:619)
	at org.testng.SuiteRunner.runTest(SuiteRunner.java:443)
	at org.testng.SuiteRunner.runSequentially(SuiteRunner.java:437)
	at org.testng.SuiteRunner.privateRun(SuiteRunner.java:397)
	at org.testng.SuiteRunner.run(SuiteRunner.java:336)
	at org.testng.SuiteRunnerWorker.runSuite(SuiteRunnerWorker.java:52)
	at org.testng.SuiteRunnerWorker.run(SuiteRunnerWorker.java:95)
	at org.testng.TestNG.runSuitesSequentially(TestNG.java:1301)
	at org.testng.TestNG.runSuitesLocally(TestNG.java:1228)
	at org.testng.TestNG.runSuites(TestNG.java:1134)
	at org.testng.TestNG.run(TestNG.java:1101)
	at org.testng.remote.AbstractRemoteTestNG.run(AbstractRemoteTestNG.java:115)
	at org.testng.remote.RemoteTestNG.initAndRun(RemoteTestNG.java:251)
	at org.testng.remote.RemoteTestNG.main(RemoteTestNG.java:77)
</pre></div></td>
<td>1</td>
<td>com.biencaps.erp.testCases.AddSelfTaskAndCheckInDayViewFunctionality@2c7b5824</td></tr>
<tr>
<td title='com.biencaps.erp.testCases.AddSelfTaskAndCheckInDayViewFunctionality.verifyAddNewTaskFromDayViewSidebar()'><b>verifyAddNewTaskFromDayViewSidebar</b><br>Test class: com.biencaps.erp.testCases.AddSelfTaskAndCheckInDayViewFunctionality</td>
<td><div><pre>org.openqa.selenium.ElementClickInterceptedException: element click intercepted: Element &lt;button class=&quot;dayView-btn monthView-btn-view&quot; style=&quot;background: none;&quot;&gt;...&lt;/button&gt; is not clickable at point (1437, 118). Other element would receive the click: &lt;input type=&quot;text&quot; placeholder=&quot;Enter Tasks Name &quot; value=&quot;&quot;&gt;
  (Session info: chrome=124.0.6367.119)
Build info: version: &apos;4.20.0&apos;, revision: &apos;866c76ca80&apos;
System info: os.name: &apos;Windows 10&apos;, os.arch: &apos;amd64&apos;, os.version: &apos;10.0&apos;, java.version: &apos;17.0.8&apos;
Driver info: org.openqa.selenium.chrome.ChromeDriver
Command: [006ecbb0722d094b6f2e7e3f0495576b, clickElement {id=f.4A66033EA3385147DB983D8182A3A304.d.73AE1D36A3F043B396757F59E668651F.e.126}]
Capabilities {acceptInsecureCerts: false, browserName: chrome, browserVersion: 124.0.6367.119, chrome: {chromedriverVersion: 124.0.6367.91 (51df0e5e17a8..., userDataDir: C:\Users\Lenovo\AppData\Loc...}, fedcm:accounts: true, goog:chromeOptions: {debuggerAddress: localhost:61187}, networkConnectionEnabled: false, pageLoadStrategy: normal, platformName: windows, proxy: Proxy(), se:cdp: ws://localhost:61187/devtoo..., se:cdpVersion: 124.0.6367.119, setWindowRect: true, strictFileInteractability: false, timeouts: {implicit: 0, pageLoad: 300000, script: 30000}, unhandledPromptBehavior: dismiss and notify, webauthn:extension:credBlob: true, webauthn:extension:largeBlob: true, webauthn:extension:minPinLength: true, webauthn:extension:prf: true, webauthn:virtualAuthenticators: true}
Element: [[ChromeDriver: chrome on windows (006ecbb0722d094b6f2e7e3f0495576b)] -&gt; xpath: //button[normalize-space()=&apos;Day&apos;]]
Session ID: 006ecbb0722d094b6f2e7e3f0495576b
	at org.openqa.selenium.remote.ErrorCodec.decode(ErrorCodec.java:167)
	at org.openqa.selenium.remote.codec.w3c.W3CHttpResponseCodec.decode(W3CHttpResponseCodec.java:138)
	at org.openqa.selenium.remote.codec.w3c.W3CHttpResponseCodec.decode(W3CHttpResponseCodec.java:50)
	at org.openqa.selenium.remote.HttpCommandExecutor.execute(HttpCommandExecutor.java:190)
	at org.openqa.selenium.remote.service.DriverCommandExecutor.invokeExecute(DriverCommandExecutor.java:216)
	at org.openqa.selenium.remote.service.DriverCommandExecutor.execute(DriverCommandExecutor.java:174)
	at org.openqa.selenium.remote.RemoteWebDriver.execute(RemoteWebDriver.java:518)
	at org.openqa.selenium.remote.RemoteWebElement.execute(RemoteWebElement.java:223)
	at org.openqa.selenium.remote.RemoteWebElement.click(RemoteWebElement.java:76)
	at com.biencaps.erp.utilities.WebElementActions.clickOnMethod(WebElementActions.java:70)
	at com.biencaps.erp.pageObjectModels.MyTasksPage.clickOnDayButton(MyTasksPage.java:338)
	at com.biencaps.erp.testCases.AddSelfTaskAndCheckInDayViewFunctionality.verifyAddNewTaskFromDayViewSidebar(AddSelfTaskAndCheckInDayViewFunctionality.java:552)
	at java.base/java.util.ArrayList.forEach(ArrayList.java:1511)
... Removed 32 stack frames</pre></div><a href='#' onClick='toggleBox("stack-trace1878782124", this, "Click to show all stack frames", "Click to hide stack frames")'>Click to show all stack frames</a>
<div class='stack-trace' id='stack-trace1878782124'><pre>org.openqa.selenium.ElementClickInterceptedException: element click intercepted: Element &lt;button class=&quot;dayView-btn monthView-btn-view&quot; style=&quot;background: none;&quot;&gt;...&lt;/button&gt; is not clickable at point (1437, 118). Other element would receive the click: &lt;input type=&quot;text&quot; placeholder=&quot;Enter Tasks Name &quot; value=&quot;&quot;&gt;
  (Session info: chrome=124.0.6367.119)
Build info: version: &apos;4.20.0&apos;, revision: &apos;866c76ca80&apos;
System info: os.name: &apos;Windows 10&apos;, os.arch: &apos;amd64&apos;, os.version: &apos;10.0&apos;, java.version: &apos;17.0.8&apos;
Driver info: org.openqa.selenium.chrome.ChromeDriver
Command: [006ecbb0722d094b6f2e7e3f0495576b, clickElement {id=f.4A66033EA3385147DB983D8182A3A304.d.73AE1D36A3F043B396757F59E668651F.e.126}]
Capabilities {acceptInsecureCerts: false, browserName: chrome, browserVersion: 124.0.6367.119, chrome: {chromedriverVersion: 124.0.6367.91 (51df0e5e17a8..., userDataDir: C:\Users\Lenovo\AppData\Loc...}, fedcm:accounts: true, goog:chromeOptions: {debuggerAddress: localhost:61187}, networkConnectionEnabled: false, pageLoadStrategy: normal, platformName: windows, proxy: Proxy(), se:cdp: ws://localhost:61187/devtoo..., se:cdpVersion: 124.0.6367.119, setWindowRect: true, strictFileInteractability: false, timeouts: {implicit: 0, pageLoad: 300000, script: 30000}, unhandledPromptBehavior: dismiss and notify, webauthn:extension:credBlob: true, webauthn:extension:largeBlob: true, webauthn:extension:minPinLength: true, webauthn:extension:prf: true, webauthn:virtualAuthenticators: true}
Element: [[ChromeDriver: chrome on windows (006ecbb0722d094b6f2e7e3f0495576b)] -&gt; xpath: //button[normalize-space()=&apos;Day&apos;]]
Session ID: 006ecbb0722d094b6f2e7e3f0495576b
	at java.base/jdk.internal.reflect.NativeConstructorAccessorImpl.newInstance0(Native Method)
	at java.base/jdk.internal.reflect.NativeConstructorAccessorImpl.newInstance(NativeConstructorAccessorImpl.java:77)
	at java.base/jdk.internal.reflect.DelegatingConstructorAccessorImpl.newInstance(DelegatingConstructorAccessorImpl.java:45)
	at java.base/java.lang.reflect.Constructor.newInstanceWithCaller(Constructor.java:499)
	at java.base/java.lang.reflect.Constructor.newInstance(Constructor.java:480)
	at org.openqa.selenium.remote.ErrorCodec.decode(ErrorCodec.java:167)
	at org.openqa.selenium.remote.codec.w3c.W3CHttpResponseCodec.decode(W3CHttpResponseCodec.java:138)
	at org.openqa.selenium.remote.codec.w3c.W3CHttpResponseCodec.decode(W3CHttpResponseCodec.java:50)
	at org.openqa.selenium.remote.HttpCommandExecutor.execute(HttpCommandExecutor.java:190)
	at org.openqa.selenium.remote.service.DriverCommandExecutor.invokeExecute(DriverCommandExecutor.java:216)
	at org.openqa.selenium.remote.service.DriverCommandExecutor.execute(DriverCommandExecutor.java:174)
	at org.openqa.selenium.remote.RemoteWebDriver.execute(RemoteWebDriver.java:518)
	at org.openqa.selenium.remote.RemoteWebElement.execute(RemoteWebElement.java:223)
	at org.openqa.selenium.remote.RemoteWebElement.click(RemoteWebElement.java:76)
	at com.biencaps.erp.utilities.WebElementActions.clickOnMethod(WebElementActions.java:70)
	at com.biencaps.erp.pageObjectModels.MyTasksPage.clickOnDayButton(MyTasksPage.java:338)
	at com.biencaps.erp.testCases.AddSelfTaskAndCheckInDayViewFunctionality.verifyAddNewTaskFromDayViewSidebar(AddSelfTaskAndCheckInDayViewFunctionality.java:552)
	at java.base/jdk.internal.reflect.NativeMethodAccessorImpl.invoke0(Native Method)
	at java.base/jdk.internal.reflect.NativeMethodAccessorImpl.invoke(NativeMethodAccessorImpl.java:77)
	at java.base/jdk.internal.reflect.DelegatingMethodAccessorImpl.invoke(DelegatingMethodAccessorImpl.java:43)
	at java.base/java.lang.reflect.Method.invoke(Method.java:568)
	at org.testng.internal.invokers.MethodInvocationHelper.invokeMethod(MethodInvocationHelper.java:139)
	at org.testng.internal.invokers.TestInvoker.invokeMethod(TestInvoker.java:664)
	at org.testng.internal.invokers.TestInvoker.invokeTestMethod(TestInvoker.java:228)
	at org.testng.internal.invokers.MethodRunner.runInSequence(MethodRunner.java:63)
	at org.testng.internal.invokers.TestInvoker$MethodInvocationAgent.invoke(TestInvoker.java:961)
	at org.testng.internal.invokers.TestInvoker.invokeTestMethods(TestInvoker.java:201)
	at org.testng.internal.invokers.TestMethodWorker.invokeTestMethods(TestMethodWorker.java:148)
	at org.testng.internal.invokers.TestMethodWorker.run(TestMethodWorker.java:128)
	at java.base/java.util.ArrayList.forEach(ArrayList.java:1511)
	at org.testng.TestRunner.privateRun(TestRunner.java:819)
	at org.testng.TestRunner.run(TestRunner.java:619)
	at org.testng.SuiteRunner.runTest(SuiteRunner.java:443)
	at org.testng.SuiteRunner.runSequentially(SuiteRunner.java:437)
	at org.testng.SuiteRunner.privateRun(SuiteRunner.java:397)
	at org.testng.SuiteRunner.run(SuiteRunner.java:336)
	at org.testng.SuiteRunnerWorker.runSuite(SuiteRunnerWorker.java:52)
	at org.testng.SuiteRunnerWorker.run(SuiteRunnerWorker.java:95)
	at org.testng.TestNG.runSuitesSequentially(TestNG.java:1301)
	at org.testng.TestNG.runSuitesLocally(TestNG.java:1228)
	at org.testng.TestNG.runSuites(TestNG.java:1134)
	at org.testng.TestNG.run(TestNG.java:1101)
	at org.testng.remote.AbstractRemoteTestNG.run(AbstractRemoteTestNG.java:115)
	at org.testng.remote.RemoteTestNG.initAndRun(RemoteTestNG.java:251)
	at org.testng.remote.RemoteTestNG.main(RemoteTestNG.java:77)
</pre></div></td>
<td>1</td>
<td>com.biencaps.erp.testCases.AddSelfTaskAndCheckInDayViewFunctionality@2c7b5824</td></tr>
<tr>
<td title='com.biencaps.erp.testCases.AddSelfTaskAndCheckInDayViewFunctionality.verifyAddTaskFromWeekViewSidebarByGivingOnlyTitleDateAndComment()'><b>verifyAddTaskFromWeekViewSidebarByGivingOnlyTitleDateAndComment</b><br>Test class: com.biencaps.erp.testCases.AddSelfTaskAndCheckInDayViewFunctionality</td>
<td><div><pre>org.openqa.selenium.ElementClickInterceptedException: element click intercepted: Element &lt;button class=&quot;weekView-btn monthView-btn-view&quot; style=&quot;background: none;&quot;&gt;...&lt;/button&gt; is not clickable at point (1365, 118). Other element would receive the click: &lt;input type=&quot;text&quot; placeholder=&quot;Enter Tasks Name &quot; value=&quot;&quot;&gt;
  (Session info: chrome=124.0.6367.119)
Build info: version: &apos;4.20.0&apos;, revision: &apos;866c76ca80&apos;
System info: os.name: &apos;Windows 10&apos;, os.arch: &apos;amd64&apos;, os.version: &apos;10.0&apos;, java.version: &apos;17.0.8&apos;
Driver info: org.openqa.selenium.chrome.ChromeDriver
Command: [006ecbb0722d094b6f2e7e3f0495576b, clickElement {id=f.4A66033EA3385147DB983D8182A3A304.d.73AE1D36A3F043B396757F59E668651F.e.129}]
Capabilities {acceptInsecureCerts: false, browserName: chrome, browserVersion: 124.0.6367.119, chrome: {chromedriverVersion: 124.0.6367.91 (51df0e5e17a8..., userDataDir: C:\Users\Lenovo\AppData\Loc...}, fedcm:accounts: true, goog:chromeOptions: {debuggerAddress: localhost:61187}, networkConnectionEnabled: false, pageLoadStrategy: normal, platformName: windows, proxy: Proxy(), se:cdp: ws://localhost:61187/devtoo..., se:cdpVersion: 124.0.6367.119, setWindowRect: true, strictFileInteractability: false, timeouts: {implicit: 0, pageLoad: 300000, script: 30000}, unhandledPromptBehavior: dismiss and notify, webauthn:extension:credBlob: true, webauthn:extension:largeBlob: true, webauthn:extension:minPinLength: true, webauthn:extension:prf: true, webauthn:virtualAuthenticators: true}
Element: [[ChromeDriver: chrome on windows (006ecbb0722d094b6f2e7e3f0495576b)] -&gt; xpath: //button[normalize-space()=&apos;Week&apos;]]
Session ID: 006ecbb0722d094b6f2e7e3f0495576b
	at org.openqa.selenium.remote.ErrorCodec.decode(ErrorCodec.java:167)
	at org.openqa.selenium.remote.codec.w3c.W3CHttpResponseCodec.decode(W3CHttpResponseCodec.java:138)
	at org.openqa.selenium.remote.codec.w3c.W3CHttpResponseCodec.decode(W3CHttpResponseCodec.java:50)
	at org.openqa.selenium.remote.HttpCommandExecutor.execute(HttpCommandExecutor.java:190)
	at org.openqa.selenium.remote.service.DriverCommandExecutor.invokeExecute(DriverCommandExecutor.java:216)
	at org.openqa.selenium.remote.service.DriverCommandExecutor.execute(DriverCommandExecutor.java:174)
	at org.openqa.selenium.remote.RemoteWebDriver.execute(RemoteWebDriver.java:518)
	at org.openqa.selenium.remote.RemoteWebElement.execute(RemoteWebElement.java:223)
	at org.openqa.selenium.remote.RemoteWebElement.click(RemoteWebElement.java:76)
	at com.biencaps.erp.utilities.WebElementActions.clickOnMethod(WebElementActions.java:70)
	at com.biencaps.erp.pageObjectModels.MyTasksPage.clickOnWeekButton(MyTasksPage.java:563)
	at com.biencaps.erp.testCases.AddSelfTaskAndCheckInDayViewFunctionality.verifyAddTaskFromWeekViewSidebarByGivingOnlyTitleDateAndComment(AddSelfTaskAndCheckInDayViewFunctionality.java:949)
	at java.base/java.util.ArrayList.forEach(ArrayList.java:1511)
... Removed 32 stack frames</pre></div><a href='#' onClick='toggleBox("stack-trace1799049015", this, "Click to show all stack frames", "Click to hide stack frames")'>Click to show all stack frames</a>
<div class='stack-trace' id='stack-trace1799049015'><pre>org.openqa.selenium.ElementClickInterceptedException: element click intercepted: Element &lt;button class=&quot;weekView-btn monthView-btn-view&quot; style=&quot;background: none;&quot;&gt;...&lt;/button&gt; is not clickable at point (1365, 118). Other element would receive the click: &lt;input type=&quot;text&quot; placeholder=&quot;Enter Tasks Name &quot; value=&quot;&quot;&gt;
  (Session info: chrome=124.0.6367.119)
Build info: version: &apos;4.20.0&apos;, revision: &apos;866c76ca80&apos;
System info: os.name: &apos;Windows 10&apos;, os.arch: &apos;amd64&apos;, os.version: &apos;10.0&apos;, java.version: &apos;17.0.8&apos;
Driver info: org.openqa.selenium.chrome.ChromeDriver
Command: [006ecbb0722d094b6f2e7e3f0495576b, clickElement {id=f.4A66033EA3385147DB983D8182A3A304.d.73AE1D36A3F043B396757F59E668651F.e.129}]
Capabilities {acceptInsecureCerts: false, browserName: chrome, browserVersion: 124.0.6367.119, chrome: {chromedriverVersion: 124.0.6367.91 (51df0e5e17a8..., userDataDir: C:\Users\Lenovo\AppData\Loc...}, fedcm:accounts: true, goog:chromeOptions: {debuggerAddress: localhost:61187}, networkConnectionEnabled: false, pageLoadStrategy: normal, platformName: windows, proxy: Proxy(), se:cdp: ws://localhost:61187/devtoo..., se:cdpVersion: 124.0.6367.119, setWindowRect: true, strictFileInteractability: false, timeouts: {implicit: 0, pageLoad: 300000, script: 30000}, unhandledPromptBehavior: dismiss and notify, webauthn:extension:credBlob: true, webauthn:extension:largeBlob: true, webauthn:extension:minPinLength: true, webauthn:extension:prf: true, webauthn:virtualAuthenticators: true}
Element: [[ChromeDriver: chrome on windows (006ecbb0722d094b6f2e7e3f0495576b)] -&gt; xpath: //button[normalize-space()=&apos;Week&apos;]]
Session ID: 006ecbb0722d094b6f2e7e3f0495576b
	at java.base/jdk.internal.reflect.NativeConstructorAccessorImpl.newInstance0(Native Method)
	at java.base/jdk.internal.reflect.NativeConstructorAccessorImpl.newInstance(NativeConstructorAccessorImpl.java:77)
	at java.base/jdk.internal.reflect.DelegatingConstructorAccessorImpl.newInstance(DelegatingConstructorAccessorImpl.java:45)
	at java.base/java.lang.reflect.Constructor.newInstanceWithCaller(Constructor.java:499)
	at java.base/java.lang.reflect.Constructor.newInstance(Constructor.java:480)
	at org.openqa.selenium.remote.ErrorCodec.decode(ErrorCodec.java:167)
	at org.openqa.selenium.remote.codec.w3c.W3CHttpResponseCodec.decode(W3CHttpResponseCodec.java:138)
	at org.openqa.selenium.remote.codec.w3c.W3CHttpResponseCodec.decode(W3CHttpResponseCodec.java:50)
	at org.openqa.selenium.remote.HttpCommandExecutor.execute(HttpCommandExecutor.java:190)
	at org.openqa.selenium.remote.service.DriverCommandExecutor.invokeExecute(DriverCommandExecutor.java:216)
	at org.openqa.selenium.remote.service.DriverCommandExecutor.execute(DriverCommandExecutor.java:174)
	at org.openqa.selenium.remote.RemoteWebDriver.execute(RemoteWebDriver.java:518)
	at org.openqa.selenium.remote.RemoteWebElement.execute(RemoteWebElement.java:223)
	at org.openqa.selenium.remote.RemoteWebElement.click(RemoteWebElement.java:76)
	at com.biencaps.erp.utilities.WebElementActions.clickOnMethod(WebElementActions.java:70)
	at com.biencaps.erp.pageObjectModels.MyTasksPage.clickOnWeekButton(MyTasksPage.java:563)
	at com.biencaps.erp.testCases.AddSelfTaskAndCheckInDayViewFunctionality.verifyAddTaskFromWeekViewSidebarByGivingOnlyTitleDateAndComment(AddSelfTaskAndCheckInDayViewFunctionality.java:949)
	at java.base/jdk.internal.reflect.NativeMethodAccessorImpl.invoke0(Native Method)
	at java.base/jdk.internal.reflect.NativeMethodAccessorImpl.invoke(NativeMethodAccessorImpl.java:77)
	at java.base/jdk.internal.reflect.DelegatingMethodAccessorImpl.invoke(DelegatingMethodAccessorImpl.java:43)
	at java.base/java.lang.reflect.Method.invoke(Method.java:568)
	at org.testng.internal.invokers.MethodInvocationHelper.invokeMethod(MethodInvocationHelper.java:139)
	at org.testng.internal.invokers.TestInvoker.invokeMethod(TestInvoker.java:664)
	at org.testng.internal.invokers.TestInvoker.invokeTestMethod(TestInvoker.java:228)
	at org.testng.internal.invokers.MethodRunner.runInSequence(MethodRunner.java:63)
	at org.testng.internal.invokers.TestInvoker$MethodInvocationAgent.invoke(TestInvoker.java:961)
	at org.testng.internal.invokers.TestInvoker.invokeTestMethods(TestInvoker.java:201)
	at org.testng.internal.invokers.TestMethodWorker.invokeTestMethods(TestMethodWorker.java:148)
	at org.testng.internal.invokers.TestMethodWorker.run(TestMethodWorker.java:128)
	at java.base/java.util.ArrayList.forEach(ArrayList.java:1511)
	at org.testng.TestRunner.privateRun(TestRunner.java:819)
	at org.testng.TestRunner.run(TestRunner.java:619)
	at org.testng.SuiteRunner.runTest(SuiteRunner.java:443)
	at org.testng.SuiteRunner.runSequentially(SuiteRunner.java:437)
	at org.testng.SuiteRunner.privateRun(SuiteRunner.java:397)
	at org.testng.SuiteRunner.run(SuiteRunner.java:336)
	at org.testng.SuiteRunnerWorker.runSuite(SuiteRunnerWorker.java:52)
	at org.testng.SuiteRunnerWorker.run(SuiteRunnerWorker.java:95)
	at org.testng.TestNG.runSuitesSequentially(TestNG.java:1301)
	at org.testng.TestNG.runSuitesLocally(TestNG.java:1228)
	at org.testng.TestNG.runSuites(TestNG.java:1134)
	at org.testng.TestNG.run(TestNG.java:1101)
	at org.testng.remote.AbstractRemoteTestNG.run(AbstractRemoteTestNG.java:115)
	at org.testng.remote.RemoteTestNG.initAndRun(RemoteTestNG.java:251)
	at org.testng.remote.RemoteTestNG.main(RemoteTestNG.java:77)
</pre></div></td>
<td>1</td>
<td>com.biencaps.erp.testCases.AddSelfTaskAndCheckInDayViewFunctionality@2c7b5824</td></tr>
</table><p>
<table width='100%' border='1' class='invocation-skipped'>
<tr><td colspan='4' align='center'><b>SKIPPED TESTS</b></td></tr>
<tr><td><b>Test method</b></td>
<td><b>Attribute(s)</b></td>
<td width="30%"><b>Exception</b></td>
<td width="10%"><b>Time (seconds)</b></td>
<td><b>Instance</b></td>
</tr>
<tr>
<td title='com.biencaps.erp.testCases.AddSelfTaskAndCheckInDayViewFunctionality.verifyNewAddedTaskFromWeekViewSidebarInWeekView()'><b>verifyNewAddedTaskFromWeekViewSidebarInWeekView</b><br>Test class: com.biencaps.erp.testCases.AddSelfTaskAndCheckInDayViewFunctionality</td>
<td><div><pre>java.lang.Throwable: Method com.biencaps.erp.testCases.AddSelfTaskAndCheckInDayViewFunctionality.verifyNewAddedTaskFromWeekViewSidebarInWeekView() on instance com.biencaps.erp.testCases.AddSelfTaskAndCheckInDayViewFunctionality@2c7b5824 depends on not successfully finished methods 
[com.biencaps.erp.testCases.AddSelfTaskAndCheckInDayViewFunctionality.verifyAddTaskFromWeekViewSidebarByGivingOnlyTitleDateAndComment() on instance com.biencaps.erp.testCases.AddSelfTaskAndCheckInDayViewFunctionality@2c7b5824]
	at java.base/java.util.ArrayList.forEach(ArrayList.java:1511)
... Removed 18 stack frames</pre></div><a href='#' onClick='toggleBox("stack-trace1073819729", this, "Click to show all stack frames", "Click to hide stack frames")'>Click to show all stack frames</a>
<div class='stack-trace' id='stack-trace1073819729'><pre>java.lang.Throwable: Method com.biencaps.erp.testCases.AddSelfTaskAndCheckInDayViewFunctionality.verifyNewAddedTaskFromWeekViewSidebarInWeekView() on instance com.biencaps.erp.testCases.AddSelfTaskAndCheckInDayViewFunctionality@2c7b5824 depends on not successfully finished methods 
[com.biencaps.erp.testCases.AddSelfTaskAndCheckInDayViewFunctionality.verifyAddTaskFromWeekViewSidebarByGivingOnlyTitleDateAndComment() on instance com.biencaps.erp.testCases.AddSelfTaskAndCheckInDayViewFunctionality@2c7b5824]
	at org.testng.internal.invokers.TestInvoker.invokeTestMethods(TestInvoker.java:157)
	at org.testng.internal.invokers.TestMethodWorker.invokeTestMethods(TestMethodWorker.java:148)
	at org.testng.internal.invokers.TestMethodWorker.run(TestMethodWorker.java:128)
	at java.base/java.util.ArrayList.forEach(ArrayList.java:1511)
	at org.testng.TestRunner.privateRun(TestRunner.java:819)
	at org.testng.TestRunner.run(TestRunner.java:619)
	at org.testng.SuiteRunner.runTest(SuiteRunner.java:443)
	at org.testng.SuiteRunner.runSequentially(SuiteRunner.java:437)
	at org.testng.SuiteRunner.privateRun(SuiteRunner.java:397)
	at org.testng.SuiteRunner.run(SuiteRunner.java:336)
	at org.testng.SuiteRunnerWorker.runSuite(SuiteRunnerWorker.java:52)
	at org.testng.SuiteRunnerWorker.run(SuiteRunnerWorker.java:95)
	at org.testng.TestNG.runSuitesSequentially(TestNG.java:1301)
	at org.testng.TestNG.runSuitesLocally(TestNG.java:1228)
	at org.testng.TestNG.runSuites(TestNG.java:1134)
	at org.testng.TestNG.run(TestNG.java:1101)
	at org.testng.remote.AbstractRemoteTestNG.run(AbstractRemoteTestNG.java:115)
	at org.testng.remote.RemoteTestNG.initAndRun(RemoteTestNG.java:251)
	at org.testng.remote.RemoteTestNG.main(RemoteTestNG.java:77)
</pre></div></td>
<td>0</td>
<td>com.biencaps.erp.testCases.AddSelfTaskAndCheckInDayViewFunctionality@2c7b5824</td></tr>
<tr>
<td title='com.biencaps.erp.testCases.AddSelfTaskAndCheckInDayViewFunctionality.verifyAddedTaskFromMonthViewSidebarCheckInDayView()'><b>verifyAddedTaskFromMonthViewSidebarCheckInDayView</b><br>Test class: com.biencaps.erp.testCases.AddSelfTaskAndCheckInDayViewFunctionality</td>
<td><div><pre>java.lang.Throwable: Method com.biencaps.erp.testCases.AddSelfTaskAndCheckInDayViewFunctionality.verifyAddedTaskFromMonthViewSidebarCheckInDayView() on instance com.biencaps.erp.testCases.AddSelfTaskAndCheckInDayViewFunctionality@2c7b5824 depends on not successfully finished methods 
[com.biencaps.erp.testCases.AddSelfTaskAndCheckInDayViewFunctionality.verifyAddTaskFromMonthViewSidebarByGivingOnlyTitleAndDate() on instance com.biencaps.erp.testCases.AddSelfTaskAndCheckInDayViewFunctionality@2c7b5824]
	at java.base/java.util.ArrayList.forEach(ArrayList.java:1511)
... Removed 18 stack frames</pre></div><a href='#' onClick='toggleBox("stack-trace1016064173", this, "Click to show all stack frames", "Click to hide stack frames")'>Click to show all stack frames</a>
<div class='stack-trace' id='stack-trace1016064173'><pre>java.lang.Throwable: Method com.biencaps.erp.testCases.AddSelfTaskAndCheckInDayViewFunctionality.verifyAddedTaskFromMonthViewSidebarCheckInDayView() on instance com.biencaps.erp.testCases.AddSelfTaskAndCheckInDayViewFunctionality@2c7b5824 depends on not successfully finished methods 
[com.biencaps.erp.testCases.AddSelfTaskAndCheckInDayViewFunctionality.verifyAddTaskFromMonthViewSidebarByGivingOnlyTitleAndDate() on instance com.biencaps.erp.testCases.AddSelfTaskAndCheckInDayViewFunctionality@2c7b5824]
	at org.testng.internal.invokers.TestInvoker.invokeTestMethods(TestInvoker.java:157)
	at org.testng.internal.invokers.TestMethodWorker.invokeTestMethods(TestMethodWorker.java:148)
	at org.testng.internal.invokers.TestMethodWorker.run(TestMethodWorker.java:128)
	at java.base/java.util.ArrayList.forEach(ArrayList.java:1511)
	at org.testng.TestRunner.privateRun(TestRunner.java:819)
	at org.testng.TestRunner.run(TestRunner.java:619)
	at org.testng.SuiteRunner.runTest(SuiteRunner.java:443)
	at org.testng.SuiteRunner.runSequentially(SuiteRunner.java:437)
	at org.testng.SuiteRunner.privateRun(SuiteRunner.java:397)
	at org.testng.SuiteRunner.run(SuiteRunner.java:336)
	at org.testng.SuiteRunnerWorker.runSuite(SuiteRunnerWorker.java:52)
	at org.testng.SuiteRunnerWorker.run(SuiteRunnerWorker.java:95)
	at org.testng.TestNG.runSuitesSequentially(TestNG.java:1301)
	at org.testng.TestNG.runSuitesLocally(TestNG.java:1228)
	at org.testng.TestNG.runSuites(TestNG.java:1134)
	at org.testng.TestNG.run(TestNG.java:1101)
	at org.testng.remote.AbstractRemoteTestNG.run(AbstractRemoteTestNG.java:115)
	at org.testng.remote.RemoteTestNG.initAndRun(RemoteTestNG.java:251)
	at org.testng.remote.RemoteTestNG.main(RemoteTestNG.java:77)
</pre></div></td>
<td>0</td>
<td>com.biencaps.erp.testCases.AddSelfTaskAndCheckInDayViewFunctionality@2c7b5824</td></tr>
<tr>
<td title='com.biencaps.erp.testCases.AddSelfTaskAndCheckInDayViewFunctionality.verifyAddedTaskFromWeekViewSidebarCheckInDayView()'><b>verifyAddedTaskFromWeekViewSidebarCheckInDayView</b><br>Test class: com.biencaps.erp.testCases.AddSelfTaskAndCheckInDayViewFunctionality</td>
<td><div><pre>java.lang.Throwable: Method com.biencaps.erp.testCases.AddSelfTaskAndCheckInDayViewFunctionality.verifyAddedTaskFromWeekViewSidebarCheckInDayView() on instance com.biencaps.erp.testCases.AddSelfTaskAndCheckInDayViewFunctionality@2c7b5824 depends on not successfully finished methods 
[com.biencaps.erp.testCases.AddSelfTaskAndCheckInDayViewFunctionality.verifyAddTaskFromWeekViewSidebarByGivingOnlyTitleDateAndComment() on instance com.biencaps.erp.testCases.AddSelfTaskAndCheckInDayViewFunctionality@2c7b5824]
	at java.base/java.util.ArrayList.forEach(ArrayList.java:1511)
... Removed 18 stack frames</pre></div><a href='#' onClick='toggleBox("stack-trace1631826609", this, "Click to show all stack frames", "Click to hide stack frames")'>Click to show all stack frames</a>
<div class='stack-trace' id='stack-trace1631826609'><pre>java.lang.Throwable: Method com.biencaps.erp.testCases.AddSelfTaskAndCheckInDayViewFunctionality.verifyAddedTaskFromWeekViewSidebarCheckInDayView() on instance com.biencaps.erp.testCases.AddSelfTaskAndCheckInDayViewFunctionality@2c7b5824 depends on not successfully finished methods 
[com.biencaps.erp.testCases.AddSelfTaskAndCheckInDayViewFunctionality.verifyAddTaskFromWeekViewSidebarByGivingOnlyTitleDateAndComment() on instance com.biencaps.erp.testCases.AddSelfTaskAndCheckInDayViewFunctionality@2c7b5824]
	at org.testng.internal.invokers.TestInvoker.invokeTestMethods(TestInvoker.java:157)
	at org.testng.internal.invokers.TestMethodWorker.invokeTestMethods(TestMethodWorker.java:148)
	at org.testng.internal.invokers.TestMethodWorker.run(TestMethodWorker.java:128)
	at java.base/java.util.ArrayList.forEach(ArrayList.java:1511)
	at org.testng.TestRunner.privateRun(TestRunner.java:819)
	at org.testng.TestRunner.run(TestRunner.java:619)
	at org.testng.SuiteRunner.runTest(SuiteRunner.java:443)
	at org.testng.SuiteRunner.runSequentially(SuiteRunner.java:437)
	at org.testng.SuiteRunner.privateRun(SuiteRunner.java:397)
	at org.testng.SuiteRunner.run(SuiteRunner.java:336)
	at org.testng.SuiteRunnerWorker.runSuite(SuiteRunnerWorker.java:52)
	at org.testng.SuiteRunnerWorker.run(SuiteRunnerWorker.java:95)
	at org.testng.TestNG.runSuitesSequentially(TestNG.java:1301)
	at org.testng.TestNG.runSuitesLocally(TestNG.java:1228)
	at org.testng.TestNG.runSuites(TestNG.java:1134)
	at org.testng.TestNG.run(TestNG.java:1101)
	at org.testng.remote.AbstractRemoteTestNG.run(AbstractRemoteTestNG.java:115)
	at org.testng.remote.RemoteTestNG.initAndRun(RemoteTestNG.java:251)
	at org.testng.remote.RemoteTestNG.main(RemoteTestNG.java:77)
</pre></div></td>
<td>0</td>
<td>com.biencaps.erp.testCases.AddSelfTaskAndCheckInDayViewFunctionality@2c7b5824</td></tr>
<tr>
<td title='com.biencaps.erp.testCases.AddSelfTaskAndCheckInDayViewFunctionality.verifyTotalTasksCountAndLogMessagesInDayViewAfterAddingAnotherTaskFromWeekViewSidebar()'><b>verifyTotalTasksCountAndLogMessagesInDayViewAfterAddingAnotherTaskFromWeekViewSidebar</b><br>Test class: com.biencaps.erp.testCases.AddSelfTaskAndCheckInDayViewFunctionality</td>
<td><div><pre>java.lang.Throwable: Method com.biencaps.erp.testCases.AddSelfTaskAndCheckInDayViewFunctionality.verifyTotalTasksCountAndLogMessagesInDayViewAfterAddingAnotherTaskFromWeekViewSidebar() on instance com.biencaps.erp.testCases.AddSelfTaskAndCheckInDayViewFunctionality@2c7b5824 depends on not successfully finished methods 
[com.biencaps.erp.testCases.AddSelfTaskAndCheckInDayViewFunctionality.verifyAddedTaskFromWeekViewSidebarCheckInDayView() on instance com.biencaps.erp.testCases.AddSelfTaskAndCheckInDayViewFunctionality@2c7b5824]
	at java.base/java.util.ArrayList.forEach(ArrayList.java:1511)
... Removed 18 stack frames</pre></div><a href='#' onClick='toggleBox("stack-trace1126780571", this, "Click to show all stack frames", "Click to hide stack frames")'>Click to show all stack frames</a>
<div class='stack-trace' id='stack-trace1126780571'><pre>java.lang.Throwable: Method com.biencaps.erp.testCases.AddSelfTaskAndCheckInDayViewFunctionality.verifyTotalTasksCountAndLogMessagesInDayViewAfterAddingAnotherTaskFromWeekViewSidebar() on instance com.biencaps.erp.testCases.AddSelfTaskAndCheckInDayViewFunctionality@2c7b5824 depends on not successfully finished methods 
[com.biencaps.erp.testCases.AddSelfTaskAndCheckInDayViewFunctionality.verifyAddedTaskFromWeekViewSidebarCheckInDayView() on instance com.biencaps.erp.testCases.AddSelfTaskAndCheckInDayViewFunctionality@2c7b5824]
	at org.testng.internal.invokers.TestInvoker.invokeTestMethods(TestInvoker.java:157)
	at org.testng.internal.invokers.TestMethodWorker.invokeTestMethods(TestMethodWorker.java:148)
	at org.testng.internal.invokers.TestMethodWorker.run(TestMethodWorker.java:128)
	at java.base/java.util.ArrayList.forEach(ArrayList.java:1511)
	at org.testng.TestRunner.privateRun(TestRunner.java:819)
	at org.testng.TestRunner.run(TestRunner.java:619)
	at org.testng.SuiteRunner.runTest(SuiteRunner.java:443)
	at org.testng.SuiteRunner.runSequentially(SuiteRunner.java:437)
	at org.testng.SuiteRunner.privateRun(SuiteRunner.java:397)
	at org.testng.SuiteRunner.run(SuiteRunner.java:336)
	at org.testng.SuiteRunnerWorker.runSuite(SuiteRunnerWorker.java:52)
	at org.testng.SuiteRunnerWorker.run(SuiteRunnerWorker.java:95)
	at org.testng.TestNG.runSuitesSequentially(TestNG.java:1301)
	at org.testng.TestNG.runSuitesLocally(TestNG.java:1228)
	at org.testng.TestNG.runSuites(TestNG.java:1134)
	at org.testng.TestNG.run(TestNG.java:1101)
	at org.testng.remote.AbstractRemoteTestNG.run(AbstractRemoteTestNG.java:115)
	at org.testng.remote.RemoteTestNG.initAndRun(RemoteTestNG.java:251)
	at org.testng.remote.RemoteTestNG.main(RemoteTestNG.java:77)
</pre></div></td>
<td>0</td>
<td>com.biencaps.erp.testCases.AddSelfTaskAndCheckInDayViewFunctionality@2c7b5824</td></tr>
<tr>
<td title='com.biencaps.erp.testCases.AddSelfTaskAndCheckInDayViewFunctionality.verifyTotalTasksCountAndLogMessagesInDayViewAfterAddingAnotherTaskFromMonthViewSidebar()'><b>verifyTotalTasksCountAndLogMessagesInDayViewAfterAddingAnotherTaskFromMonthViewSidebar</b><br>Test class: com.biencaps.erp.testCases.AddSelfTaskAndCheckInDayViewFunctionality</td>
<td><div><pre>java.lang.Throwable: Method com.biencaps.erp.testCases.AddSelfTaskAndCheckInDayViewFunctionality.verifyTotalTasksCountAndLogMessagesInDayViewAfterAddingAnotherTaskFromMonthViewSidebar() on instance com.biencaps.erp.testCases.AddSelfTaskAndCheckInDayViewFunctionality@2c7b5824 depends on not successfully finished methods 
[com.biencaps.erp.testCases.AddSelfTaskAndCheckInDayViewFunctionality.verifyAddedTaskFromMonthViewSidebarCheckInDayView() on instance com.biencaps.erp.testCases.AddSelfTaskAndCheckInDayViewFunctionality@2c7b5824]
	at java.base/java.util.ArrayList.forEach(ArrayList.java:1511)
... Removed 18 stack frames</pre></div><a href='#' onClick='toggleBox("stack-trace1579775434", this, "Click to show all stack frames", "Click to hide stack frames")'>Click to show all stack frames</a>
<div class='stack-trace' id='stack-trace1579775434'><pre>java.lang.Throwable: Method com.biencaps.erp.testCases.AddSelfTaskAndCheckInDayViewFunctionality.verifyTotalTasksCountAndLogMessagesInDayViewAfterAddingAnotherTaskFromMonthViewSidebar() on instance com.biencaps.erp.testCases.AddSelfTaskAndCheckInDayViewFunctionality@2c7b5824 depends on not successfully finished methods 
[com.biencaps.erp.testCases.AddSelfTaskAndCheckInDayViewFunctionality.verifyAddedTaskFromMonthViewSidebarCheckInDayView() on instance com.biencaps.erp.testCases.AddSelfTaskAndCheckInDayViewFunctionality@2c7b5824]
	at org.testng.internal.invokers.TestInvoker.invokeTestMethods(TestInvoker.java:157)
	at org.testng.internal.invokers.TestMethodWorker.invokeTestMethods(TestMethodWorker.java:148)
	at org.testng.internal.invokers.TestMethodWorker.run(TestMethodWorker.java:128)
	at java.base/java.util.ArrayList.forEach(ArrayList.java:1511)
	at org.testng.TestRunner.privateRun(TestRunner.java:819)
	at org.testng.TestRunner.run(TestRunner.java:619)
	at org.testng.SuiteRunner.runTest(SuiteRunner.java:443)
	at org.testng.SuiteRunner.runSequentially(SuiteRunner.java:437)
	at org.testng.SuiteRunner.privateRun(SuiteRunner.java:397)
	at org.testng.SuiteRunner.run(SuiteRunner.java:336)
	at org.testng.SuiteRunnerWorker.runSuite(SuiteRunnerWorker.java:52)
	at org.testng.SuiteRunnerWorker.run(SuiteRunnerWorker.java:95)
	at org.testng.TestNG.runSuitesSequentially(TestNG.java:1301)
	at org.testng.TestNG.runSuitesLocally(TestNG.java:1228)
	at org.testng.TestNG.runSuites(TestNG.java:1134)
	at org.testng.TestNG.run(TestNG.java:1101)
	at org.testng.remote.AbstractRemoteTestNG.run(AbstractRemoteTestNG.java:115)
	at org.testng.remote.RemoteTestNG.initAndRun(RemoteTestNG.java:251)
	at org.testng.remote.RemoteTestNG.main(RemoteTestNG.java:77)
</pre></div></td>
<td>0</td>
<td>com.biencaps.erp.testCases.AddSelfTaskAndCheckInDayViewFunctionality@2c7b5824</td></tr>
<tr>
<td title='com.biencaps.erp.testCases.AddSelfTaskAndCheckInDayViewFunctionality.verifyAddedTaskFromDayViewSidebarCheckInDayView()'><b>verifyAddedTaskFromDayViewSidebarCheckInDayView</b><br>Test class: com.biencaps.erp.testCases.AddSelfTaskAndCheckInDayViewFunctionality</td>
<td><div><pre>java.lang.Throwable: Method com.biencaps.erp.testCases.AddSelfTaskAndCheckInDayViewFunctionality.verifyAddedTaskFromDayViewSidebarCheckInDayView() on instance com.biencaps.erp.testCases.AddSelfTaskAndCheckInDayViewFunctionality@2c7b5824 depends on not successfully finished methods 
[com.biencaps.erp.testCases.AddSelfTaskAndCheckInDayViewFunctionality.verifyAddNewTaskFromDayViewSidebar() on instance com.biencaps.erp.testCases.AddSelfTaskAndCheckInDayViewFunctionality@2c7b5824]
	at java.base/java.util.ArrayList.forEach(ArrayList.java:1511)
... Removed 18 stack frames</pre></div><a href='#' onClick='toggleBox("stack-trace462349981", this, "Click to show all stack frames", "Click to hide stack frames")'>Click to show all stack frames</a>
<div class='stack-trace' id='stack-trace462349981'><pre>java.lang.Throwable: Method com.biencaps.erp.testCases.AddSelfTaskAndCheckInDayViewFunctionality.verifyAddedTaskFromDayViewSidebarCheckInDayView() on instance com.biencaps.erp.testCases.AddSelfTaskAndCheckInDayViewFunctionality@2c7b5824 depends on not successfully finished methods 
[com.biencaps.erp.testCases.AddSelfTaskAndCheckInDayViewFunctionality.verifyAddNewTaskFromDayViewSidebar() on instance com.biencaps.erp.testCases.AddSelfTaskAndCheckInDayViewFunctionality@2c7b5824]
	at org.testng.internal.invokers.TestInvoker.invokeTestMethods(TestInvoker.java:157)
	at org.testng.internal.invokers.TestMethodWorker.invokeTestMethods(TestMethodWorker.java:148)
	at org.testng.internal.invokers.TestMethodWorker.run(TestMethodWorker.java:128)
	at java.base/java.util.ArrayList.forEach(ArrayList.java:1511)
	at org.testng.TestRunner.privateRun(TestRunner.java:819)
	at org.testng.TestRunner.run(TestRunner.java:619)
	at org.testng.SuiteRunner.runTest(SuiteRunner.java:443)
	at org.testng.SuiteRunner.runSequentially(SuiteRunner.java:437)
	at org.testng.SuiteRunner.privateRun(SuiteRunner.java:397)
	at org.testng.SuiteRunner.run(SuiteRunner.java:336)
	at org.testng.SuiteRunnerWorker.runSuite(SuiteRunnerWorker.java:52)
	at org.testng.SuiteRunnerWorker.run(SuiteRunnerWorker.java:95)
	at org.testng.TestNG.runSuitesSequentially(TestNG.java:1301)
	at org.testng.TestNG.runSuitesLocally(TestNG.java:1228)
	at org.testng.TestNG.runSuites(TestNG.java:1134)
	at org.testng.TestNG.run(TestNG.java:1101)
	at org.testng.remote.AbstractRemoteTestNG.run(AbstractRemoteTestNG.java:115)
	at org.testng.remote.RemoteTestNG.initAndRun(RemoteTestNG.java:251)
	at org.testng.remote.RemoteTestNG.main(RemoteTestNG.java:77)
</pre></div></td>
<td>0</td>
<td>com.biencaps.erp.testCases.AddSelfTaskAndCheckInDayViewFunctionality@2c7b5824</td></tr>
<tr>
<td title='com.biencaps.erp.testCases.AddSelfTaskAndCheckInDayViewFunctionality.verifyTotalTasksCountAndLogMessagesInDayViewAfterAddingAnotherTaskFromDayViewSidebar()'><b>verifyTotalTasksCountAndLogMessagesInDayViewAfterAddingAnotherTaskFromDayViewSidebar</b><br>Test class: com.biencaps.erp.testCases.AddSelfTaskAndCheckInDayViewFunctionality</td>
<td><div><pre>java.lang.Throwable: Method com.biencaps.erp.testCases.AddSelfTaskAndCheckInDayViewFunctionality.verifyTotalTasksCountAndLogMessagesInDayViewAfterAddingAnotherTaskFromDayViewSidebar() on instance com.biencaps.erp.testCases.AddSelfTaskAndCheckInDayViewFunctionality@2c7b5824 depends on not successfully finished methods 
[com.biencaps.erp.testCases.AddSelfTaskAndCheckInDayViewFunctionality.verifyAddedTaskFromDayViewSidebarCheckInDayView() on instance com.biencaps.erp.testCases.AddSelfTaskAndCheckInDayViewFunctionality@2c7b5824]
	at java.base/java.util.ArrayList.forEach(ArrayList.java:1511)
... Removed 18 stack frames</pre></div><a href='#' onClick='toggleBox("stack-trace265202525", this, "Click to show all stack frames", "Click to hide stack frames")'>Click to show all stack frames</a>
<div class='stack-trace' id='stack-trace265202525'><pre>java.lang.Throwable: Method com.biencaps.erp.testCases.AddSelfTaskAndCheckInDayViewFunctionality.verifyTotalTasksCountAndLogMessagesInDayViewAfterAddingAnotherTaskFromDayViewSidebar() on instance com.biencaps.erp.testCases.AddSelfTaskAndCheckInDayViewFunctionality@2c7b5824 depends on not successfully finished methods 
[com.biencaps.erp.testCases.AddSelfTaskAndCheckInDayViewFunctionality.verifyAddedTaskFromDayViewSidebarCheckInDayView() on instance com.biencaps.erp.testCases.AddSelfTaskAndCheckInDayViewFunctionality@2c7b5824]
	at org.testng.internal.invokers.TestInvoker.invokeTestMethods(TestInvoker.java:157)
	at org.testng.internal.invokers.TestMethodWorker.invokeTestMethods(TestMethodWorker.java:148)
	at org.testng.internal.invokers.TestMethodWorker.run(TestMethodWorker.java:128)
	at java.base/java.util.ArrayList.forEach(ArrayList.java:1511)
	at org.testng.TestRunner.privateRun(TestRunner.java:819)
	at org.testng.TestRunner.run(TestRunner.java:619)
	at org.testng.SuiteRunner.runTest(SuiteRunner.java:443)
	at org.testng.SuiteRunner.runSequentially(SuiteRunner.java:437)
	at org.testng.SuiteRunner.privateRun(SuiteRunner.java:397)
	at org.testng.SuiteRunner.run(SuiteRunner.java:336)
	at org.testng.SuiteRunnerWorker.runSuite(SuiteRunnerWorker.java:52)
	at org.testng.SuiteRunnerWorker.run(SuiteRunnerWorker.java:95)
	at org.testng.TestNG.runSuitesSequentially(TestNG.java:1301)
	at org.testng.TestNG.runSuitesLocally(TestNG.java:1228)
	at org.testng.TestNG.runSuites(TestNG.java:1134)
	at org.testng.TestNG.run(TestNG.java:1101)
	at org.testng.remote.AbstractRemoteTestNG.run(AbstractRemoteTestNG.java:115)
	at org.testng.remote.RemoteTestNG.initAndRun(RemoteTestNG.java:251)
	at org.testng.remote.RemoteTestNG.main(RemoteTestNG.java:77)
</pre></div></td>
<td>0</td>
<td>com.biencaps.erp.testCases.AddSelfTaskAndCheckInDayViewFunctionality@2c7b5824</td></tr>
<tr>
<td title='com.biencaps.erp.testCases.AddSelfTaskAndCheckInDayViewFunctionality.verifyAddedTaskFromMonthViewAtParticularDateCheckInDayView()'><b>verifyAddedTaskFromMonthViewAtParticularDateCheckInDayView</b><br>Test class: com.biencaps.erp.testCases.AddSelfTaskAndCheckInDayViewFunctionality</td>
<td><div><pre>java.lang.Throwable: Method com.biencaps.erp.testCases.AddSelfTaskAndCheckInDayViewFunctionality.verifyAddedTaskFromMonthViewAtParticularDateCheckInDayView() on instance com.biencaps.erp.testCases.AddSelfTaskAndCheckInDayViewFunctionality@2c7b5824 depends on not successfully finished methods 
[com.biencaps.erp.testCases.AddSelfTaskAndCheckInDayViewFunctionality.verifyAddTaskFromMonthViewAtParticularDate() on instance com.biencaps.erp.testCases.AddSelfTaskAndCheckInDayViewFunctionality@2c7b5824]
	at java.base/java.util.ArrayList.forEach(ArrayList.java:1511)
... Removed 18 stack frames</pre></div><a href='#' onClick='toggleBox("stack-trace1108039149", this, "Click to show all stack frames", "Click to hide stack frames")'>Click to show all stack frames</a>
<div class='stack-trace' id='stack-trace1108039149'><pre>java.lang.Throwable: Method com.biencaps.erp.testCases.AddSelfTaskAndCheckInDayViewFunctionality.verifyAddedTaskFromMonthViewAtParticularDateCheckInDayView() on instance com.biencaps.erp.testCases.AddSelfTaskAndCheckInDayViewFunctionality@2c7b5824 depends on not successfully finished methods 
[com.biencaps.erp.testCases.AddSelfTaskAndCheckInDayViewFunctionality.verifyAddTaskFromMonthViewAtParticularDate() on instance com.biencaps.erp.testCases.AddSelfTaskAndCheckInDayViewFunctionality@2c7b5824]
	at org.testng.internal.invokers.TestInvoker.invokeTestMethods(TestInvoker.java:157)
	at org.testng.internal.invokers.TestMethodWorker.invokeTestMethods(TestMethodWorker.java:148)
	at org.testng.internal.invokers.TestMethodWorker.run(TestMethodWorker.java:128)
	at java.base/java.util.ArrayList.forEach(ArrayList.java:1511)
	at org.testng.TestRunner.privateRun(TestRunner.java:819)
	at org.testng.TestRunner.run(TestRunner.java:619)
	at org.testng.SuiteRunner.runTest(SuiteRunner.java:443)
	at org.testng.SuiteRunner.runSequentially(SuiteRunner.java:437)
	at org.testng.SuiteRunner.privateRun(SuiteRunner.java:397)
	at org.testng.SuiteRunner.run(SuiteRunner.java:336)
	at org.testng.SuiteRunnerWorker.runSuite(SuiteRunnerWorker.java:52)
	at org.testng.SuiteRunnerWorker.run(SuiteRunnerWorker.java:95)
	at org.testng.TestNG.runSuitesSequentially(TestNG.java:1301)
	at org.testng.TestNG.runSuitesLocally(TestNG.java:1228)
	at org.testng.TestNG.runSuites(TestNG.java:1134)
	at org.testng.TestNG.run(TestNG.java:1101)
	at org.testng.remote.AbstractRemoteTestNG.run(AbstractRemoteTestNG.java:115)
	at org.testng.remote.RemoteTestNG.initAndRun(RemoteTestNG.java:251)
	at org.testng.remote.RemoteTestNG.main(RemoteTestNG.java:77)
</pre></div></td>
<td>0</td>
<td>com.biencaps.erp.testCases.AddSelfTaskAndCheckInDayViewFunctionality@2c7b5824</td></tr>
<tr>
<td title='com.biencaps.erp.testCases.AddSelfTaskAndCheckInDayViewFunctionality.verifyTotalTasksCountAndLogMessagesInDayViewAfterNewTaskAddFromMonthViewAtParticularDate()'><b>verifyTotalTasksCountAndLogMessagesInDayViewAfterNewTaskAddFromMonthViewAtParticularDate</b><br>Test class: com.biencaps.erp.testCases.AddSelfTaskAndCheckInDayViewFunctionality</td>
<td><div><pre>java.lang.Throwable: Method com.biencaps.erp.testCases.AddSelfTaskAndCheckInDayViewFunctionality.verifyTotalTasksCountAndLogMessagesInDayViewAfterNewTaskAddFromMonthViewAtParticularDate() on instance com.biencaps.erp.testCases.AddSelfTaskAndCheckInDayViewFunctionality@2c7b5824 depends on not successfully finished methods 
[com.biencaps.erp.testCases.AddSelfTaskAndCheckInDayViewFunctionality.verifyAddedTaskFromMonthViewAtParticularDateCheckInDayView() on instance com.biencaps.erp.testCases.AddSelfTaskAndCheckInDayViewFunctionality@2c7b5824]
	at java.base/java.util.ArrayList.forEach(ArrayList.java:1511)
... Removed 18 stack frames</pre></div><a href='#' onClick='toggleBox("stack-trace1122885157", this, "Click to show all stack frames", "Click to hide stack frames")'>Click to show all stack frames</a>
<div class='stack-trace' id='stack-trace1122885157'><pre>java.lang.Throwable: Method com.biencaps.erp.testCases.AddSelfTaskAndCheckInDayViewFunctionality.verifyTotalTasksCountAndLogMessagesInDayViewAfterNewTaskAddFromMonthViewAtParticularDate() on instance com.biencaps.erp.testCases.AddSelfTaskAndCheckInDayViewFunctionality@2c7b5824 depends on not successfully finished methods 
[com.biencaps.erp.testCases.AddSelfTaskAndCheckInDayViewFunctionality.verifyAddedTaskFromMonthViewAtParticularDateCheckInDayView() on instance com.biencaps.erp.testCases.AddSelfTaskAndCheckInDayViewFunctionality@2c7b5824]
	at org.testng.internal.invokers.TestInvoker.invokeTestMethods(TestInvoker.java:157)
	at org.testng.internal.invokers.TestMethodWorker.invokeTestMethods(TestMethodWorker.java:148)
	at org.testng.internal.invokers.TestMethodWorker.run(TestMethodWorker.java:128)
	at java.base/java.util.ArrayList.forEach(ArrayList.java:1511)
	at org.testng.TestRunner.privateRun(TestRunner.java:819)
	at org.testng.TestRunner.run(TestRunner.java:619)
	at org.testng.SuiteRunner.runTest(SuiteRunner.java:443)
	at org.testng.SuiteRunner.runSequentially(SuiteRunner.java:437)
	at org.testng.SuiteRunner.privateRun(SuiteRunner.java:397)
	at org.testng.SuiteRunner.run(SuiteRunner.java:336)
	at org.testng.SuiteRunnerWorker.runSuite(SuiteRunnerWorker.java:52)
	at org.testng.SuiteRunnerWorker.run(SuiteRunnerWorker.java:95)
	at org.testng.TestNG.runSuitesSequentially(TestNG.java:1301)
	at org.testng.TestNG.runSuitesLocally(TestNG.java:1228)
	at org.testng.TestNG.runSuites(TestNG.java:1134)
	at org.testng.TestNG.run(TestNG.java:1101)
	at org.testng.remote.AbstractRemoteTestNG.run(AbstractRemoteTestNG.java:115)
	at org.testng.remote.RemoteTestNG.initAndRun(RemoteTestNG.java:251)
	at org.testng.remote.RemoteTestNG.main(RemoteTestNG.java:77)
</pre></div></td>
<td>0</td>
<td>com.biencaps.erp.testCases.AddSelfTaskAndCheckInDayViewFunctionality@2c7b5824</td></tr>
<tr>
<td title='com.biencaps.erp.testCases.AddSelfTaskAndCheckInDayViewFunctionality.verifyTotalTasksCountAndLogMessagesInDayViewAfterAddingAnotherTaskFromDayView()'><b>verifyTotalTasksCountAndLogMessagesInDayViewAfterAddingAnotherTaskFromDayView</b><br>Test class: com.biencaps.erp.testCases.AddSelfTaskAndCheckInDayViewFunctionality</td>
<td><div><pre>java.lang.Throwable: Method com.biencaps.erp.testCases.AddSelfTaskAndCheckInDayViewFunctionality.verifyTotalTasksCountAndLogMessagesInDayViewAfterAddingAnotherTaskFromDayView() on instance com.biencaps.erp.testCases.AddSelfTaskAndCheckInDayViewFunctionality@2c7b5824 depends on not successfully finished methods 
[com.biencaps.erp.testCases.AddSelfTaskAndCheckInDayViewFunctionality.verifyAddNewTaskFromDayView() on instance com.biencaps.erp.testCases.AddSelfTaskAndCheckInDayViewFunctionality@2c7b5824]
	at java.base/java.util.ArrayList.forEach(ArrayList.java:1511)
... Removed 18 stack frames</pre></div><a href='#' onClick='toggleBox("stack-trace660144865", this, "Click to show all stack frames", "Click to hide stack frames")'>Click to show all stack frames</a>
<div class='stack-trace' id='stack-trace660144865'><pre>java.lang.Throwable: Method com.biencaps.erp.testCases.AddSelfTaskAndCheckInDayViewFunctionality.verifyTotalTasksCountAndLogMessagesInDayViewAfterAddingAnotherTaskFromDayView() on instance com.biencaps.erp.testCases.AddSelfTaskAndCheckInDayViewFunctionality@2c7b5824 depends on not successfully finished methods 
[com.biencaps.erp.testCases.AddSelfTaskAndCheckInDayViewFunctionality.verifyAddNewTaskFromDayView() on instance com.biencaps.erp.testCases.AddSelfTaskAndCheckInDayViewFunctionality@2c7b5824]
	at org.testng.internal.invokers.TestInvoker.invokeTestMethods(TestInvoker.java:157)
	at org.testng.internal.invokers.TestMethodWorker.invokeTestMethods(TestMethodWorker.java:148)
	at org.testng.internal.invokers.TestMethodWorker.run(TestMethodWorker.java:128)
	at java.base/java.util.ArrayList.forEach(ArrayList.java:1511)
	at org.testng.TestRunner.privateRun(TestRunner.java:819)
	at org.testng.TestRunner.run(TestRunner.java:619)
	at org.testng.SuiteRunner.runTest(SuiteRunner.java:443)
	at org.testng.SuiteRunner.runSequentially(SuiteRunner.java:437)
	at org.testng.SuiteRunner.privateRun(SuiteRunner.java:397)
	at org.testng.SuiteRunner.run(SuiteRunner.java:336)
	at org.testng.SuiteRunnerWorker.runSuite(SuiteRunnerWorker.java:52)
	at org.testng.SuiteRunnerWorker.run(SuiteRunnerWorker.java:95)
	at org.testng.TestNG.runSuitesSequentially(TestNG.java:1301)
	at org.testng.TestNG.runSuitesLocally(TestNG.java:1228)
	at org.testng.TestNG.runSuites(TestNG.java:1134)
	at org.testng.TestNG.run(TestNG.java:1101)
	at org.testng.remote.AbstractRemoteTestNG.run(AbstractRemoteTestNG.java:115)
	at org.testng.remote.RemoteTestNG.initAndRun(RemoteTestNG.java:251)
	at org.testng.remote.RemoteTestNG.main(RemoteTestNG.java:77)
</pre></div></td>
<td>0</td>
<td>com.biencaps.erp.testCases.AddSelfTaskAndCheckInDayViewFunctionality@2c7b5824</td></tr>
</table><p>
</body>
</html>