<?xml version="1.0" encoding="UTF-8"?>
<!-- Generated by org.testng.reporters.JUnitXMLReporter -->
<testsuite ignored="1" hostname="DESKTOP-BG83L86" failures="1" tests="7" name="Login and forgot password functionality" time="43.073" errors="0" timestamp="2024-05-14T15:56:07 IST">
  <testcase classname="in.biencaps.erp.testCases.LoginAndForgotPasswordFunctionality" name="getAllEmployeeDetails" time="19.284"/>
  <testcase classname="in.biencaps.erp.testCases.LoginAndForgotPasswordFunctionality" name="verifyForgotPasswordWithoutGivingUserId" time="0.866"/>
  <testcase classname="in.biencaps.erp.testCases.LoginAndForgotPasswordFunctionality" name="verifyLoginEmployee" time="2.839"/>
  <testcase classname="in.biencaps.erp.testCases.LoginAndForgotPasswordFunctionality" name="verifyLoginEmployee" time="4.004"/>
  <testcase classname="in.biencaps.erp.testCases.LoginAndForgotPasswordFunctionality" name="verifyLoginEmployee" time="2.391"/>
  <testcase classname="in.biencaps.erp.testCases.LoginAndForgotPasswordFunctionality" name="verifyLoginEmployee" time="3.851"/>
  <testcase classname="in.biencaps.erp.testCases.LoginAndForgotPasswordFunctionality" name="checkEmployeeNameAfterLoggedIn" time="8.782">
    <failure type="org.openqa.selenium.TimeoutException" message="Expected condition failed: waiting for visibility of all elements located by By.xpath: //tbody//tr//td[2] (tried for 7 second(s) with 500 milliseconds interval)
Build info: version: &amp;apos;4.20.0&amp;apos;, revision: &amp;apos;866c76ca80&amp;apos;
System info: os.name: &amp;apos;Windows 10&amp;apos;, os.arch: &amp;apos;amd64&amp;apos;, os.version: &amp;apos;10.0&amp;apos;, java.version: &amp;apos;17.0.8&amp;apos;
Driver info: org.openqa.selenium.chrome.ChromeDriver
Capabilities {acceptInsecureCerts: false, browserName: chrome, browserVersion: 124.0.6367.158, chrome: {chromedriverVersion: 124.0.6367.207 (a9001a6e39f..., userDataDir: C:\Users\Lenovo\AppData\Loc...}, fedcm:accounts: true, goog:chromeOptions: {debuggerAddress: localhost:58058}, networkConnectionEnabled: false, pageLoadStrategy: normal, platformName: windows, proxy: Proxy(), se:cdp: ws://localhost:58058/devtoo..., se:cdpVersion: 124.0.6367.158, setWindowRect: true, strictFileInteractability: false, timeouts: {implicit: 0, pageLoad: 300000, script: 30000}, unhandledPromptBehavior: dismiss and notify, webauthn:extension:credBlob: true, webauthn:extension:largeBlob: true, webauthn:extension:minPinLength: true, webauthn:extension:prf: true, webauthn:virtualAuthenticators: true}
Session ID: e49b9da6113ac0c35615c743d1001f87">
      <![CDATA[org.openqa.selenium.TimeoutException: Expected condition failed: waiting for visibility of all elements located by By.xpath: //tbody//tr//td[2] (tried for 7 second(s) with 500 milliseconds interval)
Build info: version: '4.20.0', revision: '866c76ca80'
System info: os.name: 'Windows 10', os.arch: 'amd64', os.version: '10.0', java.version: '17.0.8'
Driver info: org.openqa.selenium.chrome.ChromeDriver
Capabilities {acceptInsecureCerts: false, browserName: chrome, browserVersion: 124.0.6367.158, chrome: {chromedriverVersion: 124.0.6367.207 (a9001a6e39f..., userDataDir: C:\Users\Lenovo\AppData\Loc...}, fedcm:accounts: true, goog:chromeOptions: {debuggerAddress: localhost:58058}, networkConnectionEnabled: false, pageLoadStrategy: normal, platformName: windows, proxy: Proxy(), se:cdp: ws://localhost:58058/devtoo..., se:cdpVersion: 124.0.6367.158, setWindowRect: true, strictFileInteractability: false, timeouts: {implicit: 0, pageLoad: 300000, script: 30000}, unhandledPromptBehavior: dismiss and notify, webauthn:extension:credBlob: true, webauthn:extension:largeBlob: true, webauthn:extension:minPinLength: true, webauthn:extension:prf: true, webauthn:virtualAuthenticators: true}
Session ID: e49b9da6113ac0c35615c743d1001f87
at org.openqa.selenium.support.ui.WebDriverWait.timeoutException(WebDriverWait.java:84)
at org.openqa.selenium.support.ui.FluentWait.until(FluentWait.java:228)
at in.biencaps.erp.utilities.WebElementActions.getValuesFromListOfWebElements(WebElementActions.java:210)
at in.biencaps.erp.utilities.DataGenerator.employeeUserIdsAndNames(DataGenerator.java:19)
at in.biencaps.erp.testCases.LoginAndForgotPasswordFunctionality.checkEmployeeNameAfterLoggedIn(LoginAndForgotPasswordFunctionality.java:164)
at java.base/java.util.ArrayList.forEach(ArrayList.java:1511)
... Removed 27 stack frames]]>
    </failure>
  </testcase> <!-- checkEmployeeNameAfterLoggedIn -->
  <testcase classname="in.biencaps.erp.testCases.LoginAndForgotPasswordFunctionality" name="verifyForgotPasswordByGivingValidUserId" time="0.0">
    <ignored/>
  </testcase> <!-- verifyForgotPasswordByGivingValidUserId -->
</testsuite> <!-- Login and forgot password functionality -->
