<?xml version="1.0" encoding="UTF-8"?>
<!-- Generated by org.testng.reporters.JUnitXMLReporter -->
<testsuite ignored="4" hostname="DESKTOP-BG83L86" failures="12" tests="19" name="Login And Forgot Password Tests" time="66.229" errors="0" timestamp="2024-05-16T14:54:57 IST">
  <testcase classname="in.biencaps.erp.testCases.PasswordChangeTests" name="@BeforeClass go_To_Change_Login_Password_Div" time="6.282">
    <failure type="org.openqa.selenium.TimeoutException" message="Expected condition failed: waiting for visibility of element located by By.xpath: //p[normalize-space()=&amp;apos;Settings&amp;apos;] (tried for 6 second(s) with 500 milliseconds interval)
Build info: version: &amp;apos;4.20.0&amp;apos;, revision: &amp;apos;866c76ca80&amp;apos;
System info: os.name: &amp;apos;Windows 10&amp;apos;, os.arch: &amp;apos;amd64&amp;apos;, os.version: &amp;apos;10.0&amp;apos;, java.version: &amp;apos;17.0.8&amp;apos;
Driver info: org.openqa.selenium.chrome.ChromeDriver
Capabilities {acceptInsecureCerts: false, browserName: chrome, browserVersion: 124.0.6367.203, chrome: {chromedriverVersion: 124.0.6367.207 (a9001a6e39f..., userDataDir: C:\Users\Lenovo\AppData\Loc...}, fedcm:accounts: true, goog:chromeOptions: {debuggerAddress: localhost:56264}, networkConnectionEnabled: false, pageLoadStrategy: normal, platformName: windows, proxy: Proxy(), se:cdp: ws://localhost:56264/devtoo..., se:cdpVersion: 124.0.6367.203, setWindowRect: true, strictFileInteractability: false, timeouts: {implicit: 0, pageLoad: 300000, script: 30000}, unhandledPromptBehavior: dismiss and notify, webauthn:extension:credBlob: true, webauthn:extension:largeBlob: true, webauthn:extension:minPinLength: true, webauthn:extension:prf: true, webauthn:virtualAuthenticators: true}
Session ID: 0e5851df797cae8e328d23b2e7085d19">
      <![CDATA[org.openqa.selenium.TimeoutException: Expected condition failed: waiting for visibility of element located by By.xpath: //p[normalize-space()='Settings'] (tried for 6 second(s) with 500 milliseconds interval)
Build info: version: '4.20.0', revision: '866c76ca80'
System info: os.name: 'Windows 10', os.arch: 'amd64', os.version: '10.0', java.version: '17.0.8'
Driver info: org.openqa.selenium.chrome.ChromeDriver
Capabilities {acceptInsecureCerts: false, browserName: chrome, browserVersion: 124.0.6367.203, chrome: {chromedriverVersion: 124.0.6367.207 (a9001a6e39f..., userDataDir: C:\Users\Lenovo\AppData\Loc...}, fedcm:accounts: true, goog:chromeOptions: {debuggerAddress: localhost:56264}, networkConnectionEnabled: false, pageLoadStrategy: normal, platformName: windows, proxy: Proxy(), se:cdp: ws://localhost:56264/devtoo..., se:cdpVersion: 124.0.6367.203, setWindowRect: true, strictFileInteractability: false, timeouts: {implicit: 0, pageLoad: 300000, script: 30000}, unhandledPromptBehavior: dismiss and notify, webauthn:extension:credBlob: true, webauthn:extension:largeBlob: true, webauthn:extension:minPinLength: true, webauthn:extension:prf: true, webauthn:virtualAuthenticators: true}
Session ID: 0e5851df797cae8e328d23b2e7085d19
at org.openqa.selenium.support.ui.WebDriverWait.timeoutException(WebDriverWait.java:84)
at org.openqa.selenium.support.ui.FluentWait.until(FluentWait.java:228)
at in.biencaps.erp.utilities.WebElementActions.waitForElementVisibility(WebElementActions.java:23)
at in.biencaps.erp.utilities.WebElementActions.clickOnMethod(WebElementActions.java:76)
at in.biencaps.erp.pages.DashboardPage.clickOnSettingsSectionLink(DashboardPage.java:72)
at in.biencaps.erp.testCases.PasswordChangeTests.go_To_Change_Login_Password_Div(PasswordChangeTests.java:30)
at java.base/java.util.ArrayList.forEach(ArrayList.java:1511)
... Removed 25 stack frames]]>
    </failure>
  </testcase> <!-- @BeforeClass go_To_Change_Login_Password_Div -->
  <testcase classname="in.biencaps.erp.testCases.BaseTest" name="@BeforeMethod create_Extent_Report_For_Each_Test_Method" time="0.0">
    <failure type="java.lang.NullPointerException" message="Cannot invoke &amp;quot;com.aventstack.extentreports.ExtentReports.createTest(String)&amp;quot; because &amp;quot;this.extent&amp;quot; is null">
      <![CDATA[java.lang.NullPointerException: Cannot invoke "com.aventstack.extentreports.ExtentReports.createTest(String)" because "this.extent" is null
at in.biencaps.erp.testCases.BaseTest.create_Extent_Report_For_Each_Test_Method(BaseTest.java:104)
at java.base/java.util.ArrayList.forEach(ArrayList.java:1511)
... Removed 31 stack frames]]>
    </failure>
  </testcase> <!-- @BeforeMethod create_Extent_Report_For_Each_Test_Method -->
  <testcase classname="in.biencaps.erp.testCases.BaseTest" name="@AfterMethod test_Method_Exection_Result" time="0.0">
    <skipped/>
  </testcase> <!-- @AfterMethod test_Method_Exection_Result -->
  <testcase classname="in.biencaps.erp.testCases.BaseTest" name="@BeforeMethod create_Extent_Report_For_Each_Test_Method" time="0.0">
    <skipped/>
  </testcase> <!-- @BeforeMethod create_Extent_Report_For_Each_Test_Method -->
  <testcase classname="in.biencaps.erp.testCases.BaseTest" name="@AfterMethod test_Method_Exection_Result" time="0.0">
    <skipped/>
  </testcase> <!-- @AfterMethod test_Method_Exection_Result -->
  <testcase classname="in.biencaps.erp.testCases.BaseTest" name="@BeforeMethod create_Extent_Report_For_Each_Test_Method" time="0.0">
    <skipped/>
  </testcase> <!-- @BeforeMethod create_Extent_Report_For_Each_Test_Method -->
  <testcase classname="in.biencaps.erp.testCases.BaseTest" name="@AfterMethod test_Method_Exection_Result" time="0.0">
    <skipped/>
  </testcase> <!-- @AfterMethod test_Method_Exection_Result -->
  <testcase classname="in.biencaps.erp.testCases.BaseTest" name="@BeforeMethod create_Extent_Report_For_Each_Test_Method" time="0.0">
    <skipped/>
  </testcase> <!-- @BeforeMethod create_Extent_Report_For_Each_Test_Method -->
  <testcase classname="in.biencaps.erp.testCases.BaseTest" name="@AfterMethod test_Method_Exection_Result" time="0.0">
    <skipped/>
  </testcase> <!-- @AfterMethod test_Method_Exection_Result -->
  <testcase classname="in.biencaps.erp.testCases.BaseTest" name="@BeforeMethod create_Extent_Report_For_Each_Test_Method" time="0.0">
    <skipped/>
  </testcase> <!-- @BeforeMethod create_Extent_Report_For_Each_Test_Method -->
  <testcase classname="in.biencaps.erp.testCases.BaseTest" name="@AfterMethod test_Method_Exection_Result" time="0.0">
    <skipped/>
  </testcase> <!-- @AfterMethod test_Method_Exection_Result -->
  <testcase classname="in.biencaps.erp.testCases.BaseTest" name="@BeforeMethod create_Extent_Report_For_Each_Test_Method" time="0.0">
    <skipped/>
  </testcase> <!-- @BeforeMethod create_Extent_Report_For_Each_Test_Method -->
  <testcase classname="in.biencaps.erp.testCases.BaseTest" name="@AfterMethod test_Method_Exection_Result" time="0.0">
    <skipped/>
  </testcase> <!-- @AfterMethod test_Method_Exection_Result -->
  <testcase classname="in.biencaps.erp.testCases.LoginAndForgotPasswordTests" name="verify_Forgot_Password_Without_Giving_UserId" time="0.97"/>
  <testcase classname="in.biencaps.erp.testCases.LoginAndForgotPasswordTests" name="verify_Login_Employee_With_Valid_And_Invalid_Credentails" time="0.0">
    <failure type="org.testng.TestNGException" message="
Data Provider public java.lang.Object[][] in.biencaps.erp.utilities.DataProviders.testDataForLoginEmployee() returned a null value">
      <![CDATA[org.testng.TestNGException: 
Data Provider public java.lang.Object[][] in.biencaps.erp.utilities.DataProviders.testDataForLoginEmployee() returned a null value
at java.base/java.util.ArrayList.forEach(ArrayList.java:1511)
... Removed 24 stack frames]]>
    </failure>
  </testcase> <!-- verify_Login_Employee_With_Valid_And_Invalid_Credentails -->
  <testcase classname="in.biencaps.erp.testCases.LoginAndForgotPasswordTests" name="check_Employee_Name_After_Logged_In" time="0.006">
    <failure type="java.lang.NullPointerException" message="Cannot invoke &amp;quot;in.biencaps.erp.utilities.CommonTestMethods.verify_Employee_Name_After_Logged_In(String)&amp;quot; because &amp;quot;this.commonMethods&amp;quot; is null">
      <![CDATA[java.lang.NullPointerException: Cannot invoke "in.biencaps.erp.utilities.CommonTestMethods.verify_Employee_Name_After_Logged_In(String)" because "this.commonMethods" is null
at in.biencaps.erp.testCases.LoginAndForgotPasswordTests.check_Employee_Name_After_Logged_In(LoginAndForgotPasswordTests.java:113)
at java.base/java.util.ArrayList.forEach(ArrayList.java:1511)
... Removed 27 stack frames]]>
    </failure>
  </testcase> <!-- check_Employee_Name_After_Logged_In -->
  <testcase classname="in.biencaps.erp.testCases.ProfilePageUpdateTests" name="verify_Gmail_Key_Submit_At_Employee_Side_Without_Entering_Gmail_Key" time="6.325">
    <failure type="org.openqa.selenium.TimeoutException" message="Expected condition failed: waiting for visibility of element located by By.cssSelector: .profileName (tried for 6 second(s) with 500 milliseconds interval)
Build info: version: &amp;apos;4.20.0&amp;apos;, revision: &amp;apos;866c76ca80&amp;apos;
System info: os.name: &amp;apos;Windows 10&amp;apos;, os.arch: &amp;apos;amd64&amp;apos;, os.version: &amp;apos;10.0&amp;apos;, java.version: &amp;apos;17.0.8&amp;apos;
Driver info: org.openqa.selenium.chrome.ChromeDriver
Capabilities {acceptInsecureCerts: false, browserName: chrome, browserVersion: 124.0.6367.203, chrome: {chromedriverVersion: 124.0.6367.207 (a9001a6e39f..., userDataDir: C:\Users\Lenovo\AppData\Loc...}, fedcm:accounts: true, goog:chromeOptions: {debuggerAddress: localhost:56264}, networkConnectionEnabled: false, pageLoadStrategy: normal, platformName: windows, proxy: Proxy(), se:cdp: ws://localhost:56264/devtoo..., se:cdpVersion: 124.0.6367.203, setWindowRect: true, strictFileInteractability: false, timeouts: {implicit: 0, pageLoad: 300000, script: 30000}, unhandledPromptBehavior: dismiss and notify, webauthn:extension:credBlob: true, webauthn:extension:largeBlob: true, webauthn:extension:minPinLength: true, webauthn:extension:prf: true, webauthn:virtualAuthenticators: true}
Session ID: 0e5851df797cae8e328d23b2e7085d19">
      <![CDATA[org.openqa.selenium.TimeoutException: Expected condition failed: waiting for visibility of element located by By.cssSelector: .profileName (tried for 6 second(s) with 500 milliseconds interval)
Build info: version: '4.20.0', revision: '866c76ca80'
System info: os.name: 'Windows 10', os.arch: 'amd64', os.version: '10.0', java.version: '17.0.8'
Driver info: org.openqa.selenium.chrome.ChromeDriver
Capabilities {acceptInsecureCerts: false, browserName: chrome, browserVersion: 124.0.6367.203, chrome: {chromedriverVersion: 124.0.6367.207 (a9001a6e39f..., userDataDir: C:\Users\Lenovo\AppData\Loc...}, fedcm:accounts: true, goog:chromeOptions: {debuggerAddress: localhost:56264}, networkConnectionEnabled: false, pageLoadStrategy: normal, platformName: windows, proxy: Proxy(), se:cdp: ws://localhost:56264/devtoo..., se:cdpVersion: 124.0.6367.203, setWindowRect: true, strictFileInteractability: false, timeouts: {implicit: 0, pageLoad: 300000, script: 30000}, unhandledPromptBehavior: dismiss and notify, webauthn:extension:credBlob: true, webauthn:extension:largeBlob: true, webauthn:extension:minPinLength: true, webauthn:extension:prf: true, webauthn:virtualAuthenticators: true}
Session ID: 0e5851df797cae8e328d23b2e7085d19
at org.openqa.selenium.support.ui.WebDriverWait.timeoutException(WebDriverWait.java:84)
at org.openqa.selenium.support.ui.FluentWait.until(FluentWait.java:228)
at in.biencaps.erp.utilities.WebElementActions.waitForElementVisibility(WebElementActions.java:23)
at in.biencaps.erp.utilities.WebElementActions.clickOnMethod(WebElementActions.java:76)
at in.biencaps.erp.pages.DashboardPage.clickOnEmployeeNameAtDashboard(DashboardPage.java:40)
at in.biencaps.erp.testCases.ProfilePageUpdateTests.verify_Gmail_Key_Submit_At_Employee_Side_Without_Entering_Gmail_Key(ProfilePageUpdateTests.java:30)
at java.base/java.util.ArrayList.forEach(ArrayList.java:1511)
... Removed 27 stack frames]]>
    </failure>
  </testcase> <!-- verify_Gmail_Key_Submit_At_Employee_Side_Without_Entering_Gmail_Key -->
  <testcase classname="in.biencaps.erp.testCases.ProfilePageUpdateTests" name="verify_Gmail_Key_Submit_At_Employee_Side_Without_Entering_Password" time="6.357">
    <failure type="org.openqa.selenium.TimeoutException" message="Expected condition failed: waiting for visibility of element located by By.cssSelector: .profileName (tried for 6 second(s) with 500 milliseconds interval)
Build info: version: &amp;apos;4.20.0&amp;apos;, revision: &amp;apos;866c76ca80&amp;apos;
System info: os.name: &amp;apos;Windows 10&amp;apos;, os.arch: &amp;apos;amd64&amp;apos;, os.version: &amp;apos;10.0&amp;apos;, java.version: &amp;apos;17.0.8&amp;apos;
Driver info: org.openqa.selenium.chrome.ChromeDriver
Capabilities {acceptInsecureCerts: false, browserName: chrome, browserVersion: 124.0.6367.203, chrome: {chromedriverVersion: 124.0.6367.207 (a9001a6e39f..., userDataDir: C:\Users\Lenovo\AppData\Loc...}, fedcm:accounts: true, goog:chromeOptions: {debuggerAddress: localhost:56264}, networkConnectionEnabled: false, pageLoadStrategy: normal, platformName: windows, proxy: Proxy(), se:cdp: ws://localhost:56264/devtoo..., se:cdpVersion: 124.0.6367.203, setWindowRect: true, strictFileInteractability: false, timeouts: {implicit: 0, pageLoad: 300000, script: 30000}, unhandledPromptBehavior: dismiss and notify, webauthn:extension:credBlob: true, webauthn:extension:largeBlob: true, webauthn:extension:minPinLength: true, webauthn:extension:prf: true, webauthn:virtualAuthenticators: true}
Session ID: 0e5851df797cae8e328d23b2e7085d19">
      <![CDATA[org.openqa.selenium.TimeoutException: Expected condition failed: waiting for visibility of element located by By.cssSelector: .profileName (tried for 6 second(s) with 500 milliseconds interval)
Build info: version: '4.20.0', revision: '866c76ca80'
System info: os.name: 'Windows 10', os.arch: 'amd64', os.version: '10.0', java.version: '17.0.8'
Driver info: org.openqa.selenium.chrome.ChromeDriver
Capabilities {acceptInsecureCerts: false, browserName: chrome, browserVersion: 124.0.6367.203, chrome: {chromedriverVersion: 124.0.6367.207 (a9001a6e39f..., userDataDir: C:\Users\Lenovo\AppData\Loc...}, fedcm:accounts: true, goog:chromeOptions: {debuggerAddress: localhost:56264}, networkConnectionEnabled: false, pageLoadStrategy: normal, platformName: windows, proxy: Proxy(), se:cdp: ws://localhost:56264/devtoo..., se:cdpVersion: 124.0.6367.203, setWindowRect: true, strictFileInteractability: false, timeouts: {implicit: 0, pageLoad: 300000, script: 30000}, unhandledPromptBehavior: dismiss and notify, webauthn:extension:credBlob: true, webauthn:extension:largeBlob: true, webauthn:extension:minPinLength: true, webauthn:extension:prf: true, webauthn:virtualAuthenticators: true}
Session ID: 0e5851df797cae8e328d23b2e7085d19
at org.openqa.selenium.support.ui.WebDriverWait.timeoutException(WebDriverWait.java:84)
at org.openqa.selenium.support.ui.FluentWait.until(FluentWait.java:228)
at in.biencaps.erp.utilities.WebElementActions.waitForElementVisibility(WebElementActions.java:23)
at in.biencaps.erp.utilities.WebElementActions.clickOnMethod(WebElementActions.java:76)
at in.biencaps.erp.pages.DashboardPage.clickOnEmployeeNameAtDashboard(DashboardPage.java:40)
at in.biencaps.erp.testCases.ProfilePageUpdateTests.verify_Gmail_Key_Submit_At_Employee_Side_Without_Entering_Password(ProfilePageUpdateTests.java:47)
at java.base/java.util.ArrayList.forEach(ArrayList.java:1511)
... Removed 27 stack frames]]>
    </failure>
  </testcase> <!-- verify_Gmail_Key_Submit_At_Employee_Side_Without_Entering_Password -->
  <testcase classname="in.biencaps.erp.testCases.ProfilePageUpdateTests" name="verify_Gmail_Key_Submit_At_Employee_Side_With_Valid_And_Invalid_Data" time="0.0">
    <failure type="java.lang.RuntimeException" message="java.io.FileNotFoundException: C:\Users\Lenovo\eclipse-workspace\ERP_Website_Automation_Testing\Test Data\Testing Environment User Data.xlsx (The system cannot find the path specified)">
      <![CDATA[java.lang.RuntimeException: java.io.FileNotFoundException: C:\Users\Lenovo\eclipse-workspace\ERP_Website_Automation_Testing\Test Data\Testing Environment User Data.xlsx (The system cannot find the path specified)
at java.base/java.util.ArrayList.forEach(ArrayList.java:1511)
Caused by: java.io.FileNotFoundException: C:\Users\Lenovo\eclipse-workspace\ERP_Website_Automation_Testing\Test Data\Testing Environment User Data.xlsx (The system cannot find the path specified)
at java.base/java.io.FileInputStream.open0(Native Method)
at java.base/java.io.FileInputStream.open(FileInputStream.java:216)
at java.base/java.io.FileInputStream.<init>(FileInputStream.java:157)
at java.base/java.io.FileInputStream.<init>(FileInputStream.java:111)
at in.biencaps.erp.utilities.DataGenerator.getUserDataFromExcelSheetReader(DataGenerator.java:32)
at in.biencaps.erp.utilities.DataProviders.testDataForSubmitGmailKey(DataProviders.java:69)
... 25 more
... Removed 32 stack frames]]>
    </failure>
  </testcase> <!-- verify_Gmail_Key_Submit_At_Employee_Side_With_Valid_And_Invalid_Data -->
  <testcase classname="in.biencaps.erp.testCases.ProfilePageUpdateTests" name="verify_Primary_Mobile_Number_Textfield_By_Leaving_Field_Empty" time="6.273">
    <failure type="org.openqa.selenium.TimeoutException" message="Expected condition failed: waiting for visibility of element located by By.cssSelector: .AddEmpButtonEmpty (tried for 6 second(s) with 500 milliseconds interval)
Build info: version: &amp;apos;4.20.0&amp;apos;, revision: &amp;apos;866c76ca80&amp;apos;
System info: os.name: &amp;apos;Windows 10&amp;apos;, os.arch: &amp;apos;amd64&amp;apos;, os.version: &amp;apos;10.0&amp;apos;, java.version: &amp;apos;17.0.8&amp;apos;
Driver info: org.openqa.selenium.chrome.ChromeDriver
Capabilities {acceptInsecureCerts: false, browserName: chrome, browserVersion: 124.0.6367.203, chrome: {chromedriverVersion: 124.0.6367.207 (a9001a6e39f..., userDataDir: C:\Users\Lenovo\AppData\Loc...}, fedcm:accounts: true, goog:chromeOptions: {debuggerAddress: localhost:56264}, networkConnectionEnabled: false, pageLoadStrategy: normal, platformName: windows, proxy: Proxy(), se:cdp: ws://localhost:56264/devtoo..., se:cdpVersion: 124.0.6367.203, setWindowRect: true, strictFileInteractability: false, timeouts: {implicit: 0, pageLoad: 300000, script: 30000}, unhandledPromptBehavior: dismiss and notify, webauthn:extension:credBlob: true, webauthn:extension:largeBlob: true, webauthn:extension:minPinLength: true, webauthn:extension:prf: true, webauthn:virtualAuthenticators: true}
Session ID: 0e5851df797cae8e328d23b2e7085d19">
      <![CDATA[org.openqa.selenium.TimeoutException: Expected condition failed: waiting for visibility of element located by By.cssSelector: .AddEmpButtonEmpty (tried for 6 second(s) with 500 milliseconds interval)
Build info: version: '4.20.0', revision: '866c76ca80'
System info: os.name: 'Windows 10', os.arch: 'amd64', os.version: '10.0', java.version: '17.0.8'
Driver info: org.openqa.selenium.chrome.ChromeDriver
Capabilities {acceptInsecureCerts: false, browserName: chrome, browserVersion: 124.0.6367.203, chrome: {chromedriverVersion: 124.0.6367.207 (a9001a6e39f..., userDataDir: C:\Users\Lenovo\AppData\Loc...}, fedcm:accounts: true, goog:chromeOptions: {debuggerAddress: localhost:56264}, networkConnectionEnabled: false, pageLoadStrategy: normal, platformName: windows, proxy: Proxy(), se:cdp: ws://localhost:56264/devtoo..., se:cdpVersion: 124.0.6367.203, setWindowRect: true, strictFileInteractability: false, timeouts: {implicit: 0, pageLoad: 300000, script: 30000}, unhandledPromptBehavior: dismiss and notify, webauthn:extension:credBlob: true, webauthn:extension:largeBlob: true, webauthn:extension:minPinLength: true, webauthn:extension:prf: true, webauthn:virtualAuthenticators: true}
Session ID: 0e5851df797cae8e328d23b2e7085d19
at org.openqa.selenium.support.ui.WebDriverWait.timeoutException(WebDriverWait.java:84)
at org.openqa.selenium.support.ui.FluentWait.until(FluentWait.java:228)
at in.biencaps.erp.utilities.WebElementActions.waitForElementVisibility(WebElementActions.java:23)
at in.biencaps.erp.utilities.WebElementActions.scrollUntilElementFound(WebElementActions.java:47)
at in.biencaps.erp.pages.ProfilePage.scrollUntilSubmitButtonFound(ProfilePage.java:72)
at in.biencaps.erp.testCases.ProfilePageUpdateTests.verify_Primary_Mobile_Number_Textfield_By_Leaving_Field_Empty(ProfilePageUpdateTests.java:93)
at java.base/java.util.ArrayList.forEach(ArrayList.java:1511)
... Removed 27 stack frames]]>
    </failure>
  </testcase> <!-- verify_Primary_Mobile_Number_Textfield_By_Leaving_Field_Empty -->
  <testcase classname="in.biencaps.erp.testCases.ProfilePageUpdateTests" name="verify_Profile_Update_From_Employee_Side_With_Valid_And_Invalid_Data" time="6.289">
    <failure type="org.openqa.selenium.TimeoutException" message="Expected condition failed: waiting for visibility of element located by By.cssSelector: .AddEmpButtonEmpty (tried for 6 second(s) with 500 milliseconds interval)
Build info: version: &amp;apos;4.20.0&amp;apos;, revision: &amp;apos;866c76ca80&amp;apos;
System info: os.name: &amp;apos;Windows 10&amp;apos;, os.arch: &amp;apos;amd64&amp;apos;, os.version: &amp;apos;10.0&amp;apos;, java.version: &amp;apos;17.0.8&amp;apos;
Driver info: org.openqa.selenium.chrome.ChromeDriver
Capabilities {acceptInsecureCerts: false, browserName: chrome, browserVersion: 124.0.6367.203, chrome: {chromedriverVersion: 124.0.6367.207 (a9001a6e39f..., userDataDir: C:\Users\Lenovo\AppData\Loc...}, fedcm:accounts: true, goog:chromeOptions: {debuggerAddress: localhost:56264}, networkConnectionEnabled: false, pageLoadStrategy: normal, platformName: windows, proxy: Proxy(), se:cdp: ws://localhost:56264/devtoo..., se:cdpVersion: 124.0.6367.203, setWindowRect: true, strictFileInteractability: false, timeouts: {implicit: 0, pageLoad: 300000, script: 30000}, unhandledPromptBehavior: dismiss and notify, webauthn:extension:credBlob: true, webauthn:extension:largeBlob: true, webauthn:extension:minPinLength: true, webauthn:extension:prf: true, webauthn:virtualAuthenticators: true}
Session ID: 0e5851df797cae8e328d23b2e7085d19">
      <![CDATA[org.openqa.selenium.TimeoutException: Expected condition failed: waiting for visibility of element located by By.cssSelector: .AddEmpButtonEmpty (tried for 6 second(s) with 500 milliseconds interval)
Build info: version: '4.20.0', revision: '866c76ca80'
System info: os.name: 'Windows 10', os.arch: 'amd64', os.version: '10.0', java.version: '17.0.8'
Driver info: org.openqa.selenium.chrome.ChromeDriver
Capabilities {acceptInsecureCerts: false, browserName: chrome, browserVersion: 124.0.6367.203, chrome: {chromedriverVersion: 124.0.6367.207 (a9001a6e39f..., userDataDir: C:\Users\Lenovo\AppData\Loc...}, fedcm:accounts: true, goog:chromeOptions: {debuggerAddress: localhost:56264}, networkConnectionEnabled: false, pageLoadStrategy: normal, platformName: windows, proxy: Proxy(), se:cdp: ws://localhost:56264/devtoo..., se:cdpVersion: 124.0.6367.203, setWindowRect: true, strictFileInteractability: false, timeouts: {implicit: 0, pageLoad: 300000, script: 30000}, unhandledPromptBehavior: dismiss and notify, webauthn:extension:credBlob: true, webauthn:extension:largeBlob: true, webauthn:extension:minPinLength: true, webauthn:extension:prf: true, webauthn:virtualAuthenticators: true}
Session ID: 0e5851df797cae8e328d23b2e7085d19
at org.openqa.selenium.support.ui.WebDriverWait.timeoutException(WebDriverWait.java:84)
at org.openqa.selenium.support.ui.FluentWait.until(FluentWait.java:228)
at in.biencaps.erp.utilities.WebElementActions.waitForElementVisibility(WebElementActions.java:23)
at in.biencaps.erp.utilities.WebElementActions.scrollUntilElementFound(WebElementActions.java:47)
at in.biencaps.erp.pages.ProfilePage.scrollUntilSubmitButtonFound(ProfilePage.java:72)
at in.biencaps.erp.testCases.ProfilePageUpdateTests.verify_Profile_Update_From_Employee_Side_With_Valid_And_Invalid_Data(ProfilePageUpdateTests.java:119)
at java.base/java.util.ArrayList.forEach(ArrayList.java:1511)
... Removed 27 stack frames]]>
    </failure>
  </testcase> <!-- verify_Profile_Update_From_Employee_Side_With_Valid_And_Invalid_Data -->
  <testcase classname="in.biencaps.erp.testCases.ProfilePageUpdateTests" name="verify_Profile_Update_From_Employee_Side_With_Valid_And_Invalid_Data" time="6.245">
    <failure type="org.openqa.selenium.TimeoutException" message="Expected condition failed: waiting for visibility of element located by By.cssSelector: .AddEmpButtonEmpty (tried for 6 second(s) with 500 milliseconds interval)
Build info: version: &amp;apos;4.20.0&amp;apos;, revision: &amp;apos;866c76ca80&amp;apos;
System info: os.name: &amp;apos;Windows 10&amp;apos;, os.arch: &amp;apos;amd64&amp;apos;, os.version: &amp;apos;10.0&amp;apos;, java.version: &amp;apos;17.0.8&amp;apos;
Driver info: org.openqa.selenium.chrome.ChromeDriver
Capabilities {acceptInsecureCerts: false, browserName: chrome, browserVersion: 124.0.6367.203, chrome: {chromedriverVersion: 124.0.6367.207 (a9001a6e39f..., userDataDir: C:\Users\Lenovo\AppData\Loc...}, fedcm:accounts: true, goog:chromeOptions: {debuggerAddress: localhost:56264}, networkConnectionEnabled: false, pageLoadStrategy: normal, platformName: windows, proxy: Proxy(), se:cdp: ws://localhost:56264/devtoo..., se:cdpVersion: 124.0.6367.203, setWindowRect: true, strictFileInteractability: false, timeouts: {implicit: 0, pageLoad: 300000, script: 30000}, unhandledPromptBehavior: dismiss and notify, webauthn:extension:credBlob: true, webauthn:extension:largeBlob: true, webauthn:extension:minPinLength: true, webauthn:extension:prf: true, webauthn:virtualAuthenticators: true}
Session ID: 0e5851df797cae8e328d23b2e7085d19">
      <![CDATA[org.openqa.selenium.TimeoutException: Expected condition failed: waiting for visibility of element located by By.cssSelector: .AddEmpButtonEmpty (tried for 6 second(s) with 500 milliseconds interval)
Build info: version: '4.20.0', revision: '866c76ca80'
System info: os.name: 'Windows 10', os.arch: 'amd64', os.version: '10.0', java.version: '17.0.8'
Driver info: org.openqa.selenium.chrome.ChromeDriver
Capabilities {acceptInsecureCerts: false, browserName: chrome, browserVersion: 124.0.6367.203, chrome: {chromedriverVersion: 124.0.6367.207 (a9001a6e39f..., userDataDir: C:\Users\Lenovo\AppData\Loc...}, fedcm:accounts: true, goog:chromeOptions: {debuggerAddress: localhost:56264}, networkConnectionEnabled: false, pageLoadStrategy: normal, platformName: windows, proxy: Proxy(), se:cdp: ws://localhost:56264/devtoo..., se:cdpVersion: 124.0.6367.203, setWindowRect: true, strictFileInteractability: false, timeouts: {implicit: 0, pageLoad: 300000, script: 30000}, unhandledPromptBehavior: dismiss and notify, webauthn:extension:credBlob: true, webauthn:extension:largeBlob: true, webauthn:extension:minPinLength: true, webauthn:extension:prf: true, webauthn:virtualAuthenticators: true}
Session ID: 0e5851df797cae8e328d23b2e7085d19
at org.openqa.selenium.support.ui.WebDriverWait.timeoutException(WebDriverWait.java:84)
at org.openqa.selenium.support.ui.FluentWait.until(FluentWait.java:228)
at in.biencaps.erp.utilities.WebElementActions.waitForElementVisibility(WebElementActions.java:23)
at in.biencaps.erp.utilities.WebElementActions.scrollUntilElementFound(WebElementActions.java:47)
at in.biencaps.erp.pages.ProfilePage.scrollUntilSubmitButtonFound(ProfilePage.java:72)
at in.biencaps.erp.testCases.ProfilePageUpdateTests.verify_Profile_Update_From_Employee_Side_With_Valid_And_Invalid_Data(ProfilePageUpdateTests.java:119)
at java.base/java.util.ArrayList.forEach(ArrayList.java:1511)
... Removed 27 stack frames]]>
    </failure>
  </testcase> <!-- verify_Profile_Update_From_Employee_Side_With_Valid_And_Invalid_Data -->
  <testcase classname="in.biencaps.erp.testCases.ProfilePageUpdateTests" name="verify_Profile_Update_From_Employee_Side_With_Valid_And_Invalid_Data" time="6.26">
    <failure type="org.openqa.selenium.TimeoutException" message="Expected condition failed: waiting for visibility of element located by By.cssSelector: .AddEmpButtonEmpty (tried for 6 second(s) with 500 milliseconds interval)
Build info: version: &amp;apos;4.20.0&amp;apos;, revision: &amp;apos;866c76ca80&amp;apos;
System info: os.name: &amp;apos;Windows 10&amp;apos;, os.arch: &amp;apos;amd64&amp;apos;, os.version: &amp;apos;10.0&amp;apos;, java.version: &amp;apos;17.0.8&amp;apos;
Driver info: org.openqa.selenium.chrome.ChromeDriver
Capabilities {acceptInsecureCerts: false, browserName: chrome, browserVersion: 124.0.6367.203, chrome: {chromedriverVersion: 124.0.6367.207 (a9001a6e39f..., userDataDir: C:\Users\Lenovo\AppData\Loc...}, fedcm:accounts: true, goog:chromeOptions: {debuggerAddress: localhost:56264}, networkConnectionEnabled: false, pageLoadStrategy: normal, platformName: windows, proxy: Proxy(), se:cdp: ws://localhost:56264/devtoo..., se:cdpVersion: 124.0.6367.203, setWindowRect: true, strictFileInteractability: false, timeouts: {implicit: 0, pageLoad: 300000, script: 30000}, unhandledPromptBehavior: dismiss and notify, webauthn:extension:credBlob: true, webauthn:extension:largeBlob: true, webauthn:extension:minPinLength: true, webauthn:extension:prf: true, webauthn:virtualAuthenticators: true}
Session ID: 0e5851df797cae8e328d23b2e7085d19">
      <![CDATA[org.openqa.selenium.TimeoutException: Expected condition failed: waiting for visibility of element located by By.cssSelector: .AddEmpButtonEmpty (tried for 6 second(s) with 500 milliseconds interval)
Build info: version: '4.20.0', revision: '866c76ca80'
System info: os.name: 'Windows 10', os.arch: 'amd64', os.version: '10.0', java.version: '17.0.8'
Driver info: org.openqa.selenium.chrome.ChromeDriver
Capabilities {acceptInsecureCerts: false, browserName: chrome, browserVersion: 124.0.6367.203, chrome: {chromedriverVersion: 124.0.6367.207 (a9001a6e39f..., userDataDir: C:\Users\Lenovo\AppData\Loc...}, fedcm:accounts: true, goog:chromeOptions: {debuggerAddress: localhost:56264}, networkConnectionEnabled: false, pageLoadStrategy: normal, platformName: windows, proxy: Proxy(), se:cdp: ws://localhost:56264/devtoo..., se:cdpVersion: 124.0.6367.203, setWindowRect: true, strictFileInteractability: false, timeouts: {implicit: 0, pageLoad: 300000, script: 30000}, unhandledPromptBehavior: dismiss and notify, webauthn:extension:credBlob: true, webauthn:extension:largeBlob: true, webauthn:extension:minPinLength: true, webauthn:extension:prf: true, webauthn:virtualAuthenticators: true}
Session ID: 0e5851df797cae8e328d23b2e7085d19
at org.openqa.selenium.support.ui.WebDriverWait.timeoutException(WebDriverWait.java:84)
at org.openqa.selenium.support.ui.FluentWait.until(FluentWait.java:228)
at in.biencaps.erp.utilities.WebElementActions.waitForElementVisibility(WebElementActions.java:23)
at in.biencaps.erp.utilities.WebElementActions.scrollUntilElementFound(WebElementActions.java:47)
at in.biencaps.erp.pages.ProfilePage.scrollUntilSubmitButtonFound(ProfilePage.java:72)
at in.biencaps.erp.testCases.ProfilePageUpdateTests.verify_Profile_Update_From_Employee_Side_With_Valid_And_Invalid_Data(ProfilePageUpdateTests.java:119)
at java.base/java.util.ArrayList.forEach(ArrayList.java:1511)
... Removed 27 stack frames]]>
    </failure>
  </testcase> <!-- verify_Profile_Update_From_Employee_Side_With_Valid_And_Invalid_Data -->
  <testcase classname="in.biencaps.erp.testCases.ProfilePageUpdateTests" name="verify_Profile_Update_From_Employee_Side_With_Valid_And_Invalid_Data" time="6.26">
    <failure type="org.openqa.selenium.TimeoutException" message="Expected condition failed: waiting for visibility of element located by By.cssSelector: .AddEmpButtonEmpty (tried for 6 second(s) with 500 milliseconds interval)
Build info: version: &amp;apos;4.20.0&amp;apos;, revision: &amp;apos;866c76ca80&amp;apos;
System info: os.name: &amp;apos;Windows 10&amp;apos;, os.arch: &amp;apos;amd64&amp;apos;, os.version: &amp;apos;10.0&amp;apos;, java.version: &amp;apos;17.0.8&amp;apos;
Driver info: org.openqa.selenium.chrome.ChromeDriver
Capabilities {acceptInsecureCerts: false, browserName: chrome, browserVersion: 124.0.6367.203, chrome: {chromedriverVersion: 124.0.6367.207 (a9001a6e39f..., userDataDir: C:\Users\Lenovo\AppData\Loc...}, fedcm:accounts: true, goog:chromeOptions: {debuggerAddress: localhost:56264}, networkConnectionEnabled: false, pageLoadStrategy: normal, platformName: windows, proxy: Proxy(), se:cdp: ws://localhost:56264/devtoo..., se:cdpVersion: 124.0.6367.203, setWindowRect: true, strictFileInteractability: false, timeouts: {implicit: 0, pageLoad: 300000, script: 30000}, unhandledPromptBehavior: dismiss and notify, webauthn:extension:credBlob: true, webauthn:extension:largeBlob: true, webauthn:extension:minPinLength: true, webauthn:extension:prf: true, webauthn:virtualAuthenticators: true}
Session ID: 0e5851df797cae8e328d23b2e7085d19">
      <![CDATA[org.openqa.selenium.TimeoutException: Expected condition failed: waiting for visibility of element located by By.cssSelector: .AddEmpButtonEmpty (tried for 6 second(s) with 500 milliseconds interval)
Build info: version: '4.20.0', revision: '866c76ca80'
System info: os.name: 'Windows 10', os.arch: 'amd64', os.version: '10.0', java.version: '17.0.8'
Driver info: org.openqa.selenium.chrome.ChromeDriver
Capabilities {acceptInsecureCerts: false, browserName: chrome, browserVersion: 124.0.6367.203, chrome: {chromedriverVersion: 124.0.6367.207 (a9001a6e39f..., userDataDir: C:\Users\Lenovo\AppData\Loc...}, fedcm:accounts: true, goog:chromeOptions: {debuggerAddress: localhost:56264}, networkConnectionEnabled: false, pageLoadStrategy: normal, platformName: windows, proxy: Proxy(), se:cdp: ws://localhost:56264/devtoo..., se:cdpVersion: 124.0.6367.203, setWindowRect: true, strictFileInteractability: false, timeouts: {implicit: 0, pageLoad: 300000, script: 30000}, unhandledPromptBehavior: dismiss and notify, webauthn:extension:credBlob: true, webauthn:extension:largeBlob: true, webauthn:extension:minPinLength: true, webauthn:extension:prf: true, webauthn:virtualAuthenticators: true}
Session ID: 0e5851df797cae8e328d23b2e7085d19
at org.openqa.selenium.support.ui.WebDriverWait.timeoutException(WebDriverWait.java:84)
at org.openqa.selenium.support.ui.FluentWait.until(FluentWait.java:228)
at in.biencaps.erp.utilities.WebElementActions.waitForElementVisibility(WebElementActions.java:23)
at in.biencaps.erp.utilities.WebElementActions.scrollUntilElementFound(WebElementActions.java:47)
at in.biencaps.erp.pages.ProfilePage.scrollUntilSubmitButtonFound(ProfilePage.java:72)
at in.biencaps.erp.testCases.ProfilePageUpdateTests.verify_Profile_Update_From_Employee_Side_With_Valid_And_Invalid_Data(ProfilePageUpdateTests.java:119)
at java.base/java.util.ArrayList.forEach(ArrayList.java:1511)
... Removed 27 stack frames]]>
    </failure>
  </testcase> <!-- verify_Profile_Update_From_Employee_Side_With_Valid_And_Invalid_Data -->
  <testcase classname="in.biencaps.erp.testCases.ProfilePageUpdateTests" name="verify_Profile_Update_By_Entering_Optional_Fields" time="6.877">
    <failure type="org.openqa.selenium.TimeoutException" message="Expected condition failed: waiting for visibility of element located by By.cssSelector: .profileName (tried for 6 second(s) with 500 milliseconds interval)
Build info: version: &amp;apos;4.20.0&amp;apos;, revision: &amp;apos;866c76ca80&amp;apos;
System info: os.name: &amp;apos;Windows 10&amp;apos;, os.arch: &amp;apos;amd64&amp;apos;, os.version: &amp;apos;10.0&amp;apos;, java.version: &amp;apos;17.0.8&amp;apos;
Driver info: org.openqa.selenium.chrome.ChromeDriver
Capabilities {acceptInsecureCerts: false, browserName: chrome, browserVersion: 124.0.6367.203, chrome: {chromedriverVersion: 124.0.6367.207 (a9001a6e39f..., userDataDir: C:\Users\Lenovo\AppData\Loc...}, fedcm:accounts: true, goog:chromeOptions: {debuggerAddress: localhost:56264}, networkConnectionEnabled: false, pageLoadStrategy: normal, platformName: windows, proxy: Proxy(), se:cdp: ws://localhost:56264/devtoo..., se:cdpVersion: 124.0.6367.203, setWindowRect: true, strictFileInteractability: false, timeouts: {implicit: 0, pageLoad: 300000, script: 30000}, unhandledPromptBehavior: dismiss and notify, webauthn:extension:credBlob: true, webauthn:extension:largeBlob: true, webauthn:extension:minPinLength: true, webauthn:extension:prf: true, webauthn:virtualAuthenticators: true}
Session ID: 0e5851df797cae8e328d23b2e7085d19">
      <![CDATA[org.openqa.selenium.TimeoutException: Expected condition failed: waiting for visibility of element located by By.cssSelector: .profileName (tried for 6 second(s) with 500 milliseconds interval)
Build info: version: '4.20.0', revision: '866c76ca80'
System info: os.name: 'Windows 10', os.arch: 'amd64', os.version: '10.0', java.version: '17.0.8'
Driver info: org.openqa.selenium.chrome.ChromeDriver
Capabilities {acceptInsecureCerts: false, browserName: chrome, browserVersion: 124.0.6367.203, chrome: {chromedriverVersion: 124.0.6367.207 (a9001a6e39f..., userDataDir: C:\Users\Lenovo\AppData\Loc...}, fedcm:accounts: true, goog:chromeOptions: {debuggerAddress: localhost:56264}, networkConnectionEnabled: false, pageLoadStrategy: normal, platformName: windows, proxy: Proxy(), se:cdp: ws://localhost:56264/devtoo..., se:cdpVersion: 124.0.6367.203, setWindowRect: true, strictFileInteractability: false, timeouts: {implicit: 0, pageLoad: 300000, script: 30000}, unhandledPromptBehavior: dismiss and notify, webauthn:extension:credBlob: true, webauthn:extension:largeBlob: true, webauthn:extension:minPinLength: true, webauthn:extension:prf: true, webauthn:virtualAuthenticators: true}
Session ID: 0e5851df797cae8e328d23b2e7085d19
at org.openqa.selenium.support.ui.WebDriverWait.timeoutException(WebDriverWait.java:84)
at org.openqa.selenium.support.ui.FluentWait.until(FluentWait.java:228)
at in.biencaps.erp.utilities.WebElementActions.waitForElementVisibility(WebElementActions.java:23)
at in.biencaps.erp.utilities.WebElementActions.clickOnMethod(WebElementActions.java:76)
at in.biencaps.erp.pages.DashboardPage.clickOnEmployeeNameAtDashboard(DashboardPage.java:40)
at in.biencaps.erp.testCases.ProfilePageUpdateTests.verify_Profile_Update_By_Entering_Optional_Fields(ProfilePageUpdateTests.java:172)
at java.base/java.util.ArrayList.forEach(ArrayList.java:1511)
... Removed 27 stack frames]]>
    </failure>
  </testcase> <!-- verify_Profile_Update_By_Entering_Optional_Fields -->
  <testcase classname="in.biencaps.erp.testCases.PasswordChangeTests" name="verify_Change_Login_Password_With_Valid_And_Invalid_Password" time="0.0">
    <failure type="org.testng.TestNGException" message="
Data Provider public java.lang.Object[][] in.biencaps.erp.utilities.DataProviders.testDataForChangeLoginPassword() returned a null value">
      <![CDATA[org.testng.TestNGException: 
Data Provider public java.lang.Object[][] in.biencaps.erp.utilities.DataProviders.testDataForChangeLoginPassword() returned a null value
at java.base/java.util.ArrayList.forEach(ArrayList.java:1511)
... Removed 24 stack frames]]>
    </failure>
  </testcase> <!-- verify_Change_Login_Password_With_Valid_And_Invalid_Password -->
  <testcase classname="in.biencaps.erp.testCases.AddUpdateAssignTaskAndCheckAtEmployeeSideTests" name="verify_Assign_Task_From_Level" time="0.0">
    <skipped/>
  </testcase> <!-- verify_Assign_Task_From_Level -->
  <testcase classname="in.biencaps.erp.testCases.AddUpdateAssignTaskAndCheckAtEmployeeSideTests" name="verify_Task_Added_From_Level_View_By_Higher_Authority_In_Employee_Day_View" time="0.0">
    <skipped/>
  </testcase> <!-- verify_Task_Added_From_Level_View_By_Higher_Authority_In_Employee_Day_View -->
  <testcase classname="in.biencaps.erp.testCases.AddUpdateAssignTaskAndCheckAtEmployeeSideTests" name="verify_Notification_After_Assigned_Task_From_Higher_Authority_At_Lower_Level_Employee_Side" time="0.0">
    <skipped/>
  </testcase> <!-- verify_Notification_After_Assigned_Task_From_Higher_Authority_At_Lower_Level_Employee_Side -->
  <testcase classname="in.biencaps.erp.testCases.AddUpdateAssignTaskAndCheckAtEmployeeSideTests" name="verify_Assigned_Task_Details_In_Day_View_And_Week_View_And_Log_Message" time="0.0">
    <skipped/>
  </testcase> <!-- verify_Assigned_Task_Details_In_Day_View_And_Week_View_And_Log_Message -->
  <testcase classname="in.biencaps.erp.testCases.AddUpdateAssignTaskAndCheckAtEmployeeSideTests" name="verify_Last_Task_Details_In_Day_View" time="0.0">
    <skipped/>
  </testcase> <!-- verify_Last_Task_Details_In_Day_View -->
  <testcase classname="in.biencaps.erp.testCases.AddUpdateAssignTaskAndCheckAtEmployeeSideTests" name="verifyAssignTaskTitleUpdateAndCheckRequestInMyRequestCard" time="0.0">
    <skipped/>
  </testcase> <!-- verifyAssignTaskTitleUpdateAndCheckRequestInMyRequestCard -->
  <testcase classname="in.biencaps.erp.testCases.BaseTest" name="@BeforeTest extent_Report_Setup" time="0.0">
    <ignored/>
  </testcase> <!-- @BeforeTest extent_Report_Setup -->
  <testcase classname="in.biencaps.erp.testCases.LoginAndForgotPasswordTests" name="verify_Forgot_Password_By_Giving_Valid_UserId" time="0.0">
    <ignored/>
  </testcase> <!-- verify_Forgot_Password_By_Giving_Valid_UserId -->
  <testcase classname="in.biencaps.erp.testCases.BaseTest" name="@BeforeSuite launch_The_Website" time="0.0">
    <ignored/>
  </testcase> <!-- @BeforeSuite launch_The_Website -->
  <testcase classname="in.biencaps.erp.testCases.BaseTest" name="@AfterSuite tear_Down" time="0.0">
    <ignored/>
  </testcase> <!-- @AfterSuite tear_Down -->
</testsuite> <!-- Login And Forgot Password Tests -->
