<?xml version="1.0" encoding="UTF-8"?>
<!-- Generated by org.testng.reporters.JUnitXMLReporter -->
<testsuite ignored="0" hostname="DESKTOP-BG83L86" failures="1" tests="4" name="Password Change Functionality" time="27.837" errors="0" timestamp="2024-05-14T15:56:35 IST">
  <testcase classname="in.biencaps.erp.testCases.PasswordChangeFunctionality" name="verifyChangeLoginPassword" time="7.614"/>
  <testcase classname="in.biencaps.erp.testCases.PasswordChangeFunctionality" name="verifyChangeLoginPassword" time="6.1">
    <failure type="java.lang.AssertionError" message="expected [rgb(255, 0, 0)] but found [rgba(0, 0, 0, 0)]">
      <![CDATA[java.lang.AssertionError: expected [rgb(255, 0, 0)] but found [rgba(0, 0, 0, 0)]
at in.biencaps.erp.testCases.PasswordChangeFunctionality.verifyChangeLoginPassword(PasswordChangeFunctionality.java:83)
at java.base/java.util.ArrayList.forEach(ArrayList.java:1511)
... Removed 33 stack frames]]>
    </failure>
  </testcase> <!-- verifyChangeLoginPassword -->
  <testcase classname="in.biencaps.erp.testCases.PasswordChangeFunctionality" name="verifyChangeLoginPassword" time="5.979"/>
  <testcase classname="in.biencaps.erp.testCases.PasswordChangeFunctionality" name="verifyChangeLoginPassword" time="7.68"/>
</testsuite> <!-- Password Change Functionality -->
