<?xml version="1.0" encoding="UTF-8"?>
<!-- Generated by org.testng.reporters.JUnitXMLReporter -->
<testsuite ignored="0" hostname="DESKTOP-BG83L86" failures="15" tests="15" name="Self Task Submitted Functionality" time="79.855" errors="0" timestamp="2024-05-14T15:23:35 IST">
  <testcase classname="in.biencaps.erp.testCases.SelfTaskSubmittedFunctionality" name="verifySelfTaskSubmittedInDayView" time="10.383">
    <failure type="org.openqa.selenium.TimeoutException" message="Expected condition failed: waiting for visibility of element located by By.xpath: (//div[@class=&amp;apos;OutputWrapperStatus&amp;apos;])[last()] (tried for 7 second(s) with 500 milliseconds interval)
Build info: version: &amp;apos;4.20.0&amp;apos;, revision: &amp;apos;866c76ca80&amp;apos;
System info: os.name: &amp;apos;Windows 10&amp;apos;, os.arch: &amp;apos;amd64&amp;apos;, os.version: &amp;apos;10.0&amp;apos;, java.version: &amp;apos;17.0.8&amp;apos;
Driver info: org.openqa.selenium.chrome.ChromeDriver
Capabilities {acceptInsecureCerts: false, browserName: chrome, browserVersion: 124.0.6367.158, chrome: {chromedriverVersion: 124.0.6367.207 (a9001a6e39f..., userDataDir: C:\Users\Lenovo\AppData\Loc...}, fedcm:accounts: true, goog:chromeOptions: {debuggerAddress: localhost:49305}, networkConnectionEnabled: false, pageLoadStrategy: normal, platformName: windows, proxy: Proxy(), se:cdp: ws://localhost:49305/devtoo..., se:cdpVersion: 124.0.6367.158, setWindowRect: true, strictFileInteractability: false, timeouts: {implicit: 0, pageLoad: 300000, script: 30000}, unhandledPromptBehavior: dismiss and notify, webauthn:extension:credBlob: true, webauthn:extension:largeBlob: true, webauthn:extension:minPinLength: true, webauthn:extension:prf: true, webauthn:virtualAuthenticators: true}
Session ID: 88d07de36c39b0773d2ca5ed910b221e">
      <![CDATA[org.openqa.selenium.TimeoutException: Expected condition failed: waiting for visibility of element located by By.xpath: (//div[@class='OutputWrapperStatus'])[last()] (tried for 7 second(s) with 500 milliseconds interval)
Build info: version: '4.20.0', revision: '866c76ca80'
System info: os.name: 'Windows 10', os.arch: 'amd64', os.version: '10.0', java.version: '17.0.8'
Driver info: org.openqa.selenium.chrome.ChromeDriver
Capabilities {acceptInsecureCerts: false, browserName: chrome, browserVersion: 124.0.6367.158, chrome: {chromedriverVersion: 124.0.6367.207 (a9001a6e39f..., userDataDir: C:\Users\Lenovo\AppData\Loc...}, fedcm:accounts: true, goog:chromeOptions: {debuggerAddress: localhost:49305}, networkConnectionEnabled: false, pageLoadStrategy: normal, platformName: windows, proxy: Proxy(), se:cdp: ws://localhost:49305/devtoo..., se:cdpVersion: 124.0.6367.158, setWindowRect: true, strictFileInteractability: false, timeouts: {implicit: 0, pageLoad: 300000, script: 30000}, unhandledPromptBehavior: dismiss and notify, webauthn:extension:credBlob: true, webauthn:extension:largeBlob: true, webauthn:extension:minPinLength: true, webauthn:extension:prf: true, webauthn:virtualAuthenticators: true}
Session ID: 88d07de36c39b0773d2ca5ed910b221e
at org.openqa.selenium.support.ui.WebDriverWait.timeoutException(WebDriverWait.java:84)
at org.openqa.selenium.support.ui.FluentWait.until(FluentWait.java:228)
at in.biencaps.erp.utilities.WebElementActions.getTextMethod(WebElementActions.java:187)
at in.biencaps.erp.pages.MyTasksPage.checkLastTaskStatusTextInDayView(MyTasksPage.java:450)
at in.biencaps.erp.testCases.SelfTaskSubmittedFunctionality.verifySelfTaskSubmittedInDayView(SelfTaskSubmittedFunctionality.java:49)
at java.base/java.util.ArrayList.forEach(ArrayList.java:1511)
... Removed 27 stack frames]]>
    </failure>
  </testcase> <!-- verifySelfTaskSubmittedInDayView -->
  <testcase classname="in.biencaps.erp.testCases.SelfTaskSubmittedFunctionality" name="verifyTaskSubmittedRequestInMyRequestSection" time="11.444">
    <failure type="org.openqa.selenium.TimeoutException" message="Expected condition failed: waiting for visibility of element located by By.xpath: //div[@class=&amp;apos;retTitle&amp;apos;]//*[name()=&amp;apos;svg&amp;apos;] (tried for 7 second(s) with 500 milliseconds interval)
Build info: version: &amp;apos;4.20.0&amp;apos;, revision: &amp;apos;866c76ca80&amp;apos;
System info: os.name: &amp;apos;Windows 10&amp;apos;, os.arch: &amp;apos;amd64&amp;apos;, os.version: &amp;apos;10.0&amp;apos;, java.version: &amp;apos;17.0.8&amp;apos;
Driver info: org.openqa.selenium.chrome.ChromeDriver
Capabilities {acceptInsecureCerts: false, browserName: chrome, browserVersion: 124.0.6367.158, chrome: {chromedriverVersion: 124.0.6367.207 (a9001a6e39f..., userDataDir: C:\Users\Lenovo\AppData\Loc...}, fedcm:accounts: true, goog:chromeOptions: {debuggerAddress: localhost:49305}, networkConnectionEnabled: false, pageLoadStrategy: normal, platformName: windows, proxy: Proxy(), se:cdp: ws://localhost:49305/devtoo..., se:cdpVersion: 124.0.6367.158, setWindowRect: true, strictFileInteractability: false, timeouts: {implicit: 0, pageLoad: 300000, script: 30000}, unhandledPromptBehavior: dismiss and notify, webauthn:extension:credBlob: true, webauthn:extension:largeBlob: true, webauthn:extension:minPinLength: true, webauthn:extension:prf: true, webauthn:virtualAuthenticators: true}
Session ID: 88d07de36c39b0773d2ca5ed910b221e">
      <![CDATA[org.openqa.selenium.TimeoutException: Expected condition failed: waiting for visibility of element located by By.xpath: //div[@class='retTitle']//*[name()='svg'] (tried for 7 second(s) with 500 milliseconds interval)
Build info: version: '4.20.0', revision: '866c76ca80'
System info: os.name: 'Windows 10', os.arch: 'amd64', os.version: '10.0', java.version: '17.0.8'
Driver info: org.openqa.selenium.chrome.ChromeDriver
Capabilities {acceptInsecureCerts: false, browserName: chrome, browserVersion: 124.0.6367.158, chrome: {chromedriverVersion: 124.0.6367.207 (a9001a6e39f..., userDataDir: C:\Users\Lenovo\AppData\Loc...}, fedcm:accounts: true, goog:chromeOptions: {debuggerAddress: localhost:49305}, networkConnectionEnabled: false, pageLoadStrategy: normal, platformName: windows, proxy: Proxy(), se:cdp: ws://localhost:49305/devtoo..., se:cdpVersion: 124.0.6367.158, setWindowRect: true, strictFileInteractability: false, timeouts: {implicit: 0, pageLoad: 300000, script: 30000}, unhandledPromptBehavior: dismiss and notify, webauthn:extension:credBlob: true, webauthn:extension:largeBlob: true, webauthn:extension:minPinLength: true, webauthn:extension:prf: true, webauthn:virtualAuthenticators: true}
Session ID: 88d07de36c39b0773d2ca5ed910b221e
at org.openqa.selenium.support.ui.WebDriverWait.timeoutException(WebDriverWait.java:84)
at org.openqa.selenium.support.ui.FluentWait.until(FluentWait.java:228)
at in.biencaps.erp.utilities.WebElementActions.clickOnMethod(WebElementActions.java:118)
at in.biencaps.erp.pages.RequestPage.clickOnRefreshIconInRequestSection(RequestPage.java:26)
at in.biencaps.erp.testCases.RequestFunctionality.verifyRequestInMyRequestsCard(RequestFunctionality.java:77)
at in.biencaps.erp.testCases.SelfTaskSubmittedFunctionality.verifyTaskSubmittedRequestInMyRequestSection(SelfTaskSubmittedFunctionality.java:74)
at java.base/java.util.ArrayList.forEach(ArrayList.java:1511)
... Removed 27 stack frames]]>
    </failure>
  </testcase> <!-- verifyTaskSubmittedRequestInMyRequestSection -->
  <testcase classname="in.biencaps.erp.testCases.SelfTaskSubmittedFunctionality" name="verifyNotificationMessageAndRequestOfEmployeeAtAllHigherAuthority" time="12.591">
    <failure type="org.openqa.selenium.TimeoutException" message="Expected condition failed: waiting for visibility of all elements located by By.xpath: //tbody//tr//td[starts-with(text(),&amp;apos;INC&amp;apos;)] (tried for 7 second(s) with 500 milliseconds interval)
Build info: version: &amp;apos;4.20.0&amp;apos;, revision: &amp;apos;866c76ca80&amp;apos;
System info: os.name: &amp;apos;Windows 10&amp;apos;, os.arch: &amp;apos;amd64&amp;apos;, os.version: &amp;apos;10.0&amp;apos;, java.version: &amp;apos;17.0.8&amp;apos;
Driver info: org.openqa.selenium.chrome.ChromeDriver
Capabilities {acceptInsecureCerts: false, browserName: chrome, browserVersion: 124.0.6367.158, chrome: {chromedriverVersion: 124.0.6367.207 (a9001a6e39f..., userDataDir: C:\Users\Lenovo\AppData\Loc...}, fedcm:accounts: true, goog:chromeOptions: {debuggerAddress: localhost:49305}, networkConnectionEnabled: false, pageLoadStrategy: normal, platformName: windows, proxy: Proxy(), se:cdp: ws://localhost:49305/devtoo..., se:cdpVersion: 124.0.6367.158, setWindowRect: true, strictFileInteractability: false, timeouts: {implicit: 0, pageLoad: 300000, script: 30000}, unhandledPromptBehavior: dismiss and notify, webauthn:extension:credBlob: true, webauthn:extension:largeBlob: true, webauthn:extension:minPinLength: true, webauthn:extension:prf: true, webauthn:virtualAuthenticators: true}
Session ID: 88d07de36c39b0773d2ca5ed910b221e">
      <![CDATA[org.openqa.selenium.TimeoutException: Expected condition failed: waiting for visibility of all elements located by By.xpath: //tbody//tr//td[starts-with(text(),'INC')] (tried for 7 second(s) with 500 milliseconds interval)
Build info: version: '4.20.0', revision: '866c76ca80'
System info: os.name: 'Windows 10', os.arch: 'amd64', os.version: '10.0', java.version: '17.0.8'
Driver info: org.openqa.selenium.chrome.ChromeDriver
Capabilities {acceptInsecureCerts: false, browserName: chrome, browserVersion: 124.0.6367.158, chrome: {chromedriverVersion: 124.0.6367.207 (a9001a6e39f..., userDataDir: C:\Users\Lenovo\AppData\Loc...}, fedcm:accounts: true, goog:chromeOptions: {debuggerAddress: localhost:49305}, networkConnectionEnabled: false, pageLoadStrategy: normal, platformName: windows, proxy: Proxy(), se:cdp: ws://localhost:49305/devtoo..., se:cdpVersion: 124.0.6367.158, setWindowRect: true, strictFileInteractability: false, timeouts: {implicit: 0, pageLoad: 300000, script: 30000}, unhandledPromptBehavior: dismiss and notify, webauthn:extension:credBlob: true, webauthn:extension:largeBlob: true, webauthn:extension:minPinLength: true, webauthn:extension:prf: true, webauthn:virtualAuthenticators: true}
Session ID: 88d07de36c39b0773d2ca5ed910b221e
at org.openqa.selenium.support.ui.WebDriverWait.timeoutException(WebDriverWait.java:84)
at org.openqa.selenium.support.ui.FluentWait.until(FluentWait.java:228)
at in.biencaps.erp.utilities.WebElementActions.getValuesFromListOfWebElements(WebElementActions.java:210)
at in.biencaps.erp.utilities.DataGenerator.employeeUserIdsAndNames(DataGenerator.java:19)
at in.biencaps.erp.utilities.CommonTestMethods.verifyEmployeeNameAfterLoggedIn(CommonTestMethods.java:72)
at in.biencaps.erp.utilities.CommonTestMethods.verifyloggedInEmployeeNameNotificationMessageAndRequestForAllHigherAuthority(CommonTestMethods.java:220)
at in.biencaps.erp.testCases.SelfTaskSubmittedFunctionality.verifyNotificationMessageAndRequestOfEmployeeAtAllHigherAuthority(SelfTaskSubmittedFunctionality.java:104)
at java.base/java.util.ArrayList.forEach(ArrayList.java:1511)
... Removed 27 stack frames]]>
    </failure>
  </testcase> <!-- verifyNotificationMessageAndRequestOfEmployeeAtAllHigherAuthority -->
  <testcase classname="in.biencaps.erp.testCases.SelfTaskSubmittedFunctionality" name="verifyIsRequestActionAndTaskTitlePresentInRequestCardList" time="7.282">
    <failure type="org.openqa.selenium.TimeoutException" message="Expected condition failed: waiting for visibility of all elements located by By.xpath: //div[@class=&amp;apos;request-main-container&amp;apos;]//p (tried for 7 second(s) with 500 milliseconds interval)
Build info: version: &amp;apos;4.20.0&amp;apos;, revision: &amp;apos;866c76ca80&amp;apos;
System info: os.name: &amp;apos;Windows 10&amp;apos;, os.arch: &amp;apos;amd64&amp;apos;, os.version: &amp;apos;10.0&amp;apos;, java.version: &amp;apos;17.0.8&amp;apos;
Driver info: org.openqa.selenium.chrome.ChromeDriver
Capabilities {acceptInsecureCerts: false, browserName: chrome, browserVersion: 124.0.6367.158, chrome: {chromedriverVersion: 124.0.6367.207 (a9001a6e39f..., userDataDir: C:\Users\Lenovo\AppData\Loc...}, fedcm:accounts: true, goog:chromeOptions: {debuggerAddress: localhost:49305}, networkConnectionEnabled: false, pageLoadStrategy: normal, platformName: windows, proxy: Proxy(), se:cdp: ws://localhost:49305/devtoo..., se:cdpVersion: 124.0.6367.158, setWindowRect: true, strictFileInteractability: false, timeouts: {implicit: 0, pageLoad: 300000, script: 30000}, unhandledPromptBehavior: dismiss and notify, webauthn:extension:credBlob: true, webauthn:extension:largeBlob: true, webauthn:extension:minPinLength: true, webauthn:extension:prf: true, webauthn:virtualAuthenticators: true}
Session ID: 88d07de36c39b0773d2ca5ed910b221e">
      <![CDATA[org.openqa.selenium.TimeoutException: Expected condition failed: waiting for visibility of all elements located by By.xpath: //div[@class='request-main-container']//p (tried for 7 second(s) with 500 milliseconds interval)
Build info: version: '4.20.0', revision: '866c76ca80'
System info: os.name: 'Windows 10', os.arch: 'amd64', os.version: '10.0', java.version: '17.0.8'
Driver info: org.openqa.selenium.chrome.ChromeDriver
Capabilities {acceptInsecureCerts: false, browserName: chrome, browserVersion: 124.0.6367.158, chrome: {chromedriverVersion: 124.0.6367.207 (a9001a6e39f..., userDataDir: C:\Users\Lenovo\AppData\Loc...}, fedcm:accounts: true, goog:chromeOptions: {debuggerAddress: localhost:49305}, networkConnectionEnabled: false, pageLoadStrategy: normal, platformName: windows, proxy: Proxy(), se:cdp: ws://localhost:49305/devtoo..., se:cdpVersion: 124.0.6367.158, setWindowRect: true, strictFileInteractability: false, timeouts: {implicit: 0, pageLoad: 300000, script: 30000}, unhandledPromptBehavior: dismiss and notify, webauthn:extension:credBlob: true, webauthn:extension:largeBlob: true, webauthn:extension:minPinLength: true, webauthn:extension:prf: true, webauthn:virtualAuthenticators: true}
Session ID: 88d07de36c39b0773d2ca5ed910b221e
at org.openqa.selenium.support.ui.WebDriverWait.timeoutException(WebDriverWait.java:84)
at org.openqa.selenium.support.ui.FluentWait.until(FluentWait.java:228)
at in.biencaps.erp.utilities.WebElementActions.getTextMethod(WebElementActions.java:191)
at in.biencaps.erp.pages.RequestPage.checkRequestActionReceivedRequestCard(RequestPage.java:50)
at in.biencaps.erp.testCases.SelfTaskSubmittedFunctionality.verifyIsRequestActionAndTaskTitlePresentInRequestCardList(SelfTaskSubmittedFunctionality.java:120)
at java.base/java.util.ArrayList.forEach(ArrayList.java:1511)
... Removed 27 stack frames]]>
    </failure>
  </testcase> <!-- verifyIsRequestActionAndTaskTitlePresentInRequestCardList -->
  <testcase classname="in.biencaps.erp.testCases.SelfTaskSubmittedFunctionality" name="verifyLogoutAsHigherAuthorityLoginAsEmployeeAndCheckEmployeeName" time="5.973">
    <failure type="org.openqa.selenium.StaleElementReferenceException" message="stale element reference: stale element not found in the current frame
  (Session info: chrome=124.0.6367.158)
For documentation on this error, please visit: https://www.selenium.dev/documentation/webdriver/troubleshooting/errors#stale-element-reference-exception
Build info: version: &amp;apos;4.20.0&amp;apos;, revision: &amp;apos;866c76ca80&amp;apos;
System info: os.name: &amp;apos;Windows 10&amp;apos;, os.arch: &amp;apos;amd64&amp;apos;, os.version: &amp;apos;10.0&amp;apos;, java.version: &amp;apos;17.0.8&amp;apos;
Driver info: org.openqa.selenium.chrome.ChromeDriver
Command: [88d07de36c39b0773d2ca5ed910b221e, clickElement {id=f.0B22A10A54F1DA670606926EB92A911B.d.E2B8E1A2D9A1C30BBA97F152122167B3.e.2323}]
Capabilities {acceptInsecureCerts: false, browserName: chrome, browserVersion: 124.0.6367.158, chrome: {chromedriverVersion: 124.0.6367.207 (a9001a6e39f..., userDataDir: C:\Users\Lenovo\AppData\Loc...}, fedcm:accounts: true, goog:chromeOptions: {debuggerAddress: localhost:49305}, networkConnectionEnabled: false, pageLoadStrategy: normal, platformName: windows, proxy: Proxy(), se:cdp: ws://localhost:49305/devtoo..., se:cdpVersion: 124.0.6367.158, setWindowRect: true, strictFileInteractability: false, timeouts: {implicit: 0, pageLoad: 300000, script: 30000}, unhandledPromptBehavior: dismiss and notify, webauthn:extension:credBlob: true, webauthn:extension:largeBlob: true, webauthn:extension:minPinLength: true, webauthn:extension:prf: true, webauthn:virtualAuthenticators: true}
Element: [[ChromeDriver: chrome on windows (88d07de36c39b0773d2ca5ed910b221e)] -&amp;gt; xpath: (//*[name()=&amp;apos;svg&amp;apos;][@aria-hidden=&amp;apos;true&amp;apos;])[1]]
Session ID: 88d07de36c39b0773d2ca5ed910b221e">
      <![CDATA[org.openqa.selenium.StaleElementReferenceException: stale element reference: stale element not found in the current frame
  (Session info: chrome=124.0.6367.158)
For documentation on this error, please visit: https://www.selenium.dev/documentation/webdriver/troubleshooting/errors#stale-element-reference-exception
Build info: version: '4.20.0', revision: '866c76ca80'
System info: os.name: 'Windows 10', os.arch: 'amd64', os.version: '10.0', java.version: '17.0.8'
Driver info: org.openqa.selenium.chrome.ChromeDriver
Command: [88d07de36c39b0773d2ca5ed910b221e, clickElement {id=f.0B22A10A54F1DA670606926EB92A911B.d.E2B8E1A2D9A1C30BBA97F152122167B3.e.2323}]
Capabilities {acceptInsecureCerts: false, browserName: chrome, browserVersion: 124.0.6367.158, chrome: {chromedriverVersion: 124.0.6367.207 (a9001a6e39f..., userDataDir: C:\Users\Lenovo\AppData\Loc...}, fedcm:accounts: true, goog:chromeOptions: {debuggerAddress: localhost:49305}, networkConnectionEnabled: false, pageLoadStrategy: normal, platformName: windows, proxy: Proxy(), se:cdp: ws://localhost:49305/devtoo..., se:cdpVersion: 124.0.6367.158, setWindowRect: true, strictFileInteractability: false, timeouts: {implicit: 0, pageLoad: 300000, script: 30000}, unhandledPromptBehavior: dismiss and notify, webauthn:extension:credBlob: true, webauthn:extension:largeBlob: true, webauthn:extension:minPinLength: true, webauthn:extension:prf: true, webauthn:virtualAuthenticators: true}
Element: [[ChromeDriver: chrome on windows (88d07de36c39b0773d2ca5ed910b221e)] -> xpath: (//*[name()='svg'][@aria-hidden='true'])[1]]
Session ID: 88d07de36c39b0773d2ca5ed910b221e
at org.openqa.selenium.remote.ErrorCodec.decode(ErrorCodec.java:167)
at org.openqa.selenium.remote.codec.w3c.W3CHttpResponseCodec.decode(W3CHttpResponseCodec.java:138)
at org.openqa.selenium.remote.codec.w3c.W3CHttpResponseCodec.decode(W3CHttpResponseCodec.java:50)
at org.openqa.selenium.remote.HttpCommandExecutor.execute(HttpCommandExecutor.java:190)
at org.openqa.selenium.remote.service.DriverCommandExecutor.invokeExecute(DriverCommandExecutor.java:216)
at org.openqa.selenium.remote.service.DriverCommandExecutor.execute(DriverCommandExecutor.java:174)
at org.openqa.selenium.remote.RemoteWebDriver.execute(RemoteWebDriver.java:518)
at org.openqa.selenium.remote.RemoteWebElement.execute(RemoteWebElement.java:223)
at org.openqa.selenium.remote.RemoteWebElement.click(RemoteWebElement.java:76)
at in.biencaps.erp.utilities.WebElementActions.clickOnMethod(WebElementActions.java:119)
at in.biencaps.erp.pages.MyTasksPage.clickOnCloseIconOfToastMessage(MyTasksPage.java:167)
at in.biencaps.erp.utilities.CommonTestMethods.verifyLoginEmployeeByGivingValidUserIdAndValidPassword(CommonTestMethods.java:64)
at in.biencaps.erp.testCases.SelfTaskSubmittedFunctionality.verifyLogoutAsHigherAuthorityLoginAsEmployeeAndCheckEmployeeName(SelfTaskSubmittedFunctionality.java:136)
at java.base/java.util.ArrayList.forEach(ArrayList.java:1511)
... Removed 32 stack frames]]>
    </failure>
  </testcase> <!-- verifyLogoutAsHigherAuthorityLoginAsEmployeeAndCheckEmployeeName -->
  <testcase classname="in.biencaps.erp.testCases.SelfTaskSubmittedFunctionality" name="verifyNotificationMessageOfTaskSubmitRequestRejectedByHigherAuthority" time="1.181">
    <failure type="java.lang.AssertionError" message="expected [&amp;quot;null&amp;quot; rejected your request for &amp;quot;null&amp;quot;] but found [&amp;quot;Sachin Patil&amp;quot; assigned you a task &amp;quot;ds&amp;quot;]">
      <![CDATA[java.lang.AssertionError: expected ["null" rejected your request for "null"] but found ["Sachin Patil" assigned you a task "ds"]
at in.biencaps.erp.utilities.CommonTestMethods.verifyNotificationMessage(CommonTestMethods.java:243)
at in.biencaps.erp.testCases.SelfTaskSubmittedFunctionality.verifyNotificationMessageOfTaskSubmitRequestRejectedByHigherAuthority(SelfTaskSubmittedFunctionality.java:147)
at java.base/java.util.ArrayList.forEach(ArrayList.java:1511)
... Removed 33 stack frames]]>
    </failure>
  </testcase> <!-- verifyNotificationMessageOfTaskSubmitRequestRejectedByHigherAuthority -->
  <testcase classname="in.biencaps.erp.testCases.SelfTaskSubmittedFunctionality" name="verifyTaskStatusInDayViewAfterTaskSubmittedRequestRejectedByHigherAuthority" time="1.138">
    <failure type="org.openqa.selenium.ElementClickInterceptedException" message="element click intercepted: Element &amp;lt;button class=&amp;quot;dayView-btn monthView-btn-view&amp;quot; style=&amp;quot;background: none;&amp;quot;&amp;gt;...&amp;lt;/button&amp;gt; is not clickable at point (1437, 118). Other element would receive the click: &amp;lt;h1 class=&amp;quot;notification_heading&amp;quot;&amp;gt;...&amp;lt;/h1&amp;gt;
  (Session info: chrome=124.0.6367.158)
Build info: version: &amp;apos;4.20.0&amp;apos;, revision: &amp;apos;866c76ca80&amp;apos;
System info: os.name: &amp;apos;Windows 10&amp;apos;, os.arch: &amp;apos;amd64&amp;apos;, os.version: &amp;apos;10.0&amp;apos;, java.version: &amp;apos;17.0.8&amp;apos;
Driver info: org.openqa.selenium.chrome.ChromeDriver
Command: [88d07de36c39b0773d2ca5ed910b221e, clickElement {id=f.0B22A10A54F1DA670606926EB92A911B.d.E2B8E1A2D9A1C30BBA97F152122167B3.e.2332}]
Capabilities {acceptInsecureCerts: false, browserName: chrome, browserVersion: 124.0.6367.158, chrome: {chromedriverVersion: 124.0.6367.207 (a9001a6e39f..., userDataDir: C:\Users\Lenovo\AppData\Loc...}, fedcm:accounts: true, goog:chromeOptions: {debuggerAddress: localhost:49305}, networkConnectionEnabled: false, pageLoadStrategy: normal, platformName: windows, proxy: Proxy(), se:cdp: ws://localhost:49305/devtoo..., se:cdpVersion: 124.0.6367.158, setWindowRect: true, strictFileInteractability: false, timeouts: {implicit: 0, pageLoad: 300000, script: 30000}, unhandledPromptBehavior: dismiss and notify, webauthn:extension:credBlob: true, webauthn:extension:largeBlob: true, webauthn:extension:minPinLength: true, webauthn:extension:prf: true, webauthn:virtualAuthenticators: true}
Element: [[ChromeDriver: chrome on windows (88d07de36c39b0773d2ca5ed910b221e)] -&amp;gt; xpath: //button[normalize-space()=&amp;apos;Day&amp;apos;]]
Session ID: 88d07de36c39b0773d2ca5ed910b221e">
      <![CDATA[org.openqa.selenium.ElementClickInterceptedException: element click intercepted: Element <button class="dayView-btn monthView-btn-view" style="background: none;">...</button> is not clickable at point (1437, 118). Other element would receive the click: <h1 class="notification_heading">...</h1>
  (Session info: chrome=124.0.6367.158)
Build info: version: '4.20.0', revision: '866c76ca80'
System info: os.name: 'Windows 10', os.arch: 'amd64', os.version: '10.0', java.version: '17.0.8'
Driver info: org.openqa.selenium.chrome.ChromeDriver
Command: [88d07de36c39b0773d2ca5ed910b221e, clickElement {id=f.0B22A10A54F1DA670606926EB92A911B.d.E2B8E1A2D9A1C30BBA97F152122167B3.e.2332}]
Capabilities {acceptInsecureCerts: false, browserName: chrome, browserVersion: 124.0.6367.158, chrome: {chromedriverVersion: 124.0.6367.207 (a9001a6e39f..., userDataDir: C:\Users\Lenovo\AppData\Loc...}, fedcm:accounts: true, goog:chromeOptions: {debuggerAddress: localhost:49305}, networkConnectionEnabled: false, pageLoadStrategy: normal, platformName: windows, proxy: Proxy(), se:cdp: ws://localhost:49305/devtoo..., se:cdpVersion: 124.0.6367.158, setWindowRect: true, strictFileInteractability: false, timeouts: {implicit: 0, pageLoad: 300000, script: 30000}, unhandledPromptBehavior: dismiss and notify, webauthn:extension:credBlob: true, webauthn:extension:largeBlob: true, webauthn:extension:minPinLength: true, webauthn:extension:prf: true, webauthn:virtualAuthenticators: true}
Element: [[ChromeDriver: chrome on windows (88d07de36c39b0773d2ca5ed910b221e)] -> xpath: //button[normalize-space()='Day']]
Session ID: 88d07de36c39b0773d2ca5ed910b221e
at org.openqa.selenium.remote.ErrorCodec.decode(ErrorCodec.java:167)
at org.openqa.selenium.remote.codec.w3c.W3CHttpResponseCodec.decode(W3CHttpResponseCodec.java:138)
at org.openqa.selenium.remote.codec.w3c.W3CHttpResponseCodec.decode(W3CHttpResponseCodec.java:50)
at org.openqa.selenium.remote.HttpCommandExecutor.execute(HttpCommandExecutor.java:190)
at org.openqa.selenium.remote.service.DriverCommandExecutor.invokeExecute(DriverCommandExecutor.java:216)
at org.openqa.selenium.remote.service.DriverCommandExecutor.execute(DriverCommandExecutor.java:174)
at org.openqa.selenium.remote.RemoteWebDriver.execute(RemoteWebDriver.java:518)
at org.openqa.selenium.remote.RemoteWebElement.execute(RemoteWebElement.java:223)
at org.openqa.selenium.remote.RemoteWebElement.click(RemoteWebElement.java:76)
at in.biencaps.erp.utilities.WebElementActions.clickOnMethod(WebElementActions.java:119)
at in.biencaps.erp.pages.MyTasksPage.clickOnDayButton(MyTasksPage.java:335)
at in.biencaps.erp.testCases.SelfTaskSubmittedFunctionality.verifyTaskStatusInDayViewAfterTaskSubmittedRequestRejectedByHigherAuthority(SelfTaskSubmittedFunctionality.java:155)
at java.base/java.util.ArrayList.forEach(ArrayList.java:1511)
... Removed 32 stack frames]]>
    </failure>
  </testcase> <!-- verifyTaskStatusInDayViewAfterTaskSubmittedRequestRejectedByHigherAuthority -->
  <testcase classname="in.biencaps.erp.testCases.SelfTaskSubmittedFunctionality" name="verifyLogMessageAfterSubmitTaskRequestRejected" time="7.268">
    <failure type="org.openqa.selenium.TimeoutException" message="Expected condition failed: waiting for visibility of element located by By.cssSelector: .getLogs (tried for 7 second(s) with 500 milliseconds interval)
Build info: version: &amp;apos;4.20.0&amp;apos;, revision: &amp;apos;866c76ca80&amp;apos;
System info: os.name: &amp;apos;Windows 10&amp;apos;, os.arch: &amp;apos;amd64&amp;apos;, os.version: &amp;apos;10.0&amp;apos;, java.version: &amp;apos;17.0.8&amp;apos;
Driver info: org.openqa.selenium.chrome.ChromeDriver
Capabilities {acceptInsecureCerts: false, browserName: chrome, browserVersion: 124.0.6367.158, chrome: {chromedriverVersion: 124.0.6367.207 (a9001a6e39f..., userDataDir: C:\Users\Lenovo\AppData\Loc...}, fedcm:accounts: true, goog:chromeOptions: {debuggerAddress: localhost:49305}, networkConnectionEnabled: false, pageLoadStrategy: normal, platformName: windows, proxy: Proxy(), se:cdp: ws://localhost:49305/devtoo..., se:cdpVersion: 124.0.6367.158, setWindowRect: true, strictFileInteractability: false, timeouts: {implicit: 0, pageLoad: 300000, script: 30000}, unhandledPromptBehavior: dismiss and notify, webauthn:extension:credBlob: true, webauthn:extension:largeBlob: true, webauthn:extension:minPinLength: true, webauthn:extension:prf: true, webauthn:virtualAuthenticators: true}
Session ID: 88d07de36c39b0773d2ca5ed910b221e">
      <![CDATA[org.openqa.selenium.TimeoutException: Expected condition failed: waiting for visibility of element located by By.cssSelector: .getLogs (tried for 7 second(s) with 500 milliseconds interval)
Build info: version: '4.20.0', revision: '866c76ca80'
System info: os.name: 'Windows 10', os.arch: 'amd64', os.version: '10.0', java.version: '17.0.8'
Driver info: org.openqa.selenium.chrome.ChromeDriver
Capabilities {acceptInsecureCerts: false, browserName: chrome, browserVersion: 124.0.6367.158, chrome: {chromedriverVersion: 124.0.6367.207 (a9001a6e39f..., userDataDir: C:\Users\Lenovo\AppData\Loc...}, fedcm:accounts: true, goog:chromeOptions: {debuggerAddress: localhost:49305}, networkConnectionEnabled: false, pageLoadStrategy: normal, platformName: windows, proxy: Proxy(), se:cdp: ws://localhost:49305/devtoo..., se:cdpVersion: 124.0.6367.158, setWindowRect: true, strictFileInteractability: false, timeouts: {implicit: 0, pageLoad: 300000, script: 30000}, unhandledPromptBehavior: dismiss and notify, webauthn:extension:credBlob: true, webauthn:extension:largeBlob: true, webauthn:extension:minPinLength: true, webauthn:extension:prf: true, webauthn:virtualAuthenticators: true}
Session ID: 88d07de36c39b0773d2ca5ed910b221e
at org.openqa.selenium.support.ui.WebDriverWait.timeoutException(WebDriverWait.java:84)
at org.openqa.selenium.support.ui.FluentWait.until(FluentWait.java:228)
at in.biencaps.erp.utilities.WebElementActions.clickOnMethod(WebElementActions.java:118)
at in.biencaps.erp.pages.MyTasksPage.clickOnGetMyActivitiesButtonInDayView(MyTasksPage.java:633)
at in.biencaps.erp.testCases.MyActivitiesFunctionality.verifyLogMessage(MyActivitiesFunctionality.java:25)
at in.biencaps.erp.testCases.SelfTaskSubmittedFunctionality.verifyLogMessageAfterSubmitTaskRequestRejected(SelfTaskSubmittedFunctionality.java:181)
at java.base/java.util.ArrayList.forEach(ArrayList.java:1511)
... Removed 27 stack frames]]>
    </failure>
  </testcase> <!-- verifyLogMessageAfterSubmitTaskRequestRejected -->
  <testcase classname="in.biencaps.erp.testCases.SelfTaskSubmittedFunctionality" name="verifyTaskRequestInMyRequestSectionAfterRejectedSubmitTaskRequest" time="1.085">
    <failure type="org.openqa.selenium.ElementClickInterceptedException" message="element click intercepted: Element &amp;lt;p&amp;gt;...&amp;lt;/p&amp;gt; is not clickable at point (85, 261). Other element would receive the click: &amp;lt;div class=&amp;quot;Notification_Float&amp;quot;&amp;gt;...&amp;lt;/div&amp;gt;
  (Session info: chrome=124.0.6367.158)
Build info: version: &amp;apos;4.20.0&amp;apos;, revision: &amp;apos;866c76ca80&amp;apos;
System info: os.name: &amp;apos;Windows 10&amp;apos;, os.arch: &amp;apos;amd64&amp;apos;, os.version: &amp;apos;10.0&amp;apos;, java.version: &amp;apos;17.0.8&amp;apos;
Driver info: org.openqa.selenium.chrome.ChromeDriver
Command: [88d07de36c39b0773d2ca5ed910b221e, clickElement {id=f.0B22A10A54F1DA670606926EB92A911B.d.E2B8E1A2D9A1C30BBA97F152122167B3.e.2333}]
Capabilities {acceptInsecureCerts: false, browserName: chrome, browserVersion: 124.0.6367.158, chrome: {chromedriverVersion: 124.0.6367.207 (a9001a6e39f..., userDataDir: C:\Users\Lenovo\AppData\Loc...}, fedcm:accounts: true, goog:chromeOptions: {debuggerAddress: localhost:49305}, networkConnectionEnabled: false, pageLoadStrategy: normal, platformName: windows, proxy: Proxy(), se:cdp: ws://localhost:49305/devtoo..., se:cdpVersion: 124.0.6367.158, setWindowRect: true, strictFileInteractability: false, timeouts: {implicit: 0, pageLoad: 300000, script: 30000}, unhandledPromptBehavior: dismiss and notify, webauthn:extension:credBlob: true, webauthn:extension:largeBlob: true, webauthn:extension:minPinLength: true, webauthn:extension:prf: true, webauthn:virtualAuthenticators: true}
Element: [[ChromeDriver: chrome on windows (88d07de36c39b0773d2ca5ed910b221e)] -&amp;gt; xpath: //div[@class=&amp;apos;requestsNotify&amp;apos;]//p]
Session ID: 88d07de36c39b0773d2ca5ed910b221e">
      <![CDATA[org.openqa.selenium.ElementClickInterceptedException: element click intercepted: Element <p>...</p> is not clickable at point (85, 261). Other element would receive the click: <div class="Notification_Float">...</div>
  (Session info: chrome=124.0.6367.158)
Build info: version: '4.20.0', revision: '866c76ca80'
System info: os.name: 'Windows 10', os.arch: 'amd64', os.version: '10.0', java.version: '17.0.8'
Driver info: org.openqa.selenium.chrome.ChromeDriver
Command: [88d07de36c39b0773d2ca5ed910b221e, clickElement {id=f.0B22A10A54F1DA670606926EB92A911B.d.E2B8E1A2D9A1C30BBA97F152122167B3.e.2333}]
Capabilities {acceptInsecureCerts: false, browserName: chrome, browserVersion: 124.0.6367.158, chrome: {chromedriverVersion: 124.0.6367.207 (a9001a6e39f..., userDataDir: C:\Users\Lenovo\AppData\Loc...}, fedcm:accounts: true, goog:chromeOptions: {debuggerAddress: localhost:49305}, networkConnectionEnabled: false, pageLoadStrategy: normal, platformName: windows, proxy: Proxy(), se:cdp: ws://localhost:49305/devtoo..., se:cdpVersion: 124.0.6367.158, setWindowRect: true, strictFileInteractability: false, timeouts: {implicit: 0, pageLoad: 300000, script: 30000}, unhandledPromptBehavior: dismiss and notify, webauthn:extension:credBlob: true, webauthn:extension:largeBlob: true, webauthn:extension:minPinLength: true, webauthn:extension:prf: true, webauthn:virtualAuthenticators: true}
Element: [[ChromeDriver: chrome on windows (88d07de36c39b0773d2ca5ed910b221e)] -> xpath: //div[@class='requestsNotify']//p]
Session ID: 88d07de36c39b0773d2ca5ed910b221e
at org.openqa.selenium.remote.ErrorCodec.decode(ErrorCodec.java:167)
at org.openqa.selenium.remote.codec.w3c.W3CHttpResponseCodec.decode(W3CHttpResponseCodec.java:138)
at org.openqa.selenium.remote.codec.w3c.W3CHttpResponseCodec.decode(W3CHttpResponseCodec.java:50)
at org.openqa.selenium.remote.HttpCommandExecutor.execute(HttpCommandExecutor.java:190)
at org.openqa.selenium.remote.service.DriverCommandExecutor.invokeExecute(DriverCommandExecutor.java:216)
at org.openqa.selenium.remote.service.DriverCommandExecutor.execute(DriverCommandExecutor.java:174)
at org.openqa.selenium.remote.RemoteWebDriver.execute(RemoteWebDriver.java:518)
at org.openqa.selenium.remote.RemoteWebElement.execute(RemoteWebElement.java:223)
at org.openqa.selenium.remote.RemoteWebElement.click(RemoteWebElement.java:76)
at in.biencaps.erp.utilities.WebElementActions.clickOnMethod(WebElementActions.java:119)
at in.biencaps.erp.pages.DashboardPage.clickOnRequestSectionLink(DashboardPage.java:52)
at in.biencaps.erp.testCases.RequestFunctionality.verifyTaskRequestInMyRequestSectionByFilteringRequestCategory(RequestFunctionality.java:121)
at in.biencaps.erp.testCases.SelfTaskSubmittedFunctionality.verifyTaskRequestInMyRequestSectionAfterRejectedSubmitTaskRequest(SelfTaskSubmittedFunctionality.java:188)
at java.base/java.util.ArrayList.forEach(ArrayList.java:1511)
... Removed 32 stack frames]]>
    </failure>
  </testcase> <!-- verifyTaskRequestInMyRequestSectionAfterRejectedSubmitTaskRequest -->
  <testcase classname="in.biencaps.erp.testCases.SelfTaskSubmittedFunctionality" name="verifyApprovedRequestForTaskSubmitOfEmployeeFromHigherAuthoritySide" time="1.11">
    <failure type="org.openqa.selenium.ElementClickInterceptedException" message="element click intercepted: Element &amp;lt;button class=&amp;quot;dayView-btn monthView-btn-view&amp;quot; style=&amp;quot;background: none;&amp;quot;&amp;gt;...&amp;lt;/button&amp;gt; is not clickable at point (1437, 118). Other element would receive the click: &amp;lt;h1 class=&amp;quot;notification_heading&amp;quot;&amp;gt;...&amp;lt;/h1&amp;gt;
  (Session info: chrome=124.0.6367.158)
Build info: version: &amp;apos;4.20.0&amp;apos;, revision: &amp;apos;866c76ca80&amp;apos;
System info: os.name: &amp;apos;Windows 10&amp;apos;, os.arch: &amp;apos;amd64&amp;apos;, os.version: &amp;apos;10.0&amp;apos;, java.version: &amp;apos;17.0.8&amp;apos;
Driver info: org.openqa.selenium.chrome.ChromeDriver
Command: [88d07de36c39b0773d2ca5ed910b221e, clickElement {id=f.0B22A10A54F1DA670606926EB92A911B.d.E2B8E1A2D9A1C30BBA97F152122167B3.e.2332}]
Capabilities {acceptInsecureCerts: false, browserName: chrome, browserVersion: 124.0.6367.158, chrome: {chromedriverVersion: 124.0.6367.207 (a9001a6e39f..., userDataDir: C:\Users\Lenovo\AppData\Loc...}, fedcm:accounts: true, goog:chromeOptions: {debuggerAddress: localhost:49305}, networkConnectionEnabled: false, pageLoadStrategy: normal, platformName: windows, proxy: Proxy(), se:cdp: ws://localhost:49305/devtoo..., se:cdpVersion: 124.0.6367.158, setWindowRect: true, strictFileInteractability: false, timeouts: {implicit: 0, pageLoad: 300000, script: 30000}, unhandledPromptBehavior: dismiss and notify, webauthn:extension:credBlob: true, webauthn:extension:largeBlob: true, webauthn:extension:minPinLength: true, webauthn:extension:prf: true, webauthn:virtualAuthenticators: true}
Element: [[ChromeDriver: chrome on windows (88d07de36c39b0773d2ca5ed910b221e)] -&amp;gt; xpath: //button[normalize-space()=&amp;apos;Day&amp;apos;]]
Session ID: 88d07de36c39b0773d2ca5ed910b221e">
      <![CDATA[org.openqa.selenium.ElementClickInterceptedException: element click intercepted: Element <button class="dayView-btn monthView-btn-view" style="background: none;">...</button> is not clickable at point (1437, 118). Other element would receive the click: <h1 class="notification_heading">...</h1>
  (Session info: chrome=124.0.6367.158)
Build info: version: '4.20.0', revision: '866c76ca80'
System info: os.name: 'Windows 10', os.arch: 'amd64', os.version: '10.0', java.version: '17.0.8'
Driver info: org.openqa.selenium.chrome.ChromeDriver
Command: [88d07de36c39b0773d2ca5ed910b221e, clickElement {id=f.0B22A10A54F1DA670606926EB92A911B.d.E2B8E1A2D9A1C30BBA97F152122167B3.e.2332}]
Capabilities {acceptInsecureCerts: false, browserName: chrome, browserVersion: 124.0.6367.158, chrome: {chromedriverVersion: 124.0.6367.207 (a9001a6e39f..., userDataDir: C:\Users\Lenovo\AppData\Loc...}, fedcm:accounts: true, goog:chromeOptions: {debuggerAddress: localhost:49305}, networkConnectionEnabled: false, pageLoadStrategy: normal, platformName: windows, proxy: Proxy(), se:cdp: ws://localhost:49305/devtoo..., se:cdpVersion: 124.0.6367.158, setWindowRect: true, strictFileInteractability: false, timeouts: {implicit: 0, pageLoad: 300000, script: 30000}, unhandledPromptBehavior: dismiss and notify, webauthn:extension:credBlob: true, webauthn:extension:largeBlob: true, webauthn:extension:minPinLength: true, webauthn:extension:prf: true, webauthn:virtualAuthenticators: true}
Element: [[ChromeDriver: chrome on windows (88d07de36c39b0773d2ca5ed910b221e)] -> xpath: //button[normalize-space()='Day']]
Session ID: 88d07de36c39b0773d2ca5ed910b221e
at org.openqa.selenium.remote.ErrorCodec.decode(ErrorCodec.java:167)
at org.openqa.selenium.remote.codec.w3c.W3CHttpResponseCodec.decode(W3CHttpResponseCodec.java:138)
at org.openqa.selenium.remote.codec.w3c.W3CHttpResponseCodec.decode(W3CHttpResponseCodec.java:50)
at org.openqa.selenium.remote.HttpCommandExecutor.execute(HttpCommandExecutor.java:190)
at org.openqa.selenium.remote.service.DriverCommandExecutor.invokeExecute(DriverCommandExecutor.java:216)
at org.openqa.selenium.remote.service.DriverCommandExecutor.execute(DriverCommandExecutor.java:174)
at org.openqa.selenium.remote.RemoteWebDriver.execute(RemoteWebDriver.java:518)
at org.openqa.selenium.remote.RemoteWebElement.execute(RemoteWebElement.java:223)
at org.openqa.selenium.remote.RemoteWebElement.click(RemoteWebElement.java:76)
at in.biencaps.erp.utilities.WebElementActions.clickOnMethod(WebElementActions.java:119)
at in.biencaps.erp.pages.MyTasksPage.clickOnDayButton(MyTasksPage.java:335)
at in.biencaps.erp.testCases.SelfTaskSubmittedFunctionality.verifySelfTaskSubmittedInDayView(SelfTaskSubmittedFunctionality.java:43)
at in.biencaps.erp.testCases.SelfTaskSubmittedFunctionality.verifyApprovedRequestForTaskSubmitOfEmployeeFromHigherAuthoritySide(SelfTaskSubmittedFunctionality.java:195)
at java.base/java.util.ArrayList.forEach(ArrayList.java:1511)
... Removed 32 stack frames]]>
    </failure>
  </testcase> <!-- verifyApprovedRequestForTaskSubmitOfEmployeeFromHigherAuthoritySide -->
  <testcase classname="in.biencaps.erp.testCases.SelfTaskSubmittedFunctionality" name="verifyNotificationMessageOfTaskSubmitRequestApprovedByHigherAuthority" time="1.112">
    <failure type="org.openqa.selenium.ElementClickInterceptedException" message="element click intercepted: Element &amp;lt;path fill-rule=&amp;quot;evenodd&amp;quot; clip-rule=&amp;quot;evenodd&amp;quot; d=&amp;quot;M6.10305 0.0128568L6.08027 0.000677966C5.99553 0.000677966 5.91098 0.000677967 5.82725 0C5.50742 0.125153 5.38125 0.362911 5.41313 0.69835C5.41818 0.751721 5.4168 0.805763 5.41543 0.859865C5.41422 0.907526 5.413 0.955249 5.41618 1.00258C5.42228 1.09552 5.39515 1.13147 5.29543 1.14809C3.54023 1.44045 2.20187 2.9908 2.16863 4.77177C2.16199 5.12331 2.16308 5.47485 2.16418 5.82639C2.16471 5.99514 2.16523 6.16388 2.1649 6.33263C2.16388 6.93432 2.03805 7.5065 1.76129 8.04306C1.54355 8.46499 1.25254 8.82892 0.895392 9.14231C0.486015 9.50081 0.420555 10.056 0.735304 10.4603C0.946607 10.732 1.23219 10.8358 1.56932 10.8354C3.84334 10.8341 6.11737 10.8342 8.39139 10.8344L10.3382 10.8344L10.3527 10.8344C10.3817 10.8345 10.4106 10.8345 10.4396 10.8331C11.0145 10.8022 11.411 10.3528 11.3615 9.78232C11.3364 9.49471 11.176 9.28544 10.967 9.09788C10.2426 8.44735 9.82436 7.63538 9.76399 6.6623C9.74285 6.32142 9.74376 5.97907 9.74467 5.63665C9.74528 5.40772 9.74589 5.17875 9.73991 4.95018C9.73279 4.67681 9.72092 4.39835 9.66529 4.13176C9.33935 2.56615 8.16413 1.43129 6.58733 1.1447C6.51136 1.13079 6.49033 1.1006 6.49169 1.0287C6.49508 0.859794 6.4961 0.690209 6.49033 0.521303C6.48253 0.296773 6.36789 0.140754 6.16676 0.045787C6.14529 0.035552 6.12419 0.0242147 6.10305 0.0128568Z&amp;quot; fill=&amp;quot;#FF8402&amp;quot;&amp;gt;&amp;lt;/path&amp;gt; is not clickable at point (1449, 22). Other element would receive the click: &amp;lt;div class=&amp;quot;Notification_Float&amp;quot;&amp;gt;...&amp;lt;/div&amp;gt;
  (Session info: chrome=124.0.6367.158)
Build info: version: &amp;apos;4.20.0&amp;apos;, revision: &amp;apos;866c76ca80&amp;apos;
System info: os.name: &amp;apos;Windows 10&amp;apos;, os.arch: &amp;apos;amd64&amp;apos;, os.version: &amp;apos;10.0&amp;apos;, java.version: &amp;apos;17.0.8&amp;apos;
Driver info: org.openqa.selenium.chrome.ChromeDriver
Command: [88d07de36c39b0773d2ca5ed910b221e, clickElement {id=f.0B22A10A54F1DA670606926EB92A911B.d.E2B8E1A2D9A1C30BBA97F152122167B3.e.2328}]
Capabilities {acceptInsecureCerts: false, browserName: chrome, browserVersion: 124.0.6367.158, chrome: {chromedriverVersion: 124.0.6367.207 (a9001a6e39f..., userDataDir: C:\Users\Lenovo\AppData\Loc...}, fedcm:accounts: true, goog:chromeOptions: {debuggerAddress: localhost:49305}, networkConnectionEnabled: false, pageLoadStrategy: normal, platformName: windows, proxy: Proxy(), se:cdp: ws://localhost:49305/devtoo..., se:cdpVersion: 124.0.6367.158, setWindowRect: true, strictFileInteractability: false, timeouts: {implicit: 0, pageLoad: 300000, script: 30000}, unhandledPromptBehavior: dismiss and notify, webauthn:extension:credBlob: true, webauthn:extension:largeBlob: true, webauthn:extension:minPinLength: true, webauthn:extension:prf: true, webauthn:virtualAuthenticators: true}
Element: [[ChromeDriver: chrome on windows (88d07de36c39b0773d2ca5ed910b221e)] -&amp;gt; xpath: //div[@class=&amp;apos;notifaction-icon-container&amp;apos;]//*[name()=&amp;apos;svg&amp;apos;]//*[name()=&amp;apos;path&amp;apos;]]
Session ID: 88d07de36c39b0773d2ca5ed910b221e">
      <![CDATA[org.openqa.selenium.ElementClickInterceptedException: element click intercepted: Element <path fill-rule="evenodd" clip-rule="evenodd" d="M6.10305 0.0128568L6.08027 0.000677966C5.99553 0.000677966 5.91098 0.000677967 5.82725 0C5.50742 0.125153 5.38125 0.362911 5.41313 0.69835C5.41818 0.751721 5.4168 0.805763 5.41543 0.859865C5.41422 0.907526 5.413 0.955249 5.41618 1.00258C5.42228 1.09552 5.39515 1.13147 5.29543 1.14809C3.54023 1.44045 2.20187 2.9908 2.16863 4.77177C2.16199 5.12331 2.16308 5.47485 2.16418 5.82639C2.16471 5.99514 2.16523 6.16388 2.1649 6.33263C2.16388 6.93432 2.03805 7.5065 1.76129 8.04306C1.54355 8.46499 1.25254 8.82892 0.895392 9.14231C0.486015 9.50081 0.420555 10.056 0.735304 10.4603C0.946607 10.732 1.23219 10.8358 1.56932 10.8354C3.84334 10.8341 6.11737 10.8342 8.39139 10.8344L10.3382 10.8344L10.3527 10.8344C10.3817 10.8345 10.4106 10.8345 10.4396 10.8331C11.0145 10.8022 11.411 10.3528 11.3615 9.78232C11.3364 9.49471 11.176 9.28544 10.967 9.09788C10.2426 8.44735 9.82436 7.63538 9.76399 6.6623C9.74285 6.32142 9.74376 5.97907 9.74467 5.63665C9.74528 5.40772 9.74589 5.17875 9.73991 4.95018C9.73279 4.67681 9.72092 4.39835 9.66529 4.13176C9.33935 2.56615 8.16413 1.43129 6.58733 1.1447C6.51136 1.13079 6.49033 1.1006 6.49169 1.0287C6.49508 0.859794 6.4961 0.690209 6.49033 0.521303C6.48253 0.296773 6.36789 0.140754 6.16676 0.045787C6.14529 0.035552 6.12419 0.0242147 6.10305 0.0128568Z" fill="#FF8402"></path> is not clickable at point (1449, 22). Other element would receive the click: <div class="Notification_Float">...</div>
  (Session info: chrome=124.0.6367.158)
Build info: version: '4.20.0', revision: '866c76ca80'
System info: os.name: 'Windows 10', os.arch: 'amd64', os.version: '10.0', java.version: '17.0.8'
Driver info: org.openqa.selenium.chrome.ChromeDriver
Command: [88d07de36c39b0773d2ca5ed910b221e, clickElement {id=f.0B22A10A54F1DA670606926EB92A911B.d.E2B8E1A2D9A1C30BBA97F152122167B3.e.2328}]
Capabilities {acceptInsecureCerts: false, browserName: chrome, browserVersion: 124.0.6367.158, chrome: {chromedriverVersion: 124.0.6367.207 (a9001a6e39f..., userDataDir: C:\Users\Lenovo\AppData\Loc...}, fedcm:accounts: true, goog:chromeOptions: {debuggerAddress: localhost:49305}, networkConnectionEnabled: false, pageLoadStrategy: normal, platformName: windows, proxy: Proxy(), se:cdp: ws://localhost:49305/devtoo..., se:cdpVersion: 124.0.6367.158, setWindowRect: true, strictFileInteractability: false, timeouts: {implicit: 0, pageLoad: 300000, script: 30000}, unhandledPromptBehavior: dismiss and notify, webauthn:extension:credBlob: true, webauthn:extension:largeBlob: true, webauthn:extension:minPinLength: true, webauthn:extension:prf: true, webauthn:virtualAuthenticators: true}
Element: [[ChromeDriver: chrome on windows (88d07de36c39b0773d2ca5ed910b221e)] -> xpath: //div[@class='notifaction-icon-container']//*[name()='svg']//*[name()='path']]
Session ID: 88d07de36c39b0773d2ca5ed910b221e
at org.openqa.selenium.remote.ErrorCodec.decode(ErrorCodec.java:167)
at org.openqa.selenium.remote.codec.w3c.W3CHttpResponseCodec.decode(W3CHttpResponseCodec.java:138)
at org.openqa.selenium.remote.codec.w3c.W3CHttpResponseCodec.decode(W3CHttpResponseCodec.java:50)
at org.openqa.selenium.remote.HttpCommandExecutor.execute(HttpCommandExecutor.java:190)
at org.openqa.selenium.remote.service.DriverCommandExecutor.invokeExecute(DriverCommandExecutor.java:216)
at org.openqa.selenium.remote.service.DriverCommandExecutor.execute(DriverCommandExecutor.java:174)
at org.openqa.selenium.remote.RemoteWebDriver.execute(RemoteWebDriver.java:518)
at org.openqa.selenium.remote.RemoteWebElement.execute(RemoteWebElement.java:223)
at org.openqa.selenium.remote.RemoteWebElement.click(RemoteWebElement.java:76)
at in.biencaps.erp.utilities.WebElementActions.clickOnMethod(WebElementActions.java:119)
at in.biencaps.erp.pages.DashboardPage.clickOnNotificationIcon(DashboardPage.java:88)
at in.biencaps.erp.utilities.CommonTestMethods.verifyNotificationMessage(CommonTestMethods.java:235)
at in.biencaps.erp.testCases.SelfTaskSubmittedFunctionality.verifyNotificationMessageOfTaskSubmitRequestApprovedByHigherAuthority(SelfTaskSubmittedFunctionality.java:238)
at java.base/java.util.ArrayList.forEach(ArrayList.java:1511)
... Removed 32 stack frames]]>
    </failure>
  </testcase> <!-- verifyNotificationMessageOfTaskSubmitRequestApprovedByHigherAuthority -->
  <testcase classname="in.biencaps.erp.testCases.SelfTaskSubmittedFunctionality" name="verifyTaskStatusInDayViewAfterTaskSubmittedRequestApprovedByHigherAuthority" time="1.066">
    <failure type="org.openqa.selenium.ElementClickInterceptedException" message="element click intercepted: Element &amp;lt;button class=&amp;quot;dayView-btn monthView-btn-view&amp;quot; style=&amp;quot;background: none;&amp;quot;&amp;gt;...&amp;lt;/button&amp;gt; is not clickable at point (1437, 118). Other element would receive the click: &amp;lt;h1 class=&amp;quot;notification_heading&amp;quot;&amp;gt;...&amp;lt;/h1&amp;gt;
  (Session info: chrome=124.0.6367.158)
Build info: version: &amp;apos;4.20.0&amp;apos;, revision: &amp;apos;866c76ca80&amp;apos;
System info: os.name: &amp;apos;Windows 10&amp;apos;, os.arch: &amp;apos;amd64&amp;apos;, os.version: &amp;apos;10.0&amp;apos;, java.version: &amp;apos;17.0.8&amp;apos;
Driver info: org.openqa.selenium.chrome.ChromeDriver
Command: [88d07de36c39b0773d2ca5ed910b221e, clickElement {id=f.0B22A10A54F1DA670606926EB92A911B.d.E2B8E1A2D9A1C30BBA97F152122167B3.e.2332}]
Capabilities {acceptInsecureCerts: false, browserName: chrome, browserVersion: 124.0.6367.158, chrome: {chromedriverVersion: 124.0.6367.207 (a9001a6e39f..., userDataDir: C:\Users\Lenovo\AppData\Loc...}, fedcm:accounts: true, goog:chromeOptions: {debuggerAddress: localhost:49305}, networkConnectionEnabled: false, pageLoadStrategy: normal, platformName: windows, proxy: Proxy(), se:cdp: ws://localhost:49305/devtoo..., se:cdpVersion: 124.0.6367.158, setWindowRect: true, strictFileInteractability: false, timeouts: {implicit: 0, pageLoad: 300000, script: 30000}, unhandledPromptBehavior: dismiss and notify, webauthn:extension:credBlob: true, webauthn:extension:largeBlob: true, webauthn:extension:minPinLength: true, webauthn:extension:prf: true, webauthn:virtualAuthenticators: true}
Element: [[ChromeDriver: chrome on windows (88d07de36c39b0773d2ca5ed910b221e)] -&amp;gt; xpath: //button[normalize-space()=&amp;apos;Day&amp;apos;]]
Session ID: 88d07de36c39b0773d2ca5ed910b221e">
      <![CDATA[org.openqa.selenium.ElementClickInterceptedException: element click intercepted: Element <button class="dayView-btn monthView-btn-view" style="background: none;">...</button> is not clickable at point (1437, 118). Other element would receive the click: <h1 class="notification_heading">...</h1>
  (Session info: chrome=124.0.6367.158)
Build info: version: '4.20.0', revision: '866c76ca80'
System info: os.name: 'Windows 10', os.arch: 'amd64', os.version: '10.0', java.version: '17.0.8'
Driver info: org.openqa.selenium.chrome.ChromeDriver
Command: [88d07de36c39b0773d2ca5ed910b221e, clickElement {id=f.0B22A10A54F1DA670606926EB92A911B.d.E2B8E1A2D9A1C30BBA97F152122167B3.e.2332}]
Capabilities {acceptInsecureCerts: false, browserName: chrome, browserVersion: 124.0.6367.158, chrome: {chromedriverVersion: 124.0.6367.207 (a9001a6e39f..., userDataDir: C:\Users\Lenovo\AppData\Loc...}, fedcm:accounts: true, goog:chromeOptions: {debuggerAddress: localhost:49305}, networkConnectionEnabled: false, pageLoadStrategy: normal, platformName: windows, proxy: Proxy(), se:cdp: ws://localhost:49305/devtoo..., se:cdpVersion: 124.0.6367.158, setWindowRect: true, strictFileInteractability: false, timeouts: {implicit: 0, pageLoad: 300000, script: 30000}, unhandledPromptBehavior: dismiss and notify, webauthn:extension:credBlob: true, webauthn:extension:largeBlob: true, webauthn:extension:minPinLength: true, webauthn:extension:prf: true, webauthn:virtualAuthenticators: true}
Element: [[ChromeDriver: chrome on windows (88d07de36c39b0773d2ca5ed910b221e)] -> xpath: //button[normalize-space()='Day']]
Session ID: 88d07de36c39b0773d2ca5ed910b221e
at org.openqa.selenium.remote.ErrorCodec.decode(ErrorCodec.java:167)
at org.openqa.selenium.remote.codec.w3c.W3CHttpResponseCodec.decode(W3CHttpResponseCodec.java:138)
at org.openqa.selenium.remote.codec.w3c.W3CHttpResponseCodec.decode(W3CHttpResponseCodec.java:50)
at org.openqa.selenium.remote.HttpCommandExecutor.execute(HttpCommandExecutor.java:190)
at org.openqa.selenium.remote.service.DriverCommandExecutor.invokeExecute(DriverCommandExecutor.java:216)
at org.openqa.selenium.remote.service.DriverCommandExecutor.execute(DriverCommandExecutor.java:174)
at org.openqa.selenium.remote.RemoteWebDriver.execute(RemoteWebDriver.java:518)
at org.openqa.selenium.remote.RemoteWebElement.execute(RemoteWebElement.java:223)
at org.openqa.selenium.remote.RemoteWebElement.click(RemoteWebElement.java:76)
at in.biencaps.erp.utilities.WebElementActions.clickOnMethod(WebElementActions.java:119)
at in.biencaps.erp.pages.MyTasksPage.clickOnDayButton(MyTasksPage.java:335)
at in.biencaps.erp.testCases.SelfTaskSubmittedFunctionality.verifyTaskStatusInDayViewAfterTaskSubmittedRequestApprovedByHigherAuthority(SelfTaskSubmittedFunctionality.java:246)
at java.base/java.util.ArrayList.forEach(ArrayList.java:1511)
... Removed 32 stack frames]]>
    </failure>
  </testcase> <!-- verifyTaskStatusInDayViewAfterTaskSubmittedRequestApprovedByHigherAuthority -->
  <testcase classname="in.biencaps.erp.testCases.SelfTaskSubmittedFunctionality" name="verifyCompletedTasksCountAndPercentageAfterTaskCompletedInDayView" time="7.268">
    <failure type="org.openqa.selenium.TimeoutException" message="Expected condition failed: waiting for visibility of all elements located by By.xpath: //div[contains(text(),&amp;apos;Completed&amp;apos;)] (tried for 7 second(s) with 500 milliseconds interval)
Build info: version: &amp;apos;4.20.0&amp;apos;, revision: &amp;apos;866c76ca80&amp;apos;
System info: os.name: &amp;apos;Windows 10&amp;apos;, os.arch: &amp;apos;amd64&amp;apos;, os.version: &amp;apos;10.0&amp;apos;, java.version: &amp;apos;17.0.8&amp;apos;
Driver info: org.openqa.selenium.chrome.ChromeDriver
Capabilities {acceptInsecureCerts: false, browserName: chrome, browserVersion: 124.0.6367.158, chrome: {chromedriverVersion: 124.0.6367.207 (a9001a6e39f..., userDataDir: C:\Users\Lenovo\AppData\Loc...}, fedcm:accounts: true, goog:chromeOptions: {debuggerAddress: localhost:49305}, networkConnectionEnabled: false, pageLoadStrategy: normal, platformName: windows, proxy: Proxy(), se:cdp: ws://localhost:49305/devtoo..., se:cdpVersion: 124.0.6367.158, setWindowRect: true, strictFileInteractability: false, timeouts: {implicit: 0, pageLoad: 300000, script: 30000}, unhandledPromptBehavior: dismiss and notify, webauthn:extension:credBlob: true, webauthn:extension:largeBlob: true, webauthn:extension:minPinLength: true, webauthn:extension:prf: true, webauthn:virtualAuthenticators: true}
Session ID: 88d07de36c39b0773d2ca5ed910b221e">
      <![CDATA[org.openqa.selenium.TimeoutException: Expected condition failed: waiting for visibility of all elements located by By.xpath: //div[contains(text(),'Completed')] (tried for 7 second(s) with 500 milliseconds interval)
Build info: version: '4.20.0', revision: '866c76ca80'
System info: os.name: 'Windows 10', os.arch: 'amd64', os.version: '10.0', java.version: '17.0.8'
Driver info: org.openqa.selenium.chrome.ChromeDriver
Capabilities {acceptInsecureCerts: false, browserName: chrome, browserVersion: 124.0.6367.158, chrome: {chromedriverVersion: 124.0.6367.207 (a9001a6e39f..., userDataDir: C:\Users\Lenovo\AppData\Loc...}, fedcm:accounts: true, goog:chromeOptions: {debuggerAddress: localhost:49305}, networkConnectionEnabled: false, pageLoadStrategy: normal, platformName: windows, proxy: Proxy(), se:cdp: ws://localhost:49305/devtoo..., se:cdpVersion: 124.0.6367.158, setWindowRect: true, strictFileInteractability: false, timeouts: {implicit: 0, pageLoad: 300000, script: 30000}, unhandledPromptBehavior: dismiss and notify, webauthn:extension:credBlob: true, webauthn:extension:largeBlob: true, webauthn:extension:minPinLength: true, webauthn:extension:prf: true, webauthn:virtualAuthenticators: true}
Session ID: 88d07de36c39b0773d2ca5ed910b221e
at org.openqa.selenium.support.ui.WebDriverWait.timeoutException(WebDriverWait.java:84)
at org.openqa.selenium.support.ui.FluentWait.until(FluentWait.java:228)
at in.biencaps.erp.utilities.WebElementActions.sizeOfListOfWebElement(WebElementActions.java:79)
at in.biencaps.erp.pages.MyTasksPage.checkSizeOfCompletedTaskInDayView(MyTasksPage.java:622)
at in.biencaps.erp.testCases.SelfTaskSubmittedFunctionality.verifyCompletedTasksCountAndPercentageAfterTaskCompletedInDayView(SelfTaskSubmittedFunctionality.java:271)
at java.base/java.util.ArrayList.forEach(ArrayList.java:1511)
... Removed 27 stack frames]]>
    </failure>
  </testcase> <!-- verifyCompletedTasksCountAndPercentageAfterTaskCompletedInDayView -->
  <testcase classname="in.biencaps.erp.testCases.SelfTaskSubmittedFunctionality" name="verifyLogMessageAfterSubmitTaskRequestApproved" time="7.258">
    <failure type="org.openqa.selenium.TimeoutException" message="Expected condition failed: waiting for visibility of element located by By.cssSelector: .getLogs (tried for 7 second(s) with 500 milliseconds interval)
Build info: version: &amp;apos;4.20.0&amp;apos;, revision: &amp;apos;866c76ca80&amp;apos;
System info: os.name: &amp;apos;Windows 10&amp;apos;, os.arch: &amp;apos;amd64&amp;apos;, os.version: &amp;apos;10.0&amp;apos;, java.version: &amp;apos;17.0.8&amp;apos;
Driver info: org.openqa.selenium.chrome.ChromeDriver
Capabilities {acceptInsecureCerts: false, browserName: chrome, browserVersion: 124.0.6367.158, chrome: {chromedriverVersion: 124.0.6367.207 (a9001a6e39f..., userDataDir: C:\Users\Lenovo\AppData\Loc...}, fedcm:accounts: true, goog:chromeOptions: {debuggerAddress: localhost:49305}, networkConnectionEnabled: false, pageLoadStrategy: normal, platformName: windows, proxy: Proxy(), se:cdp: ws://localhost:49305/devtoo..., se:cdpVersion: 124.0.6367.158, setWindowRect: true, strictFileInteractability: false, timeouts: {implicit: 0, pageLoad: 300000, script: 30000}, unhandledPromptBehavior: dismiss and notify, webauthn:extension:credBlob: true, webauthn:extension:largeBlob: true, webauthn:extension:minPinLength: true, webauthn:extension:prf: true, webauthn:virtualAuthenticators: true}
Session ID: 88d07de36c39b0773d2ca5ed910b221e">
      <![CDATA[org.openqa.selenium.TimeoutException: Expected condition failed: waiting for visibility of element located by By.cssSelector: .getLogs (tried for 7 second(s) with 500 milliseconds interval)
Build info: version: '4.20.0', revision: '866c76ca80'
System info: os.name: 'Windows 10', os.arch: 'amd64', os.version: '10.0', java.version: '17.0.8'
Driver info: org.openqa.selenium.chrome.ChromeDriver
Capabilities {acceptInsecureCerts: false, browserName: chrome, browserVersion: 124.0.6367.158, chrome: {chromedriverVersion: 124.0.6367.207 (a9001a6e39f..., userDataDir: C:\Users\Lenovo\AppData\Loc...}, fedcm:accounts: true, goog:chromeOptions: {debuggerAddress: localhost:49305}, networkConnectionEnabled: false, pageLoadStrategy: normal, platformName: windows, proxy: Proxy(), se:cdp: ws://localhost:49305/devtoo..., se:cdpVersion: 124.0.6367.158, setWindowRect: true, strictFileInteractability: false, timeouts: {implicit: 0, pageLoad: 300000, script: 30000}, unhandledPromptBehavior: dismiss and notify, webauthn:extension:credBlob: true, webauthn:extension:largeBlob: true, webauthn:extension:minPinLength: true, webauthn:extension:prf: true, webauthn:virtualAuthenticators: true}
Session ID: 88d07de36c39b0773d2ca5ed910b221e
at org.openqa.selenium.support.ui.WebDriverWait.timeoutException(WebDriverWait.java:84)
at org.openqa.selenium.support.ui.FluentWait.until(FluentWait.java:228)
at in.biencaps.erp.utilities.WebElementActions.clickOnMethod(WebElementActions.java:118)
at in.biencaps.erp.pages.MyTasksPage.clickOnGetMyActivitiesButtonInDayView(MyTasksPage.java:633)
at in.biencaps.erp.testCases.MyActivitiesFunctionality.verifyLogMessage(MyActivitiesFunctionality.java:25)
at in.biencaps.erp.testCases.SelfTaskSubmittedFunctionality.verifyLogMessageAfterSubmitTaskRequestApproved(SelfTaskSubmittedFunctionality.java:283)
at java.base/java.util.ArrayList.forEach(ArrayList.java:1511)
... Removed 27 stack frames]]>
    </failure>
  </testcase> <!-- verifyLogMessageAfterSubmitTaskRequestApproved -->
  <testcase classname="in.biencaps.erp.testCases.SelfTaskSubmittedFunctionality" name="verifyTaskRequestInMyRequestSectionAfterApprovedSubmitTaskRequest" time="1.084">
    <failure type="org.openqa.selenium.ElementClickInterceptedException" message="element click intercepted: Element &amp;lt;p&amp;gt;...&amp;lt;/p&amp;gt; is not clickable at point (85, 261). Other element would receive the click: &amp;lt;div class=&amp;quot;Notification_Float&amp;quot;&amp;gt;...&amp;lt;/div&amp;gt;
  (Session info: chrome=124.0.6367.158)
Build info: version: &amp;apos;4.20.0&amp;apos;, revision: &amp;apos;866c76ca80&amp;apos;
System info: os.name: &amp;apos;Windows 10&amp;apos;, os.arch: &amp;apos;amd64&amp;apos;, os.version: &amp;apos;10.0&amp;apos;, java.version: &amp;apos;17.0.8&amp;apos;
Driver info: org.openqa.selenium.chrome.ChromeDriver
Command: [88d07de36c39b0773d2ca5ed910b221e, clickElement {id=f.0B22A10A54F1DA670606926EB92A911B.d.E2B8E1A2D9A1C30BBA97F152122167B3.e.2333}]
Capabilities {acceptInsecureCerts: false, browserName: chrome, browserVersion: 124.0.6367.158, chrome: {chromedriverVersion: 124.0.6367.207 (a9001a6e39f..., userDataDir: C:\Users\Lenovo\AppData\Loc...}, fedcm:accounts: true, goog:chromeOptions: {debuggerAddress: localhost:49305}, networkConnectionEnabled: false, pageLoadStrategy: normal, platformName: windows, proxy: Proxy(), se:cdp: ws://localhost:49305/devtoo..., se:cdpVersion: 124.0.6367.158, setWindowRect: true, strictFileInteractability: false, timeouts: {implicit: 0, pageLoad: 300000, script: 30000}, unhandledPromptBehavior: dismiss and notify, webauthn:extension:credBlob: true, webauthn:extension:largeBlob: true, webauthn:extension:minPinLength: true, webauthn:extension:prf: true, webauthn:virtualAuthenticators: true}
Element: [[ChromeDriver: chrome on windows (88d07de36c39b0773d2ca5ed910b221e)] -&amp;gt; xpath: //div[@class=&amp;apos;requestsNotify&amp;apos;]//p]
Session ID: 88d07de36c39b0773d2ca5ed910b221e">
      <![CDATA[org.openqa.selenium.ElementClickInterceptedException: element click intercepted: Element <p>...</p> is not clickable at point (85, 261). Other element would receive the click: <div class="Notification_Float">...</div>
  (Session info: chrome=124.0.6367.158)
Build info: version: '4.20.0', revision: '866c76ca80'
System info: os.name: 'Windows 10', os.arch: 'amd64', os.version: '10.0', java.version: '17.0.8'
Driver info: org.openqa.selenium.chrome.ChromeDriver
Command: [88d07de36c39b0773d2ca5ed910b221e, clickElement {id=f.0B22A10A54F1DA670606926EB92A911B.d.E2B8E1A2D9A1C30BBA97F152122167B3.e.2333}]
Capabilities {acceptInsecureCerts: false, browserName: chrome, browserVersion: 124.0.6367.158, chrome: {chromedriverVersion: 124.0.6367.207 (a9001a6e39f..., userDataDir: C:\Users\Lenovo\AppData\Loc...}, fedcm:accounts: true, goog:chromeOptions: {debuggerAddress: localhost:49305}, networkConnectionEnabled: false, pageLoadStrategy: normal, platformName: windows, proxy: Proxy(), se:cdp: ws://localhost:49305/devtoo..., se:cdpVersion: 124.0.6367.158, setWindowRect: true, strictFileInteractability: false, timeouts: {implicit: 0, pageLoad: 300000, script: 30000}, unhandledPromptBehavior: dismiss and notify, webauthn:extension:credBlob: true, webauthn:extension:largeBlob: true, webauthn:extension:minPinLength: true, webauthn:extension:prf: true, webauthn:virtualAuthenticators: true}
Element: [[ChromeDriver: chrome on windows (88d07de36c39b0773d2ca5ed910b221e)] -> xpath: //div[@class='requestsNotify']//p]
Session ID: 88d07de36c39b0773d2ca5ed910b221e
at org.openqa.selenium.remote.ErrorCodec.decode(ErrorCodec.java:167)
at org.openqa.selenium.remote.codec.w3c.W3CHttpResponseCodec.decode(W3CHttpResponseCodec.java:138)
at org.openqa.selenium.remote.codec.w3c.W3CHttpResponseCodec.decode(W3CHttpResponseCodec.java:50)
at org.openqa.selenium.remote.HttpCommandExecutor.execute(HttpCommandExecutor.java:190)
at org.openqa.selenium.remote.service.DriverCommandExecutor.invokeExecute(DriverCommandExecutor.java:216)
at org.openqa.selenium.remote.service.DriverCommandExecutor.execute(DriverCommandExecutor.java:174)
at org.openqa.selenium.remote.RemoteWebDriver.execute(RemoteWebDriver.java:518)
at org.openqa.selenium.remote.RemoteWebElement.execute(RemoteWebElement.java:223)
at org.openqa.selenium.remote.RemoteWebElement.click(RemoteWebElement.java:76)
at in.biencaps.erp.utilities.WebElementActions.clickOnMethod(WebElementActions.java:119)
at in.biencaps.erp.pages.DashboardPage.clickOnRequestSectionLink(DashboardPage.java:52)
at in.biencaps.erp.testCases.RequestFunctionality.verifyTaskRequestInMyRequestSectionByFilteringRequestCategory(RequestFunctionality.java:121)
at in.biencaps.erp.testCases.SelfTaskSubmittedFunctionality.verifyTaskRequestInMyRequestSectionAfterApprovedSubmitTaskRequest(SelfTaskSubmittedFunctionality.java:291)
at java.base/java.util.ArrayList.forEach(ArrayList.java:1511)
... Removed 32 stack frames]]>
    </failure>
  </testcase> <!-- verifyTaskRequestInMyRequestSectionAfterApprovedSubmitTaskRequest -->
</testsuite> <!-- Self Task Submitted Functionality -->
