<?xml version="1.0" encoding="UTF-8"?>
<!-- Generated by org.testng.reporters.JUnitXMLReporter -->
<testsuite ignored="12" hostname="DESKTOP-BG83L86" failures="9" tests="49" name="Test1" time="445.833" errors="0" timestamp="2024-05-29T16:18:40 IST">
  <testcase classname="in.biencaps.erp.testCases.LoginAndForgotPasswordTests" name="verify_Forgot_Password_Without_Giving_UserId" time="0.88"/>
  <testcase classname="in.biencaps.erp.testCases.LoginAndForgotPasswordTests" name="verify_Login_Employee_With_Valid_And_Invalid_Credentails" time="3.269"/>
  <testcase classname="in.biencaps.erp.testCases.LoginAndForgotPasswordTests" name="verify_Login_Employee_With_Valid_And_Invalid_Credentails" time="2.853"/>
  <testcase classname="in.biencaps.erp.testCases.LoginAndForgotPasswordTests" name="verify_Login_Employee_With_Valid_And_Invalid_Credentails" time="2.418"/>
  <testcase classname="in.biencaps.erp.testCases.LoginAndForgotPasswordTests" name="verify_Login_Employee_With_Valid_And_Invalid_Credentails" time="2.987"/>
  <testcase classname="in.biencaps.erp.testCases.LoginAndForgotPasswordTests" name="verify_Employee_Name_After_Logged_In" time="0.761"/>
  <testcase classname="in.biencaps.erp.testCases.AddSelfTaskAndCheckInDayViewTests" name="verify_Add_Task_From_Sidebar_Without_Entering_Task_Title" time="4.713"/>
  <testcase classname="in.biencaps.erp.testCases.AddSelfTaskAndCheckInDayViewTests" name="verify_Total_Tasks_Count_Before_Add_New_Task" time="3.17"/>
  <testcase classname="in.biencaps.erp.testCases.AddSelfTaskAndCheckInDayViewTests" name="verify_Add_Task_From_Month_View_At_Current_Date" time="7.5"/>
  <testcase classname="in.biencaps.erp.testCases.AddSelfTaskAndCheckInDayViewTests" name="verify_Added_Task_From_Month_View_At_Current_Date_Check_In_Day_View" time="3.404"/>
  <testcase classname="in.biencaps.erp.testCases.AddSelfTaskAndCheckInDayViewTests" name="verify_Total_Tasks_Count_And_Log_Messages_In_Day_View_After_New_Task_Add_From_Month_View_At_Current_Date" time="8.543"/>
  <testcase classname="in.biencaps.erp.testCases.AddSelfTaskAndCheckInDayViewTests" name="verify_Add_Roll_Over_Task_At_Past_Date_Which_Start_And_End_Date_Is_Same" time="6.503"/>
  <testcase classname="in.biencaps.erp.testCases.AddSelfTaskAndCheckInDayViewTests" name="verify_Added_Roll_Over_Task_In_Each_Day_From_Start_Date_Until_Current_Day_In_Day_View" time="20.838">
    <failure type="org.openqa.selenium.TimeoutException" message="Expected condition failed: waiting for visibility of all elements located by By.xpath: //div[@class=&amp;apos;taskTileDivContainer&amp;apos;]//input[@type=&amp;apos;text&amp;apos;] (tried for 6 second(s) with 500 milliseconds interval)
Build info: version: &amp;apos;4.20.0&amp;apos;, revision: &amp;apos;866c76ca80&amp;apos;
System info: os.name: &amp;apos;Windows 10&amp;apos;, os.arch: &amp;apos;amd64&amp;apos;, os.version: &amp;apos;10.0&amp;apos;, java.version: &amp;apos;17.0.8&amp;apos;
Driver info: org.openqa.selenium.chrome.ChromeDriver
Capabilities {acceptInsecureCerts: false, browserName: chrome, browserVersion: 125.0.6422.112, chrome: {chromedriverVersion: 125.0.6422.78 (14db42ec38ad..., userDataDir: C:\Users\Lenovo\AppData\Loc...}, fedcm:accounts: true, goog:chromeOptions: {debuggerAddress: localhost:65235}, networkConnectionEnabled: false, pageLoadStrategy: normal, platformName: windows, proxy: Proxy(), se:cdp: ws://localhost:65235/devtoo..., se:cdpVersion: 125.0.6422.112, setWindowRect: true, strictFileInteractability: false, timeouts: {implicit: 0, pageLoad: 300000, script: 30000}, unhandledPromptBehavior: dismiss and notify, webauthn:extension:credBlob: true, webauthn:extension:largeBlob: true, webauthn:extension:minPinLength: true, webauthn:extension:prf: true, webauthn:virtualAuthenticators: true}
Session ID: e501b6cab844a22ae59b1bc85dccb1bf">
      <![CDATA[org.openqa.selenium.TimeoutException: Expected condition failed: waiting for visibility of all elements located by By.xpath: //div[@class='taskTileDivContainer']//input[@type='text'] (tried for 6 second(s) with 500 milliseconds interval)
Build info: version: '4.20.0', revision: '866c76ca80'
System info: os.name: 'Windows 10', os.arch: 'amd64', os.version: '10.0', java.version: '17.0.8'
Driver info: org.openqa.selenium.chrome.ChromeDriver
Capabilities {acceptInsecureCerts: false, browserName: chrome, browserVersion: 125.0.6422.112, chrome: {chromedriverVersion: 125.0.6422.78 (14db42ec38ad..., userDataDir: C:\Users\Lenovo\AppData\Loc...}, fedcm:accounts: true, goog:chromeOptions: {debuggerAddress: localhost:65235}, networkConnectionEnabled: false, pageLoadStrategy: normal, platformName: windows, proxy: Proxy(), se:cdp: ws://localhost:65235/devtoo..., se:cdpVersion: 125.0.6422.112, setWindowRect: true, strictFileInteractability: false, timeouts: {implicit: 0, pageLoad: 300000, script: 30000}, unhandledPromptBehavior: dismiss and notify, webauthn:extension:credBlob: true, webauthn:extension:largeBlob: true, webauthn:extension:minPinLength: true, webauthn:extension:prf: true, webauthn:virtualAuthenticators: true}
Session ID: e501b6cab844a22ae59b1bc85dccb1bf
at org.openqa.selenium.support.ui.WebDriverWait.timeoutException(WebDriverWait.java:84)
at org.openqa.selenium.support.ui.FluentWait.until(FluentWait.java:228)
at in.biencaps.erp.utilities.WebElementActions.waitForAllElementsVisibility(WebElementActions.java:27)
at in.biencaps.erp.utilities.WebElementActions.getValuesOfWebelements(WebElementActions.java:196)
at in.biencaps.erp.pages.MyTasksPage.checkNewAddedTaskTitleRowIndexInDayView(MyTasksPage.java:441)
at in.biencaps.erp.utilities.CommonTestMethods.verify_Added_Task_Check_In_Day_View(CommonTestMethods.java:228)
at in.biencaps.erp.testCases.AddSelfTaskAndCheckInDayViewTests.verify_Added_Roll_Over_Task_In_Each_Day_From_Start_Date_Until_Current_Day_In_Day_View(AddSelfTaskAndCheckInDayViewTests.java:399)
at java.base/java.util.ArrayList.forEach(ArrayList.java:1511)
... Removed 27 stack frames]]>
    </failure>
  </testcase> <!-- verify_Added_Roll_Over_Task_In_Each_Day_From_Start_Date_Until_Current_Day_In_Day_View -->
  <testcase classname="in.biencaps.erp.testCases.AddSelfTaskAndCheckInDayViewTests" name="verify_Total_Tasks_Count_And_Log_Messages_In_Day_View_After_Added_Another_Task_From_Month_View_Sidebar" time="0.0">
    <skipped/>
  </testcase> <!-- verify_Total_Tasks_Count_And_Log_Messages_In_Day_View_After_Added_Another_Task_From_Month_View_Sidebar -->
  <testcase classname="in.biencaps.erp.testCases.AddSelfTaskAndCheckInDayViewTests" name="verify_Add_New_Task_From_Day_View_At_Current_Date" time="6.55"/>
  <testcase classname="in.biencaps.erp.testCases.AddSelfTaskAndCheckInDayViewTests" name="verify_Total_Tasks_Count_And_Log_Message_In_Day_View_After_Added_Another_Task_From_Day_View" time="12.217"/>
  <testcase classname="in.biencaps.erp.testCases.AddSelfTaskAndCheckInDayViewTests" name="verify_Add_Task_From_Day_View_Sidebar_With_Start_Date_As_Current_Date_And_Due_Date_As_Future_Date" time="8.177"/>
  <testcase classname="in.biencaps.erp.testCases.AddSelfTaskAndCheckInDayViewTests" name="verify_Added_Task_From_Day_View_Sidebar_Check_In_Each_Day_Until_Future_Date_In_Day_View" time="7.905"/>
  <testcase classname="in.biencaps.erp.testCases.AddSelfTaskAndCheckInDayViewTests" name="verify_Total_Tasks_Count_And_Log_Message_In_Day_View_After_Adding_Another_Task_From_Day_View_Sidebar" time="12.188"/>
  <testcase classname="in.biencaps.erp.testCases.AddSelfTaskAndCheckInDayViewTests" name="verify_Add_Task_From_Week_View_Sidebar_By_Giving_Only_Title_Date_And_Comment" time="9.473"/>
  <testcase classname="in.biencaps.erp.testCases.AddSelfTaskAndCheckInDayViewTests" name="verify_Added_Task_From_Week_View_Sidebar_Check_In_Day_View" time="10.687"/>
  <testcase classname="in.biencaps.erp.testCases.AddSelfTaskAndCheckInDayViewTests" name="verify_Added_Task_From_Week_View_Sidebar_In_Week_View" time="14.942">
    <failure type="org.openqa.selenium.TimeoutException" message="Expected condition failed: waiting for visibility of element located by By.xpath: //p[@title=&amp;apos;The Torment of Others&amp;apos;] (tried for 6 second(s) with 500 milliseconds interval)
Build info: version: &amp;apos;4.20.0&amp;apos;, revision: &amp;apos;866c76ca80&amp;apos;
System info: os.name: &amp;apos;Windows 10&amp;apos;, os.arch: &amp;apos;amd64&amp;apos;, os.version: &amp;apos;10.0&amp;apos;, java.version: &amp;apos;17.0.8&amp;apos;
Driver info: org.openqa.selenium.chrome.ChromeDriver
Capabilities {acceptInsecureCerts: false, browserName: chrome, browserVersion: 125.0.6422.112, chrome: {chromedriverVersion: 125.0.6422.78 (14db42ec38ad..., userDataDir: C:\Users\Lenovo\AppData\Loc...}, fedcm:accounts: true, goog:chromeOptions: {debuggerAddress: localhost:65235}, networkConnectionEnabled: false, pageLoadStrategy: normal, platformName: windows, proxy: Proxy(), se:cdp: ws://localhost:65235/devtoo..., se:cdpVersion: 125.0.6422.112, setWindowRect: true, strictFileInteractability: false, timeouts: {implicit: 0, pageLoad: 300000, script: 30000}, unhandledPromptBehavior: dismiss and notify, webauthn:extension:credBlob: true, webauthn:extension:largeBlob: true, webauthn:extension:minPinLength: true, webauthn:extension:prf: true, webauthn:virtualAuthenticators: true}
Session ID: e501b6cab844a22ae59b1bc85dccb1bf">
      <![CDATA[org.openqa.selenium.TimeoutException: Expected condition failed: waiting for visibility of element located by By.xpath: //p[@title='The Torment of Others'] (tried for 6 second(s) with 500 milliseconds interval)
Build info: version: '4.20.0', revision: '866c76ca80'
System info: os.name: 'Windows 10', os.arch: 'amd64', os.version: '10.0', java.version: '17.0.8'
Driver info: org.openqa.selenium.chrome.ChromeDriver
Capabilities {acceptInsecureCerts: false, browserName: chrome, browserVersion: 125.0.6422.112, chrome: {chromedriverVersion: 125.0.6422.78 (14db42ec38ad..., userDataDir: C:\Users\Lenovo\AppData\Loc...}, fedcm:accounts: true, goog:chromeOptions: {debuggerAddress: localhost:65235}, networkConnectionEnabled: false, pageLoadStrategy: normal, platformName: windows, proxy: Proxy(), se:cdp: ws://localhost:65235/devtoo..., se:cdpVersion: 125.0.6422.112, setWindowRect: true, strictFileInteractability: false, timeouts: {implicit: 0, pageLoad: 300000, script: 30000}, unhandledPromptBehavior: dismiss and notify, webauthn:extension:credBlob: true, webauthn:extension:largeBlob: true, webauthn:extension:minPinLength: true, webauthn:extension:prf: true, webauthn:virtualAuthenticators: true}
Session ID: e501b6cab844a22ae59b1bc85dccb1bf
at org.openqa.selenium.support.ui.WebDriverWait.timeoutException(WebDriverWait.java:84)
at org.openqa.selenium.support.ui.FluentWait.until(FluentWait.java:228)
at in.biencaps.erp.utilities.WebElementActions.waitForElementVisibility(WebElementActions.java:23)
at in.biencaps.erp.utilities.WebElementActions.getTextMethod(WebElementActions.java:162)
at in.biencaps.erp.pages.MyTasksPage.checkNewAddedTaskTitleInWeekView(MyTasksPage.java:619)
at in.biencaps.erp.utilities.CommonTestMethods.verify_Added_Task_In_Week_View(CommonTestMethods.java:328)
at in.biencaps.erp.testCases.AddSelfTaskAndCheckInDayViewTests.verify_Added_Task_From_Week_View_Sidebar_In_Week_View(AddSelfTaskAndCheckInDayViewTests.java:923)
at java.base/java.util.ArrayList.forEach(ArrayList.java:1511)
... Removed 27 stack frames]]>
    </failure>
  </testcase> <!-- verify_Added_Task_From_Week_View_Sidebar_In_Week_View -->
  <testcase classname="in.biencaps.erp.testCases.AddSelfTaskAndCheckInDayViewTests" name="verify_Total_Tasks_Count_And_Log_Message_In_Day_View_After_Added_Another_Task_From_Week_View_Sidebar" time="13.684"/>
  <testcase classname="in.biencaps.erp.testCases.SelfTaskUpdateTests" name="verify_Last_Task_Details_In_Day_View" time="10.663"/>
  <testcase classname="in.biencaps.erp.testCases.SelfTaskUpdateTests" name="verify_Update_Self_Task_Title_From_Day_View_And_Check_Task_Title_And_Logs" time="15.671"/>
  <testcase classname="in.biencaps.erp.testCases.SelfTaskUpdateTests" name="verify_Update_Self_Task_Priority_From_Day_View_And_Check_Task_Priority_And_Logs" time="15.581"/>
  <testcase classname="in.biencaps.erp.testCases.SelfTaskUpdateTests" name="verify_Update_Self_Task_Time_From_Day_View_And_Check_Task_Time_And_Logs" time="22.277"/>
  <testcase classname="in.biencaps.erp.testCases.SelfTaskUpdateTests" name="verify_Update_Self_Task_Due_Date_From_Day_View_And_Check_Task_Due_Date_And_Logs" time="17.173"/>
  <testcase classname="in.biencaps.erp.testCases.SelfTaskUpdateTests" name="verify_Update_Self_Task_Department_From_Day_View_And_Check_Task_Department_And_Logs" time="15.447"/>
  <testcase classname="in.biencaps.erp.testCases.SelfTaskUpdateTests" name="verify_Update_Self_Task_Gitlink_From_Day_View_Without_Selecting_Project" time="4.01"/>
  <testcase classname="in.biencaps.erp.testCases.SelfTaskUpdateTests" name="verify_Update_Self_Task_Project_From_Day_View_And_Check_Task_Project_And_Logs" time="12.703"/>
  <testcase classname="in.biencaps.erp.testCases.SelfTaskUpdateTests" name="verify_Update_Self_Task_Gitlink_By_Giving_Invalid_Gitlink_From_Day_View_And_Check_Task_Gitlink_And_Logs" time="7.644"/>
  <testcase classname="in.biencaps.erp.testCases.SelfTaskUpdateTests" name="verify_Update_Self_Task_Gitlink_By_Giving_Valid_Gitlink_From_Day_View_And_Check_Task_Gitlink_And_Logs" time="5.76"/>
  <testcase classname="in.biencaps.erp.testCases.SelfTaskUpdateTests" name="verify_Update_Self_Task_Verified_Status_From_Day_View_And_Check_Task_Verified_Status_And_Logs" time="0.001"/>
  <testcase classname="in.biencaps.erp.testCases.SelfTaskUpdateTests" name="verify_Higher_Authority_Viewed_Tasks" time="20.222"/>
  <testcase classname="in.biencaps.erp.testCases.SelfTaskUpdateTests" name="verify_Update_Self_Task_Status_From_Day_View_And_Check_Task_Status_And_Logs" time="18.698"/>
  <testcase classname="in.biencaps.erp.testCases.SelfTaskSubmittedTests" name="verify_Self_Task_Submitted_In_Day_View" time="15.27"/>
  <testcase classname="in.biencaps.erp.testCases.SelfTaskSubmittedTests" name="verify_Task_Submitted_Request_In_My_Request_Section" time="6.546"/>
  <testcase classname="in.biencaps.erp.testCases.SelfTaskSubmittedTests" name="verify_Notification_Message_And_Request_Of_Employee_At_All_Higher_Authority_of_Submit_Task" time="17.394">
    <failure type="org.openqa.selenium.TimeoutException" message="Expected condition failed: waiting for visibility of element located by By.xpath: //div[@class=&amp;apos;notification-count&amp;apos;] (tried for 6 second(s) with 500 milliseconds interval)
Build info: version: &amp;apos;4.20.0&amp;apos;, revision: &amp;apos;866c76ca80&amp;apos;
System info: os.name: &amp;apos;Windows 10&amp;apos;, os.arch: &amp;apos;amd64&amp;apos;, os.version: &amp;apos;10.0&amp;apos;, java.version: &amp;apos;17.0.8&amp;apos;
Driver info: org.openqa.selenium.chrome.ChromeDriver
Capabilities {acceptInsecureCerts: false, browserName: chrome, browserVersion: 125.0.6422.112, chrome: {chromedriverVersion: 125.0.6422.78 (14db42ec38ad..., userDataDir: C:\Users\Lenovo\AppData\Loc...}, fedcm:accounts: true, goog:chromeOptions: {debuggerAddress: localhost:65235}, networkConnectionEnabled: false, pageLoadStrategy: normal, platformName: windows, proxy: Proxy(), se:cdp: ws://localhost:65235/devtoo..., se:cdpVersion: 125.0.6422.112, setWindowRect: true, strictFileInteractability: false, timeouts: {implicit: 0, pageLoad: 300000, script: 30000}, unhandledPromptBehavior: dismiss and notify, webauthn:extension:credBlob: true, webauthn:extension:largeBlob: true, webauthn:extension:minPinLength: true, webauthn:extension:prf: true, webauthn:virtualAuthenticators: true}
Session ID: e501b6cab844a22ae59b1bc85dccb1bf">
      <![CDATA[org.openqa.selenium.TimeoutException: Expected condition failed: waiting for visibility of element located by By.xpath: //div[@class='notification-count'] (tried for 6 second(s) with 500 milliseconds interval)
Build info: version: '4.20.0', revision: '866c76ca80'
System info: os.name: 'Windows 10', os.arch: 'amd64', os.version: '10.0', java.version: '17.0.8'
Driver info: org.openqa.selenium.chrome.ChromeDriver
Capabilities {acceptInsecureCerts: false, browserName: chrome, browserVersion: 125.0.6422.112, chrome: {chromedriverVersion: 125.0.6422.78 (14db42ec38ad..., userDataDir: C:\Users\Lenovo\AppData\Loc...}, fedcm:accounts: true, goog:chromeOptions: {debuggerAddress: localhost:65235}, networkConnectionEnabled: false, pageLoadStrategy: normal, platformName: windows, proxy: Proxy(), se:cdp: ws://localhost:65235/devtoo..., se:cdpVersion: 125.0.6422.112, setWindowRect: true, strictFileInteractability: false, timeouts: {implicit: 0, pageLoad: 300000, script: 30000}, unhandledPromptBehavior: dismiss and notify, webauthn:extension:credBlob: true, webauthn:extension:largeBlob: true, webauthn:extension:minPinLength: true, webauthn:extension:prf: true, webauthn:virtualAuthenticators: true}
Session ID: e501b6cab844a22ae59b1bc85dccb1bf
at org.openqa.selenium.support.ui.WebDriverWait.timeoutException(WebDriverWait.java:84)
at org.openqa.selenium.support.ui.FluentWait.until(FluentWait.java:228)
at in.biencaps.erp.utilities.WebElementActions.waitForElementVisibility(WebElementActions.java:23)
at in.biencaps.erp.utilities.WebElementActions.getTextMethod(WebElementActions.java:162)
at in.biencaps.erp.pages.DashboardPage.checkNotificationCount(DashboardPage.java:94)
at in.biencaps.erp.testCases.NotificationMessagesTests.verifyNotificationMessage(NotificationMessagesTests.java:54)
at in.biencaps.erp.utilities.CommonTestMethods.verify_Notification_Message_And_Request_Of_Employee_At_All_Higher_Authority(CommonTestMethods.java:458)
at in.biencaps.erp.testCases.SelfTaskSubmittedTests.verify_Notification_Message_And_Request_Of_Employee_At_All_Higher_Authority_of_Submit_Task(SelfTaskSubmittedTests.java:109)
at java.base/java.util.ArrayList.forEach(ArrayList.java:1511)
... Removed 27 stack frames]]>
    </failure>
  </testcase> <!-- verify_Notification_Message_And_Request_Of_Employee_At_All_Higher_Authority_of_Submit_Task -->
  <testcase classname="in.biencaps.erp.testCases.SelfTaskSubmittedTests" name="reject_Task_Title_Change_Request_By_Higher_Authority" time="0.0">
    <skipped/>
  </testcase> <!-- reject_Task_Title_Change_Request_By_Higher_Authority -->
  <testcase classname="in.biencaps.erp.testCases.SelfTaskSubmittedTests" name="verify_Notification_Message_Of_Request_Rejected_By_Higher_Authority_At_Employee_Side" time="9.52">
    <failure type="org.openqa.selenium.TimeoutException" message="Expected condition failed: waiting for visibility of element located by By.xpath: //div[@class=&amp;apos;notification-count&amp;apos;] (tried for 6 second(s) with 500 milliseconds interval)
Build info: version: &amp;apos;4.20.0&amp;apos;, revision: &amp;apos;866c76ca80&amp;apos;
System info: os.name: &amp;apos;Windows 10&amp;apos;, os.arch: &amp;apos;amd64&amp;apos;, os.version: &amp;apos;10.0&amp;apos;, java.version: &amp;apos;17.0.8&amp;apos;
Driver info: org.openqa.selenium.chrome.ChromeDriver
Capabilities {acceptInsecureCerts: false, browserName: chrome, browserVersion: 125.0.6422.112, chrome: {chromedriverVersion: 125.0.6422.78 (14db42ec38ad..., userDataDir: C:\Users\Lenovo\AppData\Loc...}, fedcm:accounts: true, goog:chromeOptions: {debuggerAddress: localhost:65235}, networkConnectionEnabled: false, pageLoadStrategy: normal, platformName: windows, proxy: Proxy(), se:cdp: ws://localhost:65235/devtoo..., se:cdpVersion: 125.0.6422.112, setWindowRect: true, strictFileInteractability: false, timeouts: {implicit: 0, pageLoad: 300000, script: 30000}, unhandledPromptBehavior: dismiss and notify, webauthn:extension:credBlob: true, webauthn:extension:largeBlob: true, webauthn:extension:minPinLength: true, webauthn:extension:prf: true, webauthn:virtualAuthenticators: true}
Session ID: e501b6cab844a22ae59b1bc85dccb1bf">
      <![CDATA[org.openqa.selenium.TimeoutException: Expected condition failed: waiting for visibility of element located by By.xpath: //div[@class='notification-count'] (tried for 6 second(s) with 500 milliseconds interval)
Build info: version: '4.20.0', revision: '866c76ca80'
System info: os.name: 'Windows 10', os.arch: 'amd64', os.version: '10.0', java.version: '17.0.8'
Driver info: org.openqa.selenium.chrome.ChromeDriver
Capabilities {acceptInsecureCerts: false, browserName: chrome, browserVersion: 125.0.6422.112, chrome: {chromedriverVersion: 125.0.6422.78 (14db42ec38ad..., userDataDir: C:\Users\Lenovo\AppData\Loc...}, fedcm:accounts: true, goog:chromeOptions: {debuggerAddress: localhost:65235}, networkConnectionEnabled: false, pageLoadStrategy: normal, platformName: windows, proxy: Proxy(), se:cdp: ws://localhost:65235/devtoo..., se:cdpVersion: 125.0.6422.112, setWindowRect: true, strictFileInteractability: false, timeouts: {implicit: 0, pageLoad: 300000, script: 30000}, unhandledPromptBehavior: dismiss and notify, webauthn:extension:credBlob: true, webauthn:extension:largeBlob: true, webauthn:extension:minPinLength: true, webauthn:extension:prf: true, webauthn:virtualAuthenticators: true}
Session ID: e501b6cab844a22ae59b1bc85dccb1bf
at org.openqa.selenium.support.ui.WebDriverWait.timeoutException(WebDriverWait.java:84)
at org.openqa.selenium.support.ui.FluentWait.until(FluentWait.java:228)
at in.biencaps.erp.utilities.WebElementActions.waitForElementVisibility(WebElementActions.java:23)
at in.biencaps.erp.utilities.WebElementActions.getTextMethod(WebElementActions.java:162)
at in.biencaps.erp.pages.DashboardPage.checkNotificationCount(DashboardPage.java:94)
at in.biencaps.erp.testCases.NotificationMessagesTests.verifyNotificationMessage(NotificationMessagesTests.java:24)
at in.biencaps.erp.testCases.SelfTaskSubmittedTests.verify_Notification_Message_Of_Request_Rejected_By_Higher_Authority_At_Employee_Side(SelfTaskSubmittedTests.java:126)
at java.base/java.util.ArrayList.forEach(ArrayList.java:1511)
... Removed 27 stack frames]]>
    </failure>
  </testcase> <!-- verify_Notification_Message_Of_Request_Rejected_By_Higher_Authority_At_Employee_Side -->
  <testcase classname="in.biencaps.erp.testCases.SelfTaskSubmittedTests" name="verify_Task_Status_And_Log_Message_In_Day_View_After_Task_Submitted_Request_Rejected_By_Higher_Authority" time="5.101"/>
  <testcase classname="in.biencaps.erp.testCases.SelfTaskSubmittedTests" name="verify_Task_Request_In_My_Request_Section_After_Rejected_Submit_Task_Request" time="9.747">
    <failure type="java.lang.AssertionError" message="expected [Prathamesh Dhasade on 2024-05-29 to 2024-05-30] but found [Sachin Patil on 2024-05-23]">
      <![CDATA[java.lang.AssertionError: expected [Prathamesh Dhasade on 2024-05-29 to 2024-05-30] but found [Sachin Patil on 2024-05-23]
at in.biencaps.erp.testCases.RequestTests.verify_Task_Request_In_My_Request_Section_By_Filtering_Request_Category(RequestTests.java:167)
at in.biencaps.erp.testCases.SelfTaskSubmittedTests.verify_Task_Request_In_My_Request_Section_After_Rejected_Submit_Task_Request(SelfTaskSubmittedTests.java:164)
at java.base/java.util.ArrayList.forEach(ArrayList.java:1511)
... Removed 33 stack frames]]>
    </failure>
  </testcase> <!-- verify_Task_Request_In_My_Request_Section_After_Rejected_Submit_Task_Request -->
  <testcase classname="in.biencaps.erp.testCases.SelfTaskSubmittedTests" name="verify_Self_Task_Submitted_Again__In_Day_View" time="6.215">
    <failure type="org.openqa.selenium.TimeoutException" message="Expected condition failed: waiting for visibility of element located by By.xpath: //button[normalize-space()=&amp;apos;Day&amp;apos;] (tried for 6 second(s) with 500 milliseconds interval)
Build info: version: &amp;apos;4.20.0&amp;apos;, revision: &amp;apos;866c76ca80&amp;apos;
System info: os.name: &amp;apos;Windows 10&amp;apos;, os.arch: &amp;apos;amd64&amp;apos;, os.version: &amp;apos;10.0&amp;apos;, java.version: &amp;apos;17.0.8&amp;apos;
Driver info: org.openqa.selenium.chrome.ChromeDriver
Capabilities {acceptInsecureCerts: false, browserName: chrome, browserVersion: 125.0.6422.112, chrome: {chromedriverVersion: 125.0.6422.78 (14db42ec38ad..., userDataDir: C:\Users\Lenovo\AppData\Loc...}, fedcm:accounts: true, goog:chromeOptions: {debuggerAddress: localhost:65235}, networkConnectionEnabled: false, pageLoadStrategy: normal, platformName: windows, proxy: Proxy(), se:cdp: ws://localhost:65235/devtoo..., se:cdpVersion: 125.0.6422.112, setWindowRect: true, strictFileInteractability: false, timeouts: {implicit: 0, pageLoad: 300000, script: 30000}, unhandledPromptBehavior: dismiss and notify, webauthn:extension:credBlob: true, webauthn:extension:largeBlob: true, webauthn:extension:minPinLength: true, webauthn:extension:prf: true, webauthn:virtualAuthenticators: true}
Session ID: e501b6cab844a22ae59b1bc85dccb1bf">
      <![CDATA[org.openqa.selenium.TimeoutException: Expected condition failed: waiting for visibility of element located by By.xpath: //button[normalize-space()='Day'] (tried for 6 second(s) with 500 milliseconds interval)
Build info: version: '4.20.0', revision: '866c76ca80'
System info: os.name: 'Windows 10', os.arch: 'amd64', os.version: '10.0', java.version: '17.0.8'
Driver info: org.openqa.selenium.chrome.ChromeDriver
Capabilities {acceptInsecureCerts: false, browserName: chrome, browserVersion: 125.0.6422.112, chrome: {chromedriverVersion: 125.0.6422.78 (14db42ec38ad..., userDataDir: C:\Users\Lenovo\AppData\Loc...}, fedcm:accounts: true, goog:chromeOptions: {debuggerAddress: localhost:65235}, networkConnectionEnabled: false, pageLoadStrategy: normal, platformName: windows, proxy: Proxy(), se:cdp: ws://localhost:65235/devtoo..., se:cdpVersion: 125.0.6422.112, setWindowRect: true, strictFileInteractability: false, timeouts: {implicit: 0, pageLoad: 300000, script: 30000}, unhandledPromptBehavior: dismiss and notify, webauthn:extension:credBlob: true, webauthn:extension:largeBlob: true, webauthn:extension:minPinLength: true, webauthn:extension:prf: true, webauthn:virtualAuthenticators: true}
Session ID: e501b6cab844a22ae59b1bc85dccb1bf
at org.openqa.selenium.support.ui.WebDriverWait.timeoutException(WebDriverWait.java:84)
at org.openqa.selenium.support.ui.FluentWait.until(FluentWait.java:228)
at in.biencaps.erp.utilities.WebElementActions.waitForElementVisibility(WebElementActions.java:23)
at in.biencaps.erp.utilities.WebElementActions.clickOnMethod(WebElementActions.java:88)
at in.biencaps.erp.pages.MyTasksPage.clickOnDayButton(MyTasksPage.java:341)
at in.biencaps.erp.utilities.CommonTestMethods.goToDayView(CommonTestMethods.java:110)
at in.biencaps.erp.testCases.SelfTaskSubmittedTests.verify_Self_Task_Submitted_Again__In_Day_View(SelfTaskSubmittedTests.java:172)
at java.base/java.util.ArrayList.forEach(ArrayList.java:1511)
... Removed 27 stack frames]]>
    </failure>
  </testcase> <!-- verify_Self_Task_Submitted_Again__In_Day_View -->
  <testcase classname="in.biencaps.erp.testCases.SelfTaskSubmittedTests" name="verify__New_Task_Submitted_Request_In_My_Request_Section" time="6.436">
    <failure type="java.lang.AssertionError" message="expected [Prathamesh Dhasade on 2024-05-29 to 2024-05-30] but found [Sachin Patil on 2024-05-23]">
      <![CDATA[java.lang.AssertionError: expected [Prathamesh Dhasade on 2024-05-29 to 2024-05-30] but found [Sachin Patil on 2024-05-23]
at in.biencaps.erp.testCases.RequestTests.verify_Request_In_My_Requests_Card(RequestTests.java:103)
at in.biencaps.erp.testCases.SelfTaskSubmittedTests.verify__New_Task_Submitted_Request_In_My_Request_Section(SelfTaskSubmittedTests.java:216)
at java.base/java.util.ArrayList.forEach(ArrayList.java:1511)
... Removed 33 stack frames]]>
    </failure>
  </testcase> <!-- verify__New_Task_Submitted_Request_In_My_Request_Section -->
  <testcase classname="in.biencaps.erp.testCases.SelfTaskSubmittedTests" name="verify_New_Notification_Message_And_Request_Of_Employee_At_All_Higher_Authority_of_Submit_Task" time="17.28">
    <failure type="org.openqa.selenium.TimeoutException" message="Expected condition failed: waiting for visibility of element located by By.xpath: //div[@class=&amp;apos;notification-count&amp;apos;] (tried for 6 second(s) with 500 milliseconds interval)
Build info: version: &amp;apos;4.20.0&amp;apos;, revision: &amp;apos;866c76ca80&amp;apos;
System info: os.name: &amp;apos;Windows 10&amp;apos;, os.arch: &amp;apos;amd64&amp;apos;, os.version: &amp;apos;10.0&amp;apos;, java.version: &amp;apos;17.0.8&amp;apos;
Driver info: org.openqa.selenium.chrome.ChromeDriver
Capabilities {acceptInsecureCerts: false, browserName: chrome, browserVersion: 125.0.6422.112, chrome: {chromedriverVersion: 125.0.6422.78 (14db42ec38ad..., userDataDir: C:\Users\Lenovo\AppData\Loc...}, fedcm:accounts: true, goog:chromeOptions: {debuggerAddress: localhost:65235}, networkConnectionEnabled: false, pageLoadStrategy: normal, platformName: windows, proxy: Proxy(), se:cdp: ws://localhost:65235/devtoo..., se:cdpVersion: 125.0.6422.112, setWindowRect: true, strictFileInteractability: false, timeouts: {implicit: 0, pageLoad: 300000, script: 30000}, unhandledPromptBehavior: dismiss and notify, webauthn:extension:credBlob: true, webauthn:extension:largeBlob: true, webauthn:extension:minPinLength: true, webauthn:extension:prf: true, webauthn:virtualAuthenticators: true}
Session ID: e501b6cab844a22ae59b1bc85dccb1bf">
      <![CDATA[org.openqa.selenium.TimeoutException: Expected condition failed: waiting for visibility of element located by By.xpath: //div[@class='notification-count'] (tried for 6 second(s) with 500 milliseconds interval)
Build info: version: '4.20.0', revision: '866c76ca80'
System info: os.name: 'Windows 10', os.arch: 'amd64', os.version: '10.0', java.version: '17.0.8'
Driver info: org.openqa.selenium.chrome.ChromeDriver
Capabilities {acceptInsecureCerts: false, browserName: chrome, browserVersion: 125.0.6422.112, chrome: {chromedriverVersion: 125.0.6422.78 (14db42ec38ad..., userDataDir: C:\Users\Lenovo\AppData\Loc...}, fedcm:accounts: true, goog:chromeOptions: {debuggerAddress: localhost:65235}, networkConnectionEnabled: false, pageLoadStrategy: normal, platformName: windows, proxy: Proxy(), se:cdp: ws://localhost:65235/devtoo..., se:cdpVersion: 125.0.6422.112, setWindowRect: true, strictFileInteractability: false, timeouts: {implicit: 0, pageLoad: 300000, script: 30000}, unhandledPromptBehavior: dismiss and notify, webauthn:extension:credBlob: true, webauthn:extension:largeBlob: true, webauthn:extension:minPinLength: true, webauthn:extension:prf: true, webauthn:virtualAuthenticators: true}
Session ID: e501b6cab844a22ae59b1bc85dccb1bf
at org.openqa.selenium.support.ui.WebDriverWait.timeoutException(WebDriverWait.java:84)
at org.openqa.selenium.support.ui.FluentWait.until(FluentWait.java:228)
at in.biencaps.erp.utilities.WebElementActions.waitForElementVisibility(WebElementActions.java:23)
at in.biencaps.erp.utilities.WebElementActions.getTextMethod(WebElementActions.java:162)
at in.biencaps.erp.pages.DashboardPage.checkNotificationCount(DashboardPage.java:94)
at in.biencaps.erp.testCases.NotificationMessagesTests.verifyNotificationMessage(NotificationMessagesTests.java:54)
at in.biencaps.erp.utilities.CommonTestMethods.verify_Notification_Message_And_Request_Of_Employee_At_All_Higher_Authority(CommonTestMethods.java:458)
at in.biencaps.erp.testCases.SelfTaskSubmittedTests.verify_New_Notification_Message_And_Request_Of_Employee_At_All_Higher_Authority_of_Submit_Task(SelfTaskSubmittedTests.java:229)
at java.base/java.util.ArrayList.forEach(ArrayList.java:1511)
... Removed 27 stack frames]]>
    </failure>
  </testcase> <!-- verify_New_Notification_Message_And_Request_Of_Employee_At_All_Higher_Authority_of_Submit_Task -->
  <testcase classname="in.biencaps.erp.testCases.SelfTaskSubmittedTests" name="accept_Task_Title_Change_Request_By_Higher_Authority" time="0.0">
    <skipped/>
  </testcase> <!-- accept_Task_Title_Change_Request_By_Higher_Authority -->
  <testcase classname="in.biencaps.erp.testCases.SelfTaskSubmittedTests" name="verify_Notification_Message_Of_Request_Accepted_By_Higher_Authority_At_Employee_Side" time="9.242">
    <failure type="org.openqa.selenium.TimeoutException" message="Expected condition failed: waiting for visibility of element located by By.xpath: //div[@class=&amp;apos;notification-count&amp;apos;] (tried for 6 second(s) with 500 milliseconds interval)
Build info: version: &amp;apos;4.20.0&amp;apos;, revision: &amp;apos;866c76ca80&amp;apos;
System info: os.name: &amp;apos;Windows 10&amp;apos;, os.arch: &amp;apos;amd64&amp;apos;, os.version: &amp;apos;10.0&amp;apos;, java.version: &amp;apos;17.0.8&amp;apos;
Driver info: org.openqa.selenium.chrome.ChromeDriver
Capabilities {acceptInsecureCerts: false, browserName: chrome, browserVersion: 125.0.6422.112, chrome: {chromedriverVersion: 125.0.6422.78 (14db42ec38ad..., userDataDir: C:\Users\Lenovo\AppData\Loc...}, fedcm:accounts: true, goog:chromeOptions: {debuggerAddress: localhost:65235}, networkConnectionEnabled: false, pageLoadStrategy: normal, platformName: windows, proxy: Proxy(), se:cdp: ws://localhost:65235/devtoo..., se:cdpVersion: 125.0.6422.112, setWindowRect: true, strictFileInteractability: false, timeouts: {implicit: 0, pageLoad: 300000, script: 30000}, unhandledPromptBehavior: dismiss and notify, webauthn:extension:credBlob: true, webauthn:extension:largeBlob: true, webauthn:extension:minPinLength: true, webauthn:extension:prf: true, webauthn:virtualAuthenticators: true}
Session ID: e501b6cab844a22ae59b1bc85dccb1bf">
      <![CDATA[org.openqa.selenium.TimeoutException: Expected condition failed: waiting for visibility of element located by By.xpath: //div[@class='notification-count'] (tried for 6 second(s) with 500 milliseconds interval)
Build info: version: '4.20.0', revision: '866c76ca80'
System info: os.name: 'Windows 10', os.arch: 'amd64', os.version: '10.0', java.version: '17.0.8'
Driver info: org.openqa.selenium.chrome.ChromeDriver
Capabilities {acceptInsecureCerts: false, browserName: chrome, browserVersion: 125.0.6422.112, chrome: {chromedriverVersion: 125.0.6422.78 (14db42ec38ad..., userDataDir: C:\Users\Lenovo\AppData\Loc...}, fedcm:accounts: true, goog:chromeOptions: {debuggerAddress: localhost:65235}, networkConnectionEnabled: false, pageLoadStrategy: normal, platformName: windows, proxy: Proxy(), se:cdp: ws://localhost:65235/devtoo..., se:cdpVersion: 125.0.6422.112, setWindowRect: true, strictFileInteractability: false, timeouts: {implicit: 0, pageLoad: 300000, script: 30000}, unhandledPromptBehavior: dismiss and notify, webauthn:extension:credBlob: true, webauthn:extension:largeBlob: true, webauthn:extension:minPinLength: true, webauthn:extension:prf: true, webauthn:virtualAuthenticators: true}
Session ID: e501b6cab844a22ae59b1bc85dccb1bf
at org.openqa.selenium.support.ui.WebDriverWait.timeoutException(WebDriverWait.java:84)
at org.openqa.selenium.support.ui.FluentWait.until(FluentWait.java:228)
at in.biencaps.erp.utilities.WebElementActions.waitForElementVisibility(WebElementActions.java:23)
at in.biencaps.erp.utilities.WebElementActions.getTextMethod(WebElementActions.java:162)
at in.biencaps.erp.pages.DashboardPage.checkNotificationCount(DashboardPage.java:94)
at in.biencaps.erp.testCases.NotificationMessagesTests.verifyNotificationMessage(NotificationMessagesTests.java:24)
at in.biencaps.erp.testCases.SelfTaskSubmittedTests.verify_Notification_Message_Of_Request_Accepted_By_Higher_Authority_At_Employee_Side(SelfTaskSubmittedTests.java:246)
at java.base/java.util.ArrayList.forEach(ArrayList.java:1511)
... Removed 27 stack frames]]>
    </failure>
  </testcase> <!-- verify_Notification_Message_Of_Request_Accepted_By_Higher_Authority_At_Employee_Side -->
  <testcase classname="in.biencaps.erp.testCases.SelfTaskSubmittedTests" name="verify_Task_Status_In_Day_View_After_Task_Submitted_Request_Accepted_By_Higher_Authority" time="5.163"/>
  <testcase classname="in.biencaps.erp.testCases.LoginAndForgotPasswordTests" name="verify_Forgot_Password_By_Giving_Valid_UserId" time="0.0">
    <ignored/>
  </testcase> <!-- verify_Forgot_Password_By_Giving_Valid_UserId -->
  <testcase classname="in.biencaps.erp.testCases.BaseTest" name="@BeforeSuite launch_The_Website" time="0.0">
    <ignored/>
  </testcase> <!-- @BeforeSuite launch_The_Website -->
  <testcase classname="in.biencaps.erp.testCases.BaseTest" name="@BeforeSuite launch_The_Website" time="0.0">
    <ignored/>
  </testcase> <!-- @BeforeSuite launch_The_Website -->
  <testcase classname="in.biencaps.erp.testCases.BaseTest" name="@BeforeSuite launch_The_Website" time="0.0">
    <ignored/>
  </testcase> <!-- @BeforeSuite launch_The_Website -->
  <testcase classname="in.biencaps.erp.testCases.AddSelfTaskAndCheckInDayViewTests" name="verify_Added_Task_From_Week_View_Sidebar_At_Future_Date_In_Week_View" time="0.0">
    <ignored/>
  </testcase> <!-- verify_Added_Task_From_Week_View_Sidebar_At_Future_Date_In_Week_View -->
  <testcase classname="in.biencaps.erp.testCases.BaseTest" name="@AfterSuite tear_Down" time="0.0">
    <ignored/>
  </testcase> <!-- @AfterSuite tear_Down -->
  <testcase classname="in.biencaps.erp.testCases.BaseTest" name="@AfterSuite tear_Down" time="0.0">
    <ignored/>
  </testcase> <!-- @AfterSuite tear_Down -->
  <testcase classname="in.biencaps.erp.testCases.AddSelfTaskAndCheckInDayViewTests" name="verify_Total_Tasks_Count_And_Log_Message_In_Day_View_After_Task_Added_From_Week_View_At_Future_Date" time="0.0">
    <ignored/>
  </testcase> <!-- verify_Total_Tasks_Count_And_Log_Message_In_Day_View_After_Task_Added_From_Week_View_At_Future_Date -->
  <testcase classname="in.biencaps.erp.testCases.SelfTaskUpdateTests" name="verify_Update_Self_Task_Comment_From_Day_View_And_Check_Task_Comment_And_Logs" time="0.0">
    <ignored/>
  </testcase> <!-- verify_Update_Self_Task_Comment_From_Day_View_And_Check_Task_Comment_And_Logs -->
  <testcase classname="in.biencaps.erp.testCases.AddSelfTaskAndCheckInDayViewTests" name="verify_Add_Task_From_Week_View_At_Future_Date" time="0.0">
    <ignored/>
  </testcase> <!-- verify_Add_Task_From_Week_View_At_Future_Date -->
  <testcase classname="in.biencaps.erp.testCases.AddSelfTaskAndCheckInDayViewTests" name="verify_Added_Task_From_Week_View_At_Future_Date_Check_In_Day_View" time="0.0">
    <ignored/>
  </testcase> <!-- verify_Added_Task_From_Week_View_At_Future_Date_Check_In_Day_View -->
  <testcase classname="in.biencaps.erp.testCases.BaseTest" name="@AfterSuite tear_Down" time="0.0">
    <ignored/>
  </testcase> <!-- @AfterSuite tear_Down -->
</testsuite> <!-- Test1 -->
