<?xml version="1.0" encoding="UTF-8"?>
<!-- Generated by org.testng.reporters.JUnitXMLReporter -->
<testsuite ignored="18" hostname="DESKTOP-BG83L86" failures="2" tests="2" name="UI Test Cases" time="20.601" errors="0" timestamp="2024-05-18T10:20:10 IST">
  <testcase classname="in.biencaps.erp.testCases.LoginAndForgotPasswordTests" name="verify_Forgot_Password_Without_Giving_UserId" time="7.117">
    <failure type="org.openqa.selenium.TimeoutException" message="Expected condition failed: waiting for visibility of element located by By.xpath: //p[normalize-space()=&amp;apos;Forgot Password?&amp;apos;] (tried for 6 second(s) with 500 milliseconds interval)
Build info: version: &amp;apos;4.20.0&amp;apos;, revision: &amp;apos;866c76ca80&amp;apos;
System info: os.name: &amp;apos;Windows 10&amp;apos;, os.arch: &amp;apos;amd64&amp;apos;, os.version: &amp;apos;10.0&amp;apos;, java.version: &amp;apos;17.0.8&amp;apos;
Driver info: org.openqa.selenium.edge.EdgeDriver
Capabilities {acceptInsecureCerts: false, browserName: MicrosoftEdge, browserVersion: 124.0.2478.105, fedcm:accounts: true, ms:edgeOptions: {debuggerAddress: localhost:55145}, msedge: {msedgedriverVersion: 124.0.2478.109 (86e86c0432b..., userDataDir: C:\Users\Lenovo\AppData\Loc...}, networkConnectionEnabled: false, pageLoadStrategy: normal, platformName: windows, proxy: Proxy(), se:cdp: ws://localhost:55145/devtoo..., se:cdpVersion: 124.0.2478.105, setWindowRect: true, strictFileInteractability: false, timeouts: {implicit: 0, pageLoad: 300000, script: 30000}, unhandledPromptBehavior: dismiss and notify, webauthn:extension:credBlob: true, webauthn:extension:largeBlob: true, webauthn:extension:minPinLength: true, webauthn:extension:prf: true, webauthn:virtualAuthenticators: true}
Session ID: 675b8a5acb8f3089ebd0ae1ee59309b0">
      <![CDATA[org.openqa.selenium.TimeoutException: Expected condition failed: waiting for visibility of element located by By.xpath: //p[normalize-space()='Forgot Password?'] (tried for 6 second(s) with 500 milliseconds interval)
Build info: version: '4.20.0', revision: '866c76ca80'
System info: os.name: 'Windows 10', os.arch: 'amd64', os.version: '10.0', java.version: '17.0.8'
Driver info: org.openqa.selenium.edge.EdgeDriver
Capabilities {acceptInsecureCerts: false, browserName: MicrosoftEdge, browserVersion: 124.0.2478.105, fedcm:accounts: true, ms:edgeOptions: {debuggerAddress: localhost:55145}, msedge: {msedgedriverVersion: 124.0.2478.109 (86e86c0432b..., userDataDir: C:\Users\Lenovo\AppData\Loc...}, networkConnectionEnabled: false, pageLoadStrategy: normal, platformName: windows, proxy: Proxy(), se:cdp: ws://localhost:55145/devtoo..., se:cdpVersion: 124.0.2478.105, setWindowRect: true, strictFileInteractability: false, timeouts: {implicit: 0, pageLoad: 300000, script: 30000}, unhandledPromptBehavior: dismiss and notify, webauthn:extension:credBlob: true, webauthn:extension:largeBlob: true, webauthn:extension:minPinLength: true, webauthn:extension:prf: true, webauthn:virtualAuthenticators: true}
Session ID: 675b8a5acb8f3089ebd0ae1ee59309b0
at org.openqa.selenium.support.ui.WebDriverWait.timeoutException(WebDriverWait.java:84)
at org.openqa.selenium.support.ui.FluentWait.until(FluentWait.java:228)
at in.biencaps.erp.utilities.WebElementActions.waitForElementVisibility(WebElementActions.java:23)
at in.biencaps.erp.utilities.WebElementActions.clickOnMethod(WebElementActions.java:88)
at in.biencaps.erp.pages.LoginPage.clickOnForgotPasswordLink(LoginPage.java:71)
at in.biencaps.erp.testCases.LoginAndForgotPasswordTests.verify_Forgot_Password_Without_Giving_UserId(LoginAndForgotPasswordTests.java:36)
at java.base/java.util.ArrayList.forEach(ArrayList.java:1511)
... Removed 27 stack frames]]>
    </failure>
  </testcase> <!-- verify_Forgot_Password_Without_Giving_UserId -->
  <testcase classname="in.biencaps.erp.testCases.LoginAndForgotPasswordTests" name="verify_Login_Employee_With_Valid_And_Invalid_Credentails" time="6.209">
    <failure type="org.openqa.selenium.TimeoutException" message="Expected condition failed: waiting for visibility of element located by By.xpath: //input[@type=&amp;apos;text&amp;apos;] (tried for 6 second(s) with 500 milliseconds interval)
Build info: version: &amp;apos;4.20.0&amp;apos;, revision: &amp;apos;866c76ca80&amp;apos;
System info: os.name: &amp;apos;Windows 10&amp;apos;, os.arch: &amp;apos;amd64&amp;apos;, os.version: &amp;apos;10.0&amp;apos;, java.version: &amp;apos;17.0.8&amp;apos;
Driver info: org.openqa.selenium.edge.EdgeDriver
Capabilities {acceptInsecureCerts: false, browserName: MicrosoftEdge, browserVersion: 124.0.2478.105, fedcm:accounts: true, ms:edgeOptions: {debuggerAddress: localhost:55145}, msedge: {msedgedriverVersion: 124.0.2478.109 (86e86c0432b..., userDataDir: C:\Users\Lenovo\AppData\Loc...}, networkConnectionEnabled: false, pageLoadStrategy: normal, platformName: windows, proxy: Proxy(), se:cdp: ws://localhost:55145/devtoo..., se:cdpVersion: 124.0.2478.105, setWindowRect: true, strictFileInteractability: false, timeouts: {implicit: 0, pageLoad: 300000, script: 30000}, unhandledPromptBehavior: dismiss and notify, webauthn:extension:credBlob: true, webauthn:extension:largeBlob: true, webauthn:extension:minPinLength: true, webauthn:extension:prf: true, webauthn:virtualAuthenticators: true}
Session ID: 675b8a5acb8f3089ebd0ae1ee59309b0">
      <![CDATA[org.openqa.selenium.TimeoutException: Expected condition failed: waiting for visibility of element located by By.xpath: //input[@type='text'] (tried for 6 second(s) with 500 milliseconds interval)
Build info: version: '4.20.0', revision: '866c76ca80'
System info: os.name: 'Windows 10', os.arch: 'amd64', os.version: '10.0', java.version: '17.0.8'
Driver info: org.openqa.selenium.edge.EdgeDriver
Capabilities {acceptInsecureCerts: false, browserName: MicrosoftEdge, browserVersion: 124.0.2478.105, fedcm:accounts: true, ms:edgeOptions: {debuggerAddress: localhost:55145}, msedge: {msedgedriverVersion: 124.0.2478.109 (86e86c0432b..., userDataDir: C:\Users\Lenovo\AppData\Loc...}, networkConnectionEnabled: false, pageLoadStrategy: normal, platformName: windows, proxy: Proxy(), se:cdp: ws://localhost:55145/devtoo..., se:cdpVersion: 124.0.2478.105, setWindowRect: true, strictFileInteractability: false, timeouts: {implicit: 0, pageLoad: 300000, script: 30000}, unhandledPromptBehavior: dismiss and notify, webauthn:extension:credBlob: true, webauthn:extension:largeBlob: true, webauthn:extension:minPinLength: true, webauthn:extension:prf: true, webauthn:virtualAuthenticators: true}
Session ID: 675b8a5acb8f3089ebd0ae1ee59309b0
at org.openqa.selenium.support.ui.WebDriverWait.timeoutException(WebDriverWait.java:84)
at org.openqa.selenium.support.ui.FluentWait.until(FluentWait.java:228)
at in.biencaps.erp.utilities.WebElementActions.waitForElementVisibility(WebElementActions.java:23)
at in.biencaps.erp.utilities.WebElementActions.clickOnMethod(WebElementActions.java:88)
at in.biencaps.erp.pages.LoginPage.clickOnUserIdTextfield(LoginPage.java:29)
at in.biencaps.erp.testCases.LoginAndForgotPasswordTests.verify_Login_Employee_With_Valid_And_Invalid_Credentails(LoginAndForgotPasswordTests.java:73)
at java.base/java.util.ArrayList.forEach(ArrayList.java:1511)
... Removed 27 stack frames]]>
    </failure>
  </testcase> <!-- verify_Login_Employee_With_Valid_And_Invalid_Credentails -->
  <testcase classname="in.biencaps.erp.testCases.LoginAndForgotPasswordTests" name="verify_Forgot_Password_By_Giving_Valid_UserId" time="0.0">
    <ignored/>
  </testcase> <!-- verify_Forgot_Password_By_Giving_Valid_UserId -->
  <testcase classname="in.biencaps.erp.testCases.BaseTest" name="@AfterSuite tear_Down" time="0.0">
    <ignored/>
  </testcase> <!-- @AfterSuite tear_Down -->
  <testcase classname="in.biencaps.erp.testCases.BaseTest" name="@BeforeSuite launch_The_Website" time="0.0">
    <ignored/>
  </testcase> <!-- @BeforeSuite launch_The_Website -->
  <testcase classname="in.biencaps.erp.testCases.AddSelfTaskAndCheckInDayViewTests" name="verify_Added_Task_From_Week_View_At_Future_Date_Check_In_Day_View" time="0.0">
    <ignored/>
  </testcase> <!-- verify_Added_Task_From_Week_View_At_Future_Date_Check_In_Day_View -->
  <testcase classname="in.biencaps.erp.testCases.AddSelfTaskAndCheckInDayViewTests" name="verify_Added_Task_From_Week_View_Sidebar_At_Future_Date_In_Week_View" time="0.0">
    <ignored/>
  </testcase> <!-- verify_Added_Task_From_Week_View_Sidebar_At_Future_Date_In_Week_View -->
  <testcase classname="in.biencaps.erp.testCases.BaseTest" name="@BeforeSuite launch_The_Website" time="0.0">
    <ignored/>
  </testcase> <!-- @BeforeSuite launch_The_Website -->
  <testcase classname="in.biencaps.erp.testCases.BaseTest" name="@AfterSuite tear_Down" time="0.0">
    <ignored/>
  </testcase> <!-- @AfterSuite tear_Down -->
  <testcase classname="in.biencaps.erp.testCases.AddSelfTaskAndCheckInDayViewTests" name="verify_Add_Task_From_Week_View_At_Future_Date" time="0.0">
    <ignored/>
  </testcase> <!-- verify_Add_Task_From_Week_View_At_Future_Date -->
  <testcase classname="in.biencaps.erp.testCases.BaseTest" name="@BeforeSuite launch_The_Website" time="0.0">
    <ignored/>
  </testcase> <!-- @BeforeSuite launch_The_Website -->
  <testcase classname="in.biencaps.erp.testCases.BaseTest" name="@AfterSuite tear_Down" time="0.0">
    <ignored/>
  </testcase> <!-- @AfterSuite tear_Down -->
  <testcase classname="in.biencaps.erp.testCases.BaseTest" name="@BeforeSuite launch_The_Website" time="0.0">
    <ignored/>
  </testcase> <!-- @BeforeSuite launch_The_Website -->
  <testcase classname="in.biencaps.erp.testCases.BaseTest" name="@AfterSuite tear_Down" time="0.0">
    <ignored/>
  </testcase> <!-- @AfterSuite tear_Down -->
  <testcase classname="in.biencaps.erp.testCases.AddSelfTaskAndCheckInDayViewTests" name="verify_Total_Tasks_Count_And_Log_Message_In_Day_View_After_Task_Added_From_Week_View_At_Future_Date" time="0.0">
    <ignored/>
  </testcase> <!-- verify_Total_Tasks_Count_And_Log_Message_In_Day_View_After_Task_Added_From_Week_View_At_Future_Date -->
  <testcase classname="in.biencaps.erp.testCases.BaseTest" name="@BeforeSuite launch_The_Website" time="0.0">
    <ignored/>
  </testcase> <!-- @BeforeSuite launch_The_Website -->
  <testcase classname="in.biencaps.erp.testCases.BaseTest" name="@AfterSuite tear_Down" time="0.0">
    <ignored/>
  </testcase> <!-- @AfterSuite tear_Down -->
  <testcase classname="in.biencaps.erp.testCases.SelfTaskDeleteTests" name="verify_Total_Tasks_Count_In_Day_View_After_Deleting_All_Tasks" time="0.0">
    <ignored/>
  </testcase> <!-- verify_Total_Tasks_Count_In_Day_View_After_Deleting_All_Tasks -->
  <testcase classname="in.biencaps.erp.testCases.BaseTest" name="@AfterSuite tear_Down" time="0.0">
    <ignored/>
  </testcase> <!-- @AfterSuite tear_Down -->
  <testcase classname="in.biencaps.erp.testCases.BaseTest" name="@BeforeSuite launch_The_Website" time="0.0">
    <ignored/>
  </testcase> <!-- @BeforeSuite launch_The_Website -->
</testsuite> <!-- UI Test Cases -->
