<!DOCTYPE html PUBLIC "-//W3C//DTD XHTML 1.1//EN" "https://www.w3.org/TR/xhtml11/DTD/xhtml11.dtd">
<html xmlns="https://www.w3.org/1999/xhtml">
<head>
<meta http-equiv="content-type" content="text/html; charset=UTF-8"/>
<title>TestNG Report</title>
<style type="text/css">table {margin-bottom:10px;border-collapse:collapse;empty-cells:show}th,td {border:1px solid #009;padding:.25em .5em}th {vertical-align:bottom}td {vertical-align:top}table a {font-weight:bold}.stripe td {background-color: #E6EBF9}.num {text-align:right}.passedodd td {background-color: #3F3}.passedeven td {background-color: #0A0}.skippedodd td {background-color: #DDD}.skippedeven td {background-color: #CCC}.failedodd td,.attn {background-color: #F33}.failedeven td,.stripe .attn {background-color: #D00}.stacktrace {white-space:pre;font-family:monospace}.totop {font-size:85%;text-align:center;border-bottom:2px solid #000}.invisible {display:none}</style>
</head>
<body>
<table>
<tr><th>Test</th><th># Passed</th><th># Skipped</th><th># Retried</th><th># Failed</th><th>Time (ms)</th><th>Included Groups</th><th>Excluded Groups</th></tr>
<tr><th colspan="8">Suite</th></tr>
<tr><td><a href="#t0">Forgot Password Functionality</a></td><td class="num">0</td><td class="num">0</td><td class="num">0</td><td class="num attn">1</td><td class="num">93</td><td></td><td></td></tr>
<tr class="stripe"><td><a href="#t1">Login Functionality</a></td><td class="num">0</td><td class="num">0</td><td class="num">0</td><td class="num attn">1</td><td class="num">5</td><td></td><td></td></tr>
<tr><td><a href="#t2">Add Self Task And Check In Day View Functionality</a></td><td class="num">0</td><td class="num attn">4</td><td class="num">0</td><td class="num attn">6</td><td class="num">48</td><td></td><td></td></tr>
<tr class="stripe"><td><a href="#t3">Self Task Update Functionality</a></td><td class="num">0</td><td class="num">0</td><td class="num">0</td><td class="num attn">12</td><td class="num">60</td><td></td><td></td></tr>
<tr><td><a href="#t4">Self Task Submitted Functionality</a></td><td class="num">0</td><td class="num">0</td><td class="num">0</td><td class="num attn">8</td><td class="num">133</td><td></td><td></td></tr>
<tr class="stripe"><td><a href="#t5">Self Task Delete Functionality</a></td><td class="num">0</td><td class="num attn">3</td><td class="num">0</td><td class="num attn">2</td><td class="num">66</td><td></td><td></td></tr>
<tr><th>Total</th><th class="num">0</th><th class="num attn">7</th><th class="num">0</th><th class="num attn">30</th><th class="num">405</th><th colspan="2"></th></tr>
</table>
<table id='summary'><thead><tr><th>Class</th><th>Method</th><th>Start</th><th>Time (ms)</th></tr></thead><tbody><tr><th colspan="4">Suite</th></tr></tbody><tbody id="t0"><tr><th colspan="4">Forgot Password Functionality &#8212; failed</th></tr><tr class="failedeven"><td rowspan="1">com.biencaps.erp.testCases.ForgotPasswordFunctionality</td><td><a href="#m0">verifyForgotPasswordWithoutGivingUserId</a></td><td rowspan="1">1713166283720</td><td rowspan="1">6</td></tr></tbody>
<tbody id="t1"><tr><th colspan="4">Login Functionality &#8212; failed</th></tr><tr class="failedeven"><td rowspan="1">com.biencaps.erp.testCases.LoginFunctionality</td><td><a href="#m1">verifyLoginEmployeeByGivingValidUserIdAndValidPassword</a></td><td rowspan="1">1713166283849</td><td rowspan="1">1</td></tr></tbody>
<tbody id="t2"><tr><th colspan="4">Add Self Task And Check In Day View Functionality &#8212; failed</th></tr><tr class="failedeven"><td rowspan="6">com.biencaps.erp.testCases.AddSelfTaskAndCheckInDayViewFunctionality</td><td><a href="#m2">checkEmployeeNameAfterLoggedIn</a></td><td rowspan="1">1713166283873</td><td rowspan="1">1</td></tr><tr class="failedeven"><td><a href="#m3">verifyAddTaskFromMonthViewAtParticularDate</a></td><td rowspan="1">1713166283892</td><td rowspan="1">1</td></tr><tr class="failedeven"><td><a href="#m4">verifyAddTaskFromMonthViewByGivingOnlyTitle</a></td><td rowspan="1">1713166283883</td><td rowspan="1">1</td></tr><tr class="failedeven"><td><a href="#m5">verifyAddTaskFromMonthViewSidebarByGivingOnlyTitleAndDate</a></td><td rowspan="1">1713166283906</td><td rowspan="1">2</td></tr><tr class="failedeven"><td><a href="#m6">verifyAddTaskFromSidebarWithoutEnteringTaskTitle</a></td><td rowspan="1">1713166283879</td><td rowspan="1">1</td></tr><tr class="failedeven"><td><a href="#m7">verifyTotalTasksCountBeforeAddNewTask</a></td><td rowspan="1">1713166283887</td><td rowspan="1">0</td></tr><tr><th colspan="4">Add Self Task And Check In Day View Functionality &#8212; skipped</th></tr><tr class="skippedeven"><td rowspan="4">com.biencaps.erp.testCases.AddSelfTaskAndCheckInDayViewFunctionality</td><td><a href="#m8">verifyAddedTaskFromMonthViewAtParticularDateCheckInDayView</a></td><td rowspan="1">1713166283901</td><td rowspan="1">1</td></tr><tr class="skippedeven"><td><a href="#m9">verifyAddedTaskFromMonthViewSidebarCheckInDayView</a></td><td rowspan="1">1713166283911</td><td rowspan="1">0</td></tr><tr class="skippedeven"><td><a href="#m10">verifyTotalTasksCountAndLogMessagesInDayViewAfterAddingAnotherTaskFromMonthViewSidebar</a></td><td rowspan="1">1713166283914</td><td rowspan="1">1</td></tr><tr class="skippedeven"><td><a href="#m11">verifyTotalTasksCountAndLogMessagesInDayViewAfterNewTaskAddFromMonthViewAtParticularDate</a></td><td rowspan="1">1713166283904</td><td rowspan="1">0</td></tr></tbody>
<tbody id="t3"><tr><th colspan="4">Self Task Update Functionality &#8212; failed</th></tr><tr class="failedeven"><td rowspan="12">com.biencaps.erp.testCases.SelfTaskUpdateFunctionality</td><td><a href="#m12">verifyRandomTaskDetailsInDayView</a></td><td rowspan="1">1713166283962</td><td rowspan="1">2</td></tr><tr class="failedeven"><td><a href="#m13">verifyUpdateSelfTaskCommentFromDayViewAndCheckTaskCommentAndLogs</a></td><td rowspan="1">1713166284017</td><td rowspan="1">0</td></tr><tr class="failedeven"><td><a href="#m14">verifyUpdateSelfTaskDepartmentFromDayViewAndCheckTaskDepartmentAndLogs</a></td><td rowspan="1">1713166283983</td><td rowspan="1">2</td></tr><tr class="failedeven"><td><a href="#m15">verifyUpdateSelfTaskDueDateFromDayViewAndCheckTaskDueDateAndLogs</a></td><td rowspan="1">1713166283980</td><td rowspan="1">1</td></tr><tr class="failedeven"><td><a href="#m16">verifyUpdateSelfTaskGitlinkByGivingInvalidGitlinkFromDayViewAndCheckTaskGitlinkAndLogs</a></td><td rowspan="1">1713166283997</td><td rowspan="1">3</td></tr><tr class="failedeven"><td><a href="#m17">verifyUpdateSelfTaskGitlinkByGivingValidGitlinkFromDayViewAndCheckTaskGitlinkAndLogs</a></td><td rowspan="1">1713166284005</td><td rowspan="1">6</td></tr><tr class="failedeven"><td><a href="#m18">verifyUpdateSelfTaskGitlinkFromDayViewWithoutSelectingProject</a></td><td rowspan="1">1713166283987</td><td rowspan="1">1</td></tr><tr class="failedeven"><td><a href="#m19">verifyUpdateSelfTaskPriorityFromDayViewAndCheckTaskPriorityAndLogs</a></td><td rowspan="1">1713166283973</td><td rowspan="1">4</td></tr><tr class="failedeven"><td><a href="#m20">verifyUpdateSelfTaskProjectFromDayViewAndCheckTaskProjectAndLogs</a></td><td rowspan="1">1713166283992</td><td rowspan="1">1</td></tr><tr class="failedeven"><td><a href="#m21">verifyUpdateSelfTaskStatusFromDayViewAndCheckTaskStatusAndLogs</a></td><td rowspan="1">1713166283969</td><td rowspan="1">2</td></tr><tr class="failedeven"><td><a href="#m22">verifyUpdateSelfTaskTitleFromDayViewAndCheckTaskTitleAndLogs</a></td><td rowspan="1">1713166283966</td><td rowspan="1">1</td></tr><tr class="failedeven"><td><a href="#m23">verifyUpdateSelfTaskVerifiedStatusFromDayViewAndCheckTaskVerifiedStatusAndLogs</a></td><td rowspan="1">1713166284014</td><td rowspan="1">2</td></tr></tbody>
<tbody id="t4"><tr><th colspan="4">Self Task Submitted Functionality &#8212; failed</th></tr><tr class="failedeven"><td rowspan="8">com.biencaps.erp.testCases.SelfTaskSubmittedFunctionality</td><td><a href="#m24">verifyDeniedRequestForTaskSubmitOfEmployeeFromAdminSide</a></td><td rowspan="1">1713166284163</td><td rowspan="1">1</td></tr><tr class="failedeven"><td><a href="#m25">verifyIsRequestActionAndTaskTitlePresentInRequestCardList</a></td><td rowspan="1">1713166284167</td><td rowspan="1">1</td></tr><tr class="failedeven"><td><a href="#m26">verifyLogoutAsAdminLoginAsEmployeeAndCheckEmployeeName</a></td><td rowspan="1">1713166284170</td><td rowspan="1">26</td></tr><tr class="failedeven"><td><a href="#m27">verifyLogoutAsEmployeeLoginAsAdminAndCheckAdminName</a></td><td rowspan="1">1713166284080</td><td rowspan="1">73</td></tr><tr class="failedeven"><td><a href="#m28">verifyNotificationMessageOfTaskSubmitDRequestDeniedByAdmin</a></td><td rowspan="1">1713166284199</td><td rowspan="1">0</td></tr><tr class="failedeven"><td><a href="#m29">verifySelfTaskSubmittedInDayView</a></td><td rowspan="1">1713166284071</td><td rowspan="1">1</td></tr><tr class="failedeven"><td><a href="#m30">verifyTaskStatusInDayViewAfterTaskSubmittedRequestDeniedByAdmin</a></td><td rowspan="1">1713166284201</td><td rowspan="1">1</td></tr><tr class="failedeven"><td><a href="#m31">verifyTaskSubmittedRequestInMyRequestSection</a></td><td rowspan="1">1713166284076</td><td rowspan="1">1</td></tr></tbody>
<tbody id="t5"><tr><th colspan="4">Self Task Delete Functionality &#8212; failed (configuration methods)</th></tr><tr class="failedeven"><td rowspan="1">com.biencaps.erp.testCases.SelfTaskDeleteFunctionality</td><td><a href="#m32">verifyLastTaskDetailsInDayView</a></td><td rowspan="1">1713166284245</td><td rowspan="1">2</td></tr><tr><th colspan="4">Self Task Delete Functionality &#8212; failed</th></tr><tr class="failedeven"><td rowspan="2">com.biencaps.erp.testCases.LogoutFunctionality</td><td><a href="#m33">verifyLogOutCancelEmployee</a></td><td rowspan="1">1713166284256</td><td rowspan="1">25</td></tr><tr class="failedeven"><td><a href="#m34">verifyLogOutEmployee</a></td><td rowspan="1">1713166284285</td><td rowspan="1">22</td></tr><tr><th colspan="4">Self Task Delete Functionality &#8212; skipped (configuration methods)</th></tr><tr class="skippedeven"><td rowspan="1">com.biencaps.erp.testCases.SelfTaskDeleteFunctionality</td><td><a href="#m35">tearDown</a></td><td rowspan="1">1713166284350</td><td rowspan="1">0</td></tr><tr><th colspan="4">Self Task Delete Functionality &#8212; skipped</th></tr><tr class="skippedeven"><td rowspan="3">com.biencaps.erp.testCases.SelfTaskDeleteFunctionality</td><td><a href="#m36">verifyDeleteLastTaskFromDayView</a></td><td rowspan="1">1713166284251</td><td rowspan="1">0</td></tr><tr class="skippedeven"><td><a href="#m37">verifyLogMessageAfterNewTaskDeleteFromDayView</a></td><td rowspan="1">1713166284253</td><td rowspan="1">0</td></tr><tr class="skippedeven"><td><a href="#m38">verifyTotalTasksCountInDayViewAfterDeletingSingleTask</a></td><td rowspan="1">1713166284255</td><td rowspan="1">0</td></tr></tbody>
</table>
<h2>Forgot Password Functionality</h2><h3 id="m0">com.biencaps.erp.testCases.ForgotPasswordFunctionality#verifyForgotPasswordWithoutGivingUserId</h3><table class="result"><tr><th>Exception</th></tr><tr><td><div class="stacktrace">java.lang.NullPointerException: Cannot invoke &quot;org.openqa.selenium.WebDriver.findElement(org.openqa.selenium.By)&quot; because &quot;this.driver&quot; is null
	at com.biencaps.erp.utilities.SeleniumMethods.clickOnMethod(SeleniumMethods.java:54)
	at com.biencaps.erp.pageObjectModels.LoginPage.clickOnForgotPasswordLink(LoginPage.java:67)
	at com.biencaps.erp.testCases.ForgotPasswordFunctionality.verifyForgotPasswordWithoutGivingUserId(ForgotPasswordFunctionality.java:29)
	at java.base/java.util.ArrayList.forEach(ArrayList.java:1511)
... Removed 31 stack frames</div></td></tr></table><p class="totop"><a href="#summary">back to summary</a></p>
<h2>Login Functionality</h2><h3 id="m1">com.biencaps.erp.testCases.LoginFunctionality#verifyLoginEmployeeByGivingValidUserIdAndValidPassword</h3><table class="result"><tr><th>Exception</th></tr><tr><td><div class="stacktrace">java.lang.NullPointerException: Cannot invoke &quot;org.openqa.selenium.WebDriver.findElement(org.openqa.selenium.By)&quot; because &quot;this.driver&quot; is null
	at com.biencaps.erp.utilities.SeleniumMethods.clickOnMethod(SeleniumMethods.java:54)
	at com.biencaps.erp.pageObjectModels.LoginPage.clickOnUserIdTextfield(LoginPage.java:33)
	at com.biencaps.erp.testCases.LoginFunctionality.verifyLoginEmployeeByGivingValidUserIdAndValidPassword(LoginFunctionality.java:173)
	at java.base/java.util.ArrayList.forEach(ArrayList.java:1511)
... Removed 31 stack frames</div></td></tr></table><p class="totop"><a href="#summary">back to summary</a></p>
<h2>Add Self Task And Check In Day View Functionality</h2><h3 id="m2">com.biencaps.erp.testCases.AddSelfTaskAndCheckInDayViewFunctionality#checkEmployeeNameAfterLoggedIn</h3><table class="result"><tr><th>Exception</th></tr><tr><td><div class="stacktrace">java.lang.NullPointerException: Cannot invoke &quot;org.openqa.selenium.WebDriver.findElement(org.openqa.selenium.By)&quot; because &quot;this.driver&quot; is null
	at com.biencaps.erp.utilities.SeleniumMethods.getTextMethod(SeleniumMethods.java:119)
	at com.biencaps.erp.pageObjectModels.MyTasksPage.checkEmployeeNameAtDashboard(MyTasksPage.java:126)
	at com.biencaps.erp.testCases.AddSelfTaskAndCheckInDayViewFunctionality.checkEmployeeNameAfterLoggedIn(AddSelfTaskAndCheckInDayViewFunctionality.java:80)
	at java.base/java.util.ArrayList.forEach(ArrayList.java:1511)
... Removed 31 stack frames</div></td></tr></table><p class="totop"><a href="#summary">back to summary</a></p>
<h3 id="m3">com.biencaps.erp.testCases.AddSelfTaskAndCheckInDayViewFunctionality#verifyAddTaskFromMonthViewAtParticularDate</h3><table class="result"><tr><th>Exception</th></tr><tr><td><div class="stacktrace">java.lang.NullPointerException: Cannot invoke &quot;org.openqa.selenium.WebDriver.findElement(org.openqa.selenium.By)&quot; because &quot;this.driver&quot; is null
	at com.biencaps.erp.utilities.SeleniumMethods.clickOnMethod(SeleniumMethods.java:54)
	at com.biencaps.erp.pageObjectModels.MyTasksPage.clickOnMonthButton(MyTasksPage.java:678)
	at com.biencaps.erp.testCases.AddSelfTaskAndCheckInDayViewFunctionality.verifyAddTaskFromMonthViewAtParticularDate(AddSelfTaskAndCheckInDayViewFunctionality.java:173)
	at java.base/java.util.ArrayList.forEach(ArrayList.java:1511)
... Removed 31 stack frames</div></td></tr></table><p class="totop"><a href="#summary">back to summary</a></p>
<h3 id="m4">com.biencaps.erp.testCases.AddSelfTaskAndCheckInDayViewFunctionality#verifyAddTaskFromMonthViewByGivingOnlyTitle</h3><table class="result"><tr><th>Exception</th></tr><tr><td><div class="stacktrace">java.lang.NullPointerException: Cannot invoke &quot;org.openqa.selenium.WebDriver.findElement(org.openqa.selenium.By)&quot; because &quot;this.driver&quot; is null
	at com.biencaps.erp.utilities.SeleniumMethods.clickOnMethod(SeleniumMethods.java:54)
	at com.biencaps.erp.pageObjectModels.MyTasksPage.clickOnMonthButton(MyTasksPage.java:678)
	at com.biencaps.erp.testCases.AddSelfTaskAndCheckInDayViewFunctionality.verifyAddTaskFromMonthViewByGivingOnlyTitle(AddSelfTaskAndCheckInDayViewFunctionality.java:118)
	at java.base/java.util.ArrayList.forEach(ArrayList.java:1511)
... Removed 31 stack frames</div></td></tr></table><p class="totop"><a href="#summary">back to summary</a></p>
<h3 id="m5">com.biencaps.erp.testCases.AddSelfTaskAndCheckInDayViewFunctionality#verifyAddTaskFromMonthViewSidebarByGivingOnlyTitleAndDate</h3><table class="result"><tr><th>Exception</th></tr><tr><td><div class="stacktrace">java.lang.NullPointerException: Cannot invoke &quot;org.openqa.selenium.WebDriver.findElement(org.openqa.selenium.By)&quot; because &quot;this.driver&quot; is null
	at com.biencaps.erp.utilities.SeleniumMethods.clickOnMethod(SeleniumMethods.java:54)
	at com.biencaps.erp.pageObjectModels.MyTasksPage.clickOnMonthButton(MyTasksPage.java:678)
	at com.biencaps.erp.testCases.AddSelfTaskAndCheckInDayViewFunctionality.verifyAddTaskFromMonthViewSidebarByGivingOnlyTitleAndDate(AddSelfTaskAndCheckInDayViewFunctionality.java:483)
	at java.base/java.util.ArrayList.forEach(ArrayList.java:1511)
... Removed 31 stack frames</div></td></tr></table><p class="totop"><a href="#summary">back to summary</a></p>
<h3 id="m6">com.biencaps.erp.testCases.AddSelfTaskAndCheckInDayViewFunctionality#verifyAddTaskFromSidebarWithoutEnteringTaskTitle</h3><table class="result"><tr><th>Exception</th></tr><tr><td><div class="stacktrace">java.lang.NullPointerException: Cannot invoke &quot;org.openqa.selenium.WebDriver.findElement(org.openqa.selenium.By)&quot; because &quot;this.driver&quot; is null
	at com.biencaps.erp.utilities.SeleniumMethods.clickOnMethod(SeleniumMethods.java:54)
	at com.biencaps.erp.pageObjectModels.MyTasksPage.clickOnAddTaskButtonAtRightTopSide(MyTasksPage.java:135)
	at com.biencaps.erp.testCases.AddSelfTaskAndCheckInDayViewFunctionality.verifyAddTaskFromSidebarWithoutEnteringTaskTitle(AddSelfTaskAndCheckInDayViewFunctionality.java:92)
	at java.base/java.util.ArrayList.forEach(ArrayList.java:1511)
... Removed 31 stack frames</div></td></tr></table><p class="totop"><a href="#summary">back to summary</a></p>
<h3 id="m7">com.biencaps.erp.testCases.AddSelfTaskAndCheckInDayViewFunctionality#verifyTotalTasksCountBeforeAddNewTask</h3><table class="result"><tr><th>Exception</th></tr><tr><td><div class="stacktrace">java.lang.NullPointerException: Cannot invoke &quot;org.openqa.selenium.WebDriver.findElement(org.openqa.selenium.By)&quot; because &quot;this.driver&quot; is null
	at com.biencaps.erp.utilities.SeleniumMethods.clickOnMethod(SeleniumMethods.java:54)
	at com.biencaps.erp.pageObjectModels.MyTasksPage.clickOnDayButton(MyTasksPage.java:413)
	at com.biencaps.erp.testCases.AddSelfTaskAndCheckInDayViewFunctionality.verifyTotalTasksCountBeforeAddNewTask(AddSelfTaskAndCheckInDayViewFunctionality.java:160)
	at java.base/java.util.ArrayList.forEach(ArrayList.java:1511)
... Removed 31 stack frames</div></td></tr></table><p class="totop"><a href="#summary">back to summary</a></p>
<h3 id="m8">com.biencaps.erp.testCases.AddSelfTaskAndCheckInDayViewFunctionality#verifyAddedTaskFromMonthViewAtParticularDateCheckInDayView</h3><table class="result"><tr><th>Exception</th></tr><tr><td><div class="stacktrace">java.lang.Throwable: Method com.biencaps.erp.testCases.AddSelfTaskAndCheckInDayViewFunctionality.verifyAddedTaskFromMonthViewAtParticularDateCheckInDayView() on instance com.biencaps.erp.testCases.AddSelfTaskAndCheckInDayViewFunctionality@37052337 depends on not successfully finished methods 
[com.biencaps.erp.testCases.AddSelfTaskAndCheckInDayViewFunctionality.verifyAddTaskFromMonthViewAtParticularDate() on instance com.biencaps.erp.testCases.AddSelfTaskAndCheckInDayViewFunctionality@37052337]
	at java.base/java.util.ArrayList.forEach(ArrayList.java:1511)
... Removed 22 stack frames</div></td></tr></table><p class="totop"><a href="#summary">back to summary</a></p>
<h3 id="m9">com.biencaps.erp.testCases.AddSelfTaskAndCheckInDayViewFunctionality#verifyAddedTaskFromMonthViewSidebarCheckInDayView</h3><table class="result"><tr><th>Exception</th></tr><tr><td><div class="stacktrace">java.lang.Throwable: Method com.biencaps.erp.testCases.AddSelfTaskAndCheckInDayViewFunctionality.verifyAddedTaskFromMonthViewSidebarCheckInDayView() on instance com.biencaps.erp.testCases.AddSelfTaskAndCheckInDayViewFunctionality@37052337 depends on not successfully finished methods 
[com.biencaps.erp.testCases.AddSelfTaskAndCheckInDayViewFunctionality.verifyAddTaskFromMonthViewSidebarByGivingOnlyTitleAndDate() on instance com.biencaps.erp.testCases.AddSelfTaskAndCheckInDayViewFunctionality@37052337]
	at java.base/java.util.ArrayList.forEach(ArrayList.java:1511)
... Removed 22 stack frames</div></td></tr></table><p class="totop"><a href="#summary">back to summary</a></p>
<h3 id="m10">com.biencaps.erp.testCases.AddSelfTaskAndCheckInDayViewFunctionality#verifyTotalTasksCountAndLogMessagesInDayViewAfterAddingAnotherTaskFromMonthViewSidebar</h3><table class="result"><tr><th>Exception</th></tr><tr><td><div class="stacktrace">java.lang.Throwable: Method com.biencaps.erp.testCases.AddSelfTaskAndCheckInDayViewFunctionality.verifyTotalTasksCountAndLogMessagesInDayViewAfterAddingAnotherTaskFromMonthViewSidebar() on instance com.biencaps.erp.testCases.AddSelfTaskAndCheckInDayViewFunctionality@37052337 depends on not successfully finished methods 
[com.biencaps.erp.testCases.AddSelfTaskAndCheckInDayViewFunctionality.verifyAddedTaskFromMonthViewSidebarCheckInDayView() on instance com.biencaps.erp.testCases.AddSelfTaskAndCheckInDayViewFunctionality@37052337]
	at java.base/java.util.ArrayList.forEach(ArrayList.java:1511)
... Removed 22 stack frames</div></td></tr></table><p class="totop"><a href="#summary">back to summary</a></p>
<h3 id="m11">com.biencaps.erp.testCases.AddSelfTaskAndCheckInDayViewFunctionality#verifyTotalTasksCountAndLogMessagesInDayViewAfterNewTaskAddFromMonthViewAtParticularDate</h3><table class="result"><tr><th>Exception</th></tr><tr><td><div class="stacktrace">java.lang.Throwable: Method com.biencaps.erp.testCases.AddSelfTaskAndCheckInDayViewFunctionality.verifyTotalTasksCountAndLogMessagesInDayViewAfterNewTaskAddFromMonthViewAtParticularDate() on instance com.biencaps.erp.testCases.AddSelfTaskAndCheckInDayViewFunctionality@37052337 depends on not successfully finished methods 
[com.biencaps.erp.testCases.AddSelfTaskAndCheckInDayViewFunctionality.verifyAddedTaskFromMonthViewAtParticularDateCheckInDayView() on instance com.biencaps.erp.testCases.AddSelfTaskAndCheckInDayViewFunctionality@37052337]
	at java.base/java.util.ArrayList.forEach(ArrayList.java:1511)
... Removed 22 stack frames</div></td></tr></table><p class="totop"><a href="#summary">back to summary</a></p>
<h2>Self Task Update Functionality</h2><h3 id="m12">com.biencaps.erp.testCases.SelfTaskUpdateFunctionality#verifyRandomTaskDetailsInDayView</h3><table class="result"><tr><th>Exception</th></tr><tr><td><div class="stacktrace">java.lang.NullPointerException: Cannot invoke &quot;org.openqa.selenium.WebDriver.findElement(org.openqa.selenium.By)&quot; because &quot;this.driver&quot; is null
	at com.biencaps.erp.utilities.SeleniumMethods.clickOnMethod(SeleniumMethods.java:54)
	at com.biencaps.erp.pageObjectModels.MyTasksPage.clickOnDayButton(MyTasksPage.java:413)
	at com.biencaps.erp.testCases.SelfTaskUpdateFunctionality.verifyRandomTaskDetailsInDayView(SelfTaskUpdateFunctionality.java:40)
	at java.base/java.util.ArrayList.forEach(ArrayList.java:1511)
... Removed 31 stack frames</div></td></tr></table><p class="totop"><a href="#summary">back to summary</a></p>
<h3 id="m13">com.biencaps.erp.testCases.SelfTaskUpdateFunctionality#verifyUpdateSelfTaskCommentFromDayViewAndCheckTaskCommentAndLogs</h3><table class="result"><tr><th>Exception</th></tr><tr><td><div class="stacktrace">java.lang.NullPointerException: Cannot invoke &quot;org.openqa.selenium.WebDriver.findElement(org.openqa.selenium.By)&quot; because &quot;this.driver&quot; is null
	at com.biencaps.erp.utilities.SeleniumMethods.scrollHorizantally(SeleniumMethods.java:48)
	at com.biencaps.erp.pageObjectModels.MyTasksPage.scrollHorizantally(MyTasksPage.java:612)
	at com.biencaps.erp.testCases.SelfTaskUpdateFunctionality.verifyUpdateSelfTaskCommentFromDayViewAndCheckTaskCommentAndLogs(SelfTaskUpdateFunctionality.java:769)
	at java.base/java.util.ArrayList.forEach(ArrayList.java:1511)
... Removed 31 stack frames</div></td></tr></table><p class="totop"><a href="#summary">back to summary</a></p>
<h3 id="m14">com.biencaps.erp.testCases.SelfTaskUpdateFunctionality#verifyUpdateSelfTaskDepartmentFromDayViewAndCheckTaskDepartmentAndLogs</h3><table class="result"><tr><th>Exception</th></tr><tr><td><div class="stacktrace">java.lang.NullPointerException: Cannot invoke &quot;org.openqa.selenium.WebDriver.findElement(org.openqa.selenium.By)&quot; because &quot;this.driver&quot; is null
	at com.biencaps.erp.utilities.SeleniumMethods.scrollHorizantally(SeleniumMethods.java:48)
	at com.biencaps.erp.pageObjectModels.MyTasksPage.scrollHorizantally(MyTasksPage.java:612)
	at com.biencaps.erp.testCases.SelfTaskUpdateFunctionality.verifyUpdateSelfTaskDepartmentFromDayViewAndCheckTaskDepartmentAndLogs(SelfTaskUpdateFunctionality.java:423)
	at java.base/java.util.ArrayList.forEach(ArrayList.java:1511)
... Removed 31 stack frames</div></td></tr></table><p class="totop"><a href="#summary">back to summary</a></p>
<h3 id="m15">com.biencaps.erp.testCases.SelfTaskUpdateFunctionality#verifyUpdateSelfTaskDueDateFromDayViewAndCheckTaskDueDateAndLogs</h3><table class="result"><tr><th>Exception</th></tr><tr><td><div class="stacktrace">java.lang.NullPointerException: Cannot invoke &quot;org.openqa.selenium.WebDriver.findElement(org.openqa.selenium.By)&quot; because &quot;this.driver&quot; is null
	at com.biencaps.erp.utilities.SeleniumMethods.scrollHorizantally(SeleniumMethods.java:48)
	at com.biencaps.erp.pageObjectModels.MyTasksPage.scrollHorizantally(MyTasksPage.java:612)
	at com.biencaps.erp.testCases.SelfTaskUpdateFunctionality.verifyUpdateSelfTaskDueDateFromDayViewAndCheckTaskDueDateAndLogs(SelfTaskUpdateFunctionality.java:359)
	at java.base/java.util.ArrayList.forEach(ArrayList.java:1511)
... Removed 31 stack frames</div></td></tr></table><p class="totop"><a href="#summary">back to summary</a></p>
<h3 id="m16">com.biencaps.erp.testCases.SelfTaskUpdateFunctionality#verifyUpdateSelfTaskGitlinkByGivingInvalidGitlinkFromDayViewAndCheckTaskGitlinkAndLogs</h3><table class="result"><tr><th>Exception</th></tr><tr><td><div class="stacktrace">java.lang.NullPointerException: Cannot invoke &quot;org.openqa.selenium.WebDriver.findElement(org.openqa.selenium.By)&quot; because &quot;this.driver&quot; is null
	at com.biencaps.erp.utilities.SeleniumMethods.scrollHorizantally(SeleniumMethods.java:48)
	at com.biencaps.erp.pageObjectModels.MyTasksPage.scrollHorizantally(MyTasksPage.java:612)
	at com.biencaps.erp.testCases.SelfTaskUpdateFunctionality.verifyUpdateSelfTaskGitlinkByGivingInvalidGitlinkFromDayViewAndCheckTaskGitlinkAndLogs(SelfTaskUpdateFunctionality.java:606)
	at java.base/java.util.ArrayList.forEach(ArrayList.java:1511)
... Removed 31 stack frames</div></td></tr></table><p class="totop"><a href="#summary">back to summary</a></p>
<h3 id="m17">com.biencaps.erp.testCases.SelfTaskUpdateFunctionality#verifyUpdateSelfTaskGitlinkByGivingValidGitlinkFromDayViewAndCheckTaskGitlinkAndLogs</h3><table class="result"><tr><th>Exception</th></tr><tr><td><div class="stacktrace">java.lang.NullPointerException: Cannot invoke &quot;org.openqa.selenium.WebDriver.findElement(org.openqa.selenium.By)&quot; because &quot;this.driver&quot; is null
	at com.biencaps.erp.utilities.SeleniumMethods.scrollHorizantally(SeleniumMethods.java:48)
	at com.biencaps.erp.pageObjectModels.MyTasksPage.scrollHorizantally(MyTasksPage.java:612)
	at com.biencaps.erp.testCases.SelfTaskUpdateFunctionality.verifyUpdateSelfTaskGitlinkByGivingValidGitlinkFromDayViewAndCheckTaskGitlinkAndLogs(SelfTaskUpdateFunctionality.java:642)
	at java.base/java.util.ArrayList.forEach(ArrayList.java:1511)
... Removed 31 stack frames</div></td></tr></table><p class="totop"><a href="#summary">back to summary</a></p>
<h3 id="m18">com.biencaps.erp.testCases.SelfTaskUpdateFunctionality#verifyUpdateSelfTaskGitlinkFromDayViewWithoutSelectingProject</h3><table class="result"><tr><th>Exception</th></tr><tr><td><div class="stacktrace">java.lang.NullPointerException: Cannot invoke &quot;org.openqa.selenium.WebDriver.findElement(org.openqa.selenium.By)&quot; because &quot;this.driver&quot; is null
	at com.biencaps.erp.utilities.SeleniumMethods.scrollHorizantally(SeleniumMethods.java:48)
	at com.biencaps.erp.pageObjectModels.MyTasksPage.scrollHorizantally(MyTasksPage.java:612)
	at com.biencaps.erp.testCases.SelfTaskUpdateFunctionality.verifyUpdateSelfTaskGitlinkFromDayViewWithoutSelectingProject(SelfTaskUpdateFunctionality.java:507)
	at java.base/java.util.ArrayList.forEach(ArrayList.java:1511)
... Removed 31 stack frames</div></td></tr></table><p class="totop"><a href="#summary">back to summary</a></p>
<h3 id="m19">com.biencaps.erp.testCases.SelfTaskUpdateFunctionality#verifyUpdateSelfTaskPriorityFromDayViewAndCheckTaskPriorityAndLogs</h3><table class="result"><tr><th>Exception</th></tr><tr><td><div class="stacktrace">java.lang.NullPointerException: Cannot invoke &quot;org.openqa.selenium.WebDriver.findElements(org.openqa.selenium.By)&quot; because &quot;this.driver&quot; is null
	at com.biencaps.erp.utilities.SeleniumMethods.clickOnMethod(SeleniumMethods.java:62)
	at com.biencaps.erp.pageObjectModels.MyTasksPage.clickOnRandomTaskPriorityInDayView(MyTasksPage.java:865)
	at com.biencaps.erp.testCases.SelfTaskUpdateFunctionality.verifyUpdateSelfTaskPriorityFromDayViewAndCheckTaskPriorityAndLogs(SelfTaskUpdateFunctionality.java:229)
	at java.base/java.util.ArrayList.forEach(ArrayList.java:1511)
... Removed 31 stack frames</div></td></tr></table><p class="totop"><a href="#summary">back to summary</a></p>
<h3 id="m20">com.biencaps.erp.testCases.SelfTaskUpdateFunctionality#verifyUpdateSelfTaskProjectFromDayViewAndCheckTaskProjectAndLogs</h3><table class="result"><tr><th>Exception</th></tr><tr><td><div class="stacktrace">java.lang.NullPointerException: Cannot invoke &quot;org.openqa.selenium.WebDriver.findElement(org.openqa.selenium.By)&quot; because &quot;this.driver&quot; is null
	at com.biencaps.erp.utilities.SeleniumMethods.scrollHorizantally(SeleniumMethods.java:48)
	at com.biencaps.erp.pageObjectModels.MyTasksPage.scrollHorizantally(MyTasksPage.java:612)
	at com.biencaps.erp.testCases.SelfTaskUpdateFunctionality.verifyUpdateSelfTaskProjectFromDayViewAndCheckTaskProjectAndLogs(SelfTaskUpdateFunctionality.java:530)
	at java.base/java.util.ArrayList.forEach(ArrayList.java:1511)
... Removed 31 stack frames</div></td></tr></table><p class="totop"><a href="#summary">back to summary</a></p>
<h3 id="m21">com.biencaps.erp.testCases.SelfTaskUpdateFunctionality#verifyUpdateSelfTaskStatusFromDayViewAndCheckTaskStatusAndLogs</h3><table class="result"><tr><th>Exception</th></tr><tr><td><div class="stacktrace">java.lang.NullPointerException: Cannot invoke &quot;org.openqa.selenium.WebDriver.findElements(org.openqa.selenium.By)&quot; because &quot;this.driver&quot; is null
	at com.biencaps.erp.utilities.SeleniumMethods.clickOnMethod(SeleniumMethods.java:62)
	at com.biencaps.erp.pageObjectModels.MyTasksPage.clickOnRandomTaskStatusInDayView(MyTasksPage.java:816)
	at com.biencaps.erp.testCases.SelfTaskUpdateFunctionality.verifyUpdateSelfTaskStatusFromDayViewAndCheckTaskStatusAndLogs(SelfTaskUpdateFunctionality.java:155)
	at java.base/java.util.ArrayList.forEach(ArrayList.java:1511)
... Removed 31 stack frames</div></td></tr></table><p class="totop"><a href="#summary">back to summary</a></p>
<h3 id="m22">com.biencaps.erp.testCases.SelfTaskUpdateFunctionality#verifyUpdateSelfTaskTitleFromDayViewAndCheckTaskTitleAndLogs</h3><table class="result"><tr><th>Exception</th></tr><tr><td><div class="stacktrace">java.lang.NullPointerException: Cannot invoke &quot;org.openqa.selenium.WebDriver.findElement(org.openqa.selenium.By)&quot; because &quot;this.driver&quot; is null
	at com.biencaps.erp.utilities.SeleniumMethods.scrollHorizantally(SeleniumMethods.java:48)
	at com.biencaps.erp.pageObjectModels.MyTasksPage.scrollHorizantally(MyTasksPage.java:612)
	at com.biencaps.erp.testCases.SelfTaskUpdateFunctionality.verifyUpdateSelfTaskTitleFromDayViewAndCheckTaskTitleAndLogs(SelfTaskUpdateFunctionality.java:107)
	at java.base/java.util.ArrayList.forEach(ArrayList.java:1511)
... Removed 31 stack frames</div></td></tr></table><p class="totop"><a href="#summary">back to summary</a></p>
<h3 id="m23">com.biencaps.erp.testCases.SelfTaskUpdateFunctionality#verifyUpdateSelfTaskVerifiedStatusFromDayViewAndCheckTaskVerifiedStatusAndLogs</h3><table class="result"><tr><th>Exception</th></tr><tr><td><div class="stacktrace">java.lang.NullPointerException: Cannot invoke &quot;org.openqa.selenium.WebDriver.findElement(org.openqa.selenium.By)&quot; because &quot;this.driver&quot; is null
	at com.biencaps.erp.utilities.SeleniumMethods.scrollHorizantally(SeleniumMethods.java:48)
	at com.biencaps.erp.pageObjectModels.MyTasksPage.scrollHorizantally(MyTasksPage.java:612)
	at com.biencaps.erp.testCases.SelfTaskUpdateFunctionality.verifyUpdateSelfTaskVerifiedStatusFromDayViewAndCheckTaskVerifiedStatusAndLogs(SelfTaskUpdateFunctionality.java:691)
	at java.base/java.util.ArrayList.forEach(ArrayList.java:1511)
... Removed 31 stack frames</div></td></tr></table><p class="totop"><a href="#summary">back to summary</a></p>
<h2>Self Task Submitted Functionality</h2><h3 id="m24">com.biencaps.erp.testCases.SelfTaskSubmittedFunctionality#verifyDeniedRequestForTaskSubmitOfEmployeeFromAdminSide</h3><table class="result"><tr><th>Exception</th></tr><tr><td><div class="stacktrace">java.lang.NullPointerException: Cannot invoke &quot;org.openqa.selenium.WebDriver.findElement(org.openqa.selenium.By)&quot; because &quot;this.driver&quot; is null
	at com.biencaps.erp.utilities.SeleniumMethods.clickOnMethod(SeleniumMethods.java:54)
	at com.biencaps.erp.pageObjectModels.RequestPage.clickOnRequestSectionLink(RequestPage.java:36)
	at com.biencaps.erp.testCases.SelfTaskSubmittedFunctionality.verifyDeniedRequestForTaskSubmitOfEmployeeFromAdminSide(SelfTaskSubmittedFunctionality.java:126)
	at java.base/java.util.ArrayList.forEach(ArrayList.java:1511)
... Removed 31 stack frames</div></td></tr></table><p class="totop"><a href="#summary">back to summary</a></p>
<h3 id="m25">com.biencaps.erp.testCases.SelfTaskSubmittedFunctionality#verifyIsRequestActionAndTaskTitlePresentInRequestCardList</h3><table class="result"><tr><th>Exception</th></tr><tr><td><div class="stacktrace">java.lang.NullPointerException: Cannot invoke &quot;org.openqa.selenium.WebDriver.findElements(org.openqa.selenium.By)&quot; because &quot;this.driver&quot; is null
	at com.biencaps.erp.pageObjectModels.RequestPage.checkRequestActionReceivedRequestCard(RequestPage.java:67)
	at com.biencaps.erp.testCases.SelfTaskSubmittedFunctionality.verifyIsRequestActionAndTaskTitlePresentInRequestCardList(SelfTaskSubmittedFunctionality.java:161)
	at java.base/java.util.ArrayList.forEach(ArrayList.java:1511)
... Removed 31 stack frames</div></td></tr></table><p class="totop"><a href="#summary">back to summary</a></p>
<h3 id="m26">com.biencaps.erp.testCases.SelfTaskSubmittedFunctionality#verifyLogoutAsAdminLoginAsEmployeeAndCheckEmployeeName</h3><table class="result"><tr><th>Exception</th></tr><tr><td><div class="stacktrace">org.openqa.selenium.NoSuchElementException: no such element: Unable to locate element: {&quot;method&quot;:&quot;xpath&quot;,&quot;selector&quot;:&quot;(//*[name()=&apos;svg&apos;][@class=&apos;logout-req&apos;])[1]&quot;}
  (Session info: chrome=123.0.6312.107)
For documentation on this error, please visit: https://www.selenium.dev/documentation/webdriver/troubleshooting/errors#no-such-element-exception
Build info: version: &apos;4.19.1&apos;, revision: &apos;abe0ee07dc&apos;
System info: os.name: &apos;Windows 10&apos;, os.arch: &apos;amd64&apos;, os.version: &apos;10.0&apos;, java.version: &apos;17.0.8&apos;
Driver info: org.openqa.selenium.chrome.ChromeDriver
Command: [7cc35c9c093d2166c7d8db34ebe8b74d, findElement {using=xpath, value=(//*[name()=&apos;svg&apos;][@class=&apos;logout-req&apos;])[1]}]
Capabilities {acceptInsecureCerts: false, browserName: chrome, browserVersion: 123.0.6312.107, chrome: {chromedriverVersion: 123.0.6312.122 (31f8248cdd9..., userDataDir: C:\Users\Lenovo\AppData\Loc...}, fedcm:accounts: true, goog:chromeOptions: {debuggerAddress: localhost:54651}, networkConnectionEnabled: false, pageLoadStrategy: normal, platformName: windows, proxy: Proxy(), se:cdp: ws://localhost:54651/devtoo..., se:cdpVersion: 123.0.6312.107, setWindowRect: true, strictFileInteractability: false, timeouts: {implicit: 0, pageLoad: 300000, script: 30000}, unhandledPromptBehavior: dismiss and notify, webauthn:extension:credBlob: true, webauthn:extension:largeBlob: true, webauthn:extension:minPinLength: true, webauthn:extension:prf: true, webauthn:virtualAuthenticators: true}
Session ID: 7cc35c9c093d2166c7d8db34ebe8b74d
	at org.openqa.selenium.remote.ErrorCodec.decode(ErrorCodec.java:167)
	at org.openqa.selenium.remote.codec.w3c.W3CHttpResponseCodec.decode(W3CHttpResponseCodec.java:138)
	at org.openqa.selenium.remote.codec.w3c.W3CHttpResponseCodec.decode(W3CHttpResponseCodec.java:50)
	at org.openqa.selenium.remote.HttpCommandExecutor.execute(HttpCommandExecutor.java:190)
	at org.openqa.selenium.remote.service.DriverCommandExecutor.invokeExecute(DriverCommandExecutor.java:216)
	at org.openqa.selenium.remote.service.DriverCommandExecutor.execute(DriverCommandExecutor.java:174)
	at org.openqa.selenium.remote.RemoteWebDriver.execute(RemoteWebDriver.java:518)
	at org.openqa.selenium.remote.ElementLocation$ElementFinder$2.findElement(ElementLocation.java:165)
	at org.openqa.selenium.remote.ElementLocation.findElement(ElementLocation.java:59)
	at org.openqa.selenium.remote.RemoteWebDriver.findElement(RemoteWebDriver.java:355)
	at org.openqa.selenium.remote.RemoteWebDriver.findElement(RemoteWebDriver.java:349)
	at com.biencaps.erp.utilities.SeleniumMethods.clickOnMethod(SeleniumMethods.java:54)
	at com.biencaps.erp.pageObjectModels.DashboardPage.clickOnLogOutIcon(DashboardPage.java:37)
	at com.biencaps.erp.testCases.LogoutFunctionality.verifyLogOutEmployee(LogoutFunctionality.java:42)
	at com.biencaps.erp.testCases.SelfTaskSubmittedFunctionality.verifyLogoutAsAdminLoginAsEmployeeAndCheckEmployeeName(SelfTaskSubmittedFunctionality.java:175)
	at java.base/java.util.ArrayList.forEach(ArrayList.java:1511)
... Removed 36 stack frames</div></td></tr></table><p class="totop"><a href="#summary">back to summary</a></p>
<h3 id="m27">com.biencaps.erp.testCases.SelfTaskSubmittedFunctionality#verifyLogoutAsEmployeeLoginAsAdminAndCheckAdminName</h3><table class="result"><tr><th>Exception</th></tr><tr><td><div class="stacktrace">org.openqa.selenium.NoSuchElementException: no such element: Unable to locate element: {&quot;method&quot;:&quot;xpath&quot;,&quot;selector&quot;:&quot;(//*[name()=&apos;svg&apos;][@class=&apos;logout-req&apos;])[1]&quot;}
  (Session info: chrome=123.0.6312.107)
For documentation on this error, please visit: https://www.selenium.dev/documentation/webdriver/troubleshooting/errors#no-such-element-exception
Build info: version: &apos;4.19.1&apos;, revision: &apos;abe0ee07dc&apos;
System info: os.name: &apos;Windows 10&apos;, os.arch: &apos;amd64&apos;, os.version: &apos;10.0&apos;, java.version: &apos;17.0.8&apos;
Driver info: org.openqa.selenium.chrome.ChromeDriver
Command: [7cc35c9c093d2166c7d8db34ebe8b74d, findElement {using=xpath, value=(//*[name()=&apos;svg&apos;][@class=&apos;logout-req&apos;])[1]}]
Capabilities {acceptInsecureCerts: false, browserName: chrome, browserVersion: 123.0.6312.107, chrome: {chromedriverVersion: 123.0.6312.122 (31f8248cdd9..., userDataDir: C:\Users\Lenovo\AppData\Loc...}, fedcm:accounts: true, goog:chromeOptions: {debuggerAddress: localhost:54651}, networkConnectionEnabled: false, pageLoadStrategy: normal, platformName: windows, proxy: Proxy(), se:cdp: ws://localhost:54651/devtoo..., se:cdpVersion: 123.0.6312.107, setWindowRect: true, strictFileInteractability: false, timeouts: {implicit: 0, pageLoad: 300000, script: 30000}, unhandledPromptBehavior: dismiss and notify, webauthn:extension:credBlob: true, webauthn:extension:largeBlob: true, webauthn:extension:minPinLength: true, webauthn:extension:prf: true, webauthn:virtualAuthenticators: true}
Session ID: 7cc35c9c093d2166c7d8db34ebe8b74d
	at org.openqa.selenium.remote.ErrorCodec.decode(ErrorCodec.java:167)
	at org.openqa.selenium.remote.codec.w3c.W3CHttpResponseCodec.decode(W3CHttpResponseCodec.java:138)
	at org.openqa.selenium.remote.codec.w3c.W3CHttpResponseCodec.decode(W3CHttpResponseCodec.java:50)
	at org.openqa.selenium.remote.HttpCommandExecutor.execute(HttpCommandExecutor.java:190)
	at org.openqa.selenium.remote.service.DriverCommandExecutor.invokeExecute(DriverCommandExecutor.java:216)
	at org.openqa.selenium.remote.service.DriverCommandExecutor.execute(DriverCommandExecutor.java:174)
	at org.openqa.selenium.remote.RemoteWebDriver.execute(RemoteWebDriver.java:518)
	at org.openqa.selenium.remote.ElementLocation$ElementFinder$2.findElement(ElementLocation.java:165)
	at org.openqa.selenium.remote.ElementLocation.findElement(ElementLocation.java:59)
	at org.openqa.selenium.remote.RemoteWebDriver.findElement(RemoteWebDriver.java:355)
	at org.openqa.selenium.remote.RemoteWebDriver.findElement(RemoteWebDriver.java:349)
	at com.biencaps.erp.utilities.SeleniumMethods.clickOnMethod(SeleniumMethods.java:54)
	at com.biencaps.erp.pageObjectModels.DashboardPage.clickOnLogOutIcon(DashboardPage.java:37)
	at com.biencaps.erp.testCases.LogoutFunctionality.verifyLogOutEmployee(LogoutFunctionality.java:42)
	at com.biencaps.erp.testCases.SelfTaskSubmittedFunctionality.verifyLogoutAsEmployeeLoginAsAdminAndCheckAdminName(SelfTaskSubmittedFunctionality.java:109)
	at java.base/java.util.ArrayList.forEach(ArrayList.java:1511)
... Removed 36 stack frames</div></td></tr></table><p class="totop"><a href="#summary">back to summary</a></p>
<h3 id="m28">com.biencaps.erp.testCases.SelfTaskSubmittedFunctionality#verifyNotificationMessageOfTaskSubmitDRequestDeniedByAdmin</h3><table class="result"><tr><th>Exception</th></tr><tr><td><div class="stacktrace">java.lang.NullPointerException: Cannot invoke &quot;org.openqa.selenium.WebDriver.findElement(org.openqa.selenium.By)&quot; because &quot;this.driver&quot; is null
	at com.biencaps.erp.utilities.SeleniumMethods.clickOnMethod(SeleniumMethods.java:54)
	at com.biencaps.erp.pageObjectModels.DashboardPage.clickOnNotificationIcon(DashboardPage.java:49)
	at com.biencaps.erp.testCases.SelfTaskSubmittedFunctionality.verifyNotificationMessageOfTaskSubmitDRequestDeniedByAdmin(SelfTaskSubmittedFunctionality.java:190)
	at java.base/java.util.ArrayList.forEach(ArrayList.java:1511)
... Removed 31 stack frames</div></td></tr></table><p class="totop"><a href="#summary">back to summary</a></p>
<h3 id="m29">com.biencaps.erp.testCases.SelfTaskSubmittedFunctionality#verifySelfTaskSubmittedInDayView</h3><table class="result"><tr><th>Exception</th></tr><tr><td><div class="stacktrace">java.lang.NullPointerException: Cannot invoke &quot;org.openqa.selenium.WebDriver.findElement(org.openqa.selenium.By)&quot; because &quot;this.driver&quot; is null
	at com.biencaps.erp.utilities.SeleniumMethods.clickOnMethod(SeleniumMethods.java:54)
	at com.biencaps.erp.pageObjectModels.MyTasksPage.clickOnDayButton(MyTasksPage.java:413)
	at com.biencaps.erp.testCases.SelfTaskSubmittedFunctionality.verifySelfTaskSubmittedInDayView(SelfTaskSubmittedFunctionality.java:36)
	at java.base/java.util.ArrayList.forEach(ArrayList.java:1511)
... Removed 31 stack frames</div></td></tr></table><p class="totop"><a href="#summary">back to summary</a></p>
<h3 id="m30">com.biencaps.erp.testCases.SelfTaskSubmittedFunctionality#verifyTaskStatusInDayViewAfterTaskSubmittedRequestDeniedByAdmin</h3><table class="result"><tr><th>Exception</th></tr><tr><td><div class="stacktrace">java.lang.NullPointerException: Cannot invoke &quot;org.openqa.selenium.WebDriver.findElement(org.openqa.selenium.By)&quot; because &quot;this.driver&quot; is null
	at com.biencaps.erp.utilities.SeleniumMethods.clickOnMethod(SeleniumMethods.java:54)
	at com.biencaps.erp.pageObjectModels.MyTasksPage.clickOnDayButton(MyTasksPage.java:413)
	at com.biencaps.erp.testCases.SelfTaskSubmittedFunctionality.verifyTaskStatusInDayViewAfterTaskSubmittedRequestDeniedByAdmin(SelfTaskSubmittedFunctionality.java:208)
	at java.base/java.util.ArrayList.forEach(ArrayList.java:1511)
... Removed 31 stack frames</div></td></tr></table><p class="totop"><a href="#summary">back to summary</a></p>
<h3 id="m31">com.biencaps.erp.testCases.SelfTaskSubmittedFunctionality#verifyTaskSubmittedRequestInMyRequestSection</h3><table class="result"><tr><th>Exception</th></tr><tr><td><div class="stacktrace">java.lang.NullPointerException: Cannot invoke &quot;org.openqa.selenium.WebDriver.findElement(org.openqa.selenium.By)&quot; because &quot;this.driver&quot; is null
	at com.biencaps.erp.utilities.SeleniumMethods.clickOnMethod(SeleniumMethods.java:54)
	at com.biencaps.erp.pageObjectModels.RequestPage.clickOnRequestSectionLink(RequestPage.java:36)
	at com.biencaps.erp.testCases.SelfTaskSubmittedFunctionality.verifyTaskSubmittedRequestInMyRequestSection(SelfTaskSubmittedFunctionality.java:77)
	at java.base/java.util.ArrayList.forEach(ArrayList.java:1511)
... Removed 31 stack frames</div></td></tr></table><p class="totop"><a href="#summary">back to summary</a></p>
<h2>Self Task Delete Functionality</h2><h3 id="m32">com.biencaps.erp.testCases.SelfTaskDeleteFunctionality#verifyLastTaskDetailsInDayView</h3><table class="result"><tr><th>Exception</th></tr><tr><td><div class="stacktrace">java.lang.NullPointerException: Cannot invoke &quot;org.openqa.selenium.WebDriver.findElement(org.openqa.selenium.By)&quot; because &quot;this.driver&quot; is null
	at com.biencaps.erp.utilities.SeleniumMethods.clickOnMethod(SeleniumMethods.java:54)
	at com.biencaps.erp.pageObjectModels.MyTasksPage.clickOnDayButton(MyTasksPage.java:413)
	at com.biencaps.erp.testCases.SelfTaskDeleteFunctionality.verifyLastTaskDetailsInDayView(SelfTaskDeleteFunctionality.java:36)
	at java.base/java.util.ArrayList.forEach(ArrayList.java:1511)
... Removed 29 stack frames</div></td></tr></table><p class="totop"><a href="#summary">back to summary</a></p>
<h3 id="m33">com.biencaps.erp.testCases.LogoutFunctionality#verifyLogOutCancelEmployee</h3><table class="result"><tr><th>Exception</th></tr><tr><td><div class="stacktrace">org.openqa.selenium.NoSuchElementException: no such element: Unable to locate element: {&quot;method&quot;:&quot;xpath&quot;,&quot;selector&quot;:&quot;(//*[name()=&apos;svg&apos;][@class=&apos;logout-req&apos;])[1]&quot;}
  (Session info: chrome=123.0.6312.107)
For documentation on this error, please visit: https://www.selenium.dev/documentation/webdriver/troubleshooting/errors#no-such-element-exception
Build info: version: &apos;4.19.1&apos;, revision: &apos;abe0ee07dc&apos;
System info: os.name: &apos;Windows 10&apos;, os.arch: &apos;amd64&apos;, os.version: &apos;10.0&apos;, java.version: &apos;17.0.8&apos;
Driver info: org.openqa.selenium.chrome.ChromeDriver
Command: [7cc35c9c093d2166c7d8db34ebe8b74d, findElement {using=xpath, value=(//*[name()=&apos;svg&apos;][@class=&apos;logout-req&apos;])[1]}]
Capabilities {acceptInsecureCerts: false, browserName: chrome, browserVersion: 123.0.6312.107, chrome: {chromedriverVersion: 123.0.6312.122 (31f8248cdd9..., userDataDir: C:\Users\Lenovo\AppData\Loc...}, fedcm:accounts: true, goog:chromeOptions: {debuggerAddress: localhost:54651}, networkConnectionEnabled: false, pageLoadStrategy: normal, platformName: windows, proxy: Proxy(), se:cdp: ws://localhost:54651/devtoo..., se:cdpVersion: 123.0.6312.107, setWindowRect: true, strictFileInteractability: false, timeouts: {implicit: 0, pageLoad: 300000, script: 30000}, unhandledPromptBehavior: dismiss and notify, webauthn:extension:credBlob: true, webauthn:extension:largeBlob: true, webauthn:extension:minPinLength: true, webauthn:extension:prf: true, webauthn:virtualAuthenticators: true}
Session ID: 7cc35c9c093d2166c7d8db34ebe8b74d
	at org.openqa.selenium.remote.ErrorCodec.decode(ErrorCodec.java:167)
	at org.openqa.selenium.remote.codec.w3c.W3CHttpResponseCodec.decode(W3CHttpResponseCodec.java:138)
	at org.openqa.selenium.remote.codec.w3c.W3CHttpResponseCodec.decode(W3CHttpResponseCodec.java:50)
	at org.openqa.selenium.remote.HttpCommandExecutor.execute(HttpCommandExecutor.java:190)
	at org.openqa.selenium.remote.service.DriverCommandExecutor.invokeExecute(DriverCommandExecutor.java:216)
	at org.openqa.selenium.remote.service.DriverCommandExecutor.execute(DriverCommandExecutor.java:174)
	at org.openqa.selenium.remote.RemoteWebDriver.execute(RemoteWebDriver.java:518)
	at org.openqa.selenium.remote.ElementLocation$ElementFinder$2.findElement(ElementLocation.java:165)
	at org.openqa.selenium.remote.ElementLocation.findElement(ElementLocation.java:59)
	at org.openqa.selenium.remote.RemoteWebDriver.findElement(RemoteWebDriver.java:355)
	at org.openqa.selenium.remote.RemoteWebDriver.findElement(RemoteWebDriver.java:349)
	at com.biencaps.erp.utilities.SeleniumMethods.clickOnMethod(SeleniumMethods.java:54)
	at com.biencaps.erp.pageObjectModels.DashboardPage.clickOnLogOutIcon(DashboardPage.java:37)
	at com.biencaps.erp.testCases.LogoutFunctionality.verifyLogOutCancelEmployee(LogoutFunctionality.java:28)
	at java.base/java.util.ArrayList.forEach(ArrayList.java:1511)
... Removed 36 stack frames</div></td></tr></table><p class="totop"><a href="#summary">back to summary</a></p>
<h3 id="m34">com.biencaps.erp.testCases.LogoutFunctionality#verifyLogOutEmployee</h3><table class="result"><tr><th>Exception</th></tr><tr><td><div class="stacktrace">org.openqa.selenium.NoSuchElementException: no such element: Unable to locate element: {&quot;method&quot;:&quot;xpath&quot;,&quot;selector&quot;:&quot;(//*[name()=&apos;svg&apos;][@class=&apos;logout-req&apos;])[1]&quot;}
  (Session info: chrome=123.0.6312.107)
For documentation on this error, please visit: https://www.selenium.dev/documentation/webdriver/troubleshooting/errors#no-such-element-exception
Build info: version: &apos;4.19.1&apos;, revision: &apos;abe0ee07dc&apos;
System info: os.name: &apos;Windows 10&apos;, os.arch: &apos;amd64&apos;, os.version: &apos;10.0&apos;, java.version: &apos;17.0.8&apos;
Driver info: org.openqa.selenium.chrome.ChromeDriver
Command: [7cc35c9c093d2166c7d8db34ebe8b74d, findElement {using=xpath, value=(//*[name()=&apos;svg&apos;][@class=&apos;logout-req&apos;])[1]}]
Capabilities {acceptInsecureCerts: false, browserName: chrome, browserVersion: 123.0.6312.107, chrome: {chromedriverVersion: 123.0.6312.122 (31f8248cdd9..., userDataDir: C:\Users\Lenovo\AppData\Loc...}, fedcm:accounts: true, goog:chromeOptions: {debuggerAddress: localhost:54651}, networkConnectionEnabled: false, pageLoadStrategy: normal, platformName: windows, proxy: Proxy(), se:cdp: ws://localhost:54651/devtoo..., se:cdpVersion: 123.0.6312.107, setWindowRect: true, strictFileInteractability: false, timeouts: {implicit: 0, pageLoad: 300000, script: 30000}, unhandledPromptBehavior: dismiss and notify, webauthn:extension:credBlob: true, webauthn:extension:largeBlob: true, webauthn:extension:minPinLength: true, webauthn:extension:prf: true, webauthn:virtualAuthenticators: true}
Session ID: 7cc35c9c093d2166c7d8db34ebe8b74d
	at org.openqa.selenium.remote.ErrorCodec.decode(ErrorCodec.java:167)
	at org.openqa.selenium.remote.codec.w3c.W3CHttpResponseCodec.decode(W3CHttpResponseCodec.java:138)
	at org.openqa.selenium.remote.codec.w3c.W3CHttpResponseCodec.decode(W3CHttpResponseCodec.java:50)
	at org.openqa.selenium.remote.HttpCommandExecutor.execute(HttpCommandExecutor.java:190)
	at org.openqa.selenium.remote.service.DriverCommandExecutor.invokeExecute(DriverCommandExecutor.java:216)
	at org.openqa.selenium.remote.service.DriverCommandExecutor.execute(DriverCommandExecutor.java:174)
	at org.openqa.selenium.remote.RemoteWebDriver.execute(RemoteWebDriver.java:518)
	at org.openqa.selenium.remote.ElementLocation$ElementFinder$2.findElement(ElementLocation.java:165)
	at org.openqa.selenium.remote.ElementLocation.findElement(ElementLocation.java:59)
	at org.openqa.selenium.remote.RemoteWebDriver.findElement(RemoteWebDriver.java:355)
	at org.openqa.selenium.remote.RemoteWebDriver.findElement(RemoteWebDriver.java:349)
	at com.biencaps.erp.utilities.SeleniumMethods.clickOnMethod(SeleniumMethods.java:54)
	at com.biencaps.erp.pageObjectModels.DashboardPage.clickOnLogOutIcon(DashboardPage.java:37)
	at com.biencaps.erp.testCases.LogoutFunctionality.verifyLogOutEmployee(LogoutFunctionality.java:42)
	at java.base/java.util.ArrayList.forEach(ArrayList.java:1511)
... Removed 36 stack frames</div></td></tr></table><p class="totop"><a href="#summary">back to summary</a></p>
<h3 id="m35">com.biencaps.erp.testCases.SelfTaskDeleteFunctionality#tearDown</h3><table class="result"><tr><th class="invisible"/></tr></table><p class="totop"><a href="#summary">back to summary</a></p>
<h3 id="m36">com.biencaps.erp.testCases.SelfTaskDeleteFunctionality#verifyDeleteLastTaskFromDayView</h3><table class="result"><tr><th>Exception</th></tr><tr><td><div class="stacktrace">java.lang.NullPointerException: Cannot invoke &quot;org.openqa.selenium.WebDriver.findElement(org.openqa.selenium.By)&quot; because &quot;this.driver&quot; is null
	at com.biencaps.erp.utilities.SeleniumMethods.clickOnMethod(SeleniumMethods.java:54)
	at com.biencaps.erp.pageObjectModels.MyTasksPage.clickOnDayButton(MyTasksPage.java:413)
	at com.biencaps.erp.testCases.SelfTaskDeleteFunctionality.verifyLastTaskDetailsInDayView(SelfTaskDeleteFunctionality.java:36)
	at java.base/java.util.ArrayList.forEach(ArrayList.java:1511)
... Removed 29 stack frames</div></td></tr></table><p class="totop"><a href="#summary">back to summary</a></p>
<h3 id="m37">com.biencaps.erp.testCases.SelfTaskDeleteFunctionality#verifyLogMessageAfterNewTaskDeleteFromDayView</h3><table class="result"><tr><th>Exception</th></tr><tr><td><div class="stacktrace">java.lang.NullPointerException: Cannot invoke &quot;org.openqa.selenium.WebDriver.findElement(org.openqa.selenium.By)&quot; because &quot;this.driver&quot; is null
	at com.biencaps.erp.utilities.SeleniumMethods.clickOnMethod(SeleniumMethods.java:54)
	at com.biencaps.erp.pageObjectModels.MyTasksPage.clickOnDayButton(MyTasksPage.java:413)
	at com.biencaps.erp.testCases.SelfTaskDeleteFunctionality.verifyLastTaskDetailsInDayView(SelfTaskDeleteFunctionality.java:36)
	at java.base/java.util.ArrayList.forEach(ArrayList.java:1511)
... Removed 29 stack frames</div></td></tr></table><p class="totop"><a href="#summary">back to summary</a></p>
<h3 id="m38">com.biencaps.erp.testCases.SelfTaskDeleteFunctionality#verifyTotalTasksCountInDayViewAfterDeletingSingleTask</h3><table class="result"><tr><th>Exception</th></tr><tr><td><div class="stacktrace">java.lang.NullPointerException: Cannot invoke &quot;org.openqa.selenium.WebDriver.findElement(org.openqa.selenium.By)&quot; because &quot;this.driver&quot; is null
	at com.biencaps.erp.utilities.SeleniumMethods.clickOnMethod(SeleniumMethods.java:54)
	at com.biencaps.erp.pageObjectModels.MyTasksPage.clickOnDayButton(MyTasksPage.java:413)
	at com.biencaps.erp.testCases.SelfTaskDeleteFunctionality.verifyLastTaskDetailsInDayView(SelfTaskDeleteFunctionality.java:36)
	at java.base/java.util.ArrayList.forEach(ArrayList.java:1511)
... Removed 29 stack frames</div></td></tr></table><p class="totop"><a href="#summary">back to summary</a></p>
</body>
</html>
