<!DOCTYPE html PUBLIC "-//W3C//DTD XHTML 1.1//EN" "https://www.w3.org/TR/xhtml11/DTD/xhtml11.dtd">
<html xmlns="https://www.w3.org/1999/xhtml">
<head>
<meta http-equiv="content-type" content="text/html; charset=UTF-8"/>
<title>TestNG Report</title>
<style type="text/css">table {margin-bottom:10px;border-collapse:collapse;empty-cells:show}th,td {border:1px solid #009;padding:.25em .5em}th {vertical-align:bottom}td {vertical-align:top}table a {font-weight:bold}.stripe td {background-color: #E6EBF9}.num {text-align:right}.passedodd td {background-color: #3F3}.passedeven td {background-color: #0A0}.skippedodd td {background-color: #DDD}.skippedeven td {background-color: #CCC}.failedodd td,.attn {background-color: #F33}.failedeven td,.stripe .attn {background-color: #D00}.stacktrace {white-space:pre;font-family:monospace}.totop {font-size:85%;text-align:center;border-bottom:2px solid #000}.invisible {display:none}</style>
</head>
<body>
<table>
<tr><th>Test</th><th># Passed</th><th># Skipped</th><th># Retried</th><th># Failed</th><th>Time (ms)</th><th>Included Groups</th><th>Excluded Groups</th></tr>
<tr><th colspan="8">Suite</th></tr>
<tr><td><a href="#t0">Test1</a></td><td class="num">10</td><td class="num attn">14</td><td class="num">0</td><td class="num attn">28</td><td class="num">83,119</td><td></td><td></td></tr>
</table>
<table id='summary'><thead><tr><th>Class</th><th>Method</th><th>Start</th><th>Time (ms)</th></tr></thead><tbody><tr><th colspan="4">Suite</th></tr></tbody><tbody id="t0"><tr><th colspan="4">Test1 &#8212; failed</th></tr><tr class="failedeven"><td rowspan="5">in.biencaps.erp.testCases.AddSelfTaskAndCheckInDayViewTests</td><td><a href="#m0">verify_Add_New_Task_From_Day_View_At_Current_Date</a></td><td rowspan="1">1716979185318</td><td rowspan="1">1252</td></tr><tr class="failedeven"><td><a href="#m1">verify_Add_Roll_Over_Task_At_Past_Date_Which_Start_And_End_Date_Is_Same</a></td><td rowspan="1">1716979183816</td><td rowspan="1">1187</td></tr><tr class="failedeven"><td><a href="#m2">verify_Add_Task_From_Day_View_Sidebar_With_Start_Date_As_Current_Date_And_Due_Date_As_Future_Date</a></td><td rowspan="1">1716979186798</td><td rowspan="1">1122</td></tr><tr class="failedeven"><td><a href="#m3">verify_Add_Task_From_Week_View_Sidebar_By_Giving_Only_Title_Date_And_Comment</a></td><td rowspan="1">1716979188171</td><td rowspan="1">1229</td></tr><tr class="failedeven"><td><a href="#m4">verify_Total_Tasks_Count_And_Log_Messages_In_Day_View_After_New_Task_Add_From_Month_View_At_Current_Date</a></td><td rowspan="1">1716979177617</td><td rowspan="1">5912</td></tr><tr class="failedodd"><td rowspan="14">in.biencaps.erp.testCases.SelfTaskSubmittedTests</td><td><a href="#m5">verify_Completed_Tasks_Count_And_Percentage_After_Task_Completed_In_Day_View</a></td><td rowspan="1">1716979216076</td><td rowspan="1">6202</td></tr><tr class="failedodd"><td><a href="#m6">verify_Log_Message_After_Submit_Task_Request_Accepted</a></td><td rowspan="1">1716979222485</td><td rowspan="1">1162</td></tr><tr class="failedodd"><td><a href="#m7">verify_New_Notification_Message_And_Request_Of_Employee_At_All_Higher_Authority_of_Submit_Task</a></td><td rowspan="1">1716979211947</td><td rowspan="1">1136</td></tr><tr class="failedodd"><td><a href="#m8">verify_Notification_Message_And_Request_Of_Employee_At_All_Higher_Authority_of_Submit_Task</a></td><td rowspan="1">1716979205833</td><td rowspan="1">1150</td></tr><tr class="failedodd"><td><a href="#m9">verify_Notification_Message_Of_Request_Accepted_By_Higher_Authority_At_Employee_Side</a></td><td rowspan="1">1716979213312</td><td rowspan="1">1123</td></tr><tr class="failedodd"><td><a href="#m10">verify_Notification_Message_Of_Request_Rejected_By_Higher_Authority_At_Employee_Side</a></td><td rowspan="1">1716979207244</td><td rowspan="1">1196</td></tr><tr class="failedodd"><td><a href="#m11">verify_Self_Task_Submitted_Again__In_Day_View</a></td><td rowspan="1">1716979210299</td><td rowspan="1">1157</td></tr><tr class="failedodd"><td><a href="#m12">verify_Self_Task_Submitted_In_Day_View</a></td><td rowspan="1">1716979203961</td><td rowspan="1">1252</td></tr><tr class="failedodd"><td><a href="#m13">verify_Task_Request_In_My_Request_Section_After_Accepted_Submit_Task_Request</a></td><td rowspan="1">1716979223853</td><td rowspan="1">3</td></tr><tr class="failedodd"><td><a href="#m14">verify_Task_Request_In_My_Request_Section_After_Rejected_Submit_Task_Request</a></td><td rowspan="1">1716979210077</td><td rowspan="1">2</td></tr><tr class="failedodd"><td><a href="#m15">verify_Task_Status_And_Log_Message_In_Day_View_After_Task_Submitted_Request_Rejected_By_Higher_Authority</a></td><td rowspan="1">1716979208666</td><td rowspan="1">1177</td></tr><tr class="failedodd"><td><a href="#m16">verify_Task_Status_In_Day_View_After_Task_Submitted_Request_Accepted_By_Higher_Authority</a></td><td rowspan="1">1716979214716</td><td rowspan="1">1132</td></tr><tr class="failedodd"><td><a href="#m17">verify_Task_Submitted_Request_In_My_Request_Section</a></td><td rowspan="1">1716979205519</td><td rowspan="1">4</td></tr><tr class="failedodd"><td><a href="#m18">verify__New_Task_Submitted_Request_In_My_Request_Section</a></td><td rowspan="1">1716979211707</td><td rowspan="1">1</td></tr><tr class="failedeven"><td rowspan="9">in.biencaps.erp.testCases.SelfTaskUpdateTests</td><td><a href="#m19">verify_Higher_Authority_Viewed_Tasks</a></td><td rowspan="1">1716979200800</td><td rowspan="1">1233</td></tr><tr class="failedeven"><td><a href="#m20">verify_Last_Task_Details_In_Day_View</a></td><td rowspan="1">1716979189699</td><td rowspan="1">1247</td></tr><tr class="failedeven"><td><a href="#m21">verify_Update_Self_Task_Department_From_Day_View_And_Check_Task_Department_And_Logs</a></td><td rowspan="1">1716979197845</td><td rowspan="1">1153</td></tr><tr class="failedeven"><td><a href="#m22">verify_Update_Self_Task_Due_Date_From_Day_View_And_Check_Task_Due_Date_And_Logs</a></td><td rowspan="1">1716979196436</td><td rowspan="1">1125</td></tr><tr class="failedeven"><td><a href="#m23">verify_Update_Self_Task_Gitlink_From_Day_View_Without_Selecting_Project</a></td><td rowspan="1">1716979199283</td><td rowspan="1">1200</td></tr><tr class="failedeven"><td><a href="#m24">verify_Update_Self_Task_Priority_From_Day_View_And_Check_Task_Priority_And_Logs</a></td><td rowspan="1">1716979193726</td><td rowspan="1">1091</td></tr><tr class="failedeven"><td><a href="#m25">verify_Update_Self_Task_Status_From_Day_View_And_Check_Task_Status_And_Logs</a></td><td rowspan="1">1716979202361</td><td rowspan="1">1297</td></tr><tr class="failedeven"><td><a href="#m26">verify_Update_Self_Task_Time_From_Day_View_And_Check_Task_Time_And_Logs</a></td><td rowspan="1">1716979195097</td><td rowspan="1">1143</td></tr><tr class="failedeven"><td><a href="#m27">verify_Update_Self_Task_Title_From_Day_View_And_Check_Task_Title_And_Logs</a></td><td rowspan="1">1716979191221</td><td rowspan="1">2322</td></tr><tr><th colspan="4">Test1 &#8212; skipped</th></tr><tr class="skippedeven"><td rowspan="8">in.biencaps.erp.testCases.AddSelfTaskAndCheckInDayViewTests</td><td><a href="#m28">verify_Added_Roll_Over_Task_In_Each_Day_From_Start_Date_Until_Current_Day_In_Day_View</a></td><td rowspan="1">1716979185265</td><td rowspan="1">0</td></tr><tr class="skippedeven"><td><a href="#m29">verify_Added_Task_From_Day_View_Sidebar_Check_In_Each_Day_Until_Future_Date_In_Day_View</a></td><td rowspan="1">1716979188157</td><td rowspan="1">0</td></tr><tr class="skippedeven"><td><a href="#m30">verify_Added_Task_From_Week_View_Sidebar_Check_In_Day_View</a></td><td rowspan="1">1716979189666</td><td rowspan="1">0</td></tr><tr class="skippedeven"><td><a href="#m31">verify_Added_Task_From_Week_View_Sidebar_In_Week_View</a></td><td rowspan="1">1716979189676</td><td rowspan="1">0</td></tr><tr class="skippedeven"><td><a href="#m32">verify_Total_Tasks_Count_And_Log_Message_In_Day_View_After_Added_Another_Task_From_Day_View</a></td><td rowspan="1">1716979186791</td><td rowspan="1">0</td></tr><tr class="skippedeven"><td><a href="#m33">verify_Total_Tasks_Count_And_Log_Message_In_Day_View_After_Added_Another_Task_From_Week_View_Sidebar</a></td><td rowspan="1">1716979189682</td><td rowspan="1">0</td></tr><tr class="skippedeven"><td><a href="#m34">verify_Total_Tasks_Count_And_Log_Message_In_Day_View_After_Adding_Another_Task_From_Day_View_Sidebar</a></td><td rowspan="1">1716979188162</td><td rowspan="1">1</td></tr><tr class="skippedeven"><td><a href="#m35">verify_Total_Tasks_Count_And_Log_Messages_In_Day_View_After_Added_Another_Task_From_Month_View_Sidebar</a></td><td rowspan="1">1716979185272</td><td rowspan="1">3</td></tr><tr class="skippedodd"><td rowspan="2">in.biencaps.erp.testCases.SelfTaskSubmittedTests</td><td><a href="#m36">accept_Task_Title_Change_Request_By_Higher_Authority</a></td><td rowspan="1">1716979213309</td><td rowspan="1">0</td></tr><tr class="skippedodd"><td><a href="#m37">reject_Task_Title_Change_Request_By_Higher_Authority</a></td><td rowspan="1">1716979207240</td><td rowspan="1">0</td></tr><tr class="skippedeven"><td rowspan="4">in.biencaps.erp.testCases.SelfTaskUpdateTests</td><td><a href="#m38">verify_Update_Self_Task_Gitlink_By_Giving_Invalid_Gitlink_From_Day_View_And_Check_Task_Gitlink_And_Logs</a></td><td rowspan="1">1716979200768</td><td rowspan="1">0</td></tr><tr class="skippedeven"><td><a href="#m39">verify_Update_Self_Task_Gitlink_By_Giving_Valid_Gitlink_From_Day_View_And_Check_Task_Gitlink_And_Logs</a></td><td rowspan="1">1716979200779</td><td rowspan="1">0</td></tr><tr class="skippedeven"><td><a href="#m40">verify_Update_Self_Task_Project_From_Day_View_And_Check_Task_Project_And_Logs</a></td><td rowspan="1">1716979200759</td><td rowspan="1">0</td></tr><tr class="skippedeven"><td><a href="#m41">verify_Update_Self_Task_Verified_Status_From_Day_View_And_Check_Task_Verified_Status_And_Logs</a></td><td rowspan="1">1716979200790</td><td rowspan="1">1</td></tr><tr><th colspan="4">Test1 &#8212; passed</th></tr><tr class="passedeven"><td rowspan="4">in.biencaps.erp.testCases.AddSelfTaskAndCheckInDayViewTests</td><td><a href="#m42">verify_Add_Task_From_Month_View_At_Current_Date</a></td><td rowspan="1">1716979165819</td><td rowspan="1">8199</td></tr><tr class="passedeven"><td><a href="#m43">verify_Add_Task_From_Sidebar_Without_Entering_Task_Title</a></td><td rowspan="1">1716979158388</td><td rowspan="1">4219</td></tr><tr class="passedeven"><td><a href="#m44">verify_Added_Task_From_Month_View_At_Current_Date_Check_In_Day_View</a></td><td rowspan="1">1716979174025</td><td rowspan="1">3589</td></tr><tr class="passedeven"><td><a href="#m45">verify_Total_Tasks_Count_Before_Add_New_Task</a></td><td rowspan="1">1716979162610</td><td rowspan="1">3205</td></tr><tr class="passedodd"><td rowspan="6">in.biencaps.erp.testCases.LoginAndForgotPasswordTests</td><td><a href="#m46">verify_Employee_Name_After_Logged_In</a></td><td rowspan="1">1716979157109</td><td rowspan="1">1271</td></tr><tr class="passedodd"><td><a href="#m47">verify_Forgot_Password_Without_Giving_UserId</a></td><td rowspan="1">1716979141384</td><td rowspan="1">803</td></tr><tr class="passedodd"><td><a href="#m48">verify_Login_Employee_With_Valid_And_Invalid_Credentails</a></td><td rowspan="4">1716979152760</td><td rowspan="4">4342</td></tr><tr class="passedodd"><td><a href="#m49">verify_Login_Employee_With_Valid_And_Invalid_Credentails</a></td></tr><tr class="passedodd"><td><a href="#m50">verify_Login_Employee_With_Valid_And_Invalid_Credentails</a></td></tr><tr class="passedodd"><td><a href="#m51">verify_Login_Employee_With_Valid_And_Invalid_Credentails</a></td></tr></tbody>
</table>
<h2>Test1</h2><h3 id="m0">in.biencaps.erp.testCases.AddSelfTaskAndCheckInDayViewTests#verify_Add_New_Task_From_Day_View_At_Current_Date</h3><table class="result"><tr><th>Exception</th></tr><tr><td><div class="stacktrace">org.openqa.selenium.ElementClickInterceptedException: element click intercepted: Element &lt;button style=&quot;background: rgb(255, 246, 223); margin-left: 3px;&quot;&gt;...&lt;/button&gt; is not clickable at point (1435, 118). Other element would receive the click: &lt;div class=&quot;logs-container&quot;&gt;...&lt;/div&gt;
  (Session info: chrome=125.0.6422.112)
Build info: version: &apos;4.20.0&apos;, revision: &apos;866c76ca80&apos;
System info: os.name: &apos;Windows 10&apos;, os.arch: &apos;amd64&apos;, os.version: &apos;10.0&apos;, java.version: &apos;17.0.8&apos;
Driver info: org.openqa.selenium.chrome.ChromeDriver
Command: [59aa9eba8d3bf8c773ebc34290100381, clickElement {id=f.C7AA1CC143BFA549682EF6E526766F1E.d.ED3FEAF115665BABBEB98CFB8A5C10E6.e.478}]
Capabilities {acceptInsecureCerts: false, browserName: chrome, browserVersion: 125.0.6422.112, chrome: {chromedriverVersion: 125.0.6422.78 (14db42ec38ad..., userDataDir: C:\Users\Lenovo\AppData\Loc...}, fedcm:accounts: true, goog:chromeOptions: {debuggerAddress: localhost:64829}, networkConnectionEnabled: false, pageLoadStrategy: normal, platformName: windows, proxy: Proxy(), se:cdp: ws://localhost:64829/devtoo..., se:cdpVersion: 125.0.6422.112, setWindowRect: true, strictFileInteractability: false, timeouts: {implicit: 0, pageLoad: 300000, script: 30000}, unhandledPromptBehavior: dismiss and notify, webauthn:extension:credBlob: true, webauthn:extension:largeBlob: true, webauthn:extension:minPinLength: true, webauthn:extension:prf: true, webauthn:virtualAuthenticators: true}
Element: [[ChromeDriver: chrome on windows (59aa9eba8d3bf8c773ebc34290100381)] -&gt; xpath: //button[normalize-space()=&apos;Day&apos;]]
Session ID: 59aa9eba8d3bf8c773ebc34290100381
	at org.openqa.selenium.remote.ErrorCodec.decode(ErrorCodec.java:167)
	at org.openqa.selenium.remote.codec.w3c.W3CHttpResponseCodec.decode(W3CHttpResponseCodec.java:138)
	at org.openqa.selenium.remote.codec.w3c.W3CHttpResponseCodec.decode(W3CHttpResponseCodec.java:50)
	at org.openqa.selenium.remote.HttpCommandExecutor.execute(HttpCommandExecutor.java:190)
	at org.openqa.selenium.remote.service.DriverCommandExecutor.invokeExecute(DriverCommandExecutor.java:216)
	at org.openqa.selenium.remote.service.DriverCommandExecutor.execute(DriverCommandExecutor.java:174)
	at org.openqa.selenium.remote.RemoteWebDriver.execute(RemoteWebDriver.java:518)
	at org.openqa.selenium.remote.RemoteWebElement.execute(RemoteWebElement.java:223)
	at org.openqa.selenium.remote.RemoteWebElement.click(RemoteWebElement.java:76)
	at in.biencaps.erp.utilities.WebElementActions.clickOnMethod(WebElementActions.java:89)
	at in.biencaps.erp.pages.MyTasksPage.clickOnDayButton(MyTasksPage.java:341)
	at in.biencaps.erp.utilities.CommonTestMethods.goToDayView(CommonTestMethods.java:110)
	at in.biencaps.erp.testCases.AddSelfTaskAndCheckInDayViewTests.verify_Add_New_Task_From_Day_View_At_Current_Date(AddSelfTaskAndCheckInDayViewTests.java:439)
	at java.base/java.util.ArrayList.forEach(ArrayList.java:1511)
... Removed 32 stack frames</div></td></tr></table><p class="totop"><a href="#summary">back to summary</a></p>
<h3 id="m1">in.biencaps.erp.testCases.AddSelfTaskAndCheckInDayViewTests#verify_Add_Roll_Over_Task_At_Past_Date_Which_Start_And_End_Date_Is_Same</h3><table class="result"><tr><th>Exception</th></tr><tr><td><div class="stacktrace">org.openqa.selenium.ElementClickInterceptedException: element click intercepted: Element &lt;p&gt;...&lt;/p&gt; is not clickable at point (87, 109). Other element would receive the click: &lt;div class=&quot;logs-container&quot;&gt;...&lt;/div&gt;
  (Session info: chrome=125.0.6422.112)
Build info: version: &apos;4.20.0&apos;, revision: &apos;866c76ca80&apos;
System info: os.name: &apos;Windows 10&apos;, os.arch: &apos;amd64&apos;, os.version: &apos;10.0&apos;, java.version: &apos;17.0.8&apos;
Driver info: org.openqa.selenium.chrome.ChromeDriver
Command: [59aa9eba8d3bf8c773ebc34290100381, clickElement {id=f.C7AA1CC143BFA549682EF6E526766F1E.d.ED3FEAF115665BABBEB98CFB8A5C10E6.e.110}]
Capabilities {acceptInsecureCerts: false, browserName: chrome, browserVersion: 125.0.6422.112, chrome: {chromedriverVersion: 125.0.6422.78 (14db42ec38ad..., userDataDir: C:\Users\Lenovo\AppData\Loc...}, fedcm:accounts: true, goog:chromeOptions: {debuggerAddress: localhost:64829}, networkConnectionEnabled: false, pageLoadStrategy: normal, platformName: windows, proxy: Proxy(), se:cdp: ws://localhost:64829/devtoo..., se:cdpVersion: 125.0.6422.112, setWindowRect: true, strictFileInteractability: false, timeouts: {implicit: 0, pageLoad: 300000, script: 30000}, unhandledPromptBehavior: dismiss and notify, webauthn:extension:credBlob: true, webauthn:extension:largeBlob: true, webauthn:extension:minPinLength: true, webauthn:extension:prf: true, webauthn:virtualAuthenticators: true}
Element: [[ChromeDriver: chrome on windows (59aa9eba8d3bf8c773ebc34290100381)] -&gt; xpath: //p[normalize-space()=&apos;My Tasks&apos;]]
Session ID: 59aa9eba8d3bf8c773ebc34290100381
	at org.openqa.selenium.remote.ErrorCodec.decode(ErrorCodec.java:167)
	at org.openqa.selenium.remote.codec.w3c.W3CHttpResponseCodec.decode(W3CHttpResponseCodec.java:138)
	at org.openqa.selenium.remote.codec.w3c.W3CHttpResponseCodec.decode(W3CHttpResponseCodec.java:50)
	at org.openqa.selenium.remote.HttpCommandExecutor.execute(HttpCommandExecutor.java:190)
	at org.openqa.selenium.remote.service.DriverCommandExecutor.invokeExecute(DriverCommandExecutor.java:216)
	at org.openqa.selenium.remote.service.DriverCommandExecutor.execute(DriverCommandExecutor.java:174)
	at org.openqa.selenium.remote.RemoteWebDriver.execute(RemoteWebDriver.java:518)
	at org.openqa.selenium.remote.RemoteWebElement.execute(RemoteWebElement.java:223)
	at org.openqa.selenium.remote.RemoteWebElement.click(RemoteWebElement.java:76)
	at in.biencaps.erp.utilities.WebElementActions.clickOnMethod(WebElementActions.java:89)
	at in.biencaps.erp.pages.DashboardPage.clickOnMyTasksSection(DashboardPage.java:46)
	at in.biencaps.erp.testCases.AddSelfTaskAndCheckInDayViewTests.verify_Add_Roll_Over_Task_At_Past_Date_Which_Start_And_End_Date_Is_Same(AddSelfTaskAndCheckInDayViewTests.java:265)
	at java.base/java.util.ArrayList.forEach(ArrayList.java:1511)
... Removed 32 stack frames</div></td></tr></table><p class="totop"><a href="#summary">back to summary</a></p>
<h3 id="m2">in.biencaps.erp.testCases.AddSelfTaskAndCheckInDayViewTests#verify_Add_Task_From_Day_View_Sidebar_With_Start_Date_As_Current_Date_And_Due_Date_As_Future_Date</h3><table class="result"><tr><th>Exception</th></tr><tr><td><div class="stacktrace">org.openqa.selenium.ElementClickInterceptedException: element click intercepted: Element &lt;button style=&quot;background: rgb(255, 246, 223); margin-left: 3px;&quot;&gt;...&lt;/button&gt; is not clickable at point (1435, 118). Other element would receive the click: &lt;div class=&quot;logs-container&quot;&gt;...&lt;/div&gt;
  (Session info: chrome=125.0.6422.112)
Build info: version: &apos;4.20.0&apos;, revision: &apos;866c76ca80&apos;
System info: os.name: &apos;Windows 10&apos;, os.arch: &apos;amd64&apos;, os.version: &apos;10.0&apos;, java.version: &apos;17.0.8&apos;
Driver info: org.openqa.selenium.chrome.ChromeDriver
Command: [59aa9eba8d3bf8c773ebc34290100381, clickElement {id=f.C7AA1CC143BFA549682EF6E526766F1E.d.ED3FEAF115665BABBEB98CFB8A5C10E6.e.478}]
Capabilities {acceptInsecureCerts: false, browserName: chrome, browserVersion: 125.0.6422.112, chrome: {chromedriverVersion: 125.0.6422.78 (14db42ec38ad..., userDataDir: C:\Users\Lenovo\AppData\Loc...}, fedcm:accounts: true, goog:chromeOptions: {debuggerAddress: localhost:64829}, networkConnectionEnabled: false, pageLoadStrategy: normal, platformName: windows, proxy: Proxy(), se:cdp: ws://localhost:64829/devtoo..., se:cdpVersion: 125.0.6422.112, setWindowRect: true, strictFileInteractability: false, timeouts: {implicit: 0, pageLoad: 300000, script: 30000}, unhandledPromptBehavior: dismiss and notify, webauthn:extension:credBlob: true, webauthn:extension:largeBlob: true, webauthn:extension:minPinLength: true, webauthn:extension:prf: true, webauthn:virtualAuthenticators: true}
Element: [[ChromeDriver: chrome on windows (59aa9eba8d3bf8c773ebc34290100381)] -&gt; xpath: //button[normalize-space()=&apos;Day&apos;]]
Session ID: 59aa9eba8d3bf8c773ebc34290100381
	at org.openqa.selenium.remote.ErrorCodec.decode(ErrorCodec.java:167)
	at org.openqa.selenium.remote.codec.w3c.W3CHttpResponseCodec.decode(W3CHttpResponseCodec.java:138)
	at org.openqa.selenium.remote.codec.w3c.W3CHttpResponseCodec.decode(W3CHttpResponseCodec.java:50)
	at org.openqa.selenium.remote.HttpCommandExecutor.execute(HttpCommandExecutor.java:190)
	at org.openqa.selenium.remote.service.DriverCommandExecutor.invokeExecute(DriverCommandExecutor.java:216)
	at org.openqa.selenium.remote.service.DriverCommandExecutor.execute(DriverCommandExecutor.java:174)
	at org.openqa.selenium.remote.RemoteWebDriver.execute(RemoteWebDriver.java:518)
	at org.openqa.selenium.remote.RemoteWebElement.execute(RemoteWebElement.java:223)
	at org.openqa.selenium.remote.RemoteWebElement.click(RemoteWebElement.java:76)
	at in.biencaps.erp.utilities.WebElementActions.clickOnMethod(WebElementActions.java:89)
	at in.biencaps.erp.pages.MyTasksPage.clickOnDayButton(MyTasksPage.java:341)
	at in.biencaps.erp.utilities.CommonTestMethods.goToDayView(CommonTestMethods.java:110)
	at in.biencaps.erp.testCases.AddSelfTaskAndCheckInDayViewTests.verify_Add_Task_From_Day_View_Sidebar_With_Start_Date_As_Current_Date_And_Due_Date_As_Future_Date(AddSelfTaskAndCheckInDayViewTests.java:485)
	at java.base/java.util.ArrayList.forEach(ArrayList.java:1511)
... Removed 32 stack frames</div></td></tr></table><p class="totop"><a href="#summary">back to summary</a></p>
<h3 id="m3">in.biencaps.erp.testCases.AddSelfTaskAndCheckInDayViewTests#verify_Add_Task_From_Week_View_Sidebar_By_Giving_Only_Title_Date_And_Comment</h3><table class="result"><tr><th>Exception</th></tr><tr><td><div class="stacktrace">org.openqa.selenium.ElementClickInterceptedException: element click intercepted: Element &lt;button style=&quot;margin-left: 3px;&quot;&gt;...&lt;/button&gt; is not clickable at point (1362, 118). Other element would receive the click: &lt;div class=&quot;logs-container&quot;&gt;...&lt;/div&gt;
  (Session info: chrome=125.0.6422.112)
Build info: version: &apos;4.20.0&apos;, revision: &apos;866c76ca80&apos;
System info: os.name: &apos;Windows 10&apos;, os.arch: &apos;amd64&apos;, os.version: &apos;10.0&apos;, java.version: &apos;17.0.8&apos;
Driver info: org.openqa.selenium.chrome.ChromeDriver
Command: [59aa9eba8d3bf8c773ebc34290100381, clickElement {id=f.C7AA1CC143BFA549682EF6E526766F1E.d.ED3FEAF115665BABBEB98CFB8A5C10E6.e.479}]
Capabilities {acceptInsecureCerts: false, browserName: chrome, browserVersion: 125.0.6422.112, chrome: {chromedriverVersion: 125.0.6422.78 (14db42ec38ad..., userDataDir: C:\Users\Lenovo\AppData\Loc...}, fedcm:accounts: true, goog:chromeOptions: {debuggerAddress: localhost:64829}, networkConnectionEnabled: false, pageLoadStrategy: normal, platformName: windows, proxy: Proxy(), se:cdp: ws://localhost:64829/devtoo..., se:cdpVersion: 125.0.6422.112, setWindowRect: true, strictFileInteractability: false, timeouts: {implicit: 0, pageLoad: 300000, script: 30000}, unhandledPromptBehavior: dismiss and notify, webauthn:extension:credBlob: true, webauthn:extension:largeBlob: true, webauthn:extension:minPinLength: true, webauthn:extension:prf: true, webauthn:virtualAuthenticators: true}
Element: [[ChromeDriver: chrome on windows (59aa9eba8d3bf8c773ebc34290100381)] -&gt; xpath: //button[normalize-space()=&apos;Week&apos;]]
Session ID: 59aa9eba8d3bf8c773ebc34290100381
	at org.openqa.selenium.remote.ErrorCodec.decode(ErrorCodec.java:167)
	at org.openqa.selenium.remote.codec.w3c.W3CHttpResponseCodec.decode(W3CHttpResponseCodec.java:138)
	at org.openqa.selenium.remote.codec.w3c.W3CHttpResponseCodec.decode(W3CHttpResponseCodec.java:50)
	at org.openqa.selenium.remote.HttpCommandExecutor.execute(HttpCommandExecutor.java:190)
	at org.openqa.selenium.remote.service.DriverCommandExecutor.invokeExecute(DriverCommandExecutor.java:216)
	at org.openqa.selenium.remote.service.DriverCommandExecutor.execute(DriverCommandExecutor.java:174)
	at org.openqa.selenium.remote.RemoteWebDriver.execute(RemoteWebDriver.java:518)
	at org.openqa.selenium.remote.RemoteWebElement.execute(RemoteWebElement.java:223)
	at org.openqa.selenium.remote.RemoteWebElement.click(RemoteWebElement.java:76)
	at in.biencaps.erp.utilities.WebElementActions.clickOnMethod(WebElementActions.java:89)
	at in.biencaps.erp.pages.MyTasksPage.clickOnWeekButton(MyTasksPage.java:582)
	at in.biencaps.erp.testCases.AddSelfTaskAndCheckInDayViewTests.verify_Add_Task_From_Week_View_Sidebar_By_Giving_Only_Title_Date_And_Comment(AddSelfTaskAndCheckInDayViewTests.java:831)
	at java.base/java.util.ArrayList.forEach(ArrayList.java:1511)
... Removed 32 stack frames</div></td></tr></table><p class="totop"><a href="#summary">back to summary</a></p>
<h3 id="m4">in.biencaps.erp.testCases.AddSelfTaskAndCheckInDayViewTests#verify_Total_Tasks_Count_And_Log_Messages_In_Day_View_After_New_Task_Add_From_Month_View_At_Current_Date</h3><table class="result"><tr><th>Exception</th></tr><tr><td><div class="stacktrace">java.lang.AssertionError: expected [has added new task] but found [has deleted]
	at in.biencaps.erp.testCases.MyActivitiesTests.verify_Log_Message(MyActivitiesTests.java:45)
	at in.biencaps.erp.testCases.AddSelfTaskAndCheckInDayViewTests.verify_Total_Tasks_Count_And_Log_Messages_In_Day_View_After_New_Task_Add_From_Month_View_At_Current_Date(AddSelfTaskAndCheckInDayViewTests.java:258)
	at java.base/java.util.ArrayList.forEach(ArrayList.java:1511)
... Removed 33 stack frames</div></td></tr></table><p class="totop"><a href="#summary">back to summary</a></p>
<h3 id="m5">in.biencaps.erp.testCases.SelfTaskSubmittedTests#verify_Completed_Tasks_Count_And_Percentage_After_Task_Completed_In_Day_View</h3><table class="result"><tr><th>Exception</th></tr><tr><td><div class="stacktrace">org.openqa.selenium.TimeoutException: Expected condition failed: waiting for visibility of all elements located by By.xpath: //div[contains(text(),&apos;Completed&apos;)] (tried for 6 second(s) with 500 milliseconds interval)
Build info: version: &apos;4.20.0&apos;, revision: &apos;866c76ca80&apos;
System info: os.name: &apos;Windows 10&apos;, os.arch: &apos;amd64&apos;, os.version: &apos;10.0&apos;, java.version: &apos;17.0.8&apos;
Driver info: org.openqa.selenium.chrome.ChromeDriver
Capabilities {acceptInsecureCerts: false, browserName: chrome, browserVersion: 125.0.6422.112, chrome: {chromedriverVersion: 125.0.6422.78 (14db42ec38ad..., userDataDir: C:\Users\Lenovo\AppData\Loc...}, fedcm:accounts: true, goog:chromeOptions: {debuggerAddress: localhost:64829}, networkConnectionEnabled: false, pageLoadStrategy: normal, platformName: windows, proxy: Proxy(), se:cdp: ws://localhost:64829/devtoo..., se:cdpVersion: 125.0.6422.112, setWindowRect: true, strictFileInteractability: false, timeouts: {implicit: 0, pageLoad: 300000, script: 30000}, unhandledPromptBehavior: dismiss and notify, webauthn:extension:credBlob: true, webauthn:extension:largeBlob: true, webauthn:extension:minPinLength: true, webauthn:extension:prf: true, webauthn:virtualAuthenticators: true}
Session ID: 59aa9eba8d3bf8c773ebc34290100381
	at org.openqa.selenium.support.ui.WebDriverWait.timeoutException(WebDriverWait.java:84)
	at org.openqa.selenium.support.ui.FluentWait.until(FluentWait.java:228)
	at in.biencaps.erp.utilities.WebElementActions.waitForAllElementsVisibility(WebElementActions.java:27)
	at in.biencaps.erp.utilities.WebElementActions.sizeOfListOfWebElement(WebElementActions.java:43)
	at in.biencaps.erp.pages.MyTasksPage.checkSizeOfCompletedTaskInDayView(MyTasksPage.java:644)
	at in.biencaps.erp.testCases.SelfTaskSubmittedTests.verify_Completed_Tasks_Count_And_Percentage_After_Task_Completed_In_Day_View(SelfTaskSubmittedTests.java:273)
	at java.base/java.util.ArrayList.forEach(ArrayList.java:1511)
... Removed 27 stack frames</div></td></tr></table><p class="totop"><a href="#summary">back to summary</a></p>
<h3 id="m6">in.biencaps.erp.testCases.SelfTaskSubmittedTests#verify_Log_Message_After_Submit_Task_Request_Accepted</h3><table class="result"><tr><th>Exception</th></tr><tr><td><div class="stacktrace">org.openqa.selenium.ElementClickInterceptedException: element click intercepted: Element &lt;div class=&quot;getLogs&quot;&gt;...&lt;/div&gt; is not clickable at point (1434, 256). Other element would receive the click: &lt;div class=&quot;logs-container&quot;&gt;...&lt;/div&gt;
  (Session info: chrome=125.0.6422.112)
Build info: version: &apos;4.20.0&apos;, revision: &apos;866c76ca80&apos;
System info: os.name: &apos;Windows 10&apos;, os.arch: &apos;amd64&apos;, os.version: &apos;10.0&apos;, java.version: &apos;17.0.8&apos;
Driver info: org.openqa.selenium.chrome.ChromeDriver
Command: [59aa9eba8d3bf8c773ebc34290100381, clickElement {id=f.C7AA1CC143BFA549682EF6E526766F1E.d.ED3FEAF115665BABBEB98CFB8A5C10E6.e.241}]
Capabilities {acceptInsecureCerts: false, browserName: chrome, browserVersion: 125.0.6422.112, chrome: {chromedriverVersion: 125.0.6422.78 (14db42ec38ad..., userDataDir: C:\Users\Lenovo\AppData\Loc...}, fedcm:accounts: true, goog:chromeOptions: {debuggerAddress: localhost:64829}, networkConnectionEnabled: false, pageLoadStrategy: normal, platformName: windows, proxy: Proxy(), se:cdp: ws://localhost:64829/devtoo..., se:cdpVersion: 125.0.6422.112, setWindowRect: true, strictFileInteractability: false, timeouts: {implicit: 0, pageLoad: 300000, script: 30000}, unhandledPromptBehavior: dismiss and notify, webauthn:extension:credBlob: true, webauthn:extension:largeBlob: true, webauthn:extension:minPinLength: true, webauthn:extension:prf: true, webauthn:virtualAuthenticators: true}
Element: [[ChromeDriver: chrome on windows (59aa9eba8d3bf8c773ebc34290100381)] -&gt; xpath: //div[@class=&apos;getLogs&apos;]]
Session ID: 59aa9eba8d3bf8c773ebc34290100381
	at org.openqa.selenium.remote.ErrorCodec.decode(ErrorCodec.java:167)
	at org.openqa.selenium.remote.codec.w3c.W3CHttpResponseCodec.decode(W3CHttpResponseCodec.java:138)
	at org.openqa.selenium.remote.codec.w3c.W3CHttpResponseCodec.decode(W3CHttpResponseCodec.java:50)
	at org.openqa.selenium.remote.HttpCommandExecutor.execute(HttpCommandExecutor.java:190)
	at org.openqa.selenium.remote.service.DriverCommandExecutor.invokeExecute(DriverCommandExecutor.java:216)
	at org.openqa.selenium.remote.service.DriverCommandExecutor.execute(DriverCommandExecutor.java:174)
	at org.openqa.selenium.remote.RemoteWebDriver.execute(RemoteWebDriver.java:518)
	at org.openqa.selenium.remote.RemoteWebElement.execute(RemoteWebElement.java:223)
	at org.openqa.selenium.remote.RemoteWebElement.click(RemoteWebElement.java:76)
	at in.biencaps.erp.utilities.WebElementActions.clickOnMethod(WebElementActions.java:89)
	at in.biencaps.erp.pages.MyTasksPage.clickOnGetMyActivitiesButtonInDayView(MyTasksPage.java:655)
	at in.biencaps.erp.testCases.MyActivitiesTests.verify_Log_Message(MyActivitiesTests.java:25)
	at in.biencaps.erp.testCases.SelfTaskSubmittedTests.verify_Log_Message_After_Submit_Task_Request_Accepted(SelfTaskSubmittedTests.java:285)
	at java.base/java.util.ArrayList.forEach(ArrayList.java:1511)
... Removed 31 stack frames</div></td></tr></table><p class="totop"><a href="#summary">back to summary</a></p>
<h3 id="m7">in.biencaps.erp.testCases.SelfTaskSubmittedTests#verify_New_Notification_Message_And_Request_Of_Employee_At_All_Higher_Authority_of_Submit_Task</h3><table class="result"><tr><th>Exception</th></tr><tr><td><div class="stacktrace">org.openqa.selenium.ElementClickInterceptedException: element click intercepted: Element &lt;p class=&quot;profileName&quot;&gt;...&lt;/p&gt; is not clickable at point (1325, 25). Other element would receive the click: &lt;div class=&quot;logs-container&quot;&gt;...&lt;/div&gt;
  (Session info: chrome=125.0.6422.112)
Build info: version: &apos;4.20.0&apos;, revision: &apos;866c76ca80&apos;
System info: os.name: &apos;Windows 10&apos;, os.arch: &apos;amd64&apos;, os.version: &apos;10.0&apos;, java.version: &apos;17.0.8&apos;
Driver info: org.openqa.selenium.chrome.ChromeDriver
Command: [59aa9eba8d3bf8c773ebc34290100381, clickElement {id=f.C7AA1CC143BFA549682EF6E526766F1E.d.ED3FEAF115665BABBEB98CFB8A5C10E6.e.107}]
Capabilities {acceptInsecureCerts: false, browserName: chrome, browserVersion: 125.0.6422.112, chrome: {chromedriverVersion: 125.0.6422.78 (14db42ec38ad..., userDataDir: C:\Users\Lenovo\AppData\Loc...}, fedcm:accounts: true, goog:chromeOptions: {debuggerAddress: localhost:64829}, networkConnectionEnabled: false, pageLoadStrategy: normal, platformName: windows, proxy: Proxy(), se:cdp: ws://localhost:64829/devtoo..., se:cdpVersion: 125.0.6422.112, setWindowRect: true, strictFileInteractability: false, timeouts: {implicit: 0, pageLoad: 300000, script: 30000}, unhandledPromptBehavior: dismiss and notify, webauthn:extension:credBlob: true, webauthn:extension:largeBlob: true, webauthn:extension:minPinLength: true, webauthn:extension:prf: true, webauthn:virtualAuthenticators: true}
Element: [[ChromeDriver: chrome on windows (59aa9eba8d3bf8c773ebc34290100381)] -&gt; xpath: //p[@class=&apos;profileName&apos;]]
Session ID: 59aa9eba8d3bf8c773ebc34290100381
	at org.openqa.selenium.remote.ErrorCodec.decode(ErrorCodec.java:167)
	at org.openqa.selenium.remote.codec.w3c.W3CHttpResponseCodec.decode(W3CHttpResponseCodec.java:138)
	at org.openqa.selenium.remote.codec.w3c.W3CHttpResponseCodec.decode(W3CHttpResponseCodec.java:50)
	at org.openqa.selenium.remote.HttpCommandExecutor.execute(HttpCommandExecutor.java:190)
	at org.openqa.selenium.remote.service.DriverCommandExecutor.invokeExecute(DriverCommandExecutor.java:216)
	at org.openqa.selenium.remote.service.DriverCommandExecutor.execute(DriverCommandExecutor.java:174)
	at org.openqa.selenium.remote.RemoteWebDriver.execute(RemoteWebDriver.java:518)
	at org.openqa.selenium.remote.RemoteWebElement.execute(RemoteWebElement.java:223)
	at org.openqa.selenium.remote.RemoteWebElement.click(RemoteWebElement.java:76)
	at in.biencaps.erp.utilities.WebElementActions.clickOnMethod(WebElementActions.java:89)
	at in.biencaps.erp.pages.DashboardPage.clickOnEmployeeNameAtDashboard(DashboardPage.java:42)
	at in.biencaps.erp.utilities.CommonTestMethods.getAllHigherAuthoritiesNamesOfLoggedInEmployee(CommonTestMethods.java:358)
	at in.biencaps.erp.testCases.SelfTaskSubmittedTests.verify_New_Notification_Message_And_Request_Of_Employee_At_All_Higher_Authority_of_Submit_Task(SelfTaskSubmittedTests.java:224)
	at java.base/java.util.ArrayList.forEach(ArrayList.java:1511)
... Removed 31 stack frames</div></td></tr></table><p class="totop"><a href="#summary">back to summary</a></p>
<h3 id="m8">in.biencaps.erp.testCases.SelfTaskSubmittedTests#verify_Notification_Message_And_Request_Of_Employee_At_All_Higher_Authority_of_Submit_Task</h3><table class="result"><tr><th>Exception</th></tr><tr><td><div class="stacktrace">org.openqa.selenium.ElementClickInterceptedException: element click intercepted: Element &lt;p class=&quot;profileName&quot;&gt;...&lt;/p&gt; is not clickable at point (1325, 25). Other element would receive the click: &lt;div class=&quot;logs-container&quot;&gt;...&lt;/div&gt;
  (Session info: chrome=125.0.6422.112)
Build info: version: &apos;4.20.0&apos;, revision: &apos;866c76ca80&apos;
System info: os.name: &apos;Windows 10&apos;, os.arch: &apos;amd64&apos;, os.version: &apos;10.0&apos;, java.version: &apos;17.0.8&apos;
Driver info: org.openqa.selenium.chrome.ChromeDriver
Command: [59aa9eba8d3bf8c773ebc34290100381, clickElement {id=f.C7AA1CC143BFA549682EF6E526766F1E.d.ED3FEAF115665BABBEB98CFB8A5C10E6.e.107}]
Capabilities {acceptInsecureCerts: false, browserName: chrome, browserVersion: 125.0.6422.112, chrome: {chromedriverVersion: 125.0.6422.78 (14db42ec38ad..., userDataDir: C:\Users\Lenovo\AppData\Loc...}, fedcm:accounts: true, goog:chromeOptions: {debuggerAddress: localhost:64829}, networkConnectionEnabled: false, pageLoadStrategy: normal, platformName: windows, proxy: Proxy(), se:cdp: ws://localhost:64829/devtoo..., se:cdpVersion: 125.0.6422.112, setWindowRect: true, strictFileInteractability: false, timeouts: {implicit: 0, pageLoad: 300000, script: 30000}, unhandledPromptBehavior: dismiss and notify, webauthn:extension:credBlob: true, webauthn:extension:largeBlob: true, webauthn:extension:minPinLength: true, webauthn:extension:prf: true, webauthn:virtualAuthenticators: true}
Element: [[ChromeDriver: chrome on windows (59aa9eba8d3bf8c773ebc34290100381)] -&gt; xpath: //p[@class=&apos;profileName&apos;]]
Session ID: 59aa9eba8d3bf8c773ebc34290100381
	at org.openqa.selenium.remote.ErrorCodec.decode(ErrorCodec.java:167)
	at org.openqa.selenium.remote.codec.w3c.W3CHttpResponseCodec.decode(W3CHttpResponseCodec.java:138)
	at org.openqa.selenium.remote.codec.w3c.W3CHttpResponseCodec.decode(W3CHttpResponseCodec.java:50)
	at org.openqa.selenium.remote.HttpCommandExecutor.execute(HttpCommandExecutor.java:190)
	at org.openqa.selenium.remote.service.DriverCommandExecutor.invokeExecute(DriverCommandExecutor.java:216)
	at org.openqa.selenium.remote.service.DriverCommandExecutor.execute(DriverCommandExecutor.java:174)
	at org.openqa.selenium.remote.RemoteWebDriver.execute(RemoteWebDriver.java:518)
	at org.openqa.selenium.remote.RemoteWebElement.execute(RemoteWebElement.java:223)
	at org.openqa.selenium.remote.RemoteWebElement.click(RemoteWebElement.java:76)
	at in.biencaps.erp.utilities.WebElementActions.clickOnMethod(WebElementActions.java:89)
	at in.biencaps.erp.pages.DashboardPage.clickOnEmployeeNameAtDashboard(DashboardPage.java:42)
	at in.biencaps.erp.utilities.CommonTestMethods.getAllHigherAuthoritiesNamesOfLoggedInEmployee(CommonTestMethods.java:358)
	at in.biencaps.erp.testCases.SelfTaskSubmittedTests.verify_Notification_Message_And_Request_Of_Employee_At_All_Higher_Authority_of_Submit_Task(SelfTaskSubmittedTests.java:104)
	at java.base/java.util.ArrayList.forEach(ArrayList.java:1511)
... Removed 32 stack frames</div></td></tr></table><p class="totop"><a href="#summary">back to summary</a></p>
<h3 id="m9">in.biencaps.erp.testCases.SelfTaskSubmittedTests#verify_Notification_Message_Of_Request_Accepted_By_Higher_Authority_At_Employee_Side</h3><table class="result"><tr><th>Exception</th></tr><tr><td><div class="stacktrace">org.openqa.selenium.ElementClickInterceptedException: element click intercepted: Element &lt;svg class=&quot;logout-req&quot; width=&quot;19&quot; height=&quot;18&quot; viewBox=&quot;0 0 19 18&quot; fill=&quot;none&quot; xmlns=&quot;http://www.w3.org/2000/svg&quot;&gt;...&lt;/svg&gt; is not clickable at point (1491, 25). Other element would receive the click: &lt;div class=&quot;logs-container&quot;&gt;...&lt;/div&gt;
  (Session info: chrome=125.0.6422.112)
Build info: version: &apos;4.20.0&apos;, revision: &apos;866c76ca80&apos;
System info: os.name: &apos;Windows 10&apos;, os.arch: &apos;amd64&apos;, os.version: &apos;10.0&apos;, java.version: &apos;17.0.8&apos;
Driver info: org.openqa.selenium.chrome.ChromeDriver
Command: [59aa9eba8d3bf8c773ebc34290100381, clickElement {id=f.C7AA1CC143BFA549682EF6E526766F1E.d.ED3FEAF115665BABBEB98CFB8A5C10E6.e.480}]
Capabilities {acceptInsecureCerts: false, browserName: chrome, browserVersion: 125.0.6422.112, chrome: {chromedriverVersion: 125.0.6422.78 (14db42ec38ad..., userDataDir: C:\Users\Lenovo\AppData\Loc...}, fedcm:accounts: true, goog:chromeOptions: {debuggerAddress: localhost:64829}, networkConnectionEnabled: false, pageLoadStrategy: normal, platformName: windows, proxy: Proxy(), se:cdp: ws://localhost:64829/devtoo..., se:cdpVersion: 125.0.6422.112, setWindowRect: true, strictFileInteractability: false, timeouts: {implicit: 0, pageLoad: 300000, script: 30000}, unhandledPromptBehavior: dismiss and notify, webauthn:extension:credBlob: true, webauthn:extension:largeBlob: true, webauthn:extension:minPinLength: true, webauthn:extension:prf: true, webauthn:virtualAuthenticators: true}
Element: [[ChromeDriver: chrome on windows (59aa9eba8d3bf8c773ebc34290100381)] -&gt; xpath: (//*[name()=&apos;svg&apos;][@class=&apos;logout-req&apos;])[1]]
Session ID: 59aa9eba8d3bf8c773ebc34290100381
	at org.openqa.selenium.remote.ErrorCodec.decode(ErrorCodec.java:167)
	at org.openqa.selenium.remote.codec.w3c.W3CHttpResponseCodec.decode(W3CHttpResponseCodec.java:138)
	at org.openqa.selenium.remote.codec.w3c.W3CHttpResponseCodec.decode(W3CHttpResponseCodec.java:50)
	at org.openqa.selenium.remote.HttpCommandExecutor.execute(HttpCommandExecutor.java:190)
	at org.openqa.selenium.remote.service.DriverCommandExecutor.invokeExecute(DriverCommandExecutor.java:216)
	at org.openqa.selenium.remote.service.DriverCommandExecutor.execute(DriverCommandExecutor.java:174)
	at org.openqa.selenium.remote.RemoteWebDriver.execute(RemoteWebDriver.java:518)
	at org.openqa.selenium.remote.RemoteWebElement.execute(RemoteWebElement.java:223)
	at org.openqa.selenium.remote.RemoteWebElement.click(RemoteWebElement.java:76)
	at in.biencaps.erp.utilities.WebElementActions.clickOnMethod(WebElementActions.java:89)
	at in.biencaps.erp.pages.DashboardPage.clickOnLogOutIcon(DashboardPage.java:78)
	at in.biencaps.erp.testCases.LogoutTests.verify_LogOut_Employee(LogoutTests.java:27)
	at in.biencaps.erp.utilities.CommonTestMethods.login_Employee_And_Get_Name(CommonTestMethods.java:493)
	at in.biencaps.erp.testCases.SelfTaskSubmittedTests.verify_Notification_Message_Of_Request_Accepted_By_Higher_Authority_At_Employee_Side(SelfTaskSubmittedTests.java:244)
	at java.base/java.util.ArrayList.forEach(ArrayList.java:1511)
... Removed 31 stack frames</div></td></tr></table><p class="totop"><a href="#summary">back to summary</a></p>
<h3 id="m10">in.biencaps.erp.testCases.SelfTaskSubmittedTests#verify_Notification_Message_Of_Request_Rejected_By_Higher_Authority_At_Employee_Side</h3><table class="result"><tr><th>Exception</th></tr><tr><td><div class="stacktrace">org.openqa.selenium.ElementClickInterceptedException: element click intercepted: Element &lt;svg class=&quot;logout-req&quot; width=&quot;19&quot; height=&quot;18&quot; viewBox=&quot;0 0 19 18&quot; fill=&quot;none&quot; xmlns=&quot;http://www.w3.org/2000/svg&quot;&gt;...&lt;/svg&gt; is not clickable at point (1491, 25). Other element would receive the click: &lt;div class=&quot;logs-container&quot;&gt;...&lt;/div&gt;
  (Session info: chrome=125.0.6422.112)
Build info: version: &apos;4.20.0&apos;, revision: &apos;866c76ca80&apos;
System info: os.name: &apos;Windows 10&apos;, os.arch: &apos;amd64&apos;, os.version: &apos;10.0&apos;, java.version: &apos;17.0.8&apos;
Driver info: org.openqa.selenium.chrome.ChromeDriver
Command: [59aa9eba8d3bf8c773ebc34290100381, clickElement {id=f.C7AA1CC143BFA549682EF6E526766F1E.d.ED3FEAF115665BABBEB98CFB8A5C10E6.e.480}]
Capabilities {acceptInsecureCerts: false, browserName: chrome, browserVersion: 125.0.6422.112, chrome: {chromedriverVersion: 125.0.6422.78 (14db42ec38ad..., userDataDir: C:\Users\Lenovo\AppData\Loc...}, fedcm:accounts: true, goog:chromeOptions: {debuggerAddress: localhost:64829}, networkConnectionEnabled: false, pageLoadStrategy: normal, platformName: windows, proxy: Proxy(), se:cdp: ws://localhost:64829/devtoo..., se:cdpVersion: 125.0.6422.112, setWindowRect: true, strictFileInteractability: false, timeouts: {implicit: 0, pageLoad: 300000, script: 30000}, unhandledPromptBehavior: dismiss and notify, webauthn:extension:credBlob: true, webauthn:extension:largeBlob: true, webauthn:extension:minPinLength: true, webauthn:extension:prf: true, webauthn:virtualAuthenticators: true}
Element: [[ChromeDriver: chrome on windows (59aa9eba8d3bf8c773ebc34290100381)] -&gt; xpath: (//*[name()=&apos;svg&apos;][@class=&apos;logout-req&apos;])[1]]
Session ID: 59aa9eba8d3bf8c773ebc34290100381
	at org.openqa.selenium.remote.ErrorCodec.decode(ErrorCodec.java:167)
	at org.openqa.selenium.remote.codec.w3c.W3CHttpResponseCodec.decode(W3CHttpResponseCodec.java:138)
	at org.openqa.selenium.remote.codec.w3c.W3CHttpResponseCodec.decode(W3CHttpResponseCodec.java:50)
	at org.openqa.selenium.remote.HttpCommandExecutor.execute(HttpCommandExecutor.java:190)
	at org.openqa.selenium.remote.service.DriverCommandExecutor.invokeExecute(DriverCommandExecutor.java:216)
	at org.openqa.selenium.remote.service.DriverCommandExecutor.execute(DriverCommandExecutor.java:174)
	at org.openqa.selenium.remote.RemoteWebDriver.execute(RemoteWebDriver.java:518)
	at org.openqa.selenium.remote.RemoteWebElement.execute(RemoteWebElement.java:223)
	at org.openqa.selenium.remote.RemoteWebElement.click(RemoteWebElement.java:76)
	at in.biencaps.erp.utilities.WebElementActions.clickOnMethod(WebElementActions.java:89)
	at in.biencaps.erp.pages.DashboardPage.clickOnLogOutIcon(DashboardPage.java:78)
	at in.biencaps.erp.testCases.LogoutTests.verify_LogOut_Employee(LogoutTests.java:27)
	at in.biencaps.erp.utilities.CommonTestMethods.login_Employee_And_Get_Name(CommonTestMethods.java:493)
	at in.biencaps.erp.testCases.SelfTaskSubmittedTests.verify_Notification_Message_Of_Request_Rejected_By_Higher_Authority_At_Employee_Side(SelfTaskSubmittedTests.java:124)
	at java.base/java.util.ArrayList.forEach(ArrayList.java:1511)
... Removed 32 stack frames</div></td></tr></table><p class="totop"><a href="#summary">back to summary</a></p>
<h3 id="m11">in.biencaps.erp.testCases.SelfTaskSubmittedTests#verify_Self_Task_Submitted_Again__In_Day_View</h3><table class="result"><tr><th>Exception</th></tr><tr><td><div class="stacktrace">org.openqa.selenium.ElementClickInterceptedException: element click intercepted: Element &lt;button style=&quot;background: rgb(255, 246, 223); margin-left: 3px;&quot;&gt;...&lt;/button&gt; is not clickable at point (1435, 118). Other element would receive the click: &lt;div class=&quot;logs-container&quot;&gt;...&lt;/div&gt;
  (Session info: chrome=125.0.6422.112)
Build info: version: &apos;4.20.0&apos;, revision: &apos;866c76ca80&apos;
System info: os.name: &apos;Windows 10&apos;, os.arch: &apos;amd64&apos;, os.version: &apos;10.0&apos;, java.version: &apos;17.0.8&apos;
Driver info: org.openqa.selenium.chrome.ChromeDriver
Command: [59aa9eba8d3bf8c773ebc34290100381, clickElement {id=f.C7AA1CC143BFA549682EF6E526766F1E.d.ED3FEAF115665BABBEB98CFB8A5C10E6.e.478}]
Capabilities {acceptInsecureCerts: false, browserName: chrome, browserVersion: 125.0.6422.112, chrome: {chromedriverVersion: 125.0.6422.78 (14db42ec38ad..., userDataDir: C:\Users\Lenovo\AppData\Loc...}, fedcm:accounts: true, goog:chromeOptions: {debuggerAddress: localhost:64829}, networkConnectionEnabled: false, pageLoadStrategy: normal, platformName: windows, proxy: Proxy(), se:cdp: ws://localhost:64829/devtoo..., se:cdpVersion: 125.0.6422.112, setWindowRect: true, strictFileInteractability: false, timeouts: {implicit: 0, pageLoad: 300000, script: 30000}, unhandledPromptBehavior: dismiss and notify, webauthn:extension:credBlob: true, webauthn:extension:largeBlob: true, webauthn:extension:minPinLength: true, webauthn:extension:prf: true, webauthn:virtualAuthenticators: true}
Element: [[ChromeDriver: chrome on windows (59aa9eba8d3bf8c773ebc34290100381)] -&gt; xpath: //button[normalize-space()=&apos;Day&apos;]]
Session ID: 59aa9eba8d3bf8c773ebc34290100381
	at org.openqa.selenium.remote.ErrorCodec.decode(ErrorCodec.java:167)
	at org.openqa.selenium.remote.codec.w3c.W3CHttpResponseCodec.decode(W3CHttpResponseCodec.java:138)
	at org.openqa.selenium.remote.codec.w3c.W3CHttpResponseCodec.decode(W3CHttpResponseCodec.java:50)
	at org.openqa.selenium.remote.HttpCommandExecutor.execute(HttpCommandExecutor.java:190)
	at org.openqa.selenium.remote.service.DriverCommandExecutor.invokeExecute(DriverCommandExecutor.java:216)
	at org.openqa.selenium.remote.service.DriverCommandExecutor.execute(DriverCommandExecutor.java:174)
	at org.openqa.selenium.remote.RemoteWebDriver.execute(RemoteWebDriver.java:518)
	at org.openqa.selenium.remote.RemoteWebElement.execute(RemoteWebElement.java:223)
	at org.openqa.selenium.remote.RemoteWebElement.click(RemoteWebElement.java:76)
	at in.biencaps.erp.utilities.WebElementActions.clickOnMethod(WebElementActions.java:89)
	at in.biencaps.erp.pages.MyTasksPage.clickOnDayButton(MyTasksPage.java:341)
	at in.biencaps.erp.utilities.CommonTestMethods.goToDayView(CommonTestMethods.java:110)
	at in.biencaps.erp.testCases.SelfTaskSubmittedTests.verify_Self_Task_Submitted_Again__In_Day_View(SelfTaskSubmittedTests.java:172)
	at java.base/java.util.ArrayList.forEach(ArrayList.java:1511)
... Removed 31 stack frames</div></td></tr></table><p class="totop"><a href="#summary">back to summary</a></p>
<h3 id="m12">in.biencaps.erp.testCases.SelfTaskSubmittedTests#verify_Self_Task_Submitted_In_Day_View</h3><table class="result"><tr><th>Exception</th></tr><tr><td><div class="stacktrace">org.openqa.selenium.ElementClickInterceptedException: element click intercepted: Element &lt;button style=&quot;background: rgb(255, 246, 223); margin-left: 3px;&quot;&gt;...&lt;/button&gt; is not clickable at point (1435, 118). Other element would receive the click: &lt;div class=&quot;logs-container&quot;&gt;...&lt;/div&gt;
  (Session info: chrome=125.0.6422.112)
Build info: version: &apos;4.20.0&apos;, revision: &apos;866c76ca80&apos;
System info: os.name: &apos;Windows 10&apos;, os.arch: &apos;amd64&apos;, os.version: &apos;10.0&apos;, java.version: &apos;17.0.8&apos;
Driver info: org.openqa.selenium.chrome.ChromeDriver
Command: [59aa9eba8d3bf8c773ebc34290100381, clickElement {id=f.C7AA1CC143BFA549682EF6E526766F1E.d.ED3FEAF115665BABBEB98CFB8A5C10E6.e.478}]
Capabilities {acceptInsecureCerts: false, browserName: chrome, browserVersion: 125.0.6422.112, chrome: {chromedriverVersion: 125.0.6422.78 (14db42ec38ad..., userDataDir: C:\Users\Lenovo\AppData\Loc...}, fedcm:accounts: true, goog:chromeOptions: {debuggerAddress: localhost:64829}, networkConnectionEnabled: false, pageLoadStrategy: normal, platformName: windows, proxy: Proxy(), se:cdp: ws://localhost:64829/devtoo..., se:cdpVersion: 125.0.6422.112, setWindowRect: true, strictFileInteractability: false, timeouts: {implicit: 0, pageLoad: 300000, script: 30000}, unhandledPromptBehavior: dismiss and notify, webauthn:extension:credBlob: true, webauthn:extension:largeBlob: true, webauthn:extension:minPinLength: true, webauthn:extension:prf: true, webauthn:virtualAuthenticators: true}
Element: [[ChromeDriver: chrome on windows (59aa9eba8d3bf8c773ebc34290100381)] -&gt; xpath: //button[normalize-space()=&apos;Day&apos;]]
Session ID: 59aa9eba8d3bf8c773ebc34290100381
	at org.openqa.selenium.remote.ErrorCodec.decode(ErrorCodec.java:167)
	at org.openqa.selenium.remote.codec.w3c.W3CHttpResponseCodec.decode(W3CHttpResponseCodec.java:138)
	at org.openqa.selenium.remote.codec.w3c.W3CHttpResponseCodec.decode(W3CHttpResponseCodec.java:50)
	at org.openqa.selenium.remote.HttpCommandExecutor.execute(HttpCommandExecutor.java:190)
	at org.openqa.selenium.remote.service.DriverCommandExecutor.invokeExecute(DriverCommandExecutor.java:216)
	at org.openqa.selenium.remote.service.DriverCommandExecutor.execute(DriverCommandExecutor.java:174)
	at org.openqa.selenium.remote.RemoteWebDriver.execute(RemoteWebDriver.java:518)
	at org.openqa.selenium.remote.RemoteWebElement.execute(RemoteWebElement.java:223)
	at org.openqa.selenium.remote.RemoteWebElement.click(RemoteWebElement.java:76)
	at in.biencaps.erp.utilities.WebElementActions.clickOnMethod(WebElementActions.java:89)
	at in.biencaps.erp.pages.MyTasksPage.clickOnDayButton(MyTasksPage.java:341)
	at in.biencaps.erp.utilities.CommonTestMethods.goToDayView(CommonTestMethods.java:110)
	at in.biencaps.erp.testCases.SelfTaskSubmittedTests.verify_Self_Task_Submitted_In_Day_View(SelfTaskSubmittedTests.java:52)
	at java.base/java.util.ArrayList.forEach(ArrayList.java:1511)
... Removed 32 stack frames</div></td></tr></table><p class="totop"><a href="#summary">back to summary</a></p>
<h3 id="m13">in.biencaps.erp.testCases.SelfTaskSubmittedTests#verify_Task_Request_In_My_Request_Section_After_Accepted_Submit_Task_Request</h3><table class="result"><tr><th>Exception</th></tr><tr><td><div class="stacktrace">java.lang.NullPointerException: Cannot invoke &quot;String.equalsIgnoreCase(String)&quot; because &quot;this.lastTaskScheduleDatInDayView&quot; is null
	at in.biencaps.erp.testCases.SelfTaskSubmittedTests.verify_Task_Request_In_My_Request_Section_After_Accepted_Submit_Task_Request(SelfTaskSubmittedTests.java:294)
	at java.base/java.util.ArrayList.forEach(ArrayList.java:1511)
... Removed 27 stack frames</div></td></tr></table><p class="totop"><a href="#summary">back to summary</a></p>
<h3 id="m14">in.biencaps.erp.testCases.SelfTaskSubmittedTests#verify_Task_Request_In_My_Request_Section_After_Rejected_Submit_Task_Request</h3><table class="result"><tr><th>Exception</th></tr><tr><td><div class="stacktrace">java.lang.NullPointerException: Cannot invoke &quot;String.equalsIgnoreCase(String)&quot; because &quot;this.lastTaskScheduleDatInDayView&quot; is null
	at in.biencaps.erp.testCases.SelfTaskSubmittedTests.verify_Task_Request_In_My_Request_Section_After_Rejected_Submit_Task_Request(SelfTaskSubmittedTests.java:156)
	at java.base/java.util.ArrayList.forEach(ArrayList.java:1511)
... Removed 27 stack frames</div></td></tr></table><p class="totop"><a href="#summary">back to summary</a></p>
<h3 id="m15">in.biencaps.erp.testCases.SelfTaskSubmittedTests#verify_Task_Status_And_Log_Message_In_Day_View_After_Task_Submitted_Request_Rejected_By_Higher_Authority</h3><table class="result"><tr><th>Exception</th></tr><tr><td><div class="stacktrace">org.openqa.selenium.ElementClickInterceptedException: element click intercepted: Element &lt;button style=&quot;background: rgb(255, 246, 223); margin-left: 3px;&quot;&gt;...&lt;/button&gt; is not clickable at point (1435, 118). Other element would receive the click: &lt;div class=&quot;logs-container&quot;&gt;...&lt;/div&gt;
  (Session info: chrome=125.0.6422.112)
Build info: version: &apos;4.20.0&apos;, revision: &apos;866c76ca80&apos;
System info: os.name: &apos;Windows 10&apos;, os.arch: &apos;amd64&apos;, os.version: &apos;10.0&apos;, java.version: &apos;17.0.8&apos;
Driver info: org.openqa.selenium.chrome.ChromeDriver
Command: [59aa9eba8d3bf8c773ebc34290100381, clickElement {id=f.C7AA1CC143BFA549682EF6E526766F1E.d.ED3FEAF115665BABBEB98CFB8A5C10E6.e.478}]
Capabilities {acceptInsecureCerts: false, browserName: chrome, browserVersion: 125.0.6422.112, chrome: {chromedriverVersion: 125.0.6422.78 (14db42ec38ad..., userDataDir: C:\Users\Lenovo\AppData\Loc...}, fedcm:accounts: true, goog:chromeOptions: {debuggerAddress: localhost:64829}, networkConnectionEnabled: false, pageLoadStrategy: normal, platformName: windows, proxy: Proxy(), se:cdp: ws://localhost:64829/devtoo..., se:cdpVersion: 125.0.6422.112, setWindowRect: true, strictFileInteractability: false, timeouts: {implicit: 0, pageLoad: 300000, script: 30000}, unhandledPromptBehavior: dismiss and notify, webauthn:extension:credBlob: true, webauthn:extension:largeBlob: true, webauthn:extension:minPinLength: true, webauthn:extension:prf: true, webauthn:virtualAuthenticators: true}
Element: [[ChromeDriver: chrome on windows (59aa9eba8d3bf8c773ebc34290100381)] -&gt; xpath: //button[normalize-space()=&apos;Day&apos;]]
Session ID: 59aa9eba8d3bf8c773ebc34290100381
	at org.openqa.selenium.remote.ErrorCodec.decode(ErrorCodec.java:167)
	at org.openqa.selenium.remote.codec.w3c.W3CHttpResponseCodec.decode(W3CHttpResponseCodec.java:138)
	at org.openqa.selenium.remote.codec.w3c.W3CHttpResponseCodec.decode(W3CHttpResponseCodec.java:50)
	at org.openqa.selenium.remote.HttpCommandExecutor.execute(HttpCommandExecutor.java:190)
	at org.openqa.selenium.remote.service.DriverCommandExecutor.invokeExecute(DriverCommandExecutor.java:216)
	at org.openqa.selenium.remote.service.DriverCommandExecutor.execute(DriverCommandExecutor.java:174)
	at org.openqa.selenium.remote.RemoteWebDriver.execute(RemoteWebDriver.java:518)
	at org.openqa.selenium.remote.RemoteWebElement.execute(RemoteWebElement.java:223)
	at org.openqa.selenium.remote.RemoteWebElement.click(RemoteWebElement.java:76)
	at in.biencaps.erp.utilities.WebElementActions.clickOnMethod(WebElementActions.java:89)
	at in.biencaps.erp.pages.MyTasksPage.clickOnDayButton(MyTasksPage.java:341)
	at in.biencaps.erp.utilities.CommonTestMethods.goToDayView(CommonTestMethods.java:110)
	at in.biencaps.erp.testCases.SelfTaskSubmittedTests.verify_Task_Status_And_Log_Message_In_Day_View_After_Task_Submitted_Request_Rejected_By_Higher_Authority(SelfTaskSubmittedTests.java:134)
	at java.base/java.util.ArrayList.forEach(ArrayList.java:1511)
... Removed 31 stack frames</div></td></tr></table><p class="totop"><a href="#summary">back to summary</a></p>
<h3 id="m16">in.biencaps.erp.testCases.SelfTaskSubmittedTests#verify_Task_Status_In_Day_View_After_Task_Submitted_Request_Accepted_By_Higher_Authority</h3><table class="result"><tr><th>Exception</th></tr><tr><td><div class="stacktrace">org.openqa.selenium.ElementClickInterceptedException: element click intercepted: Element &lt;button style=&quot;background: rgb(255, 246, 223); margin-left: 3px;&quot;&gt;...&lt;/button&gt; is not clickable at point (1435, 118). Other element would receive the click: &lt;div class=&quot;logs-container&quot;&gt;...&lt;/div&gt;
  (Session info: chrome=125.0.6422.112)
Build info: version: &apos;4.20.0&apos;, revision: &apos;866c76ca80&apos;
System info: os.name: &apos;Windows 10&apos;, os.arch: &apos;amd64&apos;, os.version: &apos;10.0&apos;, java.version: &apos;17.0.8&apos;
Driver info: org.openqa.selenium.chrome.ChromeDriver
Command: [59aa9eba8d3bf8c773ebc34290100381, clickElement {id=f.C7AA1CC143BFA549682EF6E526766F1E.d.ED3FEAF115665BABBEB98CFB8A5C10E6.e.478}]
Capabilities {acceptInsecureCerts: false, browserName: chrome, browserVersion: 125.0.6422.112, chrome: {chromedriverVersion: 125.0.6422.78 (14db42ec38ad..., userDataDir: C:\Users\Lenovo\AppData\Loc...}, fedcm:accounts: true, goog:chromeOptions: {debuggerAddress: localhost:64829}, networkConnectionEnabled: false, pageLoadStrategy: normal, platformName: windows, proxy: Proxy(), se:cdp: ws://localhost:64829/devtoo..., se:cdpVersion: 125.0.6422.112, setWindowRect: true, strictFileInteractability: false, timeouts: {implicit: 0, pageLoad: 300000, script: 30000}, unhandledPromptBehavior: dismiss and notify, webauthn:extension:credBlob: true, webauthn:extension:largeBlob: true, webauthn:extension:minPinLength: true, webauthn:extension:prf: true, webauthn:virtualAuthenticators: true}
Element: [[ChromeDriver: chrome on windows (59aa9eba8d3bf8c773ebc34290100381)] -&gt; xpath: //button[normalize-space()=&apos;Day&apos;]]
Session ID: 59aa9eba8d3bf8c773ebc34290100381
	at org.openqa.selenium.remote.ErrorCodec.decode(ErrorCodec.java:167)
	at org.openqa.selenium.remote.codec.w3c.W3CHttpResponseCodec.decode(W3CHttpResponseCodec.java:138)
	at org.openqa.selenium.remote.codec.w3c.W3CHttpResponseCodec.decode(W3CHttpResponseCodec.java:50)
	at org.openqa.selenium.remote.HttpCommandExecutor.execute(HttpCommandExecutor.java:190)
	at org.openqa.selenium.remote.service.DriverCommandExecutor.invokeExecute(DriverCommandExecutor.java:216)
	at org.openqa.selenium.remote.service.DriverCommandExecutor.execute(DriverCommandExecutor.java:174)
	at org.openqa.selenium.remote.RemoteWebDriver.execute(RemoteWebDriver.java:518)
	at org.openqa.selenium.remote.RemoteWebElement.execute(RemoteWebElement.java:223)
	at org.openqa.selenium.remote.RemoteWebElement.click(RemoteWebElement.java:76)
	at in.biencaps.erp.utilities.WebElementActions.clickOnMethod(WebElementActions.java:89)
	at in.biencaps.erp.pages.MyTasksPage.clickOnDayButton(MyTasksPage.java:341)
	at in.biencaps.erp.utilities.CommonTestMethods.goToDayView(CommonTestMethods.java:110)
	at in.biencaps.erp.testCases.SelfTaskSubmittedTests.verify_Task_Status_In_Day_View_After_Task_Submitted_Request_Accepted_By_Higher_Authority(SelfTaskSubmittedTests.java:254)
	at java.base/java.util.ArrayList.forEach(ArrayList.java:1511)
... Removed 31 stack frames</div></td></tr></table><p class="totop"><a href="#summary">back to summary</a></p>
<h3 id="m17">in.biencaps.erp.testCases.SelfTaskSubmittedTests#verify_Task_Submitted_Request_In_My_Request_Section</h3><table class="result"><tr><th>Exception</th></tr><tr><td><div class="stacktrace">java.lang.NullPointerException: Cannot invoke &quot;String.equalsIgnoreCase(String)&quot; because &quot;this.lastTaskScheduleDatInDayView&quot; is null
	at in.biencaps.erp.testCases.SelfTaskSubmittedTests.verify_Task_Submitted_Request_In_My_Request_Section(SelfTaskSubmittedTests.java:88)
	at java.base/java.util.ArrayList.forEach(ArrayList.java:1511)
... Removed 27 stack frames</div></td></tr></table><p class="totop"><a href="#summary">back to summary</a></p>
<h3 id="m18">in.biencaps.erp.testCases.SelfTaskSubmittedTests#verify__New_Task_Submitted_Request_In_My_Request_Section</h3><table class="result"><tr><th>Exception</th></tr><tr><td><div class="stacktrace">java.lang.NullPointerException: Cannot invoke &quot;String.equalsIgnoreCase(String)&quot; because &quot;this.lastTaskScheduleDatInDayView&quot; is null
	at in.biencaps.erp.testCases.SelfTaskSubmittedTests.verify__New_Task_Submitted_Request_In_My_Request_Section(SelfTaskSubmittedTests.java:208)
	at java.base/java.util.ArrayList.forEach(ArrayList.java:1511)
... Removed 27 stack frames</div></td></tr></table><p class="totop"><a href="#summary">back to summary</a></p>
<h3 id="m19">in.biencaps.erp.testCases.SelfTaskUpdateTests#verify_Higher_Authority_Viewed_Tasks</h3><table class="result"><tr><th>Exception</th></tr><tr><td><div class="stacktrace">org.openqa.selenium.ElementClickInterceptedException: element click intercepted: Element &lt;p class=&quot;profileName&quot;&gt;...&lt;/p&gt; is not clickable at point (1325, 25). Other element would receive the click: &lt;div class=&quot;logs-container&quot;&gt;...&lt;/div&gt;
  (Session info: chrome=125.0.6422.112)
Build info: version: &apos;4.20.0&apos;, revision: &apos;866c76ca80&apos;
System info: os.name: &apos;Windows 10&apos;, os.arch: &apos;amd64&apos;, os.version: &apos;10.0&apos;, java.version: &apos;17.0.8&apos;
Driver info: org.openqa.selenium.chrome.ChromeDriver
Command: [59aa9eba8d3bf8c773ebc34290100381, clickElement {id=f.C7AA1CC143BFA549682EF6E526766F1E.d.ED3FEAF115665BABBEB98CFB8A5C10E6.e.107}]
Capabilities {acceptInsecureCerts: false, browserName: chrome, browserVersion: 125.0.6422.112, chrome: {chromedriverVersion: 125.0.6422.78 (14db42ec38ad..., userDataDir: C:\Users\Lenovo\AppData\Loc...}, fedcm:accounts: true, goog:chromeOptions: {debuggerAddress: localhost:64829}, networkConnectionEnabled: false, pageLoadStrategy: normal, platformName: windows, proxy: Proxy(), se:cdp: ws://localhost:64829/devtoo..., se:cdpVersion: 125.0.6422.112, setWindowRect: true, strictFileInteractability: false, timeouts: {implicit: 0, pageLoad: 300000, script: 30000}, unhandledPromptBehavior: dismiss and notify, webauthn:extension:credBlob: true, webauthn:extension:largeBlob: true, webauthn:extension:minPinLength: true, webauthn:extension:prf: true, webauthn:virtualAuthenticators: true}
Element: [[ChromeDriver: chrome on windows (59aa9eba8d3bf8c773ebc34290100381)] -&gt; xpath: //p[@class=&apos;profileName&apos;]]
Session ID: 59aa9eba8d3bf8c773ebc34290100381
	at org.openqa.selenium.remote.ErrorCodec.decode(ErrorCodec.java:167)
	at org.openqa.selenium.remote.codec.w3c.W3CHttpResponseCodec.decode(W3CHttpResponseCodec.java:138)
	at org.openqa.selenium.remote.codec.w3c.W3CHttpResponseCodec.decode(W3CHttpResponseCodec.java:50)
	at org.openqa.selenium.remote.HttpCommandExecutor.execute(HttpCommandExecutor.java:190)
	at org.openqa.selenium.remote.service.DriverCommandExecutor.invokeExecute(DriverCommandExecutor.java:216)
	at org.openqa.selenium.remote.service.DriverCommandExecutor.execute(DriverCommandExecutor.java:174)
	at org.openqa.selenium.remote.RemoteWebDriver.execute(RemoteWebDriver.java:518)
	at org.openqa.selenium.remote.RemoteWebElement.execute(RemoteWebElement.java:223)
	at org.openqa.selenium.remote.RemoteWebElement.click(RemoteWebElement.java:76)
	at in.biencaps.erp.utilities.WebElementActions.clickOnMethod(WebElementActions.java:89)
	at in.biencaps.erp.pages.DashboardPage.clickOnEmployeeNameAtDashboard(DashboardPage.java:42)
	at in.biencaps.erp.utilities.CommonTestMethods.getAllHigherAuthoritiesNamesOfLoggedInEmployee(CommonTestMethods.java:358)
	at in.biencaps.erp.utilities.CommonTestMethods.random_Higher_Authority_LogIn(CommonTestMethods.java:476)
	at in.biencaps.erp.testCases.SelfTaskUpdateTests.verify_Higher_Authority_Viewed_Tasks(SelfTaskUpdateTests.java:667)
	at java.base/java.util.ArrayList.forEach(ArrayList.java:1511)
... Removed 32 stack frames</div></td></tr></table><p class="totop"><a href="#summary">back to summary</a></p>
<h3 id="m20">in.biencaps.erp.testCases.SelfTaskUpdateTests#verify_Last_Task_Details_In_Day_View</h3><table class="result"><tr><th>Exception</th></tr><tr><td><div class="stacktrace">org.openqa.selenium.ElementClickInterceptedException: element click intercepted: Element &lt;button style=&quot;background: rgb(255, 246, 223); margin-left: 3px;&quot;&gt;...&lt;/button&gt; is not clickable at point (1435, 118). Other element would receive the click: &lt;div class=&quot;logs-container&quot;&gt;...&lt;/div&gt;
  (Session info: chrome=125.0.6422.112)
Build info: version: &apos;4.20.0&apos;, revision: &apos;866c76ca80&apos;
System info: os.name: &apos;Windows 10&apos;, os.arch: &apos;amd64&apos;, os.version: &apos;10.0&apos;, java.version: &apos;17.0.8&apos;
Driver info: org.openqa.selenium.chrome.ChromeDriver
Command: [59aa9eba8d3bf8c773ebc34290100381, clickElement {id=f.C7AA1CC143BFA549682EF6E526766F1E.d.ED3FEAF115665BABBEB98CFB8A5C10E6.e.478}]
Capabilities {acceptInsecureCerts: false, browserName: chrome, browserVersion: 125.0.6422.112, chrome: {chromedriverVersion: 125.0.6422.78 (14db42ec38ad..., userDataDir: C:\Users\Lenovo\AppData\Loc...}, fedcm:accounts: true, goog:chromeOptions: {debuggerAddress: localhost:64829}, networkConnectionEnabled: false, pageLoadStrategy: normal, platformName: windows, proxy: Proxy(), se:cdp: ws://localhost:64829/devtoo..., se:cdpVersion: 125.0.6422.112, setWindowRect: true, strictFileInteractability: false, timeouts: {implicit: 0, pageLoad: 300000, script: 30000}, unhandledPromptBehavior: dismiss and notify, webauthn:extension:credBlob: true, webauthn:extension:largeBlob: true, webauthn:extension:minPinLength: true, webauthn:extension:prf: true, webauthn:virtualAuthenticators: true}
Element: [[ChromeDriver: chrome on windows (59aa9eba8d3bf8c773ebc34290100381)] -&gt; xpath: //button[normalize-space()=&apos;Day&apos;]]
Session ID: 59aa9eba8d3bf8c773ebc34290100381
	at org.openqa.selenium.remote.ErrorCodec.decode(ErrorCodec.java:167)
	at org.openqa.selenium.remote.codec.w3c.W3CHttpResponseCodec.decode(W3CHttpResponseCodec.java:138)
	at org.openqa.selenium.remote.codec.w3c.W3CHttpResponseCodec.decode(W3CHttpResponseCodec.java:50)
	at org.openqa.selenium.remote.HttpCommandExecutor.execute(HttpCommandExecutor.java:190)
	at org.openqa.selenium.remote.service.DriverCommandExecutor.invokeExecute(DriverCommandExecutor.java:216)
	at org.openqa.selenium.remote.service.DriverCommandExecutor.execute(DriverCommandExecutor.java:174)
	at org.openqa.selenium.remote.RemoteWebDriver.execute(RemoteWebDriver.java:518)
	at org.openqa.selenium.remote.RemoteWebElement.execute(RemoteWebElement.java:223)
	at org.openqa.selenium.remote.RemoteWebElement.click(RemoteWebElement.java:76)
	at in.biencaps.erp.utilities.WebElementActions.clickOnMethod(WebElementActions.java:89)
	at in.biencaps.erp.pages.MyTasksPage.clickOnDayButton(MyTasksPage.java:341)
	at in.biencaps.erp.utilities.CommonTestMethods.goToDayView(CommonTestMethods.java:110)
	at in.biencaps.erp.testCases.SelfTaskUpdateTests.verify_Last_Task_Details_In_Day_View(SelfTaskUpdateTests.java:53)
	at java.base/java.util.ArrayList.forEach(ArrayList.java:1511)
... Removed 32 stack frames</div></td></tr></table><p class="totop"><a href="#summary">back to summary</a></p>
<h3 id="m21">in.biencaps.erp.testCases.SelfTaskUpdateTests#verify_Update_Self_Task_Department_From_Day_View_And_Check_Task_Department_And_Logs</h3><table class="result"><tr><th>Exception</th></tr><tr><td><div class="stacktrace">org.openqa.selenium.ElementClickInterceptedException: element click intercepted: Element &lt;button style=&quot;background: rgb(255, 246, 223); margin-left: 3px;&quot;&gt;...&lt;/button&gt; is not clickable at point (1435, 118). Other element would receive the click: &lt;div class=&quot;logs-container&quot;&gt;...&lt;/div&gt;
  (Session info: chrome=125.0.6422.112)
Build info: version: &apos;4.20.0&apos;, revision: &apos;866c76ca80&apos;
System info: os.name: &apos;Windows 10&apos;, os.arch: &apos;amd64&apos;, os.version: &apos;10.0&apos;, java.version: &apos;17.0.8&apos;
Driver info: org.openqa.selenium.chrome.ChromeDriver
Command: [59aa9eba8d3bf8c773ebc34290100381, clickElement {id=f.C7AA1CC143BFA549682EF6E526766F1E.d.ED3FEAF115665BABBEB98CFB8A5C10E6.e.478}]
Capabilities {acceptInsecureCerts: false, browserName: chrome, browserVersion: 125.0.6422.112, chrome: {chromedriverVersion: 125.0.6422.78 (14db42ec38ad..., userDataDir: C:\Users\Lenovo\AppData\Loc...}, fedcm:accounts: true, goog:chromeOptions: {debuggerAddress: localhost:64829}, networkConnectionEnabled: false, pageLoadStrategy: normal, platformName: windows, proxy: Proxy(), se:cdp: ws://localhost:64829/devtoo..., se:cdpVersion: 125.0.6422.112, setWindowRect: true, strictFileInteractability: false, timeouts: {implicit: 0, pageLoad: 300000, script: 30000}, unhandledPromptBehavior: dismiss and notify, webauthn:extension:credBlob: true, webauthn:extension:largeBlob: true, webauthn:extension:minPinLength: true, webauthn:extension:prf: true, webauthn:virtualAuthenticators: true}
Element: [[ChromeDriver: chrome on windows (59aa9eba8d3bf8c773ebc34290100381)] -&gt; xpath: //button[normalize-space()=&apos;Day&apos;]]
Session ID: 59aa9eba8d3bf8c773ebc34290100381
	at org.openqa.selenium.remote.ErrorCodec.decode(ErrorCodec.java:167)
	at org.openqa.selenium.remote.codec.w3c.W3CHttpResponseCodec.decode(W3CHttpResponseCodec.java:138)
	at org.openqa.selenium.remote.codec.w3c.W3CHttpResponseCodec.decode(W3CHttpResponseCodec.java:50)
	at org.openqa.selenium.remote.HttpCommandExecutor.execute(HttpCommandExecutor.java:190)
	at org.openqa.selenium.remote.service.DriverCommandExecutor.invokeExecute(DriverCommandExecutor.java:216)
	at org.openqa.selenium.remote.service.DriverCommandExecutor.execute(DriverCommandExecutor.java:174)
	at org.openqa.selenium.remote.RemoteWebDriver.execute(RemoteWebDriver.java:518)
	at org.openqa.selenium.remote.RemoteWebElement.execute(RemoteWebElement.java:223)
	at org.openqa.selenium.remote.RemoteWebElement.click(RemoteWebElement.java:76)
	at in.biencaps.erp.utilities.WebElementActions.clickOnMethod(WebElementActions.java:89)
	at in.biencaps.erp.pages.MyTasksPage.clickOnDayButton(MyTasksPage.java:341)
	at in.biencaps.erp.utilities.CommonTestMethods.goToDayView(CommonTestMethods.java:110)
	at in.biencaps.erp.testCases.SelfTaskUpdateTests.verify_Update_Self_Task_Department_From_Day_View_And_Check_Task_Department_And_Logs(SelfTaskUpdateTests.java:323)
	at java.base/java.util.ArrayList.forEach(ArrayList.java:1511)
... Removed 32 stack frames</div></td></tr></table><p class="totop"><a href="#summary">back to summary</a></p>
<h3 id="m22">in.biencaps.erp.testCases.SelfTaskUpdateTests#verify_Update_Self_Task_Due_Date_From_Day_View_And_Check_Task_Due_Date_And_Logs</h3><table class="result"><tr><th>Exception</th></tr><tr><td><div class="stacktrace">org.openqa.selenium.ElementClickInterceptedException: element click intercepted: Element &lt;button style=&quot;background: rgb(255, 246, 223); margin-left: 3px;&quot;&gt;...&lt;/button&gt; is not clickable at point (1435, 118). Other element would receive the click: &lt;div class=&quot;logs-container&quot;&gt;...&lt;/div&gt;
  (Session info: chrome=125.0.6422.112)
Build info: version: &apos;4.20.0&apos;, revision: &apos;866c76ca80&apos;
System info: os.name: &apos;Windows 10&apos;, os.arch: &apos;amd64&apos;, os.version: &apos;10.0&apos;, java.version: &apos;17.0.8&apos;
Driver info: org.openqa.selenium.chrome.ChromeDriver
Command: [59aa9eba8d3bf8c773ebc34290100381, clickElement {id=f.C7AA1CC143BFA549682EF6E526766F1E.d.ED3FEAF115665BABBEB98CFB8A5C10E6.e.478}]
Capabilities {acceptInsecureCerts: false, browserName: chrome, browserVersion: 125.0.6422.112, chrome: {chromedriverVersion: 125.0.6422.78 (14db42ec38ad..., userDataDir: C:\Users\Lenovo\AppData\Loc...}, fedcm:accounts: true, goog:chromeOptions: {debuggerAddress: localhost:64829}, networkConnectionEnabled: false, pageLoadStrategy: normal, platformName: windows, proxy: Proxy(), se:cdp: ws://localhost:64829/devtoo..., se:cdpVersion: 125.0.6422.112, setWindowRect: true, strictFileInteractability: false, timeouts: {implicit: 0, pageLoad: 300000, script: 30000}, unhandledPromptBehavior: dismiss and notify, webauthn:extension:credBlob: true, webauthn:extension:largeBlob: true, webauthn:extension:minPinLength: true, webauthn:extension:prf: true, webauthn:virtualAuthenticators: true}
Element: [[ChromeDriver: chrome on windows (59aa9eba8d3bf8c773ebc34290100381)] -&gt; xpath: //button[normalize-space()=&apos;Day&apos;]]
Session ID: 59aa9eba8d3bf8c773ebc34290100381
	at org.openqa.selenium.remote.ErrorCodec.decode(ErrorCodec.java:167)
	at org.openqa.selenium.remote.codec.w3c.W3CHttpResponseCodec.decode(W3CHttpResponseCodec.java:138)
	at org.openqa.selenium.remote.codec.w3c.W3CHttpResponseCodec.decode(W3CHttpResponseCodec.java:50)
	at org.openqa.selenium.remote.HttpCommandExecutor.execute(HttpCommandExecutor.java:190)
	at org.openqa.selenium.remote.service.DriverCommandExecutor.invokeExecute(DriverCommandExecutor.java:216)
	at org.openqa.selenium.remote.service.DriverCommandExecutor.execute(DriverCommandExecutor.java:174)
	at org.openqa.selenium.remote.RemoteWebDriver.execute(RemoteWebDriver.java:518)
	at org.openqa.selenium.remote.RemoteWebElement.execute(RemoteWebElement.java:223)
	at org.openqa.selenium.remote.RemoteWebElement.click(RemoteWebElement.java:76)
	at in.biencaps.erp.utilities.WebElementActions.clickOnMethod(WebElementActions.java:89)
	at in.biencaps.erp.pages.MyTasksPage.clickOnDayButton(MyTasksPage.java:341)
	at in.biencaps.erp.utilities.CommonTestMethods.goToDayView(CommonTestMethods.java:110)
	at in.biencaps.erp.testCases.SelfTaskUpdateTests.verify_Update_Self_Task_Due_Date_From_Day_View_And_Check_Task_Due_Date_And_Logs(SelfTaskUpdateTests.java:260)
	at java.base/java.util.ArrayList.forEach(ArrayList.java:1511)
... Removed 32 stack frames</div></td></tr></table><p class="totop"><a href="#summary">back to summary</a></p>
<h3 id="m23">in.biencaps.erp.testCases.SelfTaskUpdateTests#verify_Update_Self_Task_Gitlink_From_Day_View_Without_Selecting_Project</h3><table class="result"><tr><th>Exception</th></tr><tr><td><div class="stacktrace">org.openqa.selenium.ElementClickInterceptedException: element click intercepted: Element &lt;button style=&quot;background: rgb(255, 246, 223); margin-left: 3px;&quot;&gt;...&lt;/button&gt; is not clickable at point (1435, 118). Other element would receive the click: &lt;div class=&quot;logs-container&quot;&gt;...&lt;/div&gt;
  (Session info: chrome=125.0.6422.112)
Build info: version: &apos;4.20.0&apos;, revision: &apos;866c76ca80&apos;
System info: os.name: &apos;Windows 10&apos;, os.arch: &apos;amd64&apos;, os.version: &apos;10.0&apos;, java.version: &apos;17.0.8&apos;
Driver info: org.openqa.selenium.chrome.ChromeDriver
Command: [59aa9eba8d3bf8c773ebc34290100381, clickElement {id=f.C7AA1CC143BFA549682EF6E526766F1E.d.ED3FEAF115665BABBEB98CFB8A5C10E6.e.478}]
Capabilities {acceptInsecureCerts: false, browserName: chrome, browserVersion: 125.0.6422.112, chrome: {chromedriverVersion: 125.0.6422.78 (14db42ec38ad..., userDataDir: C:\Users\Lenovo\AppData\Loc...}, fedcm:accounts: true, goog:chromeOptions: {debuggerAddress: localhost:64829}, networkConnectionEnabled: false, pageLoadStrategy: normal, platformName: windows, proxy: Proxy(), se:cdp: ws://localhost:64829/devtoo..., se:cdpVersion: 125.0.6422.112, setWindowRect: true, strictFileInteractability: false, timeouts: {implicit: 0, pageLoad: 300000, script: 30000}, unhandledPromptBehavior: dismiss and notify, webauthn:extension:credBlob: true, webauthn:extension:largeBlob: true, webauthn:extension:minPinLength: true, webauthn:extension:prf: true, webauthn:virtualAuthenticators: true}
Element: [[ChromeDriver: chrome on windows (59aa9eba8d3bf8c773ebc34290100381)] -&gt; xpath: //button[normalize-space()=&apos;Day&apos;]]
Session ID: 59aa9eba8d3bf8c773ebc34290100381
	at org.openqa.selenium.remote.ErrorCodec.decode(ErrorCodec.java:167)
	at org.openqa.selenium.remote.codec.w3c.W3CHttpResponseCodec.decode(W3CHttpResponseCodec.java:138)
	at org.openqa.selenium.remote.codec.w3c.W3CHttpResponseCodec.decode(W3CHttpResponseCodec.java:50)
	at org.openqa.selenium.remote.HttpCommandExecutor.execute(HttpCommandExecutor.java:190)
	at org.openqa.selenium.remote.service.DriverCommandExecutor.invokeExecute(DriverCommandExecutor.java:216)
	at org.openqa.selenium.remote.service.DriverCommandExecutor.execute(DriverCommandExecutor.java:174)
	at org.openqa.selenium.remote.RemoteWebDriver.execute(RemoteWebDriver.java:518)
	at org.openqa.selenium.remote.RemoteWebElement.execute(RemoteWebElement.java:223)
	at org.openqa.selenium.remote.RemoteWebElement.click(RemoteWebElement.java:76)
	at in.biencaps.erp.utilities.WebElementActions.clickOnMethod(WebElementActions.java:89)
	at in.biencaps.erp.pages.MyTasksPage.clickOnDayButton(MyTasksPage.java:341)
	at in.biencaps.erp.utilities.CommonTestMethods.goToDayView(CommonTestMethods.java:110)
	at in.biencaps.erp.testCases.SelfTaskUpdateTests.verify_Update_Self_Task_Gitlink_From_Day_View_Without_Selecting_Project(SelfTaskUpdateTests.java:397)
	at java.base/java.util.ArrayList.forEach(ArrayList.java:1511)
... Removed 32 stack frames</div></td></tr></table><p class="totop"><a href="#summary">back to summary</a></p>
<h3 id="m24">in.biencaps.erp.testCases.SelfTaskUpdateTests#verify_Update_Self_Task_Priority_From_Day_View_And_Check_Task_Priority_And_Logs</h3><table class="result"><tr><th>Exception</th></tr><tr><td><div class="stacktrace">org.openqa.selenium.ElementClickInterceptedException: element click intercepted: Element &lt;button style=&quot;background: rgb(255, 246, 223); margin-left: 3px;&quot;&gt;...&lt;/button&gt; is not clickable at point (1435, 118). Other element would receive the click: &lt;div class=&quot;logs-container&quot;&gt;...&lt;/div&gt;
  (Session info: chrome=125.0.6422.112)
Build info: version: &apos;4.20.0&apos;, revision: &apos;866c76ca80&apos;
System info: os.name: &apos;Windows 10&apos;, os.arch: &apos;amd64&apos;, os.version: &apos;10.0&apos;, java.version: &apos;17.0.8&apos;
Driver info: org.openqa.selenium.chrome.ChromeDriver
Command: [59aa9eba8d3bf8c773ebc34290100381, clickElement {id=f.C7AA1CC143BFA549682EF6E526766F1E.d.ED3FEAF115665BABBEB98CFB8A5C10E6.e.478}]
Capabilities {acceptInsecureCerts: false, browserName: chrome, browserVersion: 125.0.6422.112, chrome: {chromedriverVersion: 125.0.6422.78 (14db42ec38ad..., userDataDir: C:\Users\Lenovo\AppData\Loc...}, fedcm:accounts: true, goog:chromeOptions: {debuggerAddress: localhost:64829}, networkConnectionEnabled: false, pageLoadStrategy: normal, platformName: windows, proxy: Proxy(), se:cdp: ws://localhost:64829/devtoo..., se:cdpVersion: 125.0.6422.112, setWindowRect: true, strictFileInteractability: false, timeouts: {implicit: 0, pageLoad: 300000, script: 30000}, unhandledPromptBehavior: dismiss and notify, webauthn:extension:credBlob: true, webauthn:extension:largeBlob: true, webauthn:extension:minPinLength: true, webauthn:extension:prf: true, webauthn:virtualAuthenticators: true}
Element: [[ChromeDriver: chrome on windows (59aa9eba8d3bf8c773ebc34290100381)] -&gt; xpath: //button[normalize-space()=&apos;Day&apos;]]
Session ID: 59aa9eba8d3bf8c773ebc34290100381
	at org.openqa.selenium.remote.ErrorCodec.decode(ErrorCodec.java:167)
	at org.openqa.selenium.remote.codec.w3c.W3CHttpResponseCodec.decode(W3CHttpResponseCodec.java:138)
	at org.openqa.selenium.remote.codec.w3c.W3CHttpResponseCodec.decode(W3CHttpResponseCodec.java:50)
	at org.openqa.selenium.remote.HttpCommandExecutor.execute(HttpCommandExecutor.java:190)
	at org.openqa.selenium.remote.service.DriverCommandExecutor.invokeExecute(DriverCommandExecutor.java:216)
	at org.openqa.selenium.remote.service.DriverCommandExecutor.execute(DriverCommandExecutor.java:174)
	at org.openqa.selenium.remote.RemoteWebDriver.execute(RemoteWebDriver.java:518)
	at org.openqa.selenium.remote.RemoteWebElement.execute(RemoteWebElement.java:223)
	at org.openqa.selenium.remote.RemoteWebElement.click(RemoteWebElement.java:76)
	at in.biencaps.erp.utilities.WebElementActions.clickOnMethod(WebElementActions.java:89)
	at in.biencaps.erp.pages.MyTasksPage.clickOnDayButton(MyTasksPage.java:341)
	at in.biencaps.erp.utilities.CommonTestMethods.goToDayView(CommonTestMethods.java:110)
	at in.biencaps.erp.testCases.SelfTaskUpdateTests.verify_Update_Self_Task_Priority_From_Day_View_And_Check_Task_Priority_And_Logs(SelfTaskUpdateTests.java:141)
	at java.base/java.util.ArrayList.forEach(ArrayList.java:1511)
... Removed 32 stack frames</div></td></tr></table><p class="totop"><a href="#summary">back to summary</a></p>
<h3 id="m25">in.biencaps.erp.testCases.SelfTaskUpdateTests#verify_Update_Self_Task_Status_From_Day_View_And_Check_Task_Status_And_Logs</h3><table class="result"><tr><th>Exception</th></tr><tr><td><div class="stacktrace">org.openqa.selenium.ElementClickInterceptedException: element click intercepted: Element &lt;button style=&quot;background: rgb(255, 246, 223); margin-left: 3px;&quot;&gt;...&lt;/button&gt; is not clickable at point (1435, 118). Other element would receive the click: &lt;div class=&quot;logs-container&quot;&gt;...&lt;/div&gt;
  (Session info: chrome=125.0.6422.112)
Build info: version: &apos;4.20.0&apos;, revision: &apos;866c76ca80&apos;
System info: os.name: &apos;Windows 10&apos;, os.arch: &apos;amd64&apos;, os.version: &apos;10.0&apos;, java.version: &apos;17.0.8&apos;
Driver info: org.openqa.selenium.chrome.ChromeDriver
Command: [59aa9eba8d3bf8c773ebc34290100381, clickElement {id=f.C7AA1CC143BFA549682EF6E526766F1E.d.ED3FEAF115665BABBEB98CFB8A5C10E6.e.478}]
Capabilities {acceptInsecureCerts: false, browserName: chrome, browserVersion: 125.0.6422.112, chrome: {chromedriverVersion: 125.0.6422.78 (14db42ec38ad..., userDataDir: C:\Users\Lenovo\AppData\Loc...}, fedcm:accounts: true, goog:chromeOptions: {debuggerAddress: localhost:64829}, networkConnectionEnabled: false, pageLoadStrategy: normal, platformName: windows, proxy: Proxy(), se:cdp: ws://localhost:64829/devtoo..., se:cdpVersion: 125.0.6422.112, setWindowRect: true, strictFileInteractability: false, timeouts: {implicit: 0, pageLoad: 300000, script: 30000}, unhandledPromptBehavior: dismiss and notify, webauthn:extension:credBlob: true, webauthn:extension:largeBlob: true, webauthn:extension:minPinLength: true, webauthn:extension:prf: true, webauthn:virtualAuthenticators: true}
Element: [[ChromeDriver: chrome on windows (59aa9eba8d3bf8c773ebc34290100381)] -&gt; xpath: //button[normalize-space()=&apos;Day&apos;]]
Session ID: 59aa9eba8d3bf8c773ebc34290100381
	at org.openqa.selenium.remote.ErrorCodec.decode(ErrorCodec.java:167)
	at org.openqa.selenium.remote.codec.w3c.W3CHttpResponseCodec.decode(W3CHttpResponseCodec.java:138)
	at org.openqa.selenium.remote.codec.w3c.W3CHttpResponseCodec.decode(W3CHttpResponseCodec.java:50)
	at org.openqa.selenium.remote.HttpCommandExecutor.execute(HttpCommandExecutor.java:190)
	at org.openqa.selenium.remote.service.DriverCommandExecutor.invokeExecute(DriverCommandExecutor.java:216)
	at org.openqa.selenium.remote.service.DriverCommandExecutor.execute(DriverCommandExecutor.java:174)
	at org.openqa.selenium.remote.RemoteWebDriver.execute(RemoteWebDriver.java:518)
	at org.openqa.selenium.remote.RemoteWebElement.execute(RemoteWebElement.java:223)
	at org.openqa.selenium.remote.RemoteWebElement.click(RemoteWebElement.java:76)
	at in.biencaps.erp.utilities.WebElementActions.clickOnMethod(WebElementActions.java:89)
	at in.biencaps.erp.pages.MyTasksPage.clickOnDayButton(MyTasksPage.java:341)
	at in.biencaps.erp.utilities.CommonTestMethods.goToDayView(CommonTestMethods.java:110)
	at in.biencaps.erp.testCases.SelfTaskUpdateTests.verify_Update_Self_Task_Status_From_Day_View_And_Check_Task_Status_And_Logs(SelfTaskUpdateTests.java:721)
	at java.base/java.util.ArrayList.forEach(ArrayList.java:1511)
... Removed 32 stack frames</div></td></tr></table><p class="totop"><a href="#summary">back to summary</a></p>
<h3 id="m26">in.biencaps.erp.testCases.SelfTaskUpdateTests#verify_Update_Self_Task_Time_From_Day_View_And_Check_Task_Time_And_Logs</h3><table class="result"><tr><th>Exception</th></tr><tr><td><div class="stacktrace">org.openqa.selenium.ElementClickInterceptedException: element click intercepted: Element &lt;button style=&quot;background: rgb(255, 246, 223); margin-left: 3px;&quot;&gt;...&lt;/button&gt; is not clickable at point (1435, 118). Other element would receive the click: &lt;div class=&quot;logs-container&quot;&gt;...&lt;/div&gt;
  (Session info: chrome=125.0.6422.112)
Build info: version: &apos;4.20.0&apos;, revision: &apos;866c76ca80&apos;
System info: os.name: &apos;Windows 10&apos;, os.arch: &apos;amd64&apos;, os.version: &apos;10.0&apos;, java.version: &apos;17.0.8&apos;
Driver info: org.openqa.selenium.chrome.ChromeDriver
Command: [59aa9eba8d3bf8c773ebc34290100381, clickElement {id=f.C7AA1CC143BFA549682EF6E526766F1E.d.ED3FEAF115665BABBEB98CFB8A5C10E6.e.478}]
Capabilities {acceptInsecureCerts: false, browserName: chrome, browserVersion: 125.0.6422.112, chrome: {chromedriverVersion: 125.0.6422.78 (14db42ec38ad..., userDataDir: C:\Users\Lenovo\AppData\Loc...}, fedcm:accounts: true, goog:chromeOptions: {debuggerAddress: localhost:64829}, networkConnectionEnabled: false, pageLoadStrategy: normal, platformName: windows, proxy: Proxy(), se:cdp: ws://localhost:64829/devtoo..., se:cdpVersion: 125.0.6422.112, setWindowRect: true, strictFileInteractability: false, timeouts: {implicit: 0, pageLoad: 300000, script: 30000}, unhandledPromptBehavior: dismiss and notify, webauthn:extension:credBlob: true, webauthn:extension:largeBlob: true, webauthn:extension:minPinLength: true, webauthn:extension:prf: true, webauthn:virtualAuthenticators: true}
Element: [[ChromeDriver: chrome on windows (59aa9eba8d3bf8c773ebc34290100381)] -&gt; xpath: //button[normalize-space()=&apos;Day&apos;]]
Session ID: 59aa9eba8d3bf8c773ebc34290100381
	at org.openqa.selenium.remote.ErrorCodec.decode(ErrorCodec.java:167)
	at org.openqa.selenium.remote.codec.w3c.W3CHttpResponseCodec.decode(W3CHttpResponseCodec.java:138)
	at org.openqa.selenium.remote.codec.w3c.W3CHttpResponseCodec.decode(W3CHttpResponseCodec.java:50)
	at org.openqa.selenium.remote.HttpCommandExecutor.execute(HttpCommandExecutor.java:190)
	at org.openqa.selenium.remote.service.DriverCommandExecutor.invokeExecute(DriverCommandExecutor.java:216)
	at org.openqa.selenium.remote.service.DriverCommandExecutor.execute(DriverCommandExecutor.java:174)
	at org.openqa.selenium.remote.RemoteWebDriver.execute(RemoteWebDriver.java:518)
	at org.openqa.selenium.remote.RemoteWebElement.execute(RemoteWebElement.java:223)
	at org.openqa.selenium.remote.RemoteWebElement.click(RemoteWebElement.java:76)
	at in.biencaps.erp.utilities.WebElementActions.clickOnMethod(WebElementActions.java:89)
	at in.biencaps.erp.pages.MyTasksPage.clickOnDayButton(MyTasksPage.java:341)
	at in.biencaps.erp.utilities.CommonTestMethods.goToDayView(CommonTestMethods.java:110)
	at in.biencaps.erp.testCases.SelfTaskUpdateTests.verify_Update_Self_Task_Time_From_Day_View_And_Check_Task_Time_And_Logs(SelfTaskUpdateTests.java:188)
	at java.base/java.util.ArrayList.forEach(ArrayList.java:1511)
... Removed 32 stack frames</div></td></tr></table><p class="totop"><a href="#summary">back to summary</a></p>
<h3 id="m27">in.biencaps.erp.testCases.SelfTaskUpdateTests#verify_Update_Self_Task_Title_From_Day_View_And_Check_Task_Title_And_Logs</h3><table class="result"><tr><th>Exception</th></tr><tr><td><div class="stacktrace">org.openqa.selenium.ElementClickInterceptedException: element click intercepted: Element &lt;input class=&quot;taskTitle&quot; id=&quot;&quot; type=&quot;text&quot; value=&quot;An Instant In The Wind&quot;&gt; is not clickable at point (577, 221). Other element would receive the click: &lt;p&gt;...&lt;/p&gt;
  (Session info: chrome=125.0.6422.112)
Build info: version: &apos;4.20.0&apos;, revision: &apos;866c76ca80&apos;
System info: os.name: &apos;Windows 10&apos;, os.arch: &apos;amd64&apos;, os.version: &apos;10.0&apos;, java.version: &apos;17.0.8&apos;
Driver info: org.openqa.selenium.chrome.ChromeDriver
Command: [59aa9eba8d3bf8c773ebc34290100381, clickElement {id=f.C7AA1CC143BFA549682EF6E526766F1E.d.ED3FEAF115665BABBEB98CFB8A5C10E6.e.244}]
Capabilities {acceptInsecureCerts: false, browserName: chrome, browserVersion: 125.0.6422.112, chrome: {chromedriverVersion: 125.0.6422.78 (14db42ec38ad..., userDataDir: C:\Users\Lenovo\AppData\Loc...}, fedcm:accounts: true, goog:chromeOptions: {debuggerAddress: localhost:64829}, networkConnectionEnabled: false, pageLoadStrategy: normal, platformName: windows, proxy: Proxy(), se:cdp: ws://localhost:64829/devtoo..., se:cdpVersion: 125.0.6422.112, setWindowRect: true, strictFileInteractability: false, timeouts: {implicit: 0, pageLoad: 300000, script: 30000}, unhandledPromptBehavior: dismiss and notify, webauthn:extension:credBlob: true, webauthn:extension:largeBlob: true, webauthn:extension:minPinLength: true, webauthn:extension:prf: true, webauthn:virtualAuthenticators: true}
Element: [[ChromeDriver: chrome on windows (59aa9eba8d3bf8c773ebc34290100381)] -&gt; xpath: (//div[@class=&apos;taskTileDivContainer&apos;]//input[@type=&apos;text&apos;])[last()]]
Session ID: 59aa9eba8d3bf8c773ebc34290100381
	at org.openqa.selenium.remote.ErrorCodec.decode(ErrorCodec.java:167)
	at org.openqa.selenium.remote.codec.w3c.W3CHttpResponseCodec.decode(W3CHttpResponseCodec.java:138)
	at org.openqa.selenium.remote.codec.w3c.W3CHttpResponseCodec.decode(W3CHttpResponseCodec.java:50)
	at org.openqa.selenium.remote.HttpCommandExecutor.execute(HttpCommandExecutor.java:190)
	at org.openqa.selenium.remote.service.DriverCommandExecutor.invokeExecute(DriverCommandExecutor.java:216)
	at org.openqa.selenium.remote.service.DriverCommandExecutor.execute(DriverCommandExecutor.java:174)
	at org.openqa.selenium.remote.RemoteWebDriver.execute(RemoteWebDriver.java:518)
	at org.openqa.selenium.remote.RemoteWebElement.execute(RemoteWebElement.java:223)
	at org.openqa.selenium.remote.RemoteWebElement.click(RemoteWebElement.java:76)
	at in.biencaps.erp.utilities.WebElementActions.clickOnMethod(WebElementActions.java:89)
	at in.biencaps.erp.pages.MyTasksPage.clickOnLastTaskTitleTextfieldInDayView(MyTasksPage.java:627)
	at in.biencaps.erp.testCases.SelfTaskUpdateTests.verify_Update_Self_Task_Title_From_Day_View_And_Check_Task_Title_And_Logs(SelfTaskUpdateTests.java:110)
	at java.base/java.util.ArrayList.forEach(ArrayList.java:1511)
... Removed 32 stack frames</div></td></tr></table><p class="totop"><a href="#summary">back to summary</a></p>
<h3 id="m28">in.biencaps.erp.testCases.AddSelfTaskAndCheckInDayViewTests#verify_Added_Roll_Over_Task_In_Each_Day_From_Start_Date_Until_Current_Day_In_Day_View</h3><table class="result"><tr><th>Exception</th></tr><tr><td><div class="stacktrace">java.lang.Throwable: Method in.biencaps.erp.testCases.AddSelfTaskAndCheckInDayViewTests.verify_Added_Roll_Over_Task_In_Each_Day_From_Start_Date_Until_Current_Day_In_Day_View() on instance in.biencaps.erp.testCases.AddSelfTaskAndCheckInDayViewTests@1c6804cd depends on not successfully finished methods 
[in.biencaps.erp.testCases.AddSelfTaskAndCheckInDayViewTests.verify_Add_Roll_Over_Task_At_Past_Date_Which_Start_And_End_Date_Is_Same() on instance in.biencaps.erp.testCases.AddSelfTaskAndCheckInDayViewTests@1c6804cd]
	at java.base/java.util.ArrayList.forEach(ArrayList.java:1511)
... Removed 18 stack frames</div></td></tr></table><p class="totop"><a href="#summary">back to summary</a></p>
<h3 id="m29">in.biencaps.erp.testCases.AddSelfTaskAndCheckInDayViewTests#verify_Added_Task_From_Day_View_Sidebar_Check_In_Each_Day_Until_Future_Date_In_Day_View</h3><table class="result"><tr><th>Exception</th></tr><tr><td><div class="stacktrace">java.lang.Throwable: Method in.biencaps.erp.testCases.AddSelfTaskAndCheckInDayViewTests.verify_Added_Task_From_Day_View_Sidebar_Check_In_Each_Day_Until_Future_Date_In_Day_View() on instance in.biencaps.erp.testCases.AddSelfTaskAndCheckInDayViewTests@1c6804cd depends on not successfully finished methods 
[in.biencaps.erp.testCases.AddSelfTaskAndCheckInDayViewTests.verify_Add_Task_From_Day_View_Sidebar_With_Start_Date_As_Current_Date_And_Due_Date_As_Future_Date() on instance in.biencaps.erp.testCases.AddSelfTaskAndCheckInDayViewTests@1c6804cd]
	at java.base/java.util.ArrayList.forEach(ArrayList.java:1511)
... Removed 18 stack frames</div></td></tr></table><p class="totop"><a href="#summary">back to summary</a></p>
<h3 id="m30">in.biencaps.erp.testCases.AddSelfTaskAndCheckInDayViewTests#verify_Added_Task_From_Week_View_Sidebar_Check_In_Day_View</h3><table class="result"><tr><th>Exception</th></tr><tr><td><div class="stacktrace">java.lang.Throwable: Method in.biencaps.erp.testCases.AddSelfTaskAndCheckInDayViewTests.verify_Added_Task_From_Week_View_Sidebar_Check_In_Day_View() on instance in.biencaps.erp.testCases.AddSelfTaskAndCheckInDayViewTests@1c6804cd depends on not successfully finished methods 
[in.biencaps.erp.testCases.AddSelfTaskAndCheckInDayViewTests.verify_Add_Task_From_Week_View_Sidebar_By_Giving_Only_Title_Date_And_Comment() on instance in.biencaps.erp.testCases.AddSelfTaskAndCheckInDayViewTests@1c6804cd]
	at java.base/java.util.ArrayList.forEach(ArrayList.java:1511)
... Removed 18 stack frames</div></td></tr></table><p class="totop"><a href="#summary">back to summary</a></p>
<h3 id="m31">in.biencaps.erp.testCases.AddSelfTaskAndCheckInDayViewTests#verify_Added_Task_From_Week_View_Sidebar_In_Week_View</h3><table class="result"><tr><th>Exception</th></tr><tr><td><div class="stacktrace">java.lang.Throwable: Method in.biencaps.erp.testCases.AddSelfTaskAndCheckInDayViewTests.verify_Added_Task_From_Week_View_Sidebar_In_Week_View() on instance in.biencaps.erp.testCases.AddSelfTaskAndCheckInDayViewTests@1c6804cd depends on not successfully finished methods 
[in.biencaps.erp.testCases.AddSelfTaskAndCheckInDayViewTests.verify_Add_Task_From_Week_View_Sidebar_By_Giving_Only_Title_Date_And_Comment() on instance in.biencaps.erp.testCases.AddSelfTaskAndCheckInDayViewTests@1c6804cd]
	at java.base/java.util.ArrayList.forEach(ArrayList.java:1511)
... Removed 18 stack frames</div></td></tr></table><p class="totop"><a href="#summary">back to summary</a></p>
<h3 id="m32">in.biencaps.erp.testCases.AddSelfTaskAndCheckInDayViewTests#verify_Total_Tasks_Count_And_Log_Message_In_Day_View_After_Added_Another_Task_From_Day_View</h3><table class="result"><tr><th>Exception</th></tr><tr><td><div class="stacktrace">java.lang.Throwable: Method in.biencaps.erp.testCases.AddSelfTaskAndCheckInDayViewTests.verify_Total_Tasks_Count_And_Log_Message_In_Day_View_After_Added_Another_Task_From_Day_View() on instance in.biencaps.erp.testCases.AddSelfTaskAndCheckInDayViewTests@1c6804cd depends on not successfully finished methods 
[in.biencaps.erp.testCases.AddSelfTaskAndCheckInDayViewTests.verify_Add_New_Task_From_Day_View_At_Current_Date() on instance in.biencaps.erp.testCases.AddSelfTaskAndCheckInDayViewTests@1c6804cd]
	at java.base/java.util.ArrayList.forEach(ArrayList.java:1511)
... Removed 18 stack frames</div></td></tr></table><p class="totop"><a href="#summary">back to summary</a></p>
<h3 id="m33">in.biencaps.erp.testCases.AddSelfTaskAndCheckInDayViewTests#verify_Total_Tasks_Count_And_Log_Message_In_Day_View_After_Added_Another_Task_From_Week_View_Sidebar</h3><table class="result"><tr><th>Exception</th></tr><tr><td><div class="stacktrace">java.lang.Throwable: Method in.biencaps.erp.testCases.AddSelfTaskAndCheckInDayViewTests.verify_Total_Tasks_Count_And_Log_Message_In_Day_View_After_Added_Another_Task_From_Week_View_Sidebar() on instance in.biencaps.erp.testCases.AddSelfTaskAndCheckInDayViewTests@1c6804cd depends on not successfully finished methods 
[in.biencaps.erp.testCases.AddSelfTaskAndCheckInDayViewTests.verify_Added_Task_From_Week_View_Sidebar_Check_In_Day_View() on instance in.biencaps.erp.testCases.AddSelfTaskAndCheckInDayViewTests@1c6804cd]
	at java.base/java.util.ArrayList.forEach(ArrayList.java:1511)
... Removed 18 stack frames</div></td></tr></table><p class="totop"><a href="#summary">back to summary</a></p>
<h3 id="m34">in.biencaps.erp.testCases.AddSelfTaskAndCheckInDayViewTests#verify_Total_Tasks_Count_And_Log_Message_In_Day_View_After_Adding_Another_Task_From_Day_View_Sidebar</h3><table class="result"><tr><th>Exception</th></tr><tr><td><div class="stacktrace">java.lang.Throwable: Method in.biencaps.erp.testCases.AddSelfTaskAndCheckInDayViewTests.verify_Total_Tasks_Count_And_Log_Message_In_Day_View_After_Adding_Another_Task_From_Day_View_Sidebar() on instance in.biencaps.erp.testCases.AddSelfTaskAndCheckInDayViewTests@1c6804cd depends on not successfully finished methods 
[in.biencaps.erp.testCases.AddSelfTaskAndCheckInDayViewTests.verify_Added_Task_From_Day_View_Sidebar_Check_In_Each_Day_Until_Future_Date_In_Day_View() on instance in.biencaps.erp.testCases.AddSelfTaskAndCheckInDayViewTests@1c6804cd]
	at java.base/java.util.ArrayList.forEach(ArrayList.java:1511)
... Removed 18 stack frames</div></td></tr></table><p class="totop"><a href="#summary">back to summary</a></p>
<h3 id="m35">in.biencaps.erp.testCases.AddSelfTaskAndCheckInDayViewTests#verify_Total_Tasks_Count_And_Log_Messages_In_Day_View_After_Added_Another_Task_From_Month_View_Sidebar</h3><table class="result"><tr><th>Exception</th></tr><tr><td><div class="stacktrace">java.lang.Throwable: Method in.biencaps.erp.testCases.AddSelfTaskAndCheckInDayViewTests.verify_Total_Tasks_Count_And_Log_Messages_In_Day_View_After_Added_Another_Task_From_Month_View_Sidebar() on instance in.biencaps.erp.testCases.AddSelfTaskAndCheckInDayViewTests@1c6804cd depends on not successfully finished methods 
[in.biencaps.erp.testCases.AddSelfTaskAndCheckInDayViewTests.verify_Added_Roll_Over_Task_In_Each_Day_From_Start_Date_Until_Current_Day_In_Day_View() on instance in.biencaps.erp.testCases.AddSelfTaskAndCheckInDayViewTests@1c6804cd]
	at java.base/java.util.ArrayList.forEach(ArrayList.java:1511)
... Removed 18 stack frames</div></td></tr></table><p class="totop"><a href="#summary">back to summary</a></p>
<h3 id="m36">in.biencaps.erp.testCases.SelfTaskSubmittedTests#accept_Task_Title_Change_Request_By_Higher_Authority</h3><table class="result"><tr><th>Exception</th></tr><tr><td><div class="stacktrace">java.lang.Throwable: Method in.biencaps.erp.testCases.SelfTaskSubmittedTests.accept_Task_Title_Change_Request_By_Higher_Authority() on instance in.biencaps.erp.testCases.SelfTaskSubmittedTests@549949be depends on not successfully finished methods 
[in.biencaps.erp.testCases.SelfTaskSubmittedTests.verify_New_Notification_Message_And_Request_Of_Employee_At_All_Higher_Authority_of_Submit_Task() on instance in.biencaps.erp.testCases.SelfTaskSubmittedTests@549949be]
	at java.base/java.util.ArrayList.forEach(ArrayList.java:1511)
... Removed 18 stack frames</div></td></tr></table><p class="totop"><a href="#summary">back to summary</a></p>
<h3 id="m37">in.biencaps.erp.testCases.SelfTaskSubmittedTests#reject_Task_Title_Change_Request_By_Higher_Authority</h3><table class="result"><tr><th>Exception</th></tr><tr><td><div class="stacktrace">java.lang.Throwable: Method in.biencaps.erp.testCases.SelfTaskSubmittedTests.reject_Task_Title_Change_Request_By_Higher_Authority() on instance in.biencaps.erp.testCases.SelfTaskSubmittedTests@549949be depends on not successfully finished methods 
[in.biencaps.erp.testCases.SelfTaskSubmittedTests.verify_Notification_Message_And_Request_Of_Employee_At_All_Higher_Authority_of_Submit_Task() on instance in.biencaps.erp.testCases.SelfTaskSubmittedTests@549949be]
	at java.base/java.util.ArrayList.forEach(ArrayList.java:1511)
... Removed 18 stack frames</div></td></tr></table><p class="totop"><a href="#summary">back to summary</a></p>
<h3 id="m38">in.biencaps.erp.testCases.SelfTaskUpdateTests#verify_Update_Self_Task_Gitlink_By_Giving_Invalid_Gitlink_From_Day_View_And_Check_Task_Gitlink_And_Logs</h3><table class="result"><tr><th>Exception</th></tr><tr><td><div class="stacktrace">java.lang.Throwable: Method in.biencaps.erp.testCases.SelfTaskUpdateTests.verify_Update_Self_Task_Gitlink_By_Giving_Invalid_Gitlink_From_Day_View_And_Check_Task_Gitlink_And_Logs() on instance in.biencaps.erp.testCases.SelfTaskUpdateTests@655f7ea depends on not successfully finished methods 
[in.biencaps.erp.testCases.SelfTaskUpdateTests.verify_Update_Self_Task_Project_From_Day_View_And_Check_Task_Project_And_Logs() on instance in.biencaps.erp.testCases.SelfTaskUpdateTests@655f7ea]
	at java.base/java.util.ArrayList.forEach(ArrayList.java:1511)
... Removed 18 stack frames</div></td></tr></table><p class="totop"><a href="#summary">back to summary</a></p>
<h3 id="m39">in.biencaps.erp.testCases.SelfTaskUpdateTests#verify_Update_Self_Task_Gitlink_By_Giving_Valid_Gitlink_From_Day_View_And_Check_Task_Gitlink_And_Logs</h3><table class="result"><tr><th>Exception</th></tr><tr><td><div class="stacktrace">java.lang.Throwable: Method in.biencaps.erp.testCases.SelfTaskUpdateTests.verify_Update_Self_Task_Gitlink_By_Giving_Valid_Gitlink_From_Day_View_And_Check_Task_Gitlink_And_Logs() on instance in.biencaps.erp.testCases.SelfTaskUpdateTests@655f7ea depends on not successfully finished methods 
[in.biencaps.erp.testCases.SelfTaskUpdateTests.verify_Update_Self_Task_Project_From_Day_View_And_Check_Task_Project_And_Logs() on instance in.biencaps.erp.testCases.SelfTaskUpdateTests@655f7ea]
	at java.base/java.util.ArrayList.forEach(ArrayList.java:1511)
... Removed 18 stack frames</div></td></tr></table><p class="totop"><a href="#summary">back to summary</a></p>
<h3 id="m40">in.biencaps.erp.testCases.SelfTaskUpdateTests#verify_Update_Self_Task_Project_From_Day_View_And_Check_Task_Project_And_Logs</h3><table class="result"><tr><th>Exception</th></tr><tr><td><div class="stacktrace">java.lang.Throwable: Method in.biencaps.erp.testCases.SelfTaskUpdateTests.verify_Update_Self_Task_Project_From_Day_View_And_Check_Task_Project_And_Logs() on instance in.biencaps.erp.testCases.SelfTaskUpdateTests@655f7ea depends on not successfully finished methods 
[in.biencaps.erp.testCases.SelfTaskUpdateTests.verify_Update_Self_Task_Gitlink_From_Day_View_Without_Selecting_Project() on instance in.biencaps.erp.testCases.SelfTaskUpdateTests@655f7ea]
	at java.base/java.util.ArrayList.forEach(ArrayList.java:1511)
... Removed 18 stack frames</div></td></tr></table><p class="totop"><a href="#summary">back to summary</a></p>
<h3 id="m41">in.biencaps.erp.testCases.SelfTaskUpdateTests#verify_Update_Self_Task_Verified_Status_From_Day_View_And_Check_Task_Verified_Status_And_Logs</h3><table class="result"><tr><th>Exception</th></tr><tr><td><div class="stacktrace">java.lang.Throwable: Method in.biencaps.erp.testCases.SelfTaskUpdateTests.verify_Update_Self_Task_Verified_Status_From_Day_View_And_Check_Task_Verified_Status_And_Logs() on instance in.biencaps.erp.testCases.SelfTaskUpdateTests@655f7ea depends on not successfully finished methods 
[in.biencaps.erp.testCases.SelfTaskUpdateTests.verify_Update_Self_Task_Gitlink_By_Giving_Valid_Gitlink_From_Day_View_And_Check_Task_Gitlink_And_Logs() on instance in.biencaps.erp.testCases.SelfTaskUpdateTests@655f7ea]
	at java.base/java.util.ArrayList.forEach(ArrayList.java:1511)
... Removed 18 stack frames</div></td></tr></table><p class="totop"><a href="#summary">back to summary</a></p>
<h3 id="m42">in.biencaps.erp.testCases.AddSelfTaskAndCheckInDayViewTests#verify_Add_Task_From_Month_View_At_Current_Date</h3><table class="result"><tr><th class="invisible"/></tr></table><p class="totop"><a href="#summary">back to summary</a></p>
<h3 id="m43">in.biencaps.erp.testCases.AddSelfTaskAndCheckInDayViewTests#verify_Add_Task_From_Sidebar_Without_Entering_Task_Title</h3><table class="result"><tr><th class="invisible"/></tr></table><p class="totop"><a href="#summary">back to summary</a></p>
<h3 id="m44">in.biencaps.erp.testCases.AddSelfTaskAndCheckInDayViewTests#verify_Added_Task_From_Month_View_At_Current_Date_Check_In_Day_View</h3><table class="result"><tr><th class="invisible"/></tr></table><p class="totop"><a href="#summary">back to summary</a></p>
<h3 id="m45">in.biencaps.erp.testCases.AddSelfTaskAndCheckInDayViewTests#verify_Total_Tasks_Count_Before_Add_New_Task</h3><table class="result"><tr><th class="invisible"/></tr></table><p class="totop"><a href="#summary">back to summary</a></p>
<h3 id="m46">in.biencaps.erp.testCases.LoginAndForgotPasswordTests#verify_Employee_Name_After_Logged_In</h3><table class="result"><tr><th class="invisible"/></tr></table><p class="totop"><a href="#summary">back to summary</a></p>
<h3 id="m47">in.biencaps.erp.testCases.LoginAndForgotPasswordTests#verify_Forgot_Password_Without_Giving_UserId</h3><table class="result"><tr><th class="invisible"/></tr></table><p class="totop"><a href="#summary">back to summary</a></p>
<h3 id="m48">in.biencaps.erp.testCases.LoginAndForgotPasswordTests#verify_Login_Employee_With_Valid_And_Invalid_Credentails</h3><table class="result"><tr class="param"><th>Parameter #1</th><th>Parameter #2</th></tr><tr class="param stripe"><td>INC012</td><td>Pass@123</td></tr></table><p class="totop"><a href="#summary">back to summary</a></p>
<h3 id="m49">in.biencaps.erp.testCases.LoginAndForgotPasswordTests#verify_Login_Employee_With_Valid_And_Invalid_Credentails</h3><table class="result"><tr class="param"><th>Parameter #1</th><th>Parameter #2</th></tr><tr class="param stripe"><td>Algiers</td><td>Pass@123</td></tr></table><p class="totop"><a href="#summary">back to summary</a></p>
<h3 id="m50">in.biencaps.erp.testCases.LoginAndForgotPasswordTests#verify_Login_Employee_With_Valid_And_Invalid_Credentails</h3><table class="result"><tr class="param"><th>Parameter #1</th><th>Parameter #2</th></tr><tr class="param stripe"><td>INC012</td><td>7mnnj9046yak6</td></tr></table><p class="totop"><a href="#summary">back to summary</a></p>
<h3 id="m51">in.biencaps.erp.testCases.LoginAndForgotPasswordTests#verify_Login_Employee_With_Valid_And_Invalid_Credentails</h3><table class="result"><tr class="param"><th>Parameter #1</th><th>Parameter #2</th></tr><tr class="param stripe"><td>Algiers</td><td>7mnnj9046yak6</td></tr></table><p class="totop"><a href="#summary">back to summary</a></p>
</body>
</html>
