<!DOCTYPE html>

<html>
  <head>
  <meta charset='utf-8'>
  <title>TestNG reports</title>

    <link type="text/css" href="testng-reports1.css" rel="stylesheet" id="ultra" />
    <link type="text/css" href="testng-reports.css" rel="stylesheet" id="retro" disabled="false"/>
    <script type="text/javascript" src="jquery-3.6.0.min.js"></script>
    <script type="text/javascript" src="testng-reports.js"></script>
    <script type="text/javascript" src="https://www.google.com/jsapi"></script>
    <script type='text/javascript'>
      google.load('visualization', '1', {packages:['table']});
      google.setOnLoadCallback(drawTable);
      var suiteTableInitFunctions = new Array();
      var suiteTableData = new Array();
    </script>
    <!--
      <script type="text/javascript" src="jquery-ui/js/jquery-ui-1.8.16.custom.min.js"></script>
     -->
  </head>

  <body>    <div class="top-banner-root">
      <span class="top-banner-title-font">Test results</span>
      <button id="button" class="button">Switch Retro Theme</button> <!-- button -->
      <br/>
      <span class="top-banner-font-1">1 suite, 28 failed tests</span>
    </div> <!-- top-banner-root -->
    <div class="navigator-root">
      <div class="navigator-suite-header">
        <span>All suites</span>
        <a href="#" title="Collapse/expand all the suites" class="collapse-all-link">
          <img src="collapseall.gif" class="collapse-all-icon">
          </img> <!-- collapse-all-icon -->
        </a> <!-- collapse-all-link -->
      </div> <!-- navigator-suite-header -->
      <div class="suite">
        <div class="rounded-window">
          <div class="suite-header light-rounded-window-top">
            <a href="#" panel-name="suite-Suite" class="navigator-link">
              <span class="suite-name border-failed">Suite</span>
            </a> <!-- navigator-link -->
          </div> <!-- suite-header light-rounded-window-top -->
          <div class="navigator-suite-content">
            <div class="suite-section-title">
              <span>Info</span>
            </div> <!-- suite-section-title -->
            <div class="suite-section-content">
              <ul>
                <li>
                  <a href="#" panel-name="test-xml-Suite" class="navigator-link ">
                    <span>C:\Users\Lenovo\eclipse-workspace\ERP_Website_Automation_Testing\testng1.xml</span>
                  </a> <!-- navigator-link  -->
                </li>
                <li>
                  <a href="#" panel-name="testlist-Suite" class="navigator-link ">
                    <span class="test-stats">1 test</span>
                  </a> <!-- navigator-link  -->
                </li>
                <li>
                  <a href="#" panel-name="group-Suite" class="navigator-link ">
                    <span>0 groups</span>
                  </a> <!-- navigator-link  -->
                </li>
                <li>
                  <a href="#" panel-name="times-Suite" class="navigator-link ">
                    <span>Times</span>
                  </a> <!-- navigator-link  -->
                </li>
                <li>
                  <a href="#" panel-name="reporter-Suite" class="navigator-link ">
                    <span>Reporter output</span>
                  </a> <!-- navigator-link  -->
                </li>
                <li>
                  <a href="#" panel-name="ignored-methods-Suite" class="navigator-link ">
                    <span>Ignored methods</span>
                  </a> <!-- navigator-link  -->
                </li>
                <li>
                  <a href="#" panel-name="chronological-Suite" class="navigator-link ">
                    <span>Chronological view</span>
                  </a> <!-- navigator-link  -->
                </li>
              </ul>
            </div> <!-- suite-section-content -->
            <div class="result-section">
              <div class="suite-section-title">
                <span>Results</span>
              </div> <!-- suite-section-title -->
              <div class="suite-section-content">
                <ul>
                  <li>
                    <span class="method-stats">52 methods, 28 failed,  14 skipped,  10 passed</span>
                  </li>
                  <li>
                    <span class="method-list-title failed">Failed methods</span>
                    <span class="show-or-hide-methods failed">
                      <a href="#" panel-name="suite-Suite" class="hide-methods failed suite-Suite"> (hide)</a> <!-- hide-methods failed suite-Suite -->
                      <a href="#" panel-name="suite-Suite" class="show-methods failed suite-Suite"> (show)</a> <!-- show-methods failed suite-Suite -->
                    </span>
                    <div class="method-list-content failed suite-Suite">
                      <span>
                        <img src="failed.png" width="3%"/>
                        <a href="#" panel-name="suite-Suite" title="in.biencaps.erp.testCases.AddSelfTaskAndCheckInDayViewTests" class="method navigator-link" hash-for-method="verify_Add_New_Task_From_Day_View_At_Current_Date">verify_Add_New_Task_From_Day_View_At_Current_Date</a> <!-- method navigator-link -->
                      </span>
                      <br/>
                      <span>
                        <img src="failed.png" width="3%"/>
                        <a href="#" panel-name="suite-Suite" title="in.biencaps.erp.testCases.AddSelfTaskAndCheckInDayViewTests" class="method navigator-link" hash-for-method="verify_Add_Roll_Over_Task_At_Past_Date_Which_Start_And_End_Date_Is_Same">verify_Add_Roll_Over_Task_At_Past_Date_Which_Start_And_End_Date_Is_Same</a> <!-- method navigator-link -->
                      </span>
                      <br/>
                      <span>
                        <img src="failed.png" width="3%"/>
                        <a href="#" panel-name="suite-Suite" title="in.biencaps.erp.testCases.AddSelfTaskAndCheckInDayViewTests" class="method navigator-link" hash-for-method="verify_Add_Task_From_Day_View_Sidebar_With_Start_Date_As_Current_Date_And_Due_Date_As_Future_Date">verify_Add_Task_From_Day_View_Sidebar_With_Start_Date_As_Current_Date_And_Due_Date_As_Future_Date</a> <!-- method navigator-link -->
                      </span>
                      <br/>
                      <span>
                        <img src="failed.png" width="3%"/>
                        <a href="#" panel-name="suite-Suite" title="in.biencaps.erp.testCases.AddSelfTaskAndCheckInDayViewTests" class="method navigator-link" hash-for-method="verify_Add_Task_From_Week_View_Sidebar_By_Giving_Only_Title_Date_And_Comment">verify_Add_Task_From_Week_View_Sidebar_By_Giving_Only_Title_Date_And_Comment</a> <!-- method navigator-link -->
                      </span>
                      <br/>
                      <span>
                        <img src="failed.png" width="3%"/>
                        <a href="#" panel-name="suite-Suite" title="in.biencaps.erp.testCases.SelfTaskSubmittedTests" class="method navigator-link" hash-for-method="verify_Completed_Tasks_Count_And_Percentage_After_Task_Completed_In_Day_View">verify_Completed_Tasks_Count_And_Percentage_After_Task_Completed_In_Day_View</a> <!-- method navigator-link -->
                      </span>
                      <br/>
                      <span>
                        <img src="failed.png" width="3%"/>
                        <a href="#" panel-name="suite-Suite" title="in.biencaps.erp.testCases.SelfTaskUpdateTests" class="method navigator-link" hash-for-method="verify_Higher_Authority_Viewed_Tasks">verify_Higher_Authority_Viewed_Tasks</a> <!-- method navigator-link -->
                      </span>
                      <br/>
                      <span>
                        <img src="failed.png" width="3%"/>
                        <a href="#" panel-name="suite-Suite" title="in.biencaps.erp.testCases.SelfTaskUpdateTests" class="method navigator-link" hash-for-method="verify_Last_Task_Details_In_Day_View">verify_Last_Task_Details_In_Day_View</a> <!-- method navigator-link -->
                      </span>
                      <br/>
                      <span>
                        <img src="failed.png" width="3%"/>
                        <a href="#" panel-name="suite-Suite" title="in.biencaps.erp.testCases.SelfTaskSubmittedTests" class="method navigator-link" hash-for-method="verify_Log_Message_After_Submit_Task_Request_Accepted">verify_Log_Message_After_Submit_Task_Request_Accepted</a> <!-- method navigator-link -->
                      </span>
                      <br/>
                      <span>
                        <img src="failed.png" width="3%"/>
                        <a href="#" panel-name="suite-Suite" title="in.biencaps.erp.testCases.SelfTaskSubmittedTests" class="method navigator-link" hash-for-method="verify_New_Notification_Message_And_Request_Of_Employee_At_All_Higher_Authority_of_Submit_Task">verify_New_Notification_Message_And_Request_Of_Employee_At_All_Higher_Authority_of_Submit_Task</a> <!-- method navigator-link -->
                      </span>
                      <br/>
                      <span>
                        <img src="failed.png" width="3%"/>
                        <a href="#" panel-name="suite-Suite" title="in.biencaps.erp.testCases.SelfTaskSubmittedTests" class="method navigator-link" hash-for-method="verify_Notification_Message_And_Request_Of_Employee_At_All_Higher_Authority_of_Submit_Task">verify_Notification_Message_And_Request_Of_Employee_At_All_Higher_Authority_of_Submit_Task</a> <!-- method navigator-link -->
                      </span>
                      <br/>
                      <span>
                        <img src="failed.png" width="3%"/>
                        <a href="#" panel-name="suite-Suite" title="in.biencaps.erp.testCases.SelfTaskSubmittedTests" class="method navigator-link" hash-for-method="verify_Notification_Message_Of_Request_Accepted_By_Higher_Authority_At_Employee_Side">verify_Notification_Message_Of_Request_Accepted_By_Higher_Authority_At_Employee_Side</a> <!-- method navigator-link -->
                      </span>
                      <br/>
                      <span>
                        <img src="failed.png" width="3%"/>
                        <a href="#" panel-name="suite-Suite" title="in.biencaps.erp.testCases.SelfTaskSubmittedTests" class="method navigator-link" hash-for-method="verify_Notification_Message_Of_Request_Rejected_By_Higher_Authority_At_Employee_Side">verify_Notification_Message_Of_Request_Rejected_By_Higher_Authority_At_Employee_Side</a> <!-- method navigator-link -->
                      </span>
                      <br/>
                      <span>
                        <img src="failed.png" width="3%"/>
                        <a href="#" panel-name="suite-Suite" title="in.biencaps.erp.testCases.SelfTaskSubmittedTests" class="method navigator-link" hash-for-method="verify_Self_Task_Submitted_Again__In_Day_View">verify_Self_Task_Submitted_Again__In_Day_View</a> <!-- method navigator-link -->
                      </span>
                      <br/>
                      <span>
                        <img src="failed.png" width="3%"/>
                        <a href="#" panel-name="suite-Suite" title="in.biencaps.erp.testCases.SelfTaskSubmittedTests" class="method navigator-link" hash-for-method="verify_Self_Task_Submitted_In_Day_View">verify_Self_Task_Submitted_In_Day_View</a> <!-- method navigator-link -->
                      </span>
                      <br/>
                      <span>
                        <img src="failed.png" width="3%"/>
                        <a href="#" panel-name="suite-Suite" title="in.biencaps.erp.testCases.SelfTaskSubmittedTests" class="method navigator-link" hash-for-method="verify_Task_Request_In_My_Request_Section_After_Accepted_Submit_Task_Request">verify_Task_Request_In_My_Request_Section_After_Accepted_Submit_Task_Request</a> <!-- method navigator-link -->
                      </span>
                      <br/>
                      <span>
                        <img src="failed.png" width="3%"/>
                        <a href="#" panel-name="suite-Suite" title="in.biencaps.erp.testCases.SelfTaskSubmittedTests" class="method navigator-link" hash-for-method="verify_Task_Request_In_My_Request_Section_After_Rejected_Submit_Task_Request">verify_Task_Request_In_My_Request_Section_After_Rejected_Submit_Task_Request</a> <!-- method navigator-link -->
                      </span>
                      <br/>
                      <span>
                        <img src="failed.png" width="3%"/>
                        <a href="#" panel-name="suite-Suite" title="in.biencaps.erp.testCases.SelfTaskSubmittedTests" class="method navigator-link" hash-for-method="verify_Task_Status_And_Log_Message_In_Day_View_After_Task_Submitted_Request_Rejected_By_Higher_Authority">verify_Task_Status_And_Log_Message_In_Day_View_After_Task_Submitted_Request_Rejected_By_Higher_Authority</a> <!-- method navigator-link -->
                      </span>
                      <br/>
                      <span>
                        <img src="failed.png" width="3%"/>
                        <a href="#" panel-name="suite-Suite" title="in.biencaps.erp.testCases.SelfTaskSubmittedTests" class="method navigator-link" hash-for-method="verify_Task_Status_In_Day_View_After_Task_Submitted_Request_Accepted_By_Higher_Authority">verify_Task_Status_In_Day_View_After_Task_Submitted_Request_Accepted_By_Higher_Authority</a> <!-- method navigator-link -->
                      </span>
                      <br/>
                      <span>
                        <img src="failed.png" width="3%"/>
                        <a href="#" panel-name="suite-Suite" title="in.biencaps.erp.testCases.SelfTaskSubmittedTests" class="method navigator-link" hash-for-method="verify_Task_Submitted_Request_In_My_Request_Section">verify_Task_Submitted_Request_In_My_Request_Section</a> <!-- method navigator-link -->
                      </span>
                      <br/>
                      <span>
                        <img src="failed.png" width="3%"/>
                        <a href="#" panel-name="suite-Suite" title="in.biencaps.erp.testCases.AddSelfTaskAndCheckInDayViewTests" class="method navigator-link" hash-for-method="verify_Total_Tasks_Count_And_Log_Messages_In_Day_View_After_New_Task_Add_From_Month_View_At_Current_Date">verify_Total_Tasks_Count_And_Log_Messages_In_Day_View_After_New_Task_Add_From_Month_View_At_Current_Date</a> <!-- method navigator-link -->
                      </span>
                      <br/>
                      <span>
                        <img src="failed.png" width="3%"/>
                        <a href="#" panel-name="suite-Suite" title="in.biencaps.erp.testCases.SelfTaskUpdateTests" class="method navigator-link" hash-for-method="verify_Update_Self_Task_Department_From_Day_View_And_Check_Task_Department_And_Logs">verify_Update_Self_Task_Department_From_Day_View_And_Check_Task_Department_And_Logs</a> <!-- method navigator-link -->
                      </span>
                      <br/>
                      <span>
                        <img src="failed.png" width="3%"/>
                        <a href="#" panel-name="suite-Suite" title="in.biencaps.erp.testCases.SelfTaskUpdateTests" class="method navigator-link" hash-for-method="verify_Update_Self_Task_Due_Date_From_Day_View_And_Check_Task_Due_Date_And_Logs">verify_Update_Self_Task_Due_Date_From_Day_View_And_Check_Task_Due_Date_And_Logs</a> <!-- method navigator-link -->
                      </span>
                      <br/>
                      <span>
                        <img src="failed.png" width="3%"/>
                        <a href="#" panel-name="suite-Suite" title="in.biencaps.erp.testCases.SelfTaskUpdateTests" class="method navigator-link" hash-for-method="verify_Update_Self_Task_Gitlink_From_Day_View_Without_Selecting_Project">verify_Update_Self_Task_Gitlink_From_Day_View_Without_Selecting_Project</a> <!-- method navigator-link -->
                      </span>
                      <br/>
                      <span>
                        <img src="failed.png" width="3%"/>
                        <a href="#" panel-name="suite-Suite" title="in.biencaps.erp.testCases.SelfTaskUpdateTests" class="method navigator-link" hash-for-method="verify_Update_Self_Task_Priority_From_Day_View_And_Check_Task_Priority_And_Logs">verify_Update_Self_Task_Priority_From_Day_View_And_Check_Task_Priority_And_Logs</a> <!-- method navigator-link -->
                      </span>
                      <br/>
                      <span>
                        <img src="failed.png" width="3%"/>
                        <a href="#" panel-name="suite-Suite" title="in.biencaps.erp.testCases.SelfTaskUpdateTests" class="method navigator-link" hash-for-method="verify_Update_Self_Task_Status_From_Day_View_And_Check_Task_Status_And_Logs">verify_Update_Self_Task_Status_From_Day_View_And_Check_Task_Status_And_Logs</a> <!-- method navigator-link -->
                      </span>
                      <br/>
                      <span>
                        <img src="failed.png" width="3%"/>
                        <a href="#" panel-name="suite-Suite" title="in.biencaps.erp.testCases.SelfTaskUpdateTests" class="method navigator-link" hash-for-method="verify_Update_Self_Task_Time_From_Day_View_And_Check_Task_Time_And_Logs">verify_Update_Self_Task_Time_From_Day_View_And_Check_Task_Time_And_Logs</a> <!-- method navigator-link -->
                      </span>
                      <br/>
                      <span>
                        <img src="failed.png" width="3%"/>
                        <a href="#" panel-name="suite-Suite" title="in.biencaps.erp.testCases.SelfTaskUpdateTests" class="method navigator-link" hash-for-method="verify_Update_Self_Task_Title_From_Day_View_And_Check_Task_Title_And_Logs">verify_Update_Self_Task_Title_From_Day_View_And_Check_Task_Title_And_Logs</a> <!-- method navigator-link -->
                      </span>
                      <br/>
                      <span>
                        <img src="failed.png" width="3%"/>
                        <a href="#" panel-name="suite-Suite" title="in.biencaps.erp.testCases.SelfTaskSubmittedTests" class="method navigator-link" hash-for-method="verify__New_Task_Submitted_Request_In_My_Request_Section">verify__New_Task_Submitted_Request_In_My_Request_Section</a> <!-- method navigator-link -->
                      </span>
                      <br/>
                    </div> <!-- method-list-content failed suite-Suite -->
                  </li>
                  <li>
                    <span class="method-list-title skipped">Skipped methods</span>
                    <span class="show-or-hide-methods skipped">
                      <a href="#" panel-name="suite-Suite" class="hide-methods skipped suite-Suite"> (hide)</a> <!-- hide-methods skipped suite-Suite -->
                      <a href="#" panel-name="suite-Suite" class="show-methods skipped suite-Suite"> (show)</a> <!-- show-methods skipped suite-Suite -->
                    </span>
                    <div class="method-list-content skipped suite-Suite">
                      <span>
                        <img src="skipped.png" width="3%"/>
                        <a href="#" panel-name="suite-Suite" title="in.biencaps.erp.testCases.SelfTaskSubmittedTests" class="method navigator-link" hash-for-method="accept_Task_Title_Change_Request_By_Higher_Authority">accept_Task_Title_Change_Request_By_Higher_Authority</a> <!-- method navigator-link -->
                      </span>
                      <br/>
                      <span>
                        <img src="skipped.png" width="3%"/>
                        <a href="#" panel-name="suite-Suite" title="in.biencaps.erp.testCases.SelfTaskSubmittedTests" class="method navigator-link" hash-for-method="reject_Task_Title_Change_Request_By_Higher_Authority">reject_Task_Title_Change_Request_By_Higher_Authority</a> <!-- method navigator-link -->
                      </span>
                      <br/>
                      <span>
                        <img src="skipped.png" width="3%"/>
                        <a href="#" panel-name="suite-Suite" title="in.biencaps.erp.testCases.AddSelfTaskAndCheckInDayViewTests" class="method navigator-link" hash-for-method="verify_Added_Roll_Over_Task_In_Each_Day_From_Start_Date_Until_Current_Day_In_Day_View">verify_Added_Roll_Over_Task_In_Each_Day_From_Start_Date_Until_Current_Day_In_Day_View</a> <!-- method navigator-link -->
                      </span>
                      <br/>
                      <span>
                        <img src="skipped.png" width="3%"/>
                        <a href="#" panel-name="suite-Suite" title="in.biencaps.erp.testCases.AddSelfTaskAndCheckInDayViewTests" class="method navigator-link" hash-for-method="verify_Added_Task_From_Day_View_Sidebar_Check_In_Each_Day_Until_Future_Date_In_Day_View">verify_Added_Task_From_Day_View_Sidebar_Check_In_Each_Day_Until_Future_Date_In_Day_View</a> <!-- method navigator-link -->
                      </span>
                      <br/>
                      <span>
                        <img src="skipped.png" width="3%"/>
                        <a href="#" panel-name="suite-Suite" title="in.biencaps.erp.testCases.AddSelfTaskAndCheckInDayViewTests" class="method navigator-link" hash-for-method="verify_Added_Task_From_Week_View_Sidebar_Check_In_Day_View">verify_Added_Task_From_Week_View_Sidebar_Check_In_Day_View</a> <!-- method navigator-link -->
                      </span>
                      <br/>
                      <span>
                        <img src="skipped.png" width="3%"/>
                        <a href="#" panel-name="suite-Suite" title="in.biencaps.erp.testCases.AddSelfTaskAndCheckInDayViewTests" class="method navigator-link" hash-for-method="verify_Added_Task_From_Week_View_Sidebar_In_Week_View">verify_Added_Task_From_Week_View_Sidebar_In_Week_View</a> <!-- method navigator-link -->
                      </span>
                      <br/>
                      <span>
                        <img src="skipped.png" width="3%"/>
                        <a href="#" panel-name="suite-Suite" title="in.biencaps.erp.testCases.AddSelfTaskAndCheckInDayViewTests" class="method navigator-link" hash-for-method="verify_Total_Tasks_Count_And_Log_Message_In_Day_View_After_Added_Another_Task_From_Day_View">verify_Total_Tasks_Count_And_Log_Message_In_Day_View_After_Added_Another_Task_From_Day_View</a> <!-- method navigator-link -->
                      </span>
                      <br/>
                      <span>
                        <img src="skipped.png" width="3%"/>
                        <a href="#" panel-name="suite-Suite" title="in.biencaps.erp.testCases.AddSelfTaskAndCheckInDayViewTests" class="method navigator-link" hash-for-method="verify_Total_Tasks_Count_And_Log_Message_In_Day_View_After_Added_Another_Task_From_Week_View_Sidebar">verify_Total_Tasks_Count_And_Log_Message_In_Day_View_After_Added_Another_Task_From_Week_View_Sidebar</a> <!-- method navigator-link -->
                      </span>
                      <br/>
                      <span>
                        <img src="skipped.png" width="3%"/>
                        <a href="#" panel-name="suite-Suite" title="in.biencaps.erp.testCases.AddSelfTaskAndCheckInDayViewTests" class="method navigator-link" hash-for-method="verify_Total_Tasks_Count_And_Log_Message_In_Day_View_After_Adding_Another_Task_From_Day_View_Sidebar">verify_Total_Tasks_Count_And_Log_Message_In_Day_View_After_Adding_Another_Task_From_Day_View_Sidebar</a> <!-- method navigator-link -->
                      </span>
                      <br/>
                      <span>
                        <img src="skipped.png" width="3%"/>
                        <a href="#" panel-name="suite-Suite" title="in.biencaps.erp.testCases.AddSelfTaskAndCheckInDayViewTests" class="method navigator-link" hash-for-method="verify_Total_Tasks_Count_And_Log_Messages_In_Day_View_After_Added_Another_Task_From_Month_View_Sidebar">verify_Total_Tasks_Count_And_Log_Messages_In_Day_View_After_Added_Another_Task_From_Month_View_Sidebar</a> <!-- method navigator-link -->
                      </span>
                      <br/>
                      <span>
                        <img src="skipped.png" width="3%"/>
                        <a href="#" panel-name="suite-Suite" title="in.biencaps.erp.testCases.SelfTaskUpdateTests" class="method navigator-link" hash-for-method="verify_Update_Self_Task_Gitlink_By_Giving_Invalid_Gitlink_From_Day_View_And_Check_Task_Gitlink_And_Logs">verify_Update_Self_Task_Gitlink_By_Giving_Invalid_Gitlink_From_Day_View_And_Check_Task_Gitlink_And_Logs</a> <!-- method navigator-link -->
                      </span>
                      <br/>
                      <span>
                        <img src="skipped.png" width="3%"/>
                        <a href="#" panel-name="suite-Suite" title="in.biencaps.erp.testCases.SelfTaskUpdateTests" class="method navigator-link" hash-for-method="verify_Update_Self_Task_Gitlink_By_Giving_Valid_Gitlink_From_Day_View_And_Check_Task_Gitlink_And_Logs">verify_Update_Self_Task_Gitlink_By_Giving_Valid_Gitlink_From_Day_View_And_Check_Task_Gitlink_And_Logs</a> <!-- method navigator-link -->
                      </span>
                      <br/>
                      <span>
                        <img src="skipped.png" width="3%"/>
                        <a href="#" panel-name="suite-Suite" title="in.biencaps.erp.testCases.SelfTaskUpdateTests" class="method navigator-link" hash-for-method="verify_Update_Self_Task_Project_From_Day_View_And_Check_Task_Project_And_Logs">verify_Update_Self_Task_Project_From_Day_View_And_Check_Task_Project_And_Logs</a> <!-- method navigator-link -->
                      </span>
                      <br/>
                      <span>
                        <img src="skipped.png" width="3%"/>
                        <a href="#" panel-name="suite-Suite" title="in.biencaps.erp.testCases.SelfTaskUpdateTests" class="method navigator-link" hash-for-method="verify_Update_Self_Task_Verified_Status_From_Day_View_And_Check_Task_Verified_Status_And_Logs">verify_Update_Self_Task_Verified_Status_From_Day_View_And_Check_Task_Verified_Status_And_Logs</a> <!-- method navigator-link -->
                      </span>
                      <br/>
                    </div> <!-- method-list-content skipped suite-Suite -->
                  </li>
                  <li>
                    <span class="method-list-title passed">Passed methods</span>
                    <span class="show-or-hide-methods passed">
                      <a href="#" panel-name="suite-Suite" class="hide-methods passed suite-Suite"> (hide)</a> <!-- hide-methods passed suite-Suite -->
                      <a href="#" panel-name="suite-Suite" class="show-methods passed suite-Suite"> (show)</a> <!-- show-methods passed suite-Suite -->
                    </span>
                    <div class="method-list-content passed suite-Suite">
                      <span>
                        <img src="passed.png" width="3%"/>
                        <a href="#" panel-name="suite-Suite" title="in.biencaps.erp.testCases.AddSelfTaskAndCheckInDayViewTests" class="method navigator-link" hash-for-method="verify_Add_Task_From_Month_View_At_Current_Date">verify_Add_Task_From_Month_View_At_Current_Date</a> <!-- method navigator-link -->
                      </span>
                      <br/>
                      <span>
                        <img src="passed.png" width="3%"/>
                        <a href="#" panel-name="suite-Suite" title="in.biencaps.erp.testCases.AddSelfTaskAndCheckInDayViewTests" class="method navigator-link" hash-for-method="verify_Add_Task_From_Sidebar_Without_Entering_Task_Title">verify_Add_Task_From_Sidebar_Without_Entering_Task_Title</a> <!-- method navigator-link -->
                      </span>
                      <br/>
                      <span>
                        <img src="passed.png" width="3%"/>
                        <a href="#" panel-name="suite-Suite" title="in.biencaps.erp.testCases.AddSelfTaskAndCheckInDayViewTests" class="method navigator-link" hash-for-method="verify_Added_Task_From_Month_View_At_Current_Date_Check_In_Day_View">verify_Added_Task_From_Month_View_At_Current_Date_Check_In_Day_View</a> <!-- method navigator-link -->
                      </span>
                      <br/>
                      <span>
                        <img src="passed.png" width="3%"/>
                        <a href="#" panel-name="suite-Suite" title="in.biencaps.erp.testCases.LoginAndForgotPasswordTests" class="method navigator-link" hash-for-method="verify_Employee_Name_After_Logged_In">verify_Employee_Name_After_Logged_In</a> <!-- method navigator-link -->
                      </span>
                      <br/>
                      <span>
                        <img src="passed.png" width="3%"/>
                        <a href="#" panel-name="suite-Suite" title="in.biencaps.erp.testCases.LoginAndForgotPasswordTests" class="method navigator-link" hash-for-method="verify_Forgot_Password_Without_Giving_UserId">verify_Forgot_Password_Without_Giving_UserId</a> <!-- method navigator-link -->
                      </span>
                      <br/>
                      <span>
                        <img src="passed.png" width="3%"/>
                        <a href="#" panel-name="suite-Suite" title="in.biencaps.erp.testCases.LoginAndForgotPasswordTests" class="method navigator-link" hash-for-method="verify_Login_Employee_With_Valid_And_Invalid_Credentails(INC012, Pass@123)">verify_Login_Employee_With_Valid_And_Invalid_Credentails(INC012, Pass@123)</a> <!-- method navigator-link -->
                      </span>
                      <br/>
                      <span>
                        <img src="passed.png" width="3%"/>
                        <a href="#" panel-name="suite-Suite" title="in.biencaps.erp.testCases.LoginAndForgotPasswordTests" class="method navigator-link" hash-for-method="verify_Login_Employee_With_Valid_And_Invalid_Credentails(Algiers, Pass@123)">verify_Login_Employee_With_Valid_And_Invalid_Credentails(Algiers, Pass@123)</a> <!-- method navigator-link -->
                      </span>
                      <br/>
                      <span>
                        <img src="passed.png" width="3%"/>
                        <a href="#" panel-name="suite-Suite" title="in.biencaps.erp.testCases.LoginAndForgotPasswordTests" class="method navigator-link" hash-for-method="verify_Login_Employee_With_Valid_And_Invalid_Credentails(INC012, 7mnnj9046yak6)">verify_Login_Employee_With_Valid_And_Invalid_Credentails(INC012, 7mnnj9046yak6)</a> <!-- method navigator-link -->
                      </span>
                      <br/>
                      <span>
                        <img src="passed.png" width="3%"/>
                        <a href="#" panel-name="suite-Suite" title="in.biencaps.erp.testCases.LoginAndForgotPasswordTests" class="method navigator-link" hash-for-method="verify_Login_Employee_With_Valid_And_Invalid_Credentails(Algiers, 7mnnj9046yak6)">verify_Login_Employee_With_Valid_And_Invalid_Credentails(Algiers, 7mnnj9046yak6)</a> <!-- method navigator-link -->
                      </span>
                      <br/>
                      <span>
                        <img src="passed.png" width="3%"/>
                        <a href="#" panel-name="suite-Suite" title="in.biencaps.erp.testCases.AddSelfTaskAndCheckInDayViewTests" class="method navigator-link" hash-for-method="verify_Total_Tasks_Count_Before_Add_New_Task">verify_Total_Tasks_Count_Before_Add_New_Task</a> <!-- method navigator-link -->
                      </span>
                      <br/>
                    </div> <!-- method-list-content passed suite-Suite -->
                  </li>
                </ul>
              </div> <!-- suite-section-content -->
            </div> <!-- result-section -->
          </div> <!-- navigator-suite-content -->
        </div> <!-- rounded-window -->
      </div> <!-- suite -->
    </div> <!-- navigator-root -->
    <div class="wrapper">
      <div class="main-panel-root">
        <div panel-name="suite-Suite" class="panel Suite">
          <div class="suite-Suite-class-failed">
            <div class="main-panel-header rounded-window-top">
              <img src="failed.png"/>
              <span class="class-name">in.biencaps.erp.testCases.AddSelfTaskAndCheckInDayViewTests</span>
            </div> <!-- main-panel-header rounded-window-top -->
            <div class="main-panel-content rounded-window-bottom">
              <div class="method">
                <div class="method-content">
                  <a name="verify_Add_New_Task_From_Day_View_At_Current_Date">
                  </a> <!-- verify_Add_New_Task_From_Day_View_At_Current_Date -->
                  <span class="method-name">verify_Add_New_Task_From_Day_View_At_Current_Date</span>
                  <div class="stack-trace">org.openqa.selenium.ElementClickInterceptedException: element click intercepted: Element &lt;button style=&quot;background: rgb(255, 246, 223); margin-left: 3px;&quot;&gt;...&lt;/button&gt; is not clickable at point (1435, 118). Other element would receive the click: &lt;div class=&quot;logs-container&quot;&gt;...&lt;/div&gt;
  (Session info: chrome=125.0.6422.112)
Build info: version: &apos;4.20.0&apos;, revision: &apos;866c76ca80&apos;
System info: os.name: &apos;Windows 10&apos;, os.arch: &apos;amd64&apos;, os.version: &apos;10.0&apos;, java.version: &apos;17.0.8&apos;
Driver info: org.openqa.selenium.chrome.ChromeDriver
Command: [59aa9eba8d3bf8c773ebc34290100381, clickElement {id=f.C7AA1CC143BFA549682EF6E526766F1E.d.ED3FEAF115665BABBEB98CFB8A5C10E6.e.478}]
Capabilities {acceptInsecureCerts: false, browserName: chrome, browserVersion: 125.0.6422.112, chrome: {chromedriverVersion: 125.0.6422.78 (14db42ec38ad..., userDataDir: C:\Users\Lenovo\AppData\Loc...}, fedcm:accounts: true, goog:chromeOptions: {debuggerAddress: localhost:64829}, networkConnectionEnabled: false, pageLoadStrategy: normal, platformName: windows, proxy: Proxy(), se:cdp: ws://localhost:64829/devtoo..., se:cdpVersion: 125.0.6422.112, setWindowRect: true, strictFileInteractability: false, timeouts: {implicit: 0, pageLoad: 300000, script: 30000}, unhandledPromptBehavior: dismiss and notify, webauthn:extension:credBlob: true, webauthn:extension:largeBlob: true, webauthn:extension:minPinLength: true, webauthn:extension:prf: true, webauthn:virtualAuthenticators: true}
Element: [[ChromeDriver: chrome on windows (59aa9eba8d3bf8c773ebc34290100381)] -&gt; xpath: //button[normalize-space()=&apos;Day&apos;]]
Session ID: 59aa9eba8d3bf8c773ebc34290100381
	at org.openqa.selenium.remote.ErrorCodec.decode(ErrorCodec.java:167)
	at org.openqa.selenium.remote.codec.w3c.W3CHttpResponseCodec.decode(W3CHttpResponseCodec.java:138)
	at org.openqa.selenium.remote.codec.w3c.W3CHttpResponseCodec.decode(W3CHttpResponseCodec.java:50)
	at org.openqa.selenium.remote.HttpCommandExecutor.execute(HttpCommandExecutor.java:190)
	at org.openqa.selenium.remote.service.DriverCommandExecutor.invokeExecute(DriverCommandExecutor.java:216)
	at org.openqa.selenium.remote.service.DriverCommandExecutor.execute(DriverCommandExecutor.java:174)
	at org.openqa.selenium.remote.RemoteWebDriver.execute(RemoteWebDriver.java:518)
	at org.openqa.selenium.remote.RemoteWebElement.execute(RemoteWebElement.java:223)
	at org.openqa.selenium.remote.RemoteWebElement.click(RemoteWebElement.java:76)
	at in.biencaps.erp.utilities.WebElementActions.clickOnMethod(WebElementActions.java:89)
	at in.biencaps.erp.pages.MyTasksPage.clickOnDayButton(MyTasksPage.java:341)
	at in.biencaps.erp.utilities.CommonTestMethods.goToDayView(CommonTestMethods.java:110)
	at in.biencaps.erp.testCases.AddSelfTaskAndCheckInDayViewTests.verify_Add_New_Task_From_Day_View_At_Current_Date(AddSelfTaskAndCheckInDayViewTests.java:439)
	at java.base/java.util.ArrayList.forEach(ArrayList.java:1511)
... Removed 32 stack frames
</div> <!-- stack-trace -->
                </div> <!-- method-content -->
              </div> <!-- method -->
              <div class="method">
                <div class="method-content">
                  <a name="verify_Add_Roll_Over_Task_At_Past_Date_Which_Start_And_End_Date_Is_Same">
                  </a> <!-- verify_Add_Roll_Over_Task_At_Past_Date_Which_Start_And_End_Date_Is_Same -->
                  <span class="method-name">verify_Add_Roll_Over_Task_At_Past_Date_Which_Start_And_End_Date_Is_Same</span>
                  <div class="stack-trace">org.openqa.selenium.ElementClickInterceptedException: element click intercepted: Element &lt;p&gt;...&lt;/p&gt; is not clickable at point (87, 109). Other element would receive the click: &lt;div class=&quot;logs-container&quot;&gt;...&lt;/div&gt;
  (Session info: chrome=125.0.6422.112)
Build info: version: &apos;4.20.0&apos;, revision: &apos;866c76ca80&apos;
System info: os.name: &apos;Windows 10&apos;, os.arch: &apos;amd64&apos;, os.version: &apos;10.0&apos;, java.version: &apos;17.0.8&apos;
Driver info: org.openqa.selenium.chrome.ChromeDriver
Command: [59aa9eba8d3bf8c773ebc34290100381, clickElement {id=f.C7AA1CC143BFA549682EF6E526766F1E.d.ED3FEAF115665BABBEB98CFB8A5C10E6.e.110}]
Capabilities {acceptInsecureCerts: false, browserName: chrome, browserVersion: 125.0.6422.112, chrome: {chromedriverVersion: 125.0.6422.78 (14db42ec38ad..., userDataDir: C:\Users\Lenovo\AppData\Loc...}, fedcm:accounts: true, goog:chromeOptions: {debuggerAddress: localhost:64829}, networkConnectionEnabled: false, pageLoadStrategy: normal, platformName: windows, proxy: Proxy(), se:cdp: ws://localhost:64829/devtoo..., se:cdpVersion: 125.0.6422.112, setWindowRect: true, strictFileInteractability: false, timeouts: {implicit: 0, pageLoad: 300000, script: 30000}, unhandledPromptBehavior: dismiss and notify, webauthn:extension:credBlob: true, webauthn:extension:largeBlob: true, webauthn:extension:minPinLength: true, webauthn:extension:prf: true, webauthn:virtualAuthenticators: true}
Element: [[ChromeDriver: chrome on windows (59aa9eba8d3bf8c773ebc34290100381)] -&gt; xpath: //p[normalize-space()=&apos;My Tasks&apos;]]
Session ID: 59aa9eba8d3bf8c773ebc34290100381
	at org.openqa.selenium.remote.ErrorCodec.decode(ErrorCodec.java:167)
	at org.openqa.selenium.remote.codec.w3c.W3CHttpResponseCodec.decode(W3CHttpResponseCodec.java:138)
	at org.openqa.selenium.remote.codec.w3c.W3CHttpResponseCodec.decode(W3CHttpResponseCodec.java:50)
	at org.openqa.selenium.remote.HttpCommandExecutor.execute(HttpCommandExecutor.java:190)
	at org.openqa.selenium.remote.service.DriverCommandExecutor.invokeExecute(DriverCommandExecutor.java:216)
	at org.openqa.selenium.remote.service.DriverCommandExecutor.execute(DriverCommandExecutor.java:174)
	at org.openqa.selenium.remote.RemoteWebDriver.execute(RemoteWebDriver.java:518)
	at org.openqa.selenium.remote.RemoteWebElement.execute(RemoteWebElement.java:223)
	at org.openqa.selenium.remote.RemoteWebElement.click(RemoteWebElement.java:76)
	at in.biencaps.erp.utilities.WebElementActions.clickOnMethod(WebElementActions.java:89)
	at in.biencaps.erp.pages.DashboardPage.clickOnMyTasksSection(DashboardPage.java:46)
	at in.biencaps.erp.testCases.AddSelfTaskAndCheckInDayViewTests.verify_Add_Roll_Over_Task_At_Past_Date_Which_Start_And_End_Date_Is_Same(AddSelfTaskAndCheckInDayViewTests.java:265)
	at java.base/java.util.ArrayList.forEach(ArrayList.java:1511)
... Removed 32 stack frames
</div> <!-- stack-trace -->
                </div> <!-- method-content -->
              </div> <!-- method -->
              <div class="method">
                <div class="method-content">
                  <a name="verify_Add_Task_From_Day_View_Sidebar_With_Start_Date_As_Current_Date_And_Due_Date_As_Future_Date">
                  </a> <!-- verify_Add_Task_From_Day_View_Sidebar_With_Start_Date_As_Current_Date_And_Due_Date_As_Future_Date -->
                  <span class="method-name">verify_Add_Task_From_Day_View_Sidebar_With_Start_Date_As_Current_Date_And_Due_Date_As_Future_Date</span>
                  <div class="stack-trace">org.openqa.selenium.ElementClickInterceptedException: element click intercepted: Element &lt;button style=&quot;background: rgb(255, 246, 223); margin-left: 3px;&quot;&gt;...&lt;/button&gt; is not clickable at point (1435, 118). Other element would receive the click: &lt;div class=&quot;logs-container&quot;&gt;...&lt;/div&gt;
  (Session info: chrome=125.0.6422.112)
Build info: version: &apos;4.20.0&apos;, revision: &apos;866c76ca80&apos;
System info: os.name: &apos;Windows 10&apos;, os.arch: &apos;amd64&apos;, os.version: &apos;10.0&apos;, java.version: &apos;17.0.8&apos;
Driver info: org.openqa.selenium.chrome.ChromeDriver
Command: [59aa9eba8d3bf8c773ebc34290100381, clickElement {id=f.C7AA1CC143BFA549682EF6E526766F1E.d.ED3FEAF115665BABBEB98CFB8A5C10E6.e.478}]
Capabilities {acceptInsecureCerts: false, browserName: chrome, browserVersion: 125.0.6422.112, chrome: {chromedriverVersion: 125.0.6422.78 (14db42ec38ad..., userDataDir: C:\Users\Lenovo\AppData\Loc...}, fedcm:accounts: true, goog:chromeOptions: {debuggerAddress: localhost:64829}, networkConnectionEnabled: false, pageLoadStrategy: normal, platformName: windows, proxy: Proxy(), se:cdp: ws://localhost:64829/devtoo..., se:cdpVersion: 125.0.6422.112, setWindowRect: true, strictFileInteractability: false, timeouts: {implicit: 0, pageLoad: 300000, script: 30000}, unhandledPromptBehavior: dismiss and notify, webauthn:extension:credBlob: true, webauthn:extension:largeBlob: true, webauthn:extension:minPinLength: true, webauthn:extension:prf: true, webauthn:virtualAuthenticators: true}
Element: [[ChromeDriver: chrome on windows (59aa9eba8d3bf8c773ebc34290100381)] -&gt; xpath: //button[normalize-space()=&apos;Day&apos;]]
Session ID: 59aa9eba8d3bf8c773ebc34290100381
	at org.openqa.selenium.remote.ErrorCodec.decode(ErrorCodec.java:167)
	at org.openqa.selenium.remote.codec.w3c.W3CHttpResponseCodec.decode(W3CHttpResponseCodec.java:138)
	at org.openqa.selenium.remote.codec.w3c.W3CHttpResponseCodec.decode(W3CHttpResponseCodec.java:50)
	at org.openqa.selenium.remote.HttpCommandExecutor.execute(HttpCommandExecutor.java:190)
	at org.openqa.selenium.remote.service.DriverCommandExecutor.invokeExecute(DriverCommandExecutor.java:216)
	at org.openqa.selenium.remote.service.DriverCommandExecutor.execute(DriverCommandExecutor.java:174)
	at org.openqa.selenium.remote.RemoteWebDriver.execute(RemoteWebDriver.java:518)
	at org.openqa.selenium.remote.RemoteWebElement.execute(RemoteWebElement.java:223)
	at org.openqa.selenium.remote.RemoteWebElement.click(RemoteWebElement.java:76)
	at in.biencaps.erp.utilities.WebElementActions.clickOnMethod(WebElementActions.java:89)
	at in.biencaps.erp.pages.MyTasksPage.clickOnDayButton(MyTasksPage.java:341)
	at in.biencaps.erp.utilities.CommonTestMethods.goToDayView(CommonTestMethods.java:110)
	at in.biencaps.erp.testCases.AddSelfTaskAndCheckInDayViewTests.verify_Add_Task_From_Day_View_Sidebar_With_Start_Date_As_Current_Date_And_Due_Date_As_Future_Date(AddSelfTaskAndCheckInDayViewTests.java:485)
	at java.base/java.util.ArrayList.forEach(ArrayList.java:1511)
... Removed 32 stack frames
</div> <!-- stack-trace -->
                </div> <!-- method-content -->
              </div> <!-- method -->
              <div class="method">
                <div class="method-content">
                  <a name="verify_Add_Task_From_Week_View_Sidebar_By_Giving_Only_Title_Date_And_Comment">
                  </a> <!-- verify_Add_Task_From_Week_View_Sidebar_By_Giving_Only_Title_Date_And_Comment -->
                  <span class="method-name">verify_Add_Task_From_Week_View_Sidebar_By_Giving_Only_Title_Date_And_Comment</span>
                  <div class="stack-trace">org.openqa.selenium.ElementClickInterceptedException: element click intercepted: Element &lt;button style=&quot;margin-left: 3px;&quot;&gt;...&lt;/button&gt; is not clickable at point (1362, 118). Other element would receive the click: &lt;div class=&quot;logs-container&quot;&gt;...&lt;/div&gt;
  (Session info: chrome=125.0.6422.112)
Build info: version: &apos;4.20.0&apos;, revision: &apos;866c76ca80&apos;
System info: os.name: &apos;Windows 10&apos;, os.arch: &apos;amd64&apos;, os.version: &apos;10.0&apos;, java.version: &apos;17.0.8&apos;
Driver info: org.openqa.selenium.chrome.ChromeDriver
Command: [59aa9eba8d3bf8c773ebc34290100381, clickElement {id=f.C7AA1CC143BFA549682EF6E526766F1E.d.ED3FEAF115665BABBEB98CFB8A5C10E6.e.479}]
Capabilities {acceptInsecureCerts: false, browserName: chrome, browserVersion: 125.0.6422.112, chrome: {chromedriverVersion: 125.0.6422.78 (14db42ec38ad..., userDataDir: C:\Users\Lenovo\AppData\Loc...}, fedcm:accounts: true, goog:chromeOptions: {debuggerAddress: localhost:64829}, networkConnectionEnabled: false, pageLoadStrategy: normal, platformName: windows, proxy: Proxy(), se:cdp: ws://localhost:64829/devtoo..., se:cdpVersion: 125.0.6422.112, setWindowRect: true, strictFileInteractability: false, timeouts: {implicit: 0, pageLoad: 300000, script: 30000}, unhandledPromptBehavior: dismiss and notify, webauthn:extension:credBlob: true, webauthn:extension:largeBlob: true, webauthn:extension:minPinLength: true, webauthn:extension:prf: true, webauthn:virtualAuthenticators: true}
Element: [[ChromeDriver: chrome on windows (59aa9eba8d3bf8c773ebc34290100381)] -&gt; xpath: //button[normalize-space()=&apos;Week&apos;]]
Session ID: 59aa9eba8d3bf8c773ebc34290100381
	at org.openqa.selenium.remote.ErrorCodec.decode(ErrorCodec.java:167)
	at org.openqa.selenium.remote.codec.w3c.W3CHttpResponseCodec.decode(W3CHttpResponseCodec.java:138)
	at org.openqa.selenium.remote.codec.w3c.W3CHttpResponseCodec.decode(W3CHttpResponseCodec.java:50)
	at org.openqa.selenium.remote.HttpCommandExecutor.execute(HttpCommandExecutor.java:190)
	at org.openqa.selenium.remote.service.DriverCommandExecutor.invokeExecute(DriverCommandExecutor.java:216)
	at org.openqa.selenium.remote.service.DriverCommandExecutor.execute(DriverCommandExecutor.java:174)
	at org.openqa.selenium.remote.RemoteWebDriver.execute(RemoteWebDriver.java:518)
	at org.openqa.selenium.remote.RemoteWebElement.execute(RemoteWebElement.java:223)
	at org.openqa.selenium.remote.RemoteWebElement.click(RemoteWebElement.java:76)
	at in.biencaps.erp.utilities.WebElementActions.clickOnMethod(WebElementActions.java:89)
	at in.biencaps.erp.pages.MyTasksPage.clickOnWeekButton(MyTasksPage.java:582)
	at in.biencaps.erp.testCases.AddSelfTaskAndCheckInDayViewTests.verify_Add_Task_From_Week_View_Sidebar_By_Giving_Only_Title_Date_And_Comment(AddSelfTaskAndCheckInDayViewTests.java:831)
	at java.base/java.util.ArrayList.forEach(ArrayList.java:1511)
... Removed 32 stack frames
</div> <!-- stack-trace -->
                </div> <!-- method-content -->
              </div> <!-- method -->
              <div class="method">
                <div class="method-content">
                  <a name="verify_Total_Tasks_Count_And_Log_Messages_In_Day_View_After_New_Task_Add_From_Month_View_At_Current_Date">
                  </a> <!-- verify_Total_Tasks_Count_And_Log_Messages_In_Day_View_After_New_Task_Add_From_Month_View_At_Current_Date -->
                  <span class="method-name">verify_Total_Tasks_Count_And_Log_Messages_In_Day_View_After_New_Task_Add_From_Month_View_At_Current_Date</span>
                  <div class="stack-trace">java.lang.AssertionError: expected [has added new task] but found [has deleted]
	at in.biencaps.erp.testCases.MyActivitiesTests.verify_Log_Message(MyActivitiesTests.java:45)
	at in.biencaps.erp.testCases.AddSelfTaskAndCheckInDayViewTests.verify_Total_Tasks_Count_And_Log_Messages_In_Day_View_After_New_Task_Add_From_Month_View_At_Current_Date(AddSelfTaskAndCheckInDayViewTests.java:258)
	at java.base/java.util.ArrayList.forEach(ArrayList.java:1511)
... Removed 33 stack frames
</div> <!-- stack-trace -->
                </div> <!-- method-content -->
              </div> <!-- method -->
            </div> <!-- main-panel-content rounded-window-bottom -->
          </div> <!-- suite-Suite-class-failed -->
          <div class="suite-Suite-class-failed">
            <div class="main-panel-header rounded-window-top">
              <img src="failed.png"/>
              <span class="class-name">in.biencaps.erp.testCases.SelfTaskUpdateTests</span>
            </div> <!-- main-panel-header rounded-window-top -->
            <div class="main-panel-content rounded-window-bottom">
              <div class="method">
                <div class="method-content">
                  <a name="verify_Higher_Authority_Viewed_Tasks">
                  </a> <!-- verify_Higher_Authority_Viewed_Tasks -->
                  <span class="method-name">verify_Higher_Authority_Viewed_Tasks</span>
                  <div class="stack-trace">org.openqa.selenium.ElementClickInterceptedException: element click intercepted: Element &lt;p class=&quot;profileName&quot;&gt;...&lt;/p&gt; is not clickable at point (1325, 25). Other element would receive the click: &lt;div class=&quot;logs-container&quot;&gt;...&lt;/div&gt;
  (Session info: chrome=125.0.6422.112)
Build info: version: &apos;4.20.0&apos;, revision: &apos;866c76ca80&apos;
System info: os.name: &apos;Windows 10&apos;, os.arch: &apos;amd64&apos;, os.version: &apos;10.0&apos;, java.version: &apos;17.0.8&apos;
Driver info: org.openqa.selenium.chrome.ChromeDriver
Command: [59aa9eba8d3bf8c773ebc34290100381, clickElement {id=f.C7AA1CC143BFA549682EF6E526766F1E.d.ED3FEAF115665BABBEB98CFB8A5C10E6.e.107}]
Capabilities {acceptInsecureCerts: false, browserName: chrome, browserVersion: 125.0.6422.112, chrome: {chromedriverVersion: 125.0.6422.78 (14db42ec38ad..., userDataDir: C:\Users\Lenovo\AppData\Loc...}, fedcm:accounts: true, goog:chromeOptions: {debuggerAddress: localhost:64829}, networkConnectionEnabled: false, pageLoadStrategy: normal, platformName: windows, proxy: Proxy(), se:cdp: ws://localhost:64829/devtoo..., se:cdpVersion: 125.0.6422.112, setWindowRect: true, strictFileInteractability: false, timeouts: {implicit: 0, pageLoad: 300000, script: 30000}, unhandledPromptBehavior: dismiss and notify, webauthn:extension:credBlob: true, webauthn:extension:largeBlob: true, webauthn:extension:minPinLength: true, webauthn:extension:prf: true, webauthn:virtualAuthenticators: true}
Element: [[ChromeDriver: chrome on windows (59aa9eba8d3bf8c773ebc34290100381)] -&gt; xpath: //p[@class=&apos;profileName&apos;]]
Session ID: 59aa9eba8d3bf8c773ebc34290100381
	at org.openqa.selenium.remote.ErrorCodec.decode(ErrorCodec.java:167)
	at org.openqa.selenium.remote.codec.w3c.W3CHttpResponseCodec.decode(W3CHttpResponseCodec.java:138)
	at org.openqa.selenium.remote.codec.w3c.W3CHttpResponseCodec.decode(W3CHttpResponseCodec.java:50)
	at org.openqa.selenium.remote.HttpCommandExecutor.execute(HttpCommandExecutor.java:190)
	at org.openqa.selenium.remote.service.DriverCommandExecutor.invokeExecute(DriverCommandExecutor.java:216)
	at org.openqa.selenium.remote.service.DriverCommandExecutor.execute(DriverCommandExecutor.java:174)
	at org.openqa.selenium.remote.RemoteWebDriver.execute(RemoteWebDriver.java:518)
	at org.openqa.selenium.remote.RemoteWebElement.execute(RemoteWebElement.java:223)
	at org.openqa.selenium.remote.RemoteWebElement.click(RemoteWebElement.java:76)
	at in.biencaps.erp.utilities.WebElementActions.clickOnMethod(WebElementActions.java:89)
	at in.biencaps.erp.pages.DashboardPage.clickOnEmployeeNameAtDashboard(DashboardPage.java:42)
	at in.biencaps.erp.utilities.CommonTestMethods.getAllHigherAuthoritiesNamesOfLoggedInEmployee(CommonTestMethods.java:358)
	at in.biencaps.erp.utilities.CommonTestMethods.random_Higher_Authority_LogIn(CommonTestMethods.java:476)
	at in.biencaps.erp.testCases.SelfTaskUpdateTests.verify_Higher_Authority_Viewed_Tasks(SelfTaskUpdateTests.java:667)
	at java.base/java.util.ArrayList.forEach(ArrayList.java:1511)
... Removed 32 stack frames
</div> <!-- stack-trace -->
                </div> <!-- method-content -->
              </div> <!-- method -->
              <div class="method">
                <div class="method-content">
                  <a name="verify_Last_Task_Details_In_Day_View">
                  </a> <!-- verify_Last_Task_Details_In_Day_View -->
                  <span class="method-name">verify_Last_Task_Details_In_Day_View</span>
                  <div class="stack-trace">org.openqa.selenium.ElementClickInterceptedException: element click intercepted: Element &lt;button style=&quot;background: rgb(255, 246, 223); margin-left: 3px;&quot;&gt;...&lt;/button&gt; is not clickable at point (1435, 118). Other element would receive the click: &lt;div class=&quot;logs-container&quot;&gt;...&lt;/div&gt;
  (Session info: chrome=125.0.6422.112)
Build info: version: &apos;4.20.0&apos;, revision: &apos;866c76ca80&apos;
System info: os.name: &apos;Windows 10&apos;, os.arch: &apos;amd64&apos;, os.version: &apos;10.0&apos;, java.version: &apos;17.0.8&apos;
Driver info: org.openqa.selenium.chrome.ChromeDriver
Command: [59aa9eba8d3bf8c773ebc34290100381, clickElement {id=f.C7AA1CC143BFA549682EF6E526766F1E.d.ED3FEAF115665BABBEB98CFB8A5C10E6.e.478}]
Capabilities {acceptInsecureCerts: false, browserName: chrome, browserVersion: 125.0.6422.112, chrome: {chromedriverVersion: 125.0.6422.78 (14db42ec38ad..., userDataDir: C:\Users\Lenovo\AppData\Loc...}, fedcm:accounts: true, goog:chromeOptions: {debuggerAddress: localhost:64829}, networkConnectionEnabled: false, pageLoadStrategy: normal, platformName: windows, proxy: Proxy(), se:cdp: ws://localhost:64829/devtoo..., se:cdpVersion: 125.0.6422.112, setWindowRect: true, strictFileInteractability: false, timeouts: {implicit: 0, pageLoad: 300000, script: 30000}, unhandledPromptBehavior: dismiss and notify, webauthn:extension:credBlob: true, webauthn:extension:largeBlob: true, webauthn:extension:minPinLength: true, webauthn:extension:prf: true, webauthn:virtualAuthenticators: true}
Element: [[ChromeDriver: chrome on windows (59aa9eba8d3bf8c773ebc34290100381)] -&gt; xpath: //button[normalize-space()=&apos;Day&apos;]]
Session ID: 59aa9eba8d3bf8c773ebc34290100381
	at org.openqa.selenium.remote.ErrorCodec.decode(ErrorCodec.java:167)
	at org.openqa.selenium.remote.codec.w3c.W3CHttpResponseCodec.decode(W3CHttpResponseCodec.java:138)
	at org.openqa.selenium.remote.codec.w3c.W3CHttpResponseCodec.decode(W3CHttpResponseCodec.java:50)
	at org.openqa.selenium.remote.HttpCommandExecutor.execute(HttpCommandExecutor.java:190)
	at org.openqa.selenium.remote.service.DriverCommandExecutor.invokeExecute(DriverCommandExecutor.java:216)
	at org.openqa.selenium.remote.service.DriverCommandExecutor.execute(DriverCommandExecutor.java:174)
	at org.openqa.selenium.remote.RemoteWebDriver.execute(RemoteWebDriver.java:518)
	at org.openqa.selenium.remote.RemoteWebElement.execute(RemoteWebElement.java:223)
	at org.openqa.selenium.remote.RemoteWebElement.click(RemoteWebElement.java:76)
	at in.biencaps.erp.utilities.WebElementActions.clickOnMethod(WebElementActions.java:89)
	at in.biencaps.erp.pages.MyTasksPage.clickOnDayButton(MyTasksPage.java:341)
	at in.biencaps.erp.utilities.CommonTestMethods.goToDayView(CommonTestMethods.java:110)
	at in.biencaps.erp.testCases.SelfTaskUpdateTests.verify_Last_Task_Details_In_Day_View(SelfTaskUpdateTests.java:53)
	at java.base/java.util.ArrayList.forEach(ArrayList.java:1511)
... Removed 32 stack frames
</div> <!-- stack-trace -->
                </div> <!-- method-content -->
              </div> <!-- method -->
              <div class="method">
                <div class="method-content">
                  <a name="verify_Update_Self_Task_Department_From_Day_View_And_Check_Task_Department_And_Logs">
                  </a> <!-- verify_Update_Self_Task_Department_From_Day_View_And_Check_Task_Department_And_Logs -->
                  <span class="method-name">verify_Update_Self_Task_Department_From_Day_View_And_Check_Task_Department_And_Logs</span>
                  <div class="stack-trace">org.openqa.selenium.ElementClickInterceptedException: element click intercepted: Element &lt;button style=&quot;background: rgb(255, 246, 223); margin-left: 3px;&quot;&gt;...&lt;/button&gt; is not clickable at point (1435, 118). Other element would receive the click: &lt;div class=&quot;logs-container&quot;&gt;...&lt;/div&gt;
  (Session info: chrome=125.0.6422.112)
Build info: version: &apos;4.20.0&apos;, revision: &apos;866c76ca80&apos;
System info: os.name: &apos;Windows 10&apos;, os.arch: &apos;amd64&apos;, os.version: &apos;10.0&apos;, java.version: &apos;17.0.8&apos;
Driver info: org.openqa.selenium.chrome.ChromeDriver
Command: [59aa9eba8d3bf8c773ebc34290100381, clickElement {id=f.C7AA1CC143BFA549682EF6E526766F1E.d.ED3FEAF115665BABBEB98CFB8A5C10E6.e.478}]
Capabilities {acceptInsecureCerts: false, browserName: chrome, browserVersion: 125.0.6422.112, chrome: {chromedriverVersion: 125.0.6422.78 (14db42ec38ad..., userDataDir: C:\Users\Lenovo\AppData\Loc...}, fedcm:accounts: true, goog:chromeOptions: {debuggerAddress: localhost:64829}, networkConnectionEnabled: false, pageLoadStrategy: normal, platformName: windows, proxy: Proxy(), se:cdp: ws://localhost:64829/devtoo..., se:cdpVersion: 125.0.6422.112, setWindowRect: true, strictFileInteractability: false, timeouts: {implicit: 0, pageLoad: 300000, script: 30000}, unhandledPromptBehavior: dismiss and notify, webauthn:extension:credBlob: true, webauthn:extension:largeBlob: true, webauthn:extension:minPinLength: true, webauthn:extension:prf: true, webauthn:virtualAuthenticators: true}
Element: [[ChromeDriver: chrome on windows (59aa9eba8d3bf8c773ebc34290100381)] -&gt; xpath: //button[normalize-space()=&apos;Day&apos;]]
Session ID: 59aa9eba8d3bf8c773ebc34290100381
	at org.openqa.selenium.remote.ErrorCodec.decode(ErrorCodec.java:167)
	at org.openqa.selenium.remote.codec.w3c.W3CHttpResponseCodec.decode(W3CHttpResponseCodec.java:138)
	at org.openqa.selenium.remote.codec.w3c.W3CHttpResponseCodec.decode(W3CHttpResponseCodec.java:50)
	at org.openqa.selenium.remote.HttpCommandExecutor.execute(HttpCommandExecutor.java:190)
	at org.openqa.selenium.remote.service.DriverCommandExecutor.invokeExecute(DriverCommandExecutor.java:216)
	at org.openqa.selenium.remote.service.DriverCommandExecutor.execute(DriverCommandExecutor.java:174)
	at org.openqa.selenium.remote.RemoteWebDriver.execute(RemoteWebDriver.java:518)
	at org.openqa.selenium.remote.RemoteWebElement.execute(RemoteWebElement.java:223)
	at org.openqa.selenium.remote.RemoteWebElement.click(RemoteWebElement.java:76)
	at in.biencaps.erp.utilities.WebElementActions.clickOnMethod(WebElementActions.java:89)
	at in.biencaps.erp.pages.MyTasksPage.clickOnDayButton(MyTasksPage.java:341)
	at in.biencaps.erp.utilities.CommonTestMethods.goToDayView(CommonTestMethods.java:110)
	at in.biencaps.erp.testCases.SelfTaskUpdateTests.verify_Update_Self_Task_Department_From_Day_View_And_Check_Task_Department_And_Logs(SelfTaskUpdateTests.java:323)
	at java.base/java.util.ArrayList.forEach(ArrayList.java:1511)
... Removed 32 stack frames
</div> <!-- stack-trace -->
                </div> <!-- method-content -->
              </div> <!-- method -->
              <div class="method">
                <div class="method-content">
                  <a name="verify_Update_Self_Task_Due_Date_From_Day_View_And_Check_Task_Due_Date_And_Logs">
                  </a> <!-- verify_Update_Self_Task_Due_Date_From_Day_View_And_Check_Task_Due_Date_And_Logs -->
                  <span class="method-name">verify_Update_Self_Task_Due_Date_From_Day_View_And_Check_Task_Due_Date_And_Logs</span>
                  <div class="stack-trace">org.openqa.selenium.ElementClickInterceptedException: element click intercepted: Element &lt;button style=&quot;background: rgb(255, 246, 223); margin-left: 3px;&quot;&gt;...&lt;/button&gt; is not clickable at point (1435, 118). Other element would receive the click: &lt;div class=&quot;logs-container&quot;&gt;...&lt;/div&gt;
  (Session info: chrome=125.0.6422.112)
Build info: version: &apos;4.20.0&apos;, revision: &apos;866c76ca80&apos;
System info: os.name: &apos;Windows 10&apos;, os.arch: &apos;amd64&apos;, os.version: &apos;10.0&apos;, java.version: &apos;17.0.8&apos;
Driver info: org.openqa.selenium.chrome.ChromeDriver
Command: [59aa9eba8d3bf8c773ebc34290100381, clickElement {id=f.C7AA1CC143BFA549682EF6E526766F1E.d.ED3FEAF115665BABBEB98CFB8A5C10E6.e.478}]
Capabilities {acceptInsecureCerts: false, browserName: chrome, browserVersion: 125.0.6422.112, chrome: {chromedriverVersion: 125.0.6422.78 (14db42ec38ad..., userDataDir: C:\Users\Lenovo\AppData\Loc...}, fedcm:accounts: true, goog:chromeOptions: {debuggerAddress: localhost:64829}, networkConnectionEnabled: false, pageLoadStrategy: normal, platformName: windows, proxy: Proxy(), se:cdp: ws://localhost:64829/devtoo..., se:cdpVersion: 125.0.6422.112, setWindowRect: true, strictFileInteractability: false, timeouts: {implicit: 0, pageLoad: 300000, script: 30000}, unhandledPromptBehavior: dismiss and notify, webauthn:extension:credBlob: true, webauthn:extension:largeBlob: true, webauthn:extension:minPinLength: true, webauthn:extension:prf: true, webauthn:virtualAuthenticators: true}
Element: [[ChromeDriver: chrome on windows (59aa9eba8d3bf8c773ebc34290100381)] -&gt; xpath: //button[normalize-space()=&apos;Day&apos;]]
Session ID: 59aa9eba8d3bf8c773ebc34290100381
	at org.openqa.selenium.remote.ErrorCodec.decode(ErrorCodec.java:167)
	at org.openqa.selenium.remote.codec.w3c.W3CHttpResponseCodec.decode(W3CHttpResponseCodec.java:138)
	at org.openqa.selenium.remote.codec.w3c.W3CHttpResponseCodec.decode(W3CHttpResponseCodec.java:50)
	at org.openqa.selenium.remote.HttpCommandExecutor.execute(HttpCommandExecutor.java:190)
	at org.openqa.selenium.remote.service.DriverCommandExecutor.invokeExecute(DriverCommandExecutor.java:216)
	at org.openqa.selenium.remote.service.DriverCommandExecutor.execute(DriverCommandExecutor.java:174)
	at org.openqa.selenium.remote.RemoteWebDriver.execute(RemoteWebDriver.java:518)
	at org.openqa.selenium.remote.RemoteWebElement.execute(RemoteWebElement.java:223)
	at org.openqa.selenium.remote.RemoteWebElement.click(RemoteWebElement.java:76)
	at in.biencaps.erp.utilities.WebElementActions.clickOnMethod(WebElementActions.java:89)
	at in.biencaps.erp.pages.MyTasksPage.clickOnDayButton(MyTasksPage.java:341)
	at in.biencaps.erp.utilities.CommonTestMethods.goToDayView(CommonTestMethods.java:110)
	at in.biencaps.erp.testCases.SelfTaskUpdateTests.verify_Update_Self_Task_Due_Date_From_Day_View_And_Check_Task_Due_Date_And_Logs(SelfTaskUpdateTests.java:260)
	at java.base/java.util.ArrayList.forEach(ArrayList.java:1511)
... Removed 32 stack frames
</div> <!-- stack-trace -->
                </div> <!-- method-content -->
              </div> <!-- method -->
              <div class="method">
                <div class="method-content">
                  <a name="verify_Update_Self_Task_Gitlink_From_Day_View_Without_Selecting_Project">
                  </a> <!-- verify_Update_Self_Task_Gitlink_From_Day_View_Without_Selecting_Project -->
                  <span class="method-name">verify_Update_Self_Task_Gitlink_From_Day_View_Without_Selecting_Project</span>
                  <div class="stack-trace">org.openqa.selenium.ElementClickInterceptedException: element click intercepted: Element &lt;button style=&quot;background: rgb(255, 246, 223); margin-left: 3px;&quot;&gt;...&lt;/button&gt; is not clickable at point (1435, 118). Other element would receive the click: &lt;div class=&quot;logs-container&quot;&gt;...&lt;/div&gt;
  (Session info: chrome=125.0.6422.112)
Build info: version: &apos;4.20.0&apos;, revision: &apos;866c76ca80&apos;
System info: os.name: &apos;Windows 10&apos;, os.arch: &apos;amd64&apos;, os.version: &apos;10.0&apos;, java.version: &apos;17.0.8&apos;
Driver info: org.openqa.selenium.chrome.ChromeDriver
Command: [59aa9eba8d3bf8c773ebc34290100381, clickElement {id=f.C7AA1CC143BFA549682EF6E526766F1E.d.ED3FEAF115665BABBEB98CFB8A5C10E6.e.478}]
Capabilities {acceptInsecureCerts: false, browserName: chrome, browserVersion: 125.0.6422.112, chrome: {chromedriverVersion: 125.0.6422.78 (14db42ec38ad..., userDataDir: C:\Users\Lenovo\AppData\Loc...}, fedcm:accounts: true, goog:chromeOptions: {debuggerAddress: localhost:64829}, networkConnectionEnabled: false, pageLoadStrategy: normal, platformName: windows, proxy: Proxy(), se:cdp: ws://localhost:64829/devtoo..., se:cdpVersion: 125.0.6422.112, setWindowRect: true, strictFileInteractability: false, timeouts: {implicit: 0, pageLoad: 300000, script: 30000}, unhandledPromptBehavior: dismiss and notify, webauthn:extension:credBlob: true, webauthn:extension:largeBlob: true, webauthn:extension:minPinLength: true, webauthn:extension:prf: true, webauthn:virtualAuthenticators: true}
Element: [[ChromeDriver: chrome on windows (59aa9eba8d3bf8c773ebc34290100381)] -&gt; xpath: //button[normalize-space()=&apos;Day&apos;]]
Session ID: 59aa9eba8d3bf8c773ebc34290100381
	at org.openqa.selenium.remote.ErrorCodec.decode(ErrorCodec.java:167)
	at org.openqa.selenium.remote.codec.w3c.W3CHttpResponseCodec.decode(W3CHttpResponseCodec.java:138)
	at org.openqa.selenium.remote.codec.w3c.W3CHttpResponseCodec.decode(W3CHttpResponseCodec.java:50)
	at org.openqa.selenium.remote.HttpCommandExecutor.execute(HttpCommandExecutor.java:190)
	at org.openqa.selenium.remote.service.DriverCommandExecutor.invokeExecute(DriverCommandExecutor.java:216)
	at org.openqa.selenium.remote.service.DriverCommandExecutor.execute(DriverCommandExecutor.java:174)
	at org.openqa.selenium.remote.RemoteWebDriver.execute(RemoteWebDriver.java:518)
	at org.openqa.selenium.remote.RemoteWebElement.execute(RemoteWebElement.java:223)
	at org.openqa.selenium.remote.RemoteWebElement.click(RemoteWebElement.java:76)
	at in.biencaps.erp.utilities.WebElementActions.clickOnMethod(WebElementActions.java:89)
	at in.biencaps.erp.pages.MyTasksPage.clickOnDayButton(MyTasksPage.java:341)
	at in.biencaps.erp.utilities.CommonTestMethods.goToDayView(CommonTestMethods.java:110)
	at in.biencaps.erp.testCases.SelfTaskUpdateTests.verify_Update_Self_Task_Gitlink_From_Day_View_Without_Selecting_Project(SelfTaskUpdateTests.java:397)
	at java.base/java.util.ArrayList.forEach(ArrayList.java:1511)
... Removed 32 stack frames
</div> <!-- stack-trace -->
                </div> <!-- method-content -->
              </div> <!-- method -->
              <div class="method">
                <div class="method-content">
                  <a name="verify_Update_Self_Task_Priority_From_Day_View_And_Check_Task_Priority_And_Logs">
                  </a> <!-- verify_Update_Self_Task_Priority_From_Day_View_And_Check_Task_Priority_And_Logs -->
                  <span class="method-name">verify_Update_Self_Task_Priority_From_Day_View_And_Check_Task_Priority_And_Logs</span>
                  <div class="stack-trace">org.openqa.selenium.ElementClickInterceptedException: element click intercepted: Element &lt;button style=&quot;background: rgb(255, 246, 223); margin-left: 3px;&quot;&gt;...&lt;/button&gt; is not clickable at point (1435, 118). Other element would receive the click: &lt;div class=&quot;logs-container&quot;&gt;...&lt;/div&gt;
  (Session info: chrome=125.0.6422.112)
Build info: version: &apos;4.20.0&apos;, revision: &apos;866c76ca80&apos;
System info: os.name: &apos;Windows 10&apos;, os.arch: &apos;amd64&apos;, os.version: &apos;10.0&apos;, java.version: &apos;17.0.8&apos;
Driver info: org.openqa.selenium.chrome.ChromeDriver
Command: [59aa9eba8d3bf8c773ebc34290100381, clickElement {id=f.C7AA1CC143BFA549682EF6E526766F1E.d.ED3FEAF115665BABBEB98CFB8A5C10E6.e.478}]
Capabilities {acceptInsecureCerts: false, browserName: chrome, browserVersion: 125.0.6422.112, chrome: {chromedriverVersion: 125.0.6422.78 (14db42ec38ad..., userDataDir: C:\Users\Lenovo\AppData\Loc...}, fedcm:accounts: true, goog:chromeOptions: {debuggerAddress: localhost:64829}, networkConnectionEnabled: false, pageLoadStrategy: normal, platformName: windows, proxy: Proxy(), se:cdp: ws://localhost:64829/devtoo..., se:cdpVersion: 125.0.6422.112, setWindowRect: true, strictFileInteractability: false, timeouts: {implicit: 0, pageLoad: 300000, script: 30000}, unhandledPromptBehavior: dismiss and notify, webauthn:extension:credBlob: true, webauthn:extension:largeBlob: true, webauthn:extension:minPinLength: true, webauthn:extension:prf: true, webauthn:virtualAuthenticators: true}
Element: [[ChromeDriver: chrome on windows (59aa9eba8d3bf8c773ebc34290100381)] -&gt; xpath: //button[normalize-space()=&apos;Day&apos;]]
Session ID: 59aa9eba8d3bf8c773ebc34290100381
	at org.openqa.selenium.remote.ErrorCodec.decode(ErrorCodec.java:167)
	at org.openqa.selenium.remote.codec.w3c.W3CHttpResponseCodec.decode(W3CHttpResponseCodec.java:138)
	at org.openqa.selenium.remote.codec.w3c.W3CHttpResponseCodec.decode(W3CHttpResponseCodec.java:50)
	at org.openqa.selenium.remote.HttpCommandExecutor.execute(HttpCommandExecutor.java:190)
	at org.openqa.selenium.remote.service.DriverCommandExecutor.invokeExecute(DriverCommandExecutor.java:216)
	at org.openqa.selenium.remote.service.DriverCommandExecutor.execute(DriverCommandExecutor.java:174)
	at org.openqa.selenium.remote.RemoteWebDriver.execute(RemoteWebDriver.java:518)
	at org.openqa.selenium.remote.RemoteWebElement.execute(RemoteWebElement.java:223)
	at org.openqa.selenium.remote.RemoteWebElement.click(RemoteWebElement.java:76)
	at in.biencaps.erp.utilities.WebElementActions.clickOnMethod(WebElementActions.java:89)
	at in.biencaps.erp.pages.MyTasksPage.clickOnDayButton(MyTasksPage.java:341)
	at in.biencaps.erp.utilities.CommonTestMethods.goToDayView(CommonTestMethods.java:110)
	at in.biencaps.erp.testCases.SelfTaskUpdateTests.verify_Update_Self_Task_Priority_From_Day_View_And_Check_Task_Priority_And_Logs(SelfTaskUpdateTests.java:141)
	at java.base/java.util.ArrayList.forEach(ArrayList.java:1511)
... Removed 32 stack frames
</div> <!-- stack-trace -->
                </div> <!-- method-content -->
              </div> <!-- method -->
              <div class="method">
                <div class="method-content">
                  <a name="verify_Update_Self_Task_Status_From_Day_View_And_Check_Task_Status_And_Logs">
                  </a> <!-- verify_Update_Self_Task_Status_From_Day_View_And_Check_Task_Status_And_Logs -->
                  <span class="method-name">verify_Update_Self_Task_Status_From_Day_View_And_Check_Task_Status_And_Logs</span>
                  <div class="stack-trace">org.openqa.selenium.ElementClickInterceptedException: element click intercepted: Element &lt;button style=&quot;background: rgb(255, 246, 223); margin-left: 3px;&quot;&gt;...&lt;/button&gt; is not clickable at point (1435, 118). Other element would receive the click: &lt;div class=&quot;logs-container&quot;&gt;...&lt;/div&gt;
  (Session info: chrome=125.0.6422.112)
Build info: version: &apos;4.20.0&apos;, revision: &apos;866c76ca80&apos;
System info: os.name: &apos;Windows 10&apos;, os.arch: &apos;amd64&apos;, os.version: &apos;10.0&apos;, java.version: &apos;17.0.8&apos;
Driver info: org.openqa.selenium.chrome.ChromeDriver
Command: [59aa9eba8d3bf8c773ebc34290100381, clickElement {id=f.C7AA1CC143BFA549682EF6E526766F1E.d.ED3FEAF115665BABBEB98CFB8A5C10E6.e.478}]
Capabilities {acceptInsecureCerts: false, browserName: chrome, browserVersion: 125.0.6422.112, chrome: {chromedriverVersion: 125.0.6422.78 (14db42ec38ad..., userDataDir: C:\Users\Lenovo\AppData\Loc...}, fedcm:accounts: true, goog:chromeOptions: {debuggerAddress: localhost:64829}, networkConnectionEnabled: false, pageLoadStrategy: normal, platformName: windows, proxy: Proxy(), se:cdp: ws://localhost:64829/devtoo..., se:cdpVersion: 125.0.6422.112, setWindowRect: true, strictFileInteractability: false, timeouts: {implicit: 0, pageLoad: 300000, script: 30000}, unhandledPromptBehavior: dismiss and notify, webauthn:extension:credBlob: true, webauthn:extension:largeBlob: true, webauthn:extension:minPinLength: true, webauthn:extension:prf: true, webauthn:virtualAuthenticators: true}
Element: [[ChromeDriver: chrome on windows (59aa9eba8d3bf8c773ebc34290100381)] -&gt; xpath: //button[normalize-space()=&apos;Day&apos;]]
Session ID: 59aa9eba8d3bf8c773ebc34290100381
	at org.openqa.selenium.remote.ErrorCodec.decode(ErrorCodec.java:167)
	at org.openqa.selenium.remote.codec.w3c.W3CHttpResponseCodec.decode(W3CHttpResponseCodec.java:138)
	at org.openqa.selenium.remote.codec.w3c.W3CHttpResponseCodec.decode(W3CHttpResponseCodec.java:50)
	at org.openqa.selenium.remote.HttpCommandExecutor.execute(HttpCommandExecutor.java:190)
	at org.openqa.selenium.remote.service.DriverCommandExecutor.invokeExecute(DriverCommandExecutor.java:216)
	at org.openqa.selenium.remote.service.DriverCommandExecutor.execute(DriverCommandExecutor.java:174)
	at org.openqa.selenium.remote.RemoteWebDriver.execute(RemoteWebDriver.java:518)
	at org.openqa.selenium.remote.RemoteWebElement.execute(RemoteWebElement.java:223)
	at org.openqa.selenium.remote.RemoteWebElement.click(RemoteWebElement.java:76)
	at in.biencaps.erp.utilities.WebElementActions.clickOnMethod(WebElementActions.java:89)
	at in.biencaps.erp.pages.MyTasksPage.clickOnDayButton(MyTasksPage.java:341)
	at in.biencaps.erp.utilities.CommonTestMethods.goToDayView(CommonTestMethods.java:110)
	at in.biencaps.erp.testCases.SelfTaskUpdateTests.verify_Update_Self_Task_Status_From_Day_View_And_Check_Task_Status_And_Logs(SelfTaskUpdateTests.java:721)
	at java.base/java.util.ArrayList.forEach(ArrayList.java:1511)
... Removed 32 stack frames
</div> <!-- stack-trace -->
                </div> <!-- method-content -->
              </div> <!-- method -->
              <div class="method">
                <div class="method-content">
                  <a name="verify_Update_Self_Task_Time_From_Day_View_And_Check_Task_Time_And_Logs">
                  </a> <!-- verify_Update_Self_Task_Time_From_Day_View_And_Check_Task_Time_And_Logs -->
                  <span class="method-name">verify_Update_Self_Task_Time_From_Day_View_And_Check_Task_Time_And_Logs</span>
                  <div class="stack-trace">org.openqa.selenium.ElementClickInterceptedException: element click intercepted: Element &lt;button style=&quot;background: rgb(255, 246, 223); margin-left: 3px;&quot;&gt;...&lt;/button&gt; is not clickable at point (1435, 118). Other element would receive the click: &lt;div class=&quot;logs-container&quot;&gt;...&lt;/div&gt;
  (Session info: chrome=125.0.6422.112)
Build info: version: &apos;4.20.0&apos;, revision: &apos;866c76ca80&apos;
System info: os.name: &apos;Windows 10&apos;, os.arch: &apos;amd64&apos;, os.version: &apos;10.0&apos;, java.version: &apos;17.0.8&apos;
Driver info: org.openqa.selenium.chrome.ChromeDriver
Command: [59aa9eba8d3bf8c773ebc34290100381, clickElement {id=f.C7AA1CC143BFA549682EF6E526766F1E.d.ED3FEAF115665BABBEB98CFB8A5C10E6.e.478}]
Capabilities {acceptInsecureCerts: false, browserName: chrome, browserVersion: 125.0.6422.112, chrome: {chromedriverVersion: 125.0.6422.78 (14db42ec38ad..., userDataDir: C:\Users\Lenovo\AppData\Loc...}, fedcm:accounts: true, goog:chromeOptions: {debuggerAddress: localhost:64829}, networkConnectionEnabled: false, pageLoadStrategy: normal, platformName: windows, proxy: Proxy(), se:cdp: ws://localhost:64829/devtoo..., se:cdpVersion: 125.0.6422.112, setWindowRect: true, strictFileInteractability: false, timeouts: {implicit: 0, pageLoad: 300000, script: 30000}, unhandledPromptBehavior: dismiss and notify, webauthn:extension:credBlob: true, webauthn:extension:largeBlob: true, webauthn:extension:minPinLength: true, webauthn:extension:prf: true, webauthn:virtualAuthenticators: true}
Element: [[ChromeDriver: chrome on windows (59aa9eba8d3bf8c773ebc34290100381)] -&gt; xpath: //button[normalize-space()=&apos;Day&apos;]]
Session ID: 59aa9eba8d3bf8c773ebc34290100381
	at org.openqa.selenium.remote.ErrorCodec.decode(ErrorCodec.java:167)
	at org.openqa.selenium.remote.codec.w3c.W3CHttpResponseCodec.decode(W3CHttpResponseCodec.java:138)
	at org.openqa.selenium.remote.codec.w3c.W3CHttpResponseCodec.decode(W3CHttpResponseCodec.java:50)
	at org.openqa.selenium.remote.HttpCommandExecutor.execute(HttpCommandExecutor.java:190)
	at org.openqa.selenium.remote.service.DriverCommandExecutor.invokeExecute(DriverCommandExecutor.java:216)
	at org.openqa.selenium.remote.service.DriverCommandExecutor.execute(DriverCommandExecutor.java:174)
	at org.openqa.selenium.remote.RemoteWebDriver.execute(RemoteWebDriver.java:518)
	at org.openqa.selenium.remote.RemoteWebElement.execute(RemoteWebElement.java:223)
	at org.openqa.selenium.remote.RemoteWebElement.click(RemoteWebElement.java:76)
	at in.biencaps.erp.utilities.WebElementActions.clickOnMethod(WebElementActions.java:89)
	at in.biencaps.erp.pages.MyTasksPage.clickOnDayButton(MyTasksPage.java:341)
	at in.biencaps.erp.utilities.CommonTestMethods.goToDayView(CommonTestMethods.java:110)
	at in.biencaps.erp.testCases.SelfTaskUpdateTests.verify_Update_Self_Task_Time_From_Day_View_And_Check_Task_Time_And_Logs(SelfTaskUpdateTests.java:188)
	at java.base/java.util.ArrayList.forEach(ArrayList.java:1511)
... Removed 32 stack frames
</div> <!-- stack-trace -->
                </div> <!-- method-content -->
              </div> <!-- method -->
              <div class="method">
                <div class="method-content">
                  <a name="verify_Update_Self_Task_Title_From_Day_View_And_Check_Task_Title_And_Logs">
                  </a> <!-- verify_Update_Self_Task_Title_From_Day_View_And_Check_Task_Title_And_Logs -->
                  <span class="method-name">verify_Update_Self_Task_Title_From_Day_View_And_Check_Task_Title_And_Logs</span>
                  <div class="stack-trace">org.openqa.selenium.ElementClickInterceptedException: element click intercepted: Element &lt;input class=&quot;taskTitle&quot; id=&quot;&quot; type=&quot;text&quot; value=&quot;An Instant In The Wind&quot;&gt; is not clickable at point (577, 221). Other element would receive the click: &lt;p&gt;...&lt;/p&gt;
  (Session info: chrome=125.0.6422.112)
Build info: version: &apos;4.20.0&apos;, revision: &apos;866c76ca80&apos;
System info: os.name: &apos;Windows 10&apos;, os.arch: &apos;amd64&apos;, os.version: &apos;10.0&apos;, java.version: &apos;17.0.8&apos;
Driver info: org.openqa.selenium.chrome.ChromeDriver
Command: [59aa9eba8d3bf8c773ebc34290100381, clickElement {id=f.C7AA1CC143BFA549682EF6E526766F1E.d.ED3FEAF115665BABBEB98CFB8A5C10E6.e.244}]
Capabilities {acceptInsecureCerts: false, browserName: chrome, browserVersion: 125.0.6422.112, chrome: {chromedriverVersion: 125.0.6422.78 (14db42ec38ad..., userDataDir: C:\Users\Lenovo\AppData\Loc...}, fedcm:accounts: true, goog:chromeOptions: {debuggerAddress: localhost:64829}, networkConnectionEnabled: false, pageLoadStrategy: normal, platformName: windows, proxy: Proxy(), se:cdp: ws://localhost:64829/devtoo..., se:cdpVersion: 125.0.6422.112, setWindowRect: true, strictFileInteractability: false, timeouts: {implicit: 0, pageLoad: 300000, script: 30000}, unhandledPromptBehavior: dismiss and notify, webauthn:extension:credBlob: true, webauthn:extension:largeBlob: true, webauthn:extension:minPinLength: true, webauthn:extension:prf: true, webauthn:virtualAuthenticators: true}
Element: [[ChromeDriver: chrome on windows (59aa9eba8d3bf8c773ebc34290100381)] -&gt; xpath: (//div[@class=&apos;taskTileDivContainer&apos;]//input[@type=&apos;text&apos;])[last()]]
Session ID: 59aa9eba8d3bf8c773ebc34290100381
	at org.openqa.selenium.remote.ErrorCodec.decode(ErrorCodec.java:167)
	at org.openqa.selenium.remote.codec.w3c.W3CHttpResponseCodec.decode(W3CHttpResponseCodec.java:138)
	at org.openqa.selenium.remote.codec.w3c.W3CHttpResponseCodec.decode(W3CHttpResponseCodec.java:50)
	at org.openqa.selenium.remote.HttpCommandExecutor.execute(HttpCommandExecutor.java:190)
	at org.openqa.selenium.remote.service.DriverCommandExecutor.invokeExecute(DriverCommandExecutor.java:216)
	at org.openqa.selenium.remote.service.DriverCommandExecutor.execute(DriverCommandExecutor.java:174)
	at org.openqa.selenium.remote.RemoteWebDriver.execute(RemoteWebDriver.java:518)
	at org.openqa.selenium.remote.RemoteWebElement.execute(RemoteWebElement.java:223)
	at org.openqa.selenium.remote.RemoteWebElement.click(RemoteWebElement.java:76)
	at in.biencaps.erp.utilities.WebElementActions.clickOnMethod(WebElementActions.java:89)
	at in.biencaps.erp.pages.MyTasksPage.clickOnLastTaskTitleTextfieldInDayView(MyTasksPage.java:627)
	at in.biencaps.erp.testCases.SelfTaskUpdateTests.verify_Update_Self_Task_Title_From_Day_View_And_Check_Task_Title_And_Logs(SelfTaskUpdateTests.java:110)
	at java.base/java.util.ArrayList.forEach(ArrayList.java:1511)
... Removed 32 stack frames
</div> <!-- stack-trace -->
                </div> <!-- method-content -->
              </div> <!-- method -->
            </div> <!-- main-panel-content rounded-window-bottom -->
          </div> <!-- suite-Suite-class-failed -->
          <div class="suite-Suite-class-failed">
            <div class="main-panel-header rounded-window-top">
              <img src="failed.png"/>
              <span class="class-name">in.biencaps.erp.testCases.SelfTaskSubmittedTests</span>
            </div> <!-- main-panel-header rounded-window-top -->
            <div class="main-panel-content rounded-window-bottom">
              <div class="method">
                <div class="method-content">
                  <a name="verify_Completed_Tasks_Count_And_Percentage_After_Task_Completed_In_Day_View">
                  </a> <!-- verify_Completed_Tasks_Count_And_Percentage_After_Task_Completed_In_Day_View -->
                  <span class="method-name">verify_Completed_Tasks_Count_And_Percentage_After_Task_Completed_In_Day_View</span>
                  <div class="stack-trace">org.openqa.selenium.TimeoutException: Expected condition failed: waiting for visibility of all elements located by By.xpath: //div[contains(text(),&apos;Completed&apos;)] (tried for 6 second(s) with 500 milliseconds interval)
Build info: version: &apos;4.20.0&apos;, revision: &apos;866c76ca80&apos;
System info: os.name: &apos;Windows 10&apos;, os.arch: &apos;amd64&apos;, os.version: &apos;10.0&apos;, java.version: &apos;17.0.8&apos;
Driver info: org.openqa.selenium.chrome.ChromeDriver
Capabilities {acceptInsecureCerts: false, browserName: chrome, browserVersion: 125.0.6422.112, chrome: {chromedriverVersion: 125.0.6422.78 (14db42ec38ad..., userDataDir: C:\Users\Lenovo\AppData\Loc...}, fedcm:accounts: true, goog:chromeOptions: {debuggerAddress: localhost:64829}, networkConnectionEnabled: false, pageLoadStrategy: normal, platformName: windows, proxy: Proxy(), se:cdp: ws://localhost:64829/devtoo..., se:cdpVersion: 125.0.6422.112, setWindowRect: true, strictFileInteractability: false, timeouts: {implicit: 0, pageLoad: 300000, script: 30000}, unhandledPromptBehavior: dismiss and notify, webauthn:extension:credBlob: true, webauthn:extension:largeBlob: true, webauthn:extension:minPinLength: true, webauthn:extension:prf: true, webauthn:virtualAuthenticators: true}
Session ID: 59aa9eba8d3bf8c773ebc34290100381
	at org.openqa.selenium.support.ui.WebDriverWait.timeoutException(WebDriverWait.java:84)
	at org.openqa.selenium.support.ui.FluentWait.until(FluentWait.java:228)
	at in.biencaps.erp.utilities.WebElementActions.waitForAllElementsVisibility(WebElementActions.java:27)
	at in.biencaps.erp.utilities.WebElementActions.sizeOfListOfWebElement(WebElementActions.java:43)
	at in.biencaps.erp.pages.MyTasksPage.checkSizeOfCompletedTaskInDayView(MyTasksPage.java:644)
	at in.biencaps.erp.testCases.SelfTaskSubmittedTests.verify_Completed_Tasks_Count_And_Percentage_After_Task_Completed_In_Day_View(SelfTaskSubmittedTests.java:273)
	at java.base/java.util.ArrayList.forEach(ArrayList.java:1511)
... Removed 27 stack frames
</div> <!-- stack-trace -->
                </div> <!-- method-content -->
              </div> <!-- method -->
              <div class="method">
                <div class="method-content">
                  <a name="verify_Log_Message_After_Submit_Task_Request_Accepted">
                  </a> <!-- verify_Log_Message_After_Submit_Task_Request_Accepted -->
                  <span class="method-name">verify_Log_Message_After_Submit_Task_Request_Accepted</span>
                  <div class="stack-trace">org.openqa.selenium.ElementClickInterceptedException: element click intercepted: Element &lt;div class=&quot;getLogs&quot;&gt;...&lt;/div&gt; is not clickable at point (1434, 256). Other element would receive the click: &lt;div class=&quot;logs-container&quot;&gt;...&lt;/div&gt;
  (Session info: chrome=125.0.6422.112)
Build info: version: &apos;4.20.0&apos;, revision: &apos;866c76ca80&apos;
System info: os.name: &apos;Windows 10&apos;, os.arch: &apos;amd64&apos;, os.version: &apos;10.0&apos;, java.version: &apos;17.0.8&apos;
Driver info: org.openqa.selenium.chrome.ChromeDriver
Command: [59aa9eba8d3bf8c773ebc34290100381, clickElement {id=f.C7AA1CC143BFA549682EF6E526766F1E.d.ED3FEAF115665BABBEB98CFB8A5C10E6.e.241}]
Capabilities {acceptInsecureCerts: false, browserName: chrome, browserVersion: 125.0.6422.112, chrome: {chromedriverVersion: 125.0.6422.78 (14db42ec38ad..., userDataDir: C:\Users\Lenovo\AppData\Loc...}, fedcm:accounts: true, goog:chromeOptions: {debuggerAddress: localhost:64829}, networkConnectionEnabled: false, pageLoadStrategy: normal, platformName: windows, proxy: Proxy(), se:cdp: ws://localhost:64829/devtoo..., se:cdpVersion: 125.0.6422.112, setWindowRect: true, strictFileInteractability: false, timeouts: {implicit: 0, pageLoad: 300000, script: 30000}, unhandledPromptBehavior: dismiss and notify, webauthn:extension:credBlob: true, webauthn:extension:largeBlob: true, webauthn:extension:minPinLength: true, webauthn:extension:prf: true, webauthn:virtualAuthenticators: true}
Element: [[ChromeDriver: chrome on windows (59aa9eba8d3bf8c773ebc34290100381)] -&gt; xpath: //div[@class=&apos;getLogs&apos;]]
Session ID: 59aa9eba8d3bf8c773ebc34290100381
	at org.openqa.selenium.remote.ErrorCodec.decode(ErrorCodec.java:167)
	at org.openqa.selenium.remote.codec.w3c.W3CHttpResponseCodec.decode(W3CHttpResponseCodec.java:138)
	at org.openqa.selenium.remote.codec.w3c.W3CHttpResponseCodec.decode(W3CHttpResponseCodec.java:50)
	at org.openqa.selenium.remote.HttpCommandExecutor.execute(HttpCommandExecutor.java:190)
	at org.openqa.selenium.remote.service.DriverCommandExecutor.invokeExecute(DriverCommandExecutor.java:216)
	at org.openqa.selenium.remote.service.DriverCommandExecutor.execute(DriverCommandExecutor.java:174)
	at org.openqa.selenium.remote.RemoteWebDriver.execute(RemoteWebDriver.java:518)
	at org.openqa.selenium.remote.RemoteWebElement.execute(RemoteWebElement.java:223)
	at org.openqa.selenium.remote.RemoteWebElement.click(RemoteWebElement.java:76)
	at in.biencaps.erp.utilities.WebElementActions.clickOnMethod(WebElementActions.java:89)
	at in.biencaps.erp.pages.MyTasksPage.clickOnGetMyActivitiesButtonInDayView(MyTasksPage.java:655)
	at in.biencaps.erp.testCases.MyActivitiesTests.verify_Log_Message(MyActivitiesTests.java:25)
	at in.biencaps.erp.testCases.SelfTaskSubmittedTests.verify_Log_Message_After_Submit_Task_Request_Accepted(SelfTaskSubmittedTests.java:285)
	at java.base/java.util.ArrayList.forEach(ArrayList.java:1511)
... Removed 31 stack frames
</div> <!-- stack-trace -->
                </div> <!-- method-content -->
              </div> <!-- method -->
              <div class="method">
                <div class="method-content">
                  <a name="verify_New_Notification_Message_And_Request_Of_Employee_At_All_Higher_Authority_of_Submit_Task">
                  </a> <!-- verify_New_Notification_Message_And_Request_Of_Employee_At_All_Higher_Authority_of_Submit_Task -->
                  <span class="method-name">verify_New_Notification_Message_And_Request_Of_Employee_At_All_Higher_Authority_of_Submit_Task</span>
                  <div class="stack-trace">org.openqa.selenium.ElementClickInterceptedException: element click intercepted: Element &lt;p class=&quot;profileName&quot;&gt;...&lt;/p&gt; is not clickable at point (1325, 25). Other element would receive the click: &lt;div class=&quot;logs-container&quot;&gt;...&lt;/div&gt;
  (Session info: chrome=125.0.6422.112)
Build info: version: &apos;4.20.0&apos;, revision: &apos;866c76ca80&apos;
System info: os.name: &apos;Windows 10&apos;, os.arch: &apos;amd64&apos;, os.version: &apos;10.0&apos;, java.version: &apos;17.0.8&apos;
Driver info: org.openqa.selenium.chrome.ChromeDriver
Command: [59aa9eba8d3bf8c773ebc34290100381, clickElement {id=f.C7AA1CC143BFA549682EF6E526766F1E.d.ED3FEAF115665BABBEB98CFB8A5C10E6.e.107}]
Capabilities {acceptInsecureCerts: false, browserName: chrome, browserVersion: 125.0.6422.112, chrome: {chromedriverVersion: 125.0.6422.78 (14db42ec38ad..., userDataDir: C:\Users\Lenovo\AppData\Loc...}, fedcm:accounts: true, goog:chromeOptions: {debuggerAddress: localhost:64829}, networkConnectionEnabled: false, pageLoadStrategy: normal, platformName: windows, proxy: Proxy(), se:cdp: ws://localhost:64829/devtoo..., se:cdpVersion: 125.0.6422.112, setWindowRect: true, strictFileInteractability: false, timeouts: {implicit: 0, pageLoad: 300000, script: 30000}, unhandledPromptBehavior: dismiss and notify, webauthn:extension:credBlob: true, webauthn:extension:largeBlob: true, webauthn:extension:minPinLength: true, webauthn:extension:prf: true, webauthn:virtualAuthenticators: true}
Element: [[ChromeDriver: chrome on windows (59aa9eba8d3bf8c773ebc34290100381)] -&gt; xpath: //p[@class=&apos;profileName&apos;]]
Session ID: 59aa9eba8d3bf8c773ebc34290100381
	at org.openqa.selenium.remote.ErrorCodec.decode(ErrorCodec.java:167)
	at org.openqa.selenium.remote.codec.w3c.W3CHttpResponseCodec.decode(W3CHttpResponseCodec.java:138)
	at org.openqa.selenium.remote.codec.w3c.W3CHttpResponseCodec.decode(W3CHttpResponseCodec.java:50)
	at org.openqa.selenium.remote.HttpCommandExecutor.execute(HttpCommandExecutor.java:190)
	at org.openqa.selenium.remote.service.DriverCommandExecutor.invokeExecute(DriverCommandExecutor.java:216)
	at org.openqa.selenium.remote.service.DriverCommandExecutor.execute(DriverCommandExecutor.java:174)
	at org.openqa.selenium.remote.RemoteWebDriver.execute(RemoteWebDriver.java:518)
	at org.openqa.selenium.remote.RemoteWebElement.execute(RemoteWebElement.java:223)
	at org.openqa.selenium.remote.RemoteWebElement.click(RemoteWebElement.java:76)
	at in.biencaps.erp.utilities.WebElementActions.clickOnMethod(WebElementActions.java:89)
	at in.biencaps.erp.pages.DashboardPage.clickOnEmployeeNameAtDashboard(DashboardPage.java:42)
	at in.biencaps.erp.utilities.CommonTestMethods.getAllHigherAuthoritiesNamesOfLoggedInEmployee(CommonTestMethods.java:358)
	at in.biencaps.erp.testCases.SelfTaskSubmittedTests.verify_New_Notification_Message_And_Request_Of_Employee_At_All_Higher_Authority_of_Submit_Task(SelfTaskSubmittedTests.java:224)
	at java.base/java.util.ArrayList.forEach(ArrayList.java:1511)
... Removed 31 stack frames
</div> <!-- stack-trace -->
                </div> <!-- method-content -->
              </div> <!-- method -->
              <div class="method">
                <div class="method-content">
                  <a name="verify_Notification_Message_And_Request_Of_Employee_At_All_Higher_Authority_of_Submit_Task">
                  </a> <!-- verify_Notification_Message_And_Request_Of_Employee_At_All_Higher_Authority_of_Submit_Task -->
                  <span class="method-name">verify_Notification_Message_And_Request_Of_Employee_At_All_Higher_Authority_of_Submit_Task</span>
                  <div class="stack-trace">org.openqa.selenium.ElementClickInterceptedException: element click intercepted: Element &lt;p class=&quot;profileName&quot;&gt;...&lt;/p&gt; is not clickable at point (1325, 25). Other element would receive the click: &lt;div class=&quot;logs-container&quot;&gt;...&lt;/div&gt;
  (Session info: chrome=125.0.6422.112)
Build info: version: &apos;4.20.0&apos;, revision: &apos;866c76ca80&apos;
System info: os.name: &apos;Windows 10&apos;, os.arch: &apos;amd64&apos;, os.version: &apos;10.0&apos;, java.version: &apos;17.0.8&apos;
Driver info: org.openqa.selenium.chrome.ChromeDriver
Command: [59aa9eba8d3bf8c773ebc34290100381, clickElement {id=f.C7AA1CC143BFA549682EF6E526766F1E.d.ED3FEAF115665BABBEB98CFB8A5C10E6.e.107}]
Capabilities {acceptInsecureCerts: false, browserName: chrome, browserVersion: 125.0.6422.112, chrome: {chromedriverVersion: 125.0.6422.78 (14db42ec38ad..., userDataDir: C:\Users\Lenovo\AppData\Loc...}, fedcm:accounts: true, goog:chromeOptions: {debuggerAddress: localhost:64829}, networkConnectionEnabled: false, pageLoadStrategy: normal, platformName: windows, proxy: Proxy(), se:cdp: ws://localhost:64829/devtoo..., se:cdpVersion: 125.0.6422.112, setWindowRect: true, strictFileInteractability: false, timeouts: {implicit: 0, pageLoad: 300000, script: 30000}, unhandledPromptBehavior: dismiss and notify, webauthn:extension:credBlob: true, webauthn:extension:largeBlob: true, webauthn:extension:minPinLength: true, webauthn:extension:prf: true, webauthn:virtualAuthenticators: true}
Element: [[ChromeDriver: chrome on windows (59aa9eba8d3bf8c773ebc34290100381)] -&gt; xpath: //p[@class=&apos;profileName&apos;]]
Session ID: 59aa9eba8d3bf8c773ebc34290100381
	at org.openqa.selenium.remote.ErrorCodec.decode(ErrorCodec.java:167)
	at org.openqa.selenium.remote.codec.w3c.W3CHttpResponseCodec.decode(W3CHttpResponseCodec.java:138)
	at org.openqa.selenium.remote.codec.w3c.W3CHttpResponseCodec.decode(W3CHttpResponseCodec.java:50)
	at org.openqa.selenium.remote.HttpCommandExecutor.execute(HttpCommandExecutor.java:190)
	at org.openqa.selenium.remote.service.DriverCommandExecutor.invokeExecute(DriverCommandExecutor.java:216)
	at org.openqa.selenium.remote.service.DriverCommandExecutor.execute(DriverCommandExecutor.java:174)
	at org.openqa.selenium.remote.RemoteWebDriver.execute(RemoteWebDriver.java:518)
	at org.openqa.selenium.remote.RemoteWebElement.execute(RemoteWebElement.java:223)
	at org.openqa.selenium.remote.RemoteWebElement.click(RemoteWebElement.java:76)
	at in.biencaps.erp.utilities.WebElementActions.clickOnMethod(WebElementActions.java:89)
	at in.biencaps.erp.pages.DashboardPage.clickOnEmployeeNameAtDashboard(DashboardPage.java:42)
	at in.biencaps.erp.utilities.CommonTestMethods.getAllHigherAuthoritiesNamesOfLoggedInEmployee(CommonTestMethods.java:358)
	at in.biencaps.erp.testCases.SelfTaskSubmittedTests.verify_Notification_Message_And_Request_Of_Employee_At_All_Higher_Authority_of_Submit_Task(SelfTaskSubmittedTests.java:104)
	at java.base/java.util.ArrayList.forEach(ArrayList.java:1511)
... Removed 32 stack frames
</div> <!-- stack-trace -->
                </div> <!-- method-content -->
              </div> <!-- method -->
              <div class="method">
                <div class="method-content">
                  <a name="verify_Notification_Message_Of_Request_Accepted_By_Higher_Authority_At_Employee_Side">
                  </a> <!-- verify_Notification_Message_Of_Request_Accepted_By_Higher_Authority_At_Employee_Side -->
                  <span class="method-name">verify_Notification_Message_Of_Request_Accepted_By_Higher_Authority_At_Employee_Side</span>
                  <div class="stack-trace">org.openqa.selenium.ElementClickInterceptedException: element click intercepted: Element &lt;svg class=&quot;logout-req&quot; width=&quot;19&quot; height=&quot;18&quot; viewBox=&quot;0 0 19 18&quot; fill=&quot;none&quot; xmlns=&quot;http://www.w3.org/2000/svg&quot;&gt;...&lt;/svg&gt; is not clickable at point (1491, 25). Other element would receive the click: &lt;div class=&quot;logs-container&quot;&gt;...&lt;/div&gt;
  (Session info: chrome=125.0.6422.112)
Build info: version: &apos;4.20.0&apos;, revision: &apos;866c76ca80&apos;
System info: os.name: &apos;Windows 10&apos;, os.arch: &apos;amd64&apos;, os.version: &apos;10.0&apos;, java.version: &apos;17.0.8&apos;
Driver info: org.openqa.selenium.chrome.ChromeDriver
Command: [59aa9eba8d3bf8c773ebc34290100381, clickElement {id=f.C7AA1CC143BFA549682EF6E526766F1E.d.ED3FEAF115665BABBEB98CFB8A5C10E6.e.480}]
Capabilities {acceptInsecureCerts: false, browserName: chrome, browserVersion: 125.0.6422.112, chrome: {chromedriverVersion: 125.0.6422.78 (14db42ec38ad..., userDataDir: C:\Users\Lenovo\AppData\Loc...}, fedcm:accounts: true, goog:chromeOptions: {debuggerAddress: localhost:64829}, networkConnectionEnabled: false, pageLoadStrategy: normal, platformName: windows, proxy: Proxy(), se:cdp: ws://localhost:64829/devtoo..., se:cdpVersion: 125.0.6422.112, setWindowRect: true, strictFileInteractability: false, timeouts: {implicit: 0, pageLoad: 300000, script: 30000}, unhandledPromptBehavior: dismiss and notify, webauthn:extension:credBlob: true, webauthn:extension:largeBlob: true, webauthn:extension:minPinLength: true, webauthn:extension:prf: true, webauthn:virtualAuthenticators: true}
Element: [[ChromeDriver: chrome on windows (59aa9eba8d3bf8c773ebc34290100381)] -&gt; xpath: (//*[name()=&apos;svg&apos;][@class=&apos;logout-req&apos;])[1]]
Session ID: 59aa9eba8d3bf8c773ebc34290100381
	at org.openqa.selenium.remote.ErrorCodec.decode(ErrorCodec.java:167)
	at org.openqa.selenium.remote.codec.w3c.W3CHttpResponseCodec.decode(W3CHttpResponseCodec.java:138)
	at org.openqa.selenium.remote.codec.w3c.W3CHttpResponseCodec.decode(W3CHttpResponseCodec.java:50)
	at org.openqa.selenium.remote.HttpCommandExecutor.execute(HttpCommandExecutor.java:190)
	at org.openqa.selenium.remote.service.DriverCommandExecutor.invokeExecute(DriverCommandExecutor.java:216)
	at org.openqa.selenium.remote.service.DriverCommandExecutor.execute(DriverCommandExecutor.java:174)
	at org.openqa.selenium.remote.RemoteWebDriver.execute(RemoteWebDriver.java:518)
	at org.openqa.selenium.remote.RemoteWebElement.execute(RemoteWebElement.java:223)
	at org.openqa.selenium.remote.RemoteWebElement.click(RemoteWebElement.java:76)
	at in.biencaps.erp.utilities.WebElementActions.clickOnMethod(WebElementActions.java:89)
	at in.biencaps.erp.pages.DashboardPage.clickOnLogOutIcon(DashboardPage.java:78)
	at in.biencaps.erp.testCases.LogoutTests.verify_LogOut_Employee(LogoutTests.java:27)
	at in.biencaps.erp.utilities.CommonTestMethods.login_Employee_And_Get_Name(CommonTestMethods.java:493)
	at in.biencaps.erp.testCases.SelfTaskSubmittedTests.verify_Notification_Message_Of_Request_Accepted_By_Higher_Authority_At_Employee_Side(SelfTaskSubmittedTests.java:244)
	at java.base/java.util.ArrayList.forEach(ArrayList.java:1511)
... Removed 31 stack frames
</div> <!-- stack-trace -->
                </div> <!-- method-content -->
              </div> <!-- method -->
              <div class="method">
                <div class="method-content">
                  <a name="verify_Notification_Message_Of_Request_Rejected_By_Higher_Authority_At_Employee_Side">
                  </a> <!-- verify_Notification_Message_Of_Request_Rejected_By_Higher_Authority_At_Employee_Side -->
                  <span class="method-name">verify_Notification_Message_Of_Request_Rejected_By_Higher_Authority_At_Employee_Side</span>
                  <div class="stack-trace">org.openqa.selenium.ElementClickInterceptedException: element click intercepted: Element &lt;svg class=&quot;logout-req&quot; width=&quot;19&quot; height=&quot;18&quot; viewBox=&quot;0 0 19 18&quot; fill=&quot;none&quot; xmlns=&quot;http://www.w3.org/2000/svg&quot;&gt;...&lt;/svg&gt; is not clickable at point (1491, 25). Other element would receive the click: &lt;div class=&quot;logs-container&quot;&gt;...&lt;/div&gt;
  (Session info: chrome=125.0.6422.112)
Build info: version: &apos;4.20.0&apos;, revision: &apos;866c76ca80&apos;
System info: os.name: &apos;Windows 10&apos;, os.arch: &apos;amd64&apos;, os.version: &apos;10.0&apos;, java.version: &apos;17.0.8&apos;
Driver info: org.openqa.selenium.chrome.ChromeDriver
Command: [59aa9eba8d3bf8c773ebc34290100381, clickElement {id=f.C7AA1CC143BFA549682EF6E526766F1E.d.ED3FEAF115665BABBEB98CFB8A5C10E6.e.480}]
Capabilities {acceptInsecureCerts: false, browserName: chrome, browserVersion: 125.0.6422.112, chrome: {chromedriverVersion: 125.0.6422.78 (14db42ec38ad..., userDataDir: C:\Users\Lenovo\AppData\Loc...}, fedcm:accounts: true, goog:chromeOptions: {debuggerAddress: localhost:64829}, networkConnectionEnabled: false, pageLoadStrategy: normal, platformName: windows, proxy: Proxy(), se:cdp: ws://localhost:64829/devtoo..., se:cdpVersion: 125.0.6422.112, setWindowRect: true, strictFileInteractability: false, timeouts: {implicit: 0, pageLoad: 300000, script: 30000}, unhandledPromptBehavior: dismiss and notify, webauthn:extension:credBlob: true, webauthn:extension:largeBlob: true, webauthn:extension:minPinLength: true, webauthn:extension:prf: true, webauthn:virtualAuthenticators: true}
Element: [[ChromeDriver: chrome on windows (59aa9eba8d3bf8c773ebc34290100381)] -&gt; xpath: (//*[name()=&apos;svg&apos;][@class=&apos;logout-req&apos;])[1]]
Session ID: 59aa9eba8d3bf8c773ebc34290100381
	at org.openqa.selenium.remote.ErrorCodec.decode(ErrorCodec.java:167)
	at org.openqa.selenium.remote.codec.w3c.W3CHttpResponseCodec.decode(W3CHttpResponseCodec.java:138)
	at org.openqa.selenium.remote.codec.w3c.W3CHttpResponseCodec.decode(W3CHttpResponseCodec.java:50)
	at org.openqa.selenium.remote.HttpCommandExecutor.execute(HttpCommandExecutor.java:190)
	at org.openqa.selenium.remote.service.DriverCommandExecutor.invokeExecute(DriverCommandExecutor.java:216)
	at org.openqa.selenium.remote.service.DriverCommandExecutor.execute(DriverCommandExecutor.java:174)
	at org.openqa.selenium.remote.RemoteWebDriver.execute(RemoteWebDriver.java:518)
	at org.openqa.selenium.remote.RemoteWebElement.execute(RemoteWebElement.java:223)
	at org.openqa.selenium.remote.RemoteWebElement.click(RemoteWebElement.java:76)
	at in.biencaps.erp.utilities.WebElementActions.clickOnMethod(WebElementActions.java:89)
	at in.biencaps.erp.pages.DashboardPage.clickOnLogOutIcon(DashboardPage.java:78)
	at in.biencaps.erp.testCases.LogoutTests.verify_LogOut_Employee(LogoutTests.java:27)
	at in.biencaps.erp.utilities.CommonTestMethods.login_Employee_And_Get_Name(CommonTestMethods.java:493)
	at in.biencaps.erp.testCases.SelfTaskSubmittedTests.verify_Notification_Message_Of_Request_Rejected_By_Higher_Authority_At_Employee_Side(SelfTaskSubmittedTests.java:124)
	at java.base/java.util.ArrayList.forEach(ArrayList.java:1511)
... Removed 32 stack frames
</div> <!-- stack-trace -->
                </div> <!-- method-content -->
              </div> <!-- method -->
              <div class="method">
                <div class="method-content">
                  <a name="verify_Self_Task_Submitted_Again__In_Day_View">
                  </a> <!-- verify_Self_Task_Submitted_Again__In_Day_View -->
                  <span class="method-name">verify_Self_Task_Submitted_Again__In_Day_View</span>
                  <div class="stack-trace">org.openqa.selenium.ElementClickInterceptedException: element click intercepted: Element &lt;button style=&quot;background: rgb(255, 246, 223); margin-left: 3px;&quot;&gt;...&lt;/button&gt; is not clickable at point (1435, 118). Other element would receive the click: &lt;div class=&quot;logs-container&quot;&gt;...&lt;/div&gt;
  (Session info: chrome=125.0.6422.112)
Build info: version: &apos;4.20.0&apos;, revision: &apos;866c76ca80&apos;
System info: os.name: &apos;Windows 10&apos;, os.arch: &apos;amd64&apos;, os.version: &apos;10.0&apos;, java.version: &apos;17.0.8&apos;
Driver info: org.openqa.selenium.chrome.ChromeDriver
Command: [59aa9eba8d3bf8c773ebc34290100381, clickElement {id=f.C7AA1CC143BFA549682EF6E526766F1E.d.ED3FEAF115665BABBEB98CFB8A5C10E6.e.478}]
Capabilities {acceptInsecureCerts: false, browserName: chrome, browserVersion: 125.0.6422.112, chrome: {chromedriverVersion: 125.0.6422.78 (14db42ec38ad..., userDataDir: C:\Users\Lenovo\AppData\Loc...}, fedcm:accounts: true, goog:chromeOptions: {debuggerAddress: localhost:64829}, networkConnectionEnabled: false, pageLoadStrategy: normal, platformName: windows, proxy: Proxy(), se:cdp: ws://localhost:64829/devtoo..., se:cdpVersion: 125.0.6422.112, setWindowRect: true, strictFileInteractability: false, timeouts: {implicit: 0, pageLoad: 300000, script: 30000}, unhandledPromptBehavior: dismiss and notify, webauthn:extension:credBlob: true, webauthn:extension:largeBlob: true, webauthn:extension:minPinLength: true, webauthn:extension:prf: true, webauthn:virtualAuthenticators: true}
Element: [[ChromeDriver: chrome on windows (59aa9eba8d3bf8c773ebc34290100381)] -&gt; xpath: //button[normalize-space()=&apos;Day&apos;]]
Session ID: 59aa9eba8d3bf8c773ebc34290100381
	at org.openqa.selenium.remote.ErrorCodec.decode(ErrorCodec.java:167)
	at org.openqa.selenium.remote.codec.w3c.W3CHttpResponseCodec.decode(W3CHttpResponseCodec.java:138)
	at org.openqa.selenium.remote.codec.w3c.W3CHttpResponseCodec.decode(W3CHttpResponseCodec.java:50)
	at org.openqa.selenium.remote.HttpCommandExecutor.execute(HttpCommandExecutor.java:190)
	at org.openqa.selenium.remote.service.DriverCommandExecutor.invokeExecute(DriverCommandExecutor.java:216)
	at org.openqa.selenium.remote.service.DriverCommandExecutor.execute(DriverCommandExecutor.java:174)
	at org.openqa.selenium.remote.RemoteWebDriver.execute(RemoteWebDriver.java:518)
	at org.openqa.selenium.remote.RemoteWebElement.execute(RemoteWebElement.java:223)
	at org.openqa.selenium.remote.RemoteWebElement.click(RemoteWebElement.java:76)
	at in.biencaps.erp.utilities.WebElementActions.clickOnMethod(WebElementActions.java:89)
	at in.biencaps.erp.pages.MyTasksPage.clickOnDayButton(MyTasksPage.java:341)
	at in.biencaps.erp.utilities.CommonTestMethods.goToDayView(CommonTestMethods.java:110)
	at in.biencaps.erp.testCases.SelfTaskSubmittedTests.verify_Self_Task_Submitted_Again__In_Day_View(SelfTaskSubmittedTests.java:172)
	at java.base/java.util.ArrayList.forEach(ArrayList.java:1511)
... Removed 31 stack frames
</div> <!-- stack-trace -->
                </div> <!-- method-content -->
              </div> <!-- method -->
              <div class="method">
                <div class="method-content">
                  <a name="verify_Self_Task_Submitted_In_Day_View">
                  </a> <!-- verify_Self_Task_Submitted_In_Day_View -->
                  <span class="method-name">verify_Self_Task_Submitted_In_Day_View</span>
                  <div class="stack-trace">org.openqa.selenium.ElementClickInterceptedException: element click intercepted: Element &lt;button style=&quot;background: rgb(255, 246, 223); margin-left: 3px;&quot;&gt;...&lt;/button&gt; is not clickable at point (1435, 118). Other element would receive the click: &lt;div class=&quot;logs-container&quot;&gt;...&lt;/div&gt;
  (Session info: chrome=125.0.6422.112)
Build info: version: &apos;4.20.0&apos;, revision: &apos;866c76ca80&apos;
System info: os.name: &apos;Windows 10&apos;, os.arch: &apos;amd64&apos;, os.version: &apos;10.0&apos;, java.version: &apos;17.0.8&apos;
Driver info: org.openqa.selenium.chrome.ChromeDriver
Command: [59aa9eba8d3bf8c773ebc34290100381, clickElement {id=f.C7AA1CC143BFA549682EF6E526766F1E.d.ED3FEAF115665BABBEB98CFB8A5C10E6.e.478}]
Capabilities {acceptInsecureCerts: false, browserName: chrome, browserVersion: 125.0.6422.112, chrome: {chromedriverVersion: 125.0.6422.78 (14db42ec38ad..., userDataDir: C:\Users\Lenovo\AppData\Loc...}, fedcm:accounts: true, goog:chromeOptions: {debuggerAddress: localhost:64829}, networkConnectionEnabled: false, pageLoadStrategy: normal, platformName: windows, proxy: Proxy(), se:cdp: ws://localhost:64829/devtoo..., se:cdpVersion: 125.0.6422.112, setWindowRect: true, strictFileInteractability: false, timeouts: {implicit: 0, pageLoad: 300000, script: 30000}, unhandledPromptBehavior: dismiss and notify, webauthn:extension:credBlob: true, webauthn:extension:largeBlob: true, webauthn:extension:minPinLength: true, webauthn:extension:prf: true, webauthn:virtualAuthenticators: true}
Element: [[ChromeDriver: chrome on windows (59aa9eba8d3bf8c773ebc34290100381)] -&gt; xpath: //button[normalize-space()=&apos;Day&apos;]]
Session ID: 59aa9eba8d3bf8c773ebc34290100381
	at org.openqa.selenium.remote.ErrorCodec.decode(ErrorCodec.java:167)
	at org.openqa.selenium.remote.codec.w3c.W3CHttpResponseCodec.decode(W3CHttpResponseCodec.java:138)
	at org.openqa.selenium.remote.codec.w3c.W3CHttpResponseCodec.decode(W3CHttpResponseCodec.java:50)
	at org.openqa.selenium.remote.HttpCommandExecutor.execute(HttpCommandExecutor.java:190)
	at org.openqa.selenium.remote.service.DriverCommandExecutor.invokeExecute(DriverCommandExecutor.java:216)
	at org.openqa.selenium.remote.service.DriverCommandExecutor.execute(DriverCommandExecutor.java:174)
	at org.openqa.selenium.remote.RemoteWebDriver.execute(RemoteWebDriver.java:518)
	at org.openqa.selenium.remote.RemoteWebElement.execute(RemoteWebElement.java:223)
	at org.openqa.selenium.remote.RemoteWebElement.click(RemoteWebElement.java:76)
	at in.biencaps.erp.utilities.WebElementActions.clickOnMethod(WebElementActions.java:89)
	at in.biencaps.erp.pages.MyTasksPage.clickOnDayButton(MyTasksPage.java:341)
	at in.biencaps.erp.utilities.CommonTestMethods.goToDayView(CommonTestMethods.java:110)
	at in.biencaps.erp.testCases.SelfTaskSubmittedTests.verify_Self_Task_Submitted_In_Day_View(SelfTaskSubmittedTests.java:52)
	at java.base/java.util.ArrayList.forEach(ArrayList.java:1511)
... Removed 32 stack frames
</div> <!-- stack-trace -->
                </div> <!-- method-content -->
              </div> <!-- method -->
              <div class="method">
                <div class="method-content">
                  <a name="verify_Task_Request_In_My_Request_Section_After_Accepted_Submit_Task_Request">
                  </a> <!-- verify_Task_Request_In_My_Request_Section_After_Accepted_Submit_Task_Request -->
                  <span class="method-name">verify_Task_Request_In_My_Request_Section_After_Accepted_Submit_Task_Request</span>
                  <div class="stack-trace">java.lang.NullPointerException: Cannot invoke &quot;String.equalsIgnoreCase(String)&quot; because &quot;this.lastTaskScheduleDatInDayView&quot; is null
	at in.biencaps.erp.testCases.SelfTaskSubmittedTests.verify_Task_Request_In_My_Request_Section_After_Accepted_Submit_Task_Request(SelfTaskSubmittedTests.java:294)
	at java.base/java.util.ArrayList.forEach(ArrayList.java:1511)
... Removed 27 stack frames
</div> <!-- stack-trace -->
                </div> <!-- method-content -->
              </div> <!-- method -->
              <div class="method">
                <div class="method-content">
                  <a name="verify_Task_Request_In_My_Request_Section_After_Rejected_Submit_Task_Request">
                  </a> <!-- verify_Task_Request_In_My_Request_Section_After_Rejected_Submit_Task_Request -->
                  <span class="method-name">verify_Task_Request_In_My_Request_Section_After_Rejected_Submit_Task_Request</span>
                  <div class="stack-trace">java.lang.NullPointerException: Cannot invoke &quot;String.equalsIgnoreCase(String)&quot; because &quot;this.lastTaskScheduleDatInDayView&quot; is null
	at in.biencaps.erp.testCases.SelfTaskSubmittedTests.verify_Task_Request_In_My_Request_Section_After_Rejected_Submit_Task_Request(SelfTaskSubmittedTests.java:156)
	at java.base/java.util.ArrayList.forEach(ArrayList.java:1511)
... Removed 27 stack frames
</div> <!-- stack-trace -->
                </div> <!-- method-content -->
              </div> <!-- method -->
              <div class="method">
                <div class="method-content">
                  <a name="verify_Task_Status_And_Log_Message_In_Day_View_After_Task_Submitted_Request_Rejected_By_Higher_Authority">
                  </a> <!-- verify_Task_Status_And_Log_Message_In_Day_View_After_Task_Submitted_Request_Rejected_By_Higher_Authority -->
                  <span class="method-name">verify_Task_Status_And_Log_Message_In_Day_View_After_Task_Submitted_Request_Rejected_By_Higher_Authority</span>
                  <div class="stack-trace">org.openqa.selenium.ElementClickInterceptedException: element click intercepted: Element &lt;button style=&quot;background: rgb(255, 246, 223); margin-left: 3px;&quot;&gt;...&lt;/button&gt; is not clickable at point (1435, 118). Other element would receive the click: &lt;div class=&quot;logs-container&quot;&gt;...&lt;/div&gt;
  (Session info: chrome=125.0.6422.112)
Build info: version: &apos;4.20.0&apos;, revision: &apos;866c76ca80&apos;
System info: os.name: &apos;Windows 10&apos;, os.arch: &apos;amd64&apos;, os.version: &apos;10.0&apos;, java.version: &apos;17.0.8&apos;
Driver info: org.openqa.selenium.chrome.ChromeDriver
Command: [59aa9eba8d3bf8c773ebc34290100381, clickElement {id=f.C7AA1CC143BFA549682EF6E526766F1E.d.ED3FEAF115665BABBEB98CFB8A5C10E6.e.478}]
Capabilities {acceptInsecureCerts: false, browserName: chrome, browserVersion: 125.0.6422.112, chrome: {chromedriverVersion: 125.0.6422.78 (14db42ec38ad..., userDataDir: C:\Users\Lenovo\AppData\Loc...}, fedcm:accounts: true, goog:chromeOptions: {debuggerAddress: localhost:64829}, networkConnectionEnabled: false, pageLoadStrategy: normal, platformName: windows, proxy: Proxy(), se:cdp: ws://localhost:64829/devtoo..., se:cdpVersion: 125.0.6422.112, setWindowRect: true, strictFileInteractability: false, timeouts: {implicit: 0, pageLoad: 300000, script: 30000}, unhandledPromptBehavior: dismiss and notify, webauthn:extension:credBlob: true, webauthn:extension:largeBlob: true, webauthn:extension:minPinLength: true, webauthn:extension:prf: true, webauthn:virtualAuthenticators: true}
Element: [[ChromeDriver: chrome on windows (59aa9eba8d3bf8c773ebc34290100381)] -&gt; xpath: //button[normalize-space()=&apos;Day&apos;]]
Session ID: 59aa9eba8d3bf8c773ebc34290100381
	at org.openqa.selenium.remote.ErrorCodec.decode(ErrorCodec.java:167)
	at org.openqa.selenium.remote.codec.w3c.W3CHttpResponseCodec.decode(W3CHttpResponseCodec.java:138)
	at org.openqa.selenium.remote.codec.w3c.W3CHttpResponseCodec.decode(W3CHttpResponseCodec.java:50)
	at org.openqa.selenium.remote.HttpCommandExecutor.execute(HttpCommandExecutor.java:190)
	at org.openqa.selenium.remote.service.DriverCommandExecutor.invokeExecute(DriverCommandExecutor.java:216)
	at org.openqa.selenium.remote.service.DriverCommandExecutor.execute(DriverCommandExecutor.java:174)
	at org.openqa.selenium.remote.RemoteWebDriver.execute(RemoteWebDriver.java:518)
	at org.openqa.selenium.remote.RemoteWebElement.execute(RemoteWebElement.java:223)
	at org.openqa.selenium.remote.RemoteWebElement.click(RemoteWebElement.java:76)
	at in.biencaps.erp.utilities.WebElementActions.clickOnMethod(WebElementActions.java:89)
	at in.biencaps.erp.pages.MyTasksPage.clickOnDayButton(MyTasksPage.java:341)
	at in.biencaps.erp.utilities.CommonTestMethods.goToDayView(CommonTestMethods.java:110)
	at in.biencaps.erp.testCases.SelfTaskSubmittedTests.verify_Task_Status_And_Log_Message_In_Day_View_After_Task_Submitted_Request_Rejected_By_Higher_Authority(SelfTaskSubmittedTests.java:134)
	at java.base/java.util.ArrayList.forEach(ArrayList.java:1511)
... Removed 31 stack frames
</div> <!-- stack-trace -->
                </div> <!-- method-content -->
              </div> <!-- method -->
              <div class="method">
                <div class="method-content">
                  <a name="verify_Task_Status_In_Day_View_After_Task_Submitted_Request_Accepted_By_Higher_Authority">
                  </a> <!-- verify_Task_Status_In_Day_View_After_Task_Submitted_Request_Accepted_By_Higher_Authority -->
                  <span class="method-name">verify_Task_Status_In_Day_View_After_Task_Submitted_Request_Accepted_By_Higher_Authority</span>
                  <div class="stack-trace">org.openqa.selenium.ElementClickInterceptedException: element click intercepted: Element &lt;button style=&quot;background: rgb(255, 246, 223); margin-left: 3px;&quot;&gt;...&lt;/button&gt; is not clickable at point (1435, 118). Other element would receive the click: &lt;div class=&quot;logs-container&quot;&gt;...&lt;/div&gt;
  (Session info: chrome=125.0.6422.112)
Build info: version: &apos;4.20.0&apos;, revision: &apos;866c76ca80&apos;
System info: os.name: &apos;Windows 10&apos;, os.arch: &apos;amd64&apos;, os.version: &apos;10.0&apos;, java.version: &apos;17.0.8&apos;
Driver info: org.openqa.selenium.chrome.ChromeDriver
Command: [59aa9eba8d3bf8c773ebc34290100381, clickElement {id=f.C7AA1CC143BFA549682EF6E526766F1E.d.ED3FEAF115665BABBEB98CFB8A5C10E6.e.478}]
Capabilities {acceptInsecureCerts: false, browserName: chrome, browserVersion: 125.0.6422.112, chrome: {chromedriverVersion: 125.0.6422.78 (14db42ec38ad..., userDataDir: C:\Users\Lenovo\AppData\Loc...}, fedcm:accounts: true, goog:chromeOptions: {debuggerAddress: localhost:64829}, networkConnectionEnabled: false, pageLoadStrategy: normal, platformName: windows, proxy: Proxy(), se:cdp: ws://localhost:64829/devtoo..., se:cdpVersion: 125.0.6422.112, setWindowRect: true, strictFileInteractability: false, timeouts: {implicit: 0, pageLoad: 300000, script: 30000}, unhandledPromptBehavior: dismiss and notify, webauthn:extension:credBlob: true, webauthn:extension:largeBlob: true, webauthn:extension:minPinLength: true, webauthn:extension:prf: true, webauthn:virtualAuthenticators: true}
Element: [[ChromeDriver: chrome on windows (59aa9eba8d3bf8c773ebc34290100381)] -&gt; xpath: //button[normalize-space()=&apos;Day&apos;]]
Session ID: 59aa9eba8d3bf8c773ebc34290100381
	at org.openqa.selenium.remote.ErrorCodec.decode(ErrorCodec.java:167)
	at org.openqa.selenium.remote.codec.w3c.W3CHttpResponseCodec.decode(W3CHttpResponseCodec.java:138)
	at org.openqa.selenium.remote.codec.w3c.W3CHttpResponseCodec.decode(W3CHttpResponseCodec.java:50)
	at org.openqa.selenium.remote.HttpCommandExecutor.execute(HttpCommandExecutor.java:190)
	at org.openqa.selenium.remote.service.DriverCommandExecutor.invokeExecute(DriverCommandExecutor.java:216)
	at org.openqa.selenium.remote.service.DriverCommandExecutor.execute(DriverCommandExecutor.java:174)
	at org.openqa.selenium.remote.RemoteWebDriver.execute(RemoteWebDriver.java:518)
	at org.openqa.selenium.remote.RemoteWebElement.execute(RemoteWebElement.java:223)
	at org.openqa.selenium.remote.RemoteWebElement.click(RemoteWebElement.java:76)
	at in.biencaps.erp.utilities.WebElementActions.clickOnMethod(WebElementActions.java:89)
	at in.biencaps.erp.pages.MyTasksPage.clickOnDayButton(MyTasksPage.java:341)
	at in.biencaps.erp.utilities.CommonTestMethods.goToDayView(CommonTestMethods.java:110)
	at in.biencaps.erp.testCases.SelfTaskSubmittedTests.verify_Task_Status_In_Day_View_After_Task_Submitted_Request_Accepted_By_Higher_Authority(SelfTaskSubmittedTests.java:254)
	at java.base/java.util.ArrayList.forEach(ArrayList.java:1511)
... Removed 31 stack frames
</div> <!-- stack-trace -->
                </div> <!-- method-content -->
              </div> <!-- method -->
              <div class="method">
                <div class="method-content">
                  <a name="verify_Task_Submitted_Request_In_My_Request_Section">
                  </a> <!-- verify_Task_Submitted_Request_In_My_Request_Section -->
                  <span class="method-name">verify_Task_Submitted_Request_In_My_Request_Section</span>
                  <div class="stack-trace">java.lang.NullPointerException: Cannot invoke &quot;String.equalsIgnoreCase(String)&quot; because &quot;this.lastTaskScheduleDatInDayView&quot; is null
	at in.biencaps.erp.testCases.SelfTaskSubmittedTests.verify_Task_Submitted_Request_In_My_Request_Section(SelfTaskSubmittedTests.java:88)
	at java.base/java.util.ArrayList.forEach(ArrayList.java:1511)
... Removed 27 stack frames
</div> <!-- stack-trace -->
                </div> <!-- method-content -->
              </div> <!-- method -->
              <div class="method">
                <div class="method-content">
                  <a name="verify__New_Task_Submitted_Request_In_My_Request_Section">
                  </a> <!-- verify__New_Task_Submitted_Request_In_My_Request_Section -->
                  <span class="method-name">verify__New_Task_Submitted_Request_In_My_Request_Section</span>
                  <div class="stack-trace">java.lang.NullPointerException: Cannot invoke &quot;String.equalsIgnoreCase(String)&quot; because &quot;this.lastTaskScheduleDatInDayView&quot; is null
	at in.biencaps.erp.testCases.SelfTaskSubmittedTests.verify__New_Task_Submitted_Request_In_My_Request_Section(SelfTaskSubmittedTests.java:208)
	at java.base/java.util.ArrayList.forEach(ArrayList.java:1511)
... Removed 27 stack frames
</div> <!-- stack-trace -->
                </div> <!-- method-content -->
              </div> <!-- method -->
            </div> <!-- main-panel-content rounded-window-bottom -->
          </div> <!-- suite-Suite-class-failed -->
          <div class="suite-Suite-class-skipped">
            <div class="main-panel-header rounded-window-top">
              <img src="skipped.png"/>
              <span class="class-name">in.biencaps.erp.testCases.SelfTaskUpdateTests</span>
            </div> <!-- main-panel-header rounded-window-top -->
            <div class="main-panel-content rounded-window-bottom">
              <div class="method">
                <div class="method-content">
                  <a name="verify_Update_Self_Task_Gitlink_By_Giving_Invalid_Gitlink_From_Day_View_And_Check_Task_Gitlink_And_Logs">
                  </a> <!-- verify_Update_Self_Task_Gitlink_By_Giving_Invalid_Gitlink_From_Day_View_And_Check_Task_Gitlink_And_Logs -->
                  <span class="method-name">verify_Update_Self_Task_Gitlink_By_Giving_Invalid_Gitlink_From_Day_View_And_Check_Task_Gitlink_And_Logs</span>
                  <div class="stack-trace">java.lang.Throwable: Method in.biencaps.erp.testCases.SelfTaskUpdateTests.verify_Update_Self_Task_Gitlink_By_Giving_Invalid_Gitlink_From_Day_View_And_Check_Task_Gitlink_And_Logs() on instance in.biencaps.erp.testCases.SelfTaskUpdateTests@655f7ea depends on not successfully finished methods 
[in.biencaps.erp.testCases.SelfTaskUpdateTests.verify_Update_Self_Task_Project_From_Day_View_And_Check_Task_Project_And_Logs() on instance in.biencaps.erp.testCases.SelfTaskUpdateTests@655f7ea]
	at java.base/java.util.ArrayList.forEach(ArrayList.java:1511)
... Removed 18 stack frames
</div> <!-- stack-trace -->
                </div> <!-- method-content -->
              </div> <!-- method -->
              <div class="method">
                <div class="method-content">
                  <a name="verify_Update_Self_Task_Gitlink_By_Giving_Valid_Gitlink_From_Day_View_And_Check_Task_Gitlink_And_Logs">
                  </a> <!-- verify_Update_Self_Task_Gitlink_By_Giving_Valid_Gitlink_From_Day_View_And_Check_Task_Gitlink_And_Logs -->
                  <span class="method-name">verify_Update_Self_Task_Gitlink_By_Giving_Valid_Gitlink_From_Day_View_And_Check_Task_Gitlink_And_Logs</span>
                  <div class="stack-trace">java.lang.Throwable: Method in.biencaps.erp.testCases.SelfTaskUpdateTests.verify_Update_Self_Task_Gitlink_By_Giving_Valid_Gitlink_From_Day_View_And_Check_Task_Gitlink_And_Logs() on instance in.biencaps.erp.testCases.SelfTaskUpdateTests@655f7ea depends on not successfully finished methods 
[in.biencaps.erp.testCases.SelfTaskUpdateTests.verify_Update_Self_Task_Project_From_Day_View_And_Check_Task_Project_And_Logs() on instance in.biencaps.erp.testCases.SelfTaskUpdateTests@655f7ea]
	at java.base/java.util.ArrayList.forEach(ArrayList.java:1511)
... Removed 18 stack frames
</div> <!-- stack-trace -->
                </div> <!-- method-content -->
              </div> <!-- method -->
              <div class="method">
                <div class="method-content">
                  <a name="verify_Update_Self_Task_Project_From_Day_View_And_Check_Task_Project_And_Logs">
                  </a> <!-- verify_Update_Self_Task_Project_From_Day_View_And_Check_Task_Project_And_Logs -->
                  <span class="method-name">verify_Update_Self_Task_Project_From_Day_View_And_Check_Task_Project_And_Logs</span>
                  <div class="stack-trace">java.lang.Throwable: Method in.biencaps.erp.testCases.SelfTaskUpdateTests.verify_Update_Self_Task_Project_From_Day_View_And_Check_Task_Project_And_Logs() on instance in.biencaps.erp.testCases.SelfTaskUpdateTests@655f7ea depends on not successfully finished methods 
[in.biencaps.erp.testCases.SelfTaskUpdateTests.verify_Update_Self_Task_Gitlink_From_Day_View_Without_Selecting_Project() on instance in.biencaps.erp.testCases.SelfTaskUpdateTests@655f7ea]
	at java.base/java.util.ArrayList.forEach(ArrayList.java:1511)
... Removed 18 stack frames
</div> <!-- stack-trace -->
                </div> <!-- method-content -->
              </div> <!-- method -->
              <div class="method">
                <div class="method-content">
                  <a name="verify_Update_Self_Task_Verified_Status_From_Day_View_And_Check_Task_Verified_Status_And_Logs">
                  </a> <!-- verify_Update_Self_Task_Verified_Status_From_Day_View_And_Check_Task_Verified_Status_And_Logs -->
                  <span class="method-name">verify_Update_Self_Task_Verified_Status_From_Day_View_And_Check_Task_Verified_Status_And_Logs</span>
                  <div class="stack-trace">java.lang.Throwable: Method in.biencaps.erp.testCases.SelfTaskUpdateTests.verify_Update_Self_Task_Verified_Status_From_Day_View_And_Check_Task_Verified_Status_And_Logs() on instance in.biencaps.erp.testCases.SelfTaskUpdateTests@655f7ea depends on not successfully finished methods 
[in.biencaps.erp.testCases.SelfTaskUpdateTests.verify_Update_Self_Task_Gitlink_By_Giving_Valid_Gitlink_From_Day_View_And_Check_Task_Gitlink_And_Logs() on instance in.biencaps.erp.testCases.SelfTaskUpdateTests@655f7ea]
	at java.base/java.util.ArrayList.forEach(ArrayList.java:1511)
... Removed 18 stack frames
</div> <!-- stack-trace -->
                </div> <!-- method-content -->
              </div> <!-- method -->
            </div> <!-- main-panel-content rounded-window-bottom -->
          </div> <!-- suite-Suite-class-skipped -->
          <div class="suite-Suite-class-skipped">
            <div class="main-panel-header rounded-window-top">
              <img src="skipped.png"/>
              <span class="class-name">in.biencaps.erp.testCases.AddSelfTaskAndCheckInDayViewTests</span>
            </div> <!-- main-panel-header rounded-window-top -->
            <div class="main-panel-content rounded-window-bottom">
              <div class="method">
                <div class="method-content">
                  <a name="verify_Added_Roll_Over_Task_In_Each_Day_From_Start_Date_Until_Current_Day_In_Day_View">
                  </a> <!-- verify_Added_Roll_Over_Task_In_Each_Day_From_Start_Date_Until_Current_Day_In_Day_View -->
                  <span class="method-name">verify_Added_Roll_Over_Task_In_Each_Day_From_Start_Date_Until_Current_Day_In_Day_View</span>
                  <div class="stack-trace">java.lang.Throwable: Method in.biencaps.erp.testCases.AddSelfTaskAndCheckInDayViewTests.verify_Added_Roll_Over_Task_In_Each_Day_From_Start_Date_Until_Current_Day_In_Day_View() on instance in.biencaps.erp.testCases.AddSelfTaskAndCheckInDayViewTests@1c6804cd depends on not successfully finished methods 
[in.biencaps.erp.testCases.AddSelfTaskAndCheckInDayViewTests.verify_Add_Roll_Over_Task_At_Past_Date_Which_Start_And_End_Date_Is_Same() on instance in.biencaps.erp.testCases.AddSelfTaskAndCheckInDayViewTests@1c6804cd]
	at java.base/java.util.ArrayList.forEach(ArrayList.java:1511)
... Removed 18 stack frames
</div> <!-- stack-trace -->
                </div> <!-- method-content -->
              </div> <!-- method -->
              <div class="method">
                <div class="method-content">
                  <a name="verify_Added_Task_From_Day_View_Sidebar_Check_In_Each_Day_Until_Future_Date_In_Day_View">
                  </a> <!-- verify_Added_Task_From_Day_View_Sidebar_Check_In_Each_Day_Until_Future_Date_In_Day_View -->
                  <span class="method-name">verify_Added_Task_From_Day_View_Sidebar_Check_In_Each_Day_Until_Future_Date_In_Day_View</span>
                  <div class="stack-trace">java.lang.Throwable: Method in.biencaps.erp.testCases.AddSelfTaskAndCheckInDayViewTests.verify_Added_Task_From_Day_View_Sidebar_Check_In_Each_Day_Until_Future_Date_In_Day_View() on instance in.biencaps.erp.testCases.AddSelfTaskAndCheckInDayViewTests@1c6804cd depends on not successfully finished methods 
[in.biencaps.erp.testCases.AddSelfTaskAndCheckInDayViewTests.verify_Add_Task_From_Day_View_Sidebar_With_Start_Date_As_Current_Date_And_Due_Date_As_Future_Date() on instance in.biencaps.erp.testCases.AddSelfTaskAndCheckInDayViewTests@1c6804cd]
	at java.base/java.util.ArrayList.forEach(ArrayList.java:1511)
... Removed 18 stack frames
</div> <!-- stack-trace -->
                </div> <!-- method-content -->
              </div> <!-- method -->
              <div class="method">
                <div class="method-content">
                  <a name="verify_Added_Task_From_Week_View_Sidebar_Check_In_Day_View">
                  </a> <!-- verify_Added_Task_From_Week_View_Sidebar_Check_In_Day_View -->
                  <span class="method-name">verify_Added_Task_From_Week_View_Sidebar_Check_In_Day_View</span>
                  <div class="stack-trace">java.lang.Throwable: Method in.biencaps.erp.testCases.AddSelfTaskAndCheckInDayViewTests.verify_Added_Task_From_Week_View_Sidebar_Check_In_Day_View() on instance in.biencaps.erp.testCases.AddSelfTaskAndCheckInDayViewTests@1c6804cd depends on not successfully finished methods 
[in.biencaps.erp.testCases.AddSelfTaskAndCheckInDayViewTests.verify_Add_Task_From_Week_View_Sidebar_By_Giving_Only_Title_Date_And_Comment() on instance in.biencaps.erp.testCases.AddSelfTaskAndCheckInDayViewTests@1c6804cd]
	at java.base/java.util.ArrayList.forEach(ArrayList.java:1511)
... Removed 18 stack frames
</div> <!-- stack-trace -->
                </div> <!-- method-content -->
              </div> <!-- method -->
              <div class="method">
                <div class="method-content">
                  <a name="verify_Added_Task_From_Week_View_Sidebar_In_Week_View">
                  </a> <!-- verify_Added_Task_From_Week_View_Sidebar_In_Week_View -->
                  <span class="method-name">verify_Added_Task_From_Week_View_Sidebar_In_Week_View</span>
                  <div class="stack-trace">java.lang.Throwable: Method in.biencaps.erp.testCases.AddSelfTaskAndCheckInDayViewTests.verify_Added_Task_From_Week_View_Sidebar_In_Week_View() on instance in.biencaps.erp.testCases.AddSelfTaskAndCheckInDayViewTests@1c6804cd depends on not successfully finished methods 
[in.biencaps.erp.testCases.AddSelfTaskAndCheckInDayViewTests.verify_Add_Task_From_Week_View_Sidebar_By_Giving_Only_Title_Date_And_Comment() on instance in.biencaps.erp.testCases.AddSelfTaskAndCheckInDayViewTests@1c6804cd]
	at java.base/java.util.ArrayList.forEach(ArrayList.java:1511)
... Removed 18 stack frames
</div> <!-- stack-trace -->
                </div> <!-- method-content -->
              </div> <!-- method -->
              <div class="method">
                <div class="method-content">
                  <a name="verify_Total_Tasks_Count_And_Log_Message_In_Day_View_After_Added_Another_Task_From_Day_View">
                  </a> <!-- verify_Total_Tasks_Count_And_Log_Message_In_Day_View_After_Added_Another_Task_From_Day_View -->
                  <span class="method-name">verify_Total_Tasks_Count_And_Log_Message_In_Day_View_After_Added_Another_Task_From_Day_View</span>
                  <div class="stack-trace">java.lang.Throwable: Method in.biencaps.erp.testCases.AddSelfTaskAndCheckInDayViewTests.verify_Total_Tasks_Count_And_Log_Message_In_Day_View_After_Added_Another_Task_From_Day_View() on instance in.biencaps.erp.testCases.AddSelfTaskAndCheckInDayViewTests@1c6804cd depends on not successfully finished methods 
[in.biencaps.erp.testCases.AddSelfTaskAndCheckInDayViewTests.verify_Add_New_Task_From_Day_View_At_Current_Date() on instance in.biencaps.erp.testCases.AddSelfTaskAndCheckInDayViewTests@1c6804cd]
	at java.base/java.util.ArrayList.forEach(ArrayList.java:1511)
... Removed 18 stack frames
</div> <!-- stack-trace -->
                </div> <!-- method-content -->
              </div> <!-- method -->
              <div class="method">
                <div class="method-content">
                  <a name="verify_Total_Tasks_Count_And_Log_Message_In_Day_View_After_Added_Another_Task_From_Week_View_Sidebar">
                  </a> <!-- verify_Total_Tasks_Count_And_Log_Message_In_Day_View_After_Added_Another_Task_From_Week_View_Sidebar -->
                  <span class="method-name">verify_Total_Tasks_Count_And_Log_Message_In_Day_View_After_Added_Another_Task_From_Week_View_Sidebar</span>
                  <div class="stack-trace">java.lang.Throwable: Method in.biencaps.erp.testCases.AddSelfTaskAndCheckInDayViewTests.verify_Total_Tasks_Count_And_Log_Message_In_Day_View_After_Added_Another_Task_From_Week_View_Sidebar() on instance in.biencaps.erp.testCases.AddSelfTaskAndCheckInDayViewTests@1c6804cd depends on not successfully finished methods 
[in.biencaps.erp.testCases.AddSelfTaskAndCheckInDayViewTests.verify_Added_Task_From_Week_View_Sidebar_Check_In_Day_View() on instance in.biencaps.erp.testCases.AddSelfTaskAndCheckInDayViewTests@1c6804cd]
	at java.base/java.util.ArrayList.forEach(ArrayList.java:1511)
... Removed 18 stack frames
</div> <!-- stack-trace -->
                </div> <!-- method-content -->
              </div> <!-- method -->
              <div class="method">
                <div class="method-content">
                  <a name="verify_Total_Tasks_Count_And_Log_Message_In_Day_View_After_Adding_Another_Task_From_Day_View_Sidebar">
                  </a> <!-- verify_Total_Tasks_Count_And_Log_Message_In_Day_View_After_Adding_Another_Task_From_Day_View_Sidebar -->
                  <span class="method-name">verify_Total_Tasks_Count_And_Log_Message_In_Day_View_After_Adding_Another_Task_From_Day_View_Sidebar</span>
                  <div class="stack-trace">java.lang.Throwable: Method in.biencaps.erp.testCases.AddSelfTaskAndCheckInDayViewTests.verify_Total_Tasks_Count_And_Log_Message_In_Day_View_After_Adding_Another_Task_From_Day_View_Sidebar() on instance in.biencaps.erp.testCases.AddSelfTaskAndCheckInDayViewTests@1c6804cd depends on not successfully finished methods 
[in.biencaps.erp.testCases.AddSelfTaskAndCheckInDayViewTests.verify_Added_Task_From_Day_View_Sidebar_Check_In_Each_Day_Until_Future_Date_In_Day_View() on instance in.biencaps.erp.testCases.AddSelfTaskAndCheckInDayViewTests@1c6804cd]
	at java.base/java.util.ArrayList.forEach(ArrayList.java:1511)
... Removed 18 stack frames
</div> <!-- stack-trace -->
                </div> <!-- method-content -->
              </div> <!-- method -->
              <div class="method">
                <div class="method-content">
                  <a name="verify_Total_Tasks_Count_And_Log_Messages_In_Day_View_After_Added_Another_Task_From_Month_View_Sidebar">
                  </a> <!-- verify_Total_Tasks_Count_And_Log_Messages_In_Day_View_After_Added_Another_Task_From_Month_View_Sidebar -->
                  <span class="method-name">verify_Total_Tasks_Count_And_Log_Messages_In_Day_View_After_Added_Another_Task_From_Month_View_Sidebar</span>
                  <div class="stack-trace">java.lang.Throwable: Method in.biencaps.erp.testCases.AddSelfTaskAndCheckInDayViewTests.verify_Total_Tasks_Count_And_Log_Messages_In_Day_View_After_Added_Another_Task_From_Month_View_Sidebar() on instance in.biencaps.erp.testCases.AddSelfTaskAndCheckInDayViewTests@1c6804cd depends on not successfully finished methods 
[in.biencaps.erp.testCases.AddSelfTaskAndCheckInDayViewTests.verify_Added_Roll_Over_Task_In_Each_Day_From_Start_Date_Until_Current_Day_In_Day_View() on instance in.biencaps.erp.testCases.AddSelfTaskAndCheckInDayViewTests@1c6804cd]
	at java.base/java.util.ArrayList.forEach(ArrayList.java:1511)
... Removed 18 stack frames
</div> <!-- stack-trace -->
                </div> <!-- method-content -->
              </div> <!-- method -->
            </div> <!-- main-panel-content rounded-window-bottom -->
          </div> <!-- suite-Suite-class-skipped -->
          <div class="suite-Suite-class-skipped">
            <div class="main-panel-header rounded-window-top">
              <img src="skipped.png"/>
              <span class="class-name">in.biencaps.erp.testCases.SelfTaskSubmittedTests</span>
            </div> <!-- main-panel-header rounded-window-top -->
            <div class="main-panel-content rounded-window-bottom">
              <div class="method">
                <div class="method-content">
                  <a name="accept_Task_Title_Change_Request_By_Higher_Authority">
                  </a> <!-- accept_Task_Title_Change_Request_By_Higher_Authority -->
                  <span class="method-name">accept_Task_Title_Change_Request_By_Higher_Authority</span>
                  <div class="stack-trace">java.lang.Throwable: Method in.biencaps.erp.testCases.SelfTaskSubmittedTests.accept_Task_Title_Change_Request_By_Higher_Authority() on instance in.biencaps.erp.testCases.SelfTaskSubmittedTests@549949be depends on not successfully finished methods 
[in.biencaps.erp.testCases.SelfTaskSubmittedTests.verify_New_Notification_Message_And_Request_Of_Employee_At_All_Higher_Authority_of_Submit_Task() on instance in.biencaps.erp.testCases.SelfTaskSubmittedTests@549949be]
	at java.base/java.util.ArrayList.forEach(ArrayList.java:1511)
... Removed 18 stack frames
</div> <!-- stack-trace -->
                </div> <!-- method-content -->
              </div> <!-- method -->
              <div class="method">
                <div class="method-content">
                  <a name="reject_Task_Title_Change_Request_By_Higher_Authority">
                  </a> <!-- reject_Task_Title_Change_Request_By_Higher_Authority -->
                  <span class="method-name">reject_Task_Title_Change_Request_By_Higher_Authority</span>
                  <div class="stack-trace">java.lang.Throwable: Method in.biencaps.erp.testCases.SelfTaskSubmittedTests.reject_Task_Title_Change_Request_By_Higher_Authority() on instance in.biencaps.erp.testCases.SelfTaskSubmittedTests@549949be depends on not successfully finished methods 
[in.biencaps.erp.testCases.SelfTaskSubmittedTests.verify_Notification_Message_And_Request_Of_Employee_At_All_Higher_Authority_of_Submit_Task() on instance in.biencaps.erp.testCases.SelfTaskSubmittedTests@549949be]
	at java.base/java.util.ArrayList.forEach(ArrayList.java:1511)
... Removed 18 stack frames
</div> <!-- stack-trace -->
                </div> <!-- method-content -->
              </div> <!-- method -->
            </div> <!-- main-panel-content rounded-window-bottom -->
          </div> <!-- suite-Suite-class-skipped -->
          <div class="suite-Suite-class-passed">
            <div class="main-panel-header rounded-window-top">
              <img src="passed.png"/>
              <span class="class-name">in.biencaps.erp.testCases.AddSelfTaskAndCheckInDayViewTests</span>
            </div> <!-- main-panel-header rounded-window-top -->
            <div class="main-panel-content rounded-window-bottom">
              <div class="method">
                <div class="method-content">
                  <a name="verify_Add_Task_From_Month_View_At_Current_Date">
                  </a> <!-- verify_Add_Task_From_Month_View_At_Current_Date -->
                  <span class="method-name">verify_Add_Task_From_Month_View_At_Current_Date</span>
                </div> <!-- method-content -->
              </div> <!-- method -->
              <div class="method">
                <div class="method-content">
                  <a name="verify_Add_Task_From_Sidebar_Without_Entering_Task_Title">
                  </a> <!-- verify_Add_Task_From_Sidebar_Without_Entering_Task_Title -->
                  <span class="method-name">verify_Add_Task_From_Sidebar_Without_Entering_Task_Title</span>
                </div> <!-- method-content -->
              </div> <!-- method -->
              <div class="method">
                <div class="method-content">
                  <a name="verify_Added_Task_From_Month_View_At_Current_Date_Check_In_Day_View">
                  </a> <!-- verify_Added_Task_From_Month_View_At_Current_Date_Check_In_Day_View -->
                  <span class="method-name">verify_Added_Task_From_Month_View_At_Current_Date_Check_In_Day_View</span>
                </div> <!-- method-content -->
              </div> <!-- method -->
              <div class="method">
                <div class="method-content">
                  <a name="verify_Total_Tasks_Count_Before_Add_New_Task">
                  </a> <!-- verify_Total_Tasks_Count_Before_Add_New_Task -->
                  <span class="method-name">verify_Total_Tasks_Count_Before_Add_New_Task</span>
                </div> <!-- method-content -->
              </div> <!-- method -->
            </div> <!-- main-panel-content rounded-window-bottom -->
          </div> <!-- suite-Suite-class-passed -->
          <div class="suite-Suite-class-passed">
            <div class="main-panel-header rounded-window-top">
              <img src="passed.png"/>
              <span class="class-name">in.biencaps.erp.testCases.LoginAndForgotPasswordTests</span>
            </div> <!-- main-panel-header rounded-window-top -->
            <div class="main-panel-content rounded-window-bottom">
              <div class="method">
                <div class="method-content">
                  <a name="verify_Employee_Name_After_Logged_In">
                  </a> <!-- verify_Employee_Name_After_Logged_In -->
                  <span class="method-name">verify_Employee_Name_After_Logged_In</span>
                </div> <!-- method-content -->
              </div> <!-- method -->
              <div class="method">
                <div class="method-content">
                  <a name="verify_Forgot_Password_Without_Giving_UserId">
                  </a> <!-- verify_Forgot_Password_Without_Giving_UserId -->
                  <span class="method-name">verify_Forgot_Password_Without_Giving_UserId</span>
                </div> <!-- method-content -->
              </div> <!-- method -->
              <div class="method">
                <div class="method-content">
                  <a name="verify_Login_Employee_With_Valid_And_Invalid_Credentails(INC012, Pass@123)">
                  </a> <!-- verify_Login_Employee_With_Valid_And_Invalid_Credentails(INC012, Pass@123) -->
                  <span class="method-name">verify_Login_Employee_With_Valid_And_Invalid_Credentails</span>
                  <span class="parameters">(INC012,Pass@123)</span>
                </div> <!-- method-content -->
              </div> <!-- method -->
              <div class="method">
                <div class="method-content">
                  <a name="verify_Login_Employee_With_Valid_And_Invalid_Credentails(Algiers, Pass@123)">
                  </a> <!-- verify_Login_Employee_With_Valid_And_Invalid_Credentails(Algiers, Pass@123) -->
                  <span class="method-name">verify_Login_Employee_With_Valid_And_Invalid_Credentails</span>
                  <span class="parameters">(Algiers,Pass@123)</span>
                </div> <!-- method-content -->
              </div> <!-- method -->
              <div class="method">
                <div class="method-content">
                  <a name="verify_Login_Employee_With_Valid_And_Invalid_Credentails(INC012, 7mnnj9046yak6)">
                  </a> <!-- verify_Login_Employee_With_Valid_And_Invalid_Credentails(INC012, 7mnnj9046yak6) -->
                  <span class="method-name">verify_Login_Employee_With_Valid_And_Invalid_Credentails</span>
                  <span class="parameters">(INC012,7mnnj9046yak6)</span>
                </div> <!-- method-content -->
              </div> <!-- method -->
              <div class="method">
                <div class="method-content">
                  <a name="verify_Login_Employee_With_Valid_And_Invalid_Credentails(Algiers, 7mnnj9046yak6)">
                  </a> <!-- verify_Login_Employee_With_Valid_And_Invalid_Credentails(Algiers, 7mnnj9046yak6) -->
                  <span class="method-name">verify_Login_Employee_With_Valid_And_Invalid_Credentails</span>
                  <span class="parameters">(Algiers,7mnnj9046yak6)</span>
                </div> <!-- method-content -->
              </div> <!-- method -->
            </div> <!-- main-panel-content rounded-window-bottom -->
          </div> <!-- suite-Suite-class-passed -->
        </div> <!-- panel Suite -->
        <div panel-name="test-xml-Suite" class="panel">
          <div class="main-panel-header rounded-window-top">
            <span class="header-content">C:\Users\Lenovo\eclipse-workspace\ERP_Website_Automation_Testing\testng1.xml</span>
          </div> <!-- main-panel-header rounded-window-top -->
          <div class="main-panel-content rounded-window-bottom">
            <pre>
&lt;?xml version=&quot;1.0&quot; encoding=&quot;UTF-8&quot;?&gt;
&lt;!DOCTYPE suite SYSTEM &quot;https://testng.org/testng-1.0.dtd&quot;&gt;
&lt;suite name=&quot;Suite&quot; guice-stage=&quot;DEVELOPMENT&quot;&gt;
  &lt;listeners&gt;
    &lt;listener class-name=&quot;in.biencaps.erp.utilities.SuiteListener&quot;/&gt;
  &lt;/listeners&gt;
  &lt;test thread-count=&quot;5&quot; name=&quot;Test1&quot;&gt;
    &lt;classes&gt;
      &lt;class name=&quot;in.biencaps.erp.testCases.LoginAndForgotPasswordTests&quot;/&gt;
      &lt;class name=&quot;in.biencaps.erp.testCases.AddSelfTaskAndCheckInDayViewTests&quot;/&gt;
      &lt;class name=&quot;in.biencaps.erp.testCases.SelfTaskUpdateTests&quot;/&gt;
      &lt;class name=&quot;in.biencaps.erp.testCases.SelfTaskSubmittedTests&quot;/&gt;
    &lt;/classes&gt;
  &lt;/test&gt; &lt;!-- Test1 --&gt;
&lt;/suite&gt; &lt;!-- Suite --&gt;
            </pre>
          </div> <!-- main-panel-content rounded-window-bottom -->
        </div> <!-- panel -->
        <div panel-name="testlist-Suite" class="panel">
          <div class="main-panel-header rounded-window-top">
            <span class="header-content">Tests for Suite</span>
          </div> <!-- main-panel-header rounded-window-top -->
          <div class="main-panel-content rounded-window-bottom">
            <ul>
              <li>
                <span class="test-name">Test1 (4 classes)</span>
              </li>
            </ul>
          </div> <!-- main-panel-content rounded-window-bottom -->
        </div> <!-- panel -->
        <div panel-name="group-Suite" class="panel">
          <div class="main-panel-header rounded-window-top">
            <span class="header-content">Groups for Suite</span>
          </div> <!-- main-panel-header rounded-window-top -->
          <div class="main-panel-content rounded-window-bottom">
          </div> <!-- main-panel-content rounded-window-bottom -->
        </div> <!-- panel -->
        <div panel-name="times-Suite" class="panel">
          <div class="main-panel-header rounded-window-top">
            <span class="header-content">Times for Suite</span>
          </div> <!-- main-panel-header rounded-window-top -->
          <div class="main-panel-content rounded-window-bottom">
            <div class="times-div">
              <script type="text/javascript">
suiteTableInitFunctions.push('tableData_Suite');
function tableData_Suite() {
var data = new google.visualization.DataTable();
data.addColumn('number', 'Number');
data.addColumn('string', 'Method');
data.addColumn('string', 'Class');
data.addColumn('number', 'Time (ms)');
data.addRows(52);
data.setCell(0, 0, 0)
data.setCell(0, 1, 'verify_Add_Task_From_Month_View_At_Current_Date')
data.setCell(0, 2, 'in.biencaps.erp.testCases.AddSelfTaskAndCheckInDayViewTests')
data.setCell(0, 3, 8199);
data.setCell(1, 0, 1)
data.setCell(1, 1, 'verify_Completed_Tasks_Count_And_Percentage_After_Task_Completed_In_Day_View')
data.setCell(1, 2, 'in.biencaps.erp.testCases.SelfTaskSubmittedTests')
data.setCell(1, 3, 6202);
data.setCell(2, 0, 2)
data.setCell(2, 1, 'verify_Total_Tasks_Count_And_Log_Messages_In_Day_View_After_New_Task_Add_From_Month_View_At_Current_Date')
data.setCell(2, 2, 'in.biencaps.erp.testCases.AddSelfTaskAndCheckInDayViewTests')
data.setCell(2, 3, 5912);
data.setCell(3, 0, 3)
data.setCell(3, 1, 'verify_Login_Employee_With_Valid_And_Invalid_Credentails')
data.setCell(3, 2, 'in.biencaps.erp.testCases.LoginAndForgotPasswordTests')
data.setCell(3, 3, 4342);
data.setCell(4, 0, 4)
data.setCell(4, 1, 'verify_Add_Task_From_Sidebar_Without_Entering_Task_Title')
data.setCell(4, 2, 'in.biencaps.erp.testCases.AddSelfTaskAndCheckInDayViewTests')
data.setCell(4, 3, 4219);
data.setCell(5, 0, 5)
data.setCell(5, 1, 'verify_Added_Task_From_Month_View_At_Current_Date_Check_In_Day_View')
data.setCell(5, 2, 'in.biencaps.erp.testCases.AddSelfTaskAndCheckInDayViewTests')
data.setCell(5, 3, 3589);
data.setCell(6, 0, 6)
data.setCell(6, 1, 'verify_Login_Employee_With_Valid_And_Invalid_Credentails')
data.setCell(6, 2, 'in.biencaps.erp.testCases.LoginAndForgotPasswordTests')
data.setCell(6, 3, 3465);
data.setCell(7, 0, 7)
data.setCell(7, 1, 'verify_Login_Employee_With_Valid_And_Invalid_Credentails')
data.setCell(7, 2, 'in.biencaps.erp.testCases.LoginAndForgotPasswordTests')
data.setCell(7, 3, 3455);
data.setCell(8, 0, 8)
data.setCell(8, 1, 'verify_Login_Employee_With_Valid_And_Invalid_Credentails')
data.setCell(8, 2, 'in.biencaps.erp.testCases.LoginAndForgotPasswordTests')
data.setCell(8, 3, 3448);
data.setCell(9, 0, 9)
data.setCell(9, 1, 'verify_Total_Tasks_Count_Before_Add_New_Task')
data.setCell(9, 2, 'in.biencaps.erp.testCases.AddSelfTaskAndCheckInDayViewTests')
data.setCell(9, 3, 3205);
data.setCell(10, 0, 10)
data.setCell(10, 1, 'verify_Update_Self_Task_Title_From_Day_View_And_Check_Task_Title_And_Logs')
data.setCell(10, 2, 'in.biencaps.erp.testCases.SelfTaskUpdateTests')
data.setCell(10, 3, 2322);
data.setCell(11, 0, 11)
data.setCell(11, 1, 'verify_Update_Self_Task_Status_From_Day_View_And_Check_Task_Status_And_Logs')
data.setCell(11, 2, 'in.biencaps.erp.testCases.SelfTaskUpdateTests')
data.setCell(11, 3, 1297);
data.setCell(12, 0, 12)
data.setCell(12, 1, 'verify_Employee_Name_After_Logged_In')
data.setCell(12, 2, 'in.biencaps.erp.testCases.LoginAndForgotPasswordTests')
data.setCell(12, 3, 1271);
data.setCell(13, 0, 13)
data.setCell(13, 1, 'verify_Self_Task_Submitted_In_Day_View')
data.setCell(13, 2, 'in.biencaps.erp.testCases.SelfTaskSubmittedTests')
data.setCell(13, 3, 1252);
data.setCell(14, 0, 14)
data.setCell(14, 1, 'verify_Add_New_Task_From_Day_View_At_Current_Date')
data.setCell(14, 2, 'in.biencaps.erp.testCases.AddSelfTaskAndCheckInDayViewTests')
data.setCell(14, 3, 1252);
data.setCell(15, 0, 15)
data.setCell(15, 1, 'verify_Last_Task_Details_In_Day_View')
data.setCell(15, 2, 'in.biencaps.erp.testCases.SelfTaskUpdateTests')
data.setCell(15, 3, 1247);
data.setCell(16, 0, 16)
data.setCell(16, 1, 'verify_Higher_Authority_Viewed_Tasks')
data.setCell(16, 2, 'in.biencaps.erp.testCases.SelfTaskUpdateTests')
data.setCell(16, 3, 1233);
data.setCell(17, 0, 17)
data.setCell(17, 1, 'verify_Add_Task_From_Week_View_Sidebar_By_Giving_Only_Title_Date_And_Comment')
data.setCell(17, 2, 'in.biencaps.erp.testCases.AddSelfTaskAndCheckInDayViewTests')
data.setCell(17, 3, 1229);
data.setCell(18, 0, 18)
data.setCell(18, 1, 'verify_Update_Self_Task_Gitlink_From_Day_View_Without_Selecting_Project')
data.setCell(18, 2, 'in.biencaps.erp.testCases.SelfTaskUpdateTests')
data.setCell(18, 3, 1200);
data.setCell(19, 0, 19)
data.setCell(19, 1, 'verify_Notification_Message_Of_Request_Rejected_By_Higher_Authority_At_Employee_Side')
data.setCell(19, 2, 'in.biencaps.erp.testCases.SelfTaskSubmittedTests')
data.setCell(19, 3, 1196);
data.setCell(20, 0, 20)
data.setCell(20, 1, 'verify_Add_Roll_Over_Task_At_Past_Date_Which_Start_And_End_Date_Is_Same')
data.setCell(20, 2, 'in.biencaps.erp.testCases.AddSelfTaskAndCheckInDayViewTests')
data.setCell(20, 3, 1187);
data.setCell(21, 0, 21)
data.setCell(21, 1, 'verify_Task_Status_And_Log_Message_In_Day_View_After_Task_Submitted_Request_Rejected_By_Higher_Authority')
data.setCell(21, 2, 'in.biencaps.erp.testCases.SelfTaskSubmittedTests')
data.setCell(21, 3, 1177);
data.setCell(22, 0, 22)
data.setCell(22, 1, 'verify_Log_Message_After_Submit_Task_Request_Accepted')
data.setCell(22, 2, 'in.biencaps.erp.testCases.SelfTaskSubmittedTests')
data.setCell(22, 3, 1162);
data.setCell(23, 0, 23)
data.setCell(23, 1, 'verify_Self_Task_Submitted_Again__In_Day_View')
data.setCell(23, 2, 'in.biencaps.erp.testCases.SelfTaskSubmittedTests')
data.setCell(23, 3, 1157);
data.setCell(24, 0, 24)
data.setCell(24, 1, 'verify_Update_Self_Task_Department_From_Day_View_And_Check_Task_Department_And_Logs')
data.setCell(24, 2, 'in.biencaps.erp.testCases.SelfTaskUpdateTests')
data.setCell(24, 3, 1153);
data.setCell(25, 0, 25)
data.setCell(25, 1, 'verify_Notification_Message_And_Request_Of_Employee_At_All_Higher_Authority_of_Submit_Task')
data.setCell(25, 2, 'in.biencaps.erp.testCases.SelfTaskSubmittedTests')
data.setCell(25, 3, 1150);
data.setCell(26, 0, 26)
data.setCell(26, 1, 'verify_Update_Self_Task_Time_From_Day_View_And_Check_Task_Time_And_Logs')
data.setCell(26, 2, 'in.biencaps.erp.testCases.SelfTaskUpdateTests')
data.setCell(26, 3, 1143);
data.setCell(27, 0, 27)
data.setCell(27, 1, 'verify_New_Notification_Message_And_Request_Of_Employee_At_All_Higher_Authority_of_Submit_Task')
data.setCell(27, 2, 'in.biencaps.erp.testCases.SelfTaskSubmittedTests')
data.setCell(27, 3, 1136);
data.setCell(28, 0, 28)
data.setCell(28, 1, 'verify_Task_Status_In_Day_View_After_Task_Submitted_Request_Accepted_By_Higher_Authority')
data.setCell(28, 2, 'in.biencaps.erp.testCases.SelfTaskSubmittedTests')
data.setCell(28, 3, 1132);
data.setCell(29, 0, 29)
data.setCell(29, 1, 'verify_Update_Self_Task_Due_Date_From_Day_View_And_Check_Task_Due_Date_And_Logs')
data.setCell(29, 2, 'in.biencaps.erp.testCases.SelfTaskUpdateTests')
data.setCell(29, 3, 1125);
data.setCell(30, 0, 30)
data.setCell(30, 1, 'verify_Notification_Message_Of_Request_Accepted_By_Higher_Authority_At_Employee_Side')
data.setCell(30, 2, 'in.biencaps.erp.testCases.SelfTaskSubmittedTests')
data.setCell(30, 3, 1123);
data.setCell(31, 0, 31)
data.setCell(31, 1, 'verify_Add_Task_From_Day_View_Sidebar_With_Start_Date_As_Current_Date_And_Due_Date_As_Future_Date')
data.setCell(31, 2, 'in.biencaps.erp.testCases.AddSelfTaskAndCheckInDayViewTests')
data.setCell(31, 3, 1122);
data.setCell(32, 0, 32)
data.setCell(32, 1, 'verify_Update_Self_Task_Priority_From_Day_View_And_Check_Task_Priority_And_Logs')
data.setCell(32, 2, 'in.biencaps.erp.testCases.SelfTaskUpdateTests')
data.setCell(32, 3, 1091);
data.setCell(33, 0, 33)
data.setCell(33, 1, 'verify_Forgot_Password_Without_Giving_UserId')
data.setCell(33, 2, 'in.biencaps.erp.testCases.LoginAndForgotPasswordTests')
data.setCell(33, 3, 803);
data.setCell(34, 0, 34)
data.setCell(34, 1, 'verify_Task_Submitted_Request_In_My_Request_Section')
data.setCell(34, 2, 'in.biencaps.erp.testCases.SelfTaskSubmittedTests')
data.setCell(34, 3, 4);
data.setCell(35, 0, 35)
data.setCell(35, 1, 'verify_Task_Request_In_My_Request_Section_After_Accepted_Submit_Task_Request')
data.setCell(35, 2, 'in.biencaps.erp.testCases.SelfTaskSubmittedTests')
data.setCell(35, 3, 3);
data.setCell(36, 0, 36)
data.setCell(36, 1, 'verify_Total_Tasks_Count_And_Log_Messages_In_Day_View_After_Added_Another_Task_From_Month_View_Sidebar')
data.setCell(36, 2, 'in.biencaps.erp.testCases.AddSelfTaskAndCheckInDayViewTests')
data.setCell(36, 3, 3);
data.setCell(37, 0, 37)
data.setCell(37, 1, 'verify_Task_Request_In_My_Request_Section_After_Rejected_Submit_Task_Request')
data.setCell(37, 2, 'in.biencaps.erp.testCases.SelfTaskSubmittedTests')
data.setCell(37, 3, 2);
data.setCell(38, 0, 38)
data.setCell(38, 1, 'verify__New_Task_Submitted_Request_In_My_Request_Section')
data.setCell(38, 2, 'in.biencaps.erp.testCases.SelfTaskSubmittedTests')
data.setCell(38, 3, 1);
data.setCell(39, 0, 39)
data.setCell(39, 1, 'verify_Total_Tasks_Count_And_Log_Message_In_Day_View_After_Adding_Another_Task_From_Day_View_Sidebar')
data.setCell(39, 2, 'in.biencaps.erp.testCases.AddSelfTaskAndCheckInDayViewTests')
data.setCell(39, 3, 1);
data.setCell(40, 0, 40)
data.setCell(40, 1, 'verify_Update_Self_Task_Verified_Status_From_Day_View_And_Check_Task_Verified_Status_And_Logs')
data.setCell(40, 2, 'in.biencaps.erp.testCases.SelfTaskUpdateTests')
data.setCell(40, 3, 1);
data.setCell(41, 0, 41)
data.setCell(41, 1, 'verify_Added_Roll_Over_Task_In_Each_Day_From_Start_Date_Until_Current_Day_In_Day_View')
data.setCell(41, 2, 'in.biencaps.erp.testCases.AddSelfTaskAndCheckInDayViewTests')
data.setCell(41, 3, 0);
data.setCell(42, 0, 42)
data.setCell(42, 1, 'verify_Total_Tasks_Count_And_Log_Message_In_Day_View_After_Added_Another_Task_From_Week_View_Sidebar')
data.setCell(42, 2, 'in.biencaps.erp.testCases.AddSelfTaskAndCheckInDayViewTests')
data.setCell(42, 3, 0);
data.setCell(43, 0, 43)
data.setCell(43, 1, 'verify_Total_Tasks_Count_And_Log_Message_In_Day_View_After_Added_Another_Task_From_Day_View')
data.setCell(43, 2, 'in.biencaps.erp.testCases.AddSelfTaskAndCheckInDayViewTests')
data.setCell(43, 3, 0);
data.setCell(44, 0, 44)
data.setCell(44, 1, 'verify_Added_Task_From_Week_View_Sidebar_In_Week_View')
data.setCell(44, 2, 'in.biencaps.erp.testCases.AddSelfTaskAndCheckInDayViewTests')
data.setCell(44, 3, 0);
data.setCell(45, 0, 45)
data.setCell(45, 1, 'verify_Update_Self_Task_Project_From_Day_View_And_Check_Task_Project_And_Logs')
data.setCell(45, 2, 'in.biencaps.erp.testCases.SelfTaskUpdateTests')
data.setCell(45, 3, 0);
data.setCell(46, 0, 46)
data.setCell(46, 1, 'verify_Added_Task_From_Week_View_Sidebar_Check_In_Day_View')
data.setCell(46, 2, 'in.biencaps.erp.testCases.AddSelfTaskAndCheckInDayViewTests')
data.setCell(46, 3, 0);
data.setCell(47, 0, 47)
data.setCell(47, 1, 'verify_Update_Self_Task_Gitlink_By_Giving_Invalid_Gitlink_From_Day_View_And_Check_Task_Gitlink_And_Logs')
data.setCell(47, 2, 'in.biencaps.erp.testCases.SelfTaskUpdateTests')
data.setCell(47, 3, 0);
data.setCell(48, 0, 48)
data.setCell(48, 1, 'reject_Task_Title_Change_Request_By_Higher_Authority')
data.setCell(48, 2, 'in.biencaps.erp.testCases.SelfTaskSubmittedTests')
data.setCell(48, 3, 0);
data.setCell(49, 0, 49)
data.setCell(49, 1, 'verify_Update_Self_Task_Gitlink_By_Giving_Valid_Gitlink_From_Day_View_And_Check_Task_Gitlink_And_Logs')
data.setCell(49, 2, 'in.biencaps.erp.testCases.SelfTaskUpdateTests')
data.setCell(49, 3, 0);
data.setCell(50, 0, 50)
data.setCell(50, 1, 'verify_Added_Task_From_Day_View_Sidebar_Check_In_Each_Day_Until_Future_Date_In_Day_View')
data.setCell(50, 2, 'in.biencaps.erp.testCases.AddSelfTaskAndCheckInDayViewTests')
data.setCell(50, 3, 0);
data.setCell(51, 0, 51)
data.setCell(51, 1, 'accept_Task_Title_Change_Request_By_Higher_Authority')
data.setCell(51, 2, 'in.biencaps.erp.testCases.SelfTaskSubmittedTests')
data.setCell(51, 3, 0);
window.suiteTableData['Suite']= { tableData: data, tableDiv: 'times-div-Suite'}
return data;
}
              </script>
              <span class="suite-total-time">Total running time: 1 minutes</span>
              <div id="times-div-Suite">
              </div> <!-- times-div-Suite -->
            </div> <!-- times-div -->
          </div> <!-- main-panel-content rounded-window-bottom -->
        </div> <!-- panel -->
        <div panel-name="reporter-Suite" class="panel">
          <div class="main-panel-header rounded-window-top">
            <span class="header-content">Reporter output for Suite</span>
          </div> <!-- main-panel-header rounded-window-top -->
          <div class="main-panel-content rounded-window-bottom">
          </div> <!-- main-panel-content rounded-window-bottom -->
        </div> <!-- panel -->
        <div panel-name="ignored-methods-Suite" class="panel">
          <div class="main-panel-header rounded-window-top">
            <span class="header-content">12 ignored methods</span>
          </div> <!-- main-panel-header rounded-window-top -->
          <div class="main-panel-content rounded-window-bottom">
            <div class="ignored-class-div">
              <span class="ignored-class-name">in.biencaps.erp.testCases.SelfTaskUpdateTests</span>
              <div class="ignored-methods-div">
                <span class="ignored-method-name">launch_The_Website</span>
                <br/>
                <span class="ignored-method-name">verify_Update_Self_Task_Comment_From_Day_View_And_Check_Task_Comment_And_Logs</span>
                <br/>
                <span class="ignored-method-name">tear_Down</span>
                <br/>
              </div> <!-- ignored-methods-div -->
            </div> <!-- ignored-class-div -->
            <div class="ignored-class-div">
              <span class="ignored-class-name">in.biencaps.erp.testCases.AddSelfTaskAndCheckInDayViewTests</span>
              <div class="ignored-methods-div">
                <span class="ignored-method-name">launch_The_Website</span>
                <br/>
                <span class="ignored-method-name">verify_Added_Task_From_Week_View_Sidebar_At_Future_Date_In_Week_View</span>
                <br/>
                <span class="ignored-method-name">tear_Down</span>
                <br/>
                <span class="ignored-method-name">verify_Total_Tasks_Count_And_Log_Message_In_Day_View_After_Task_Added_From_Week_View_At_Future_Date</span>
                <br/>
                <span class="ignored-method-name">verify_Add_Task_From_Week_View_At_Future_Date</span>
                <br/>
                <span class="ignored-method-name">verify_Added_Task_From_Week_View_At_Future_Date_Check_In_Day_View</span>
                <br/>
              </div> <!-- ignored-methods-div -->
            </div> <!-- ignored-class-div -->
            <div class="ignored-class-div">
              <span class="ignored-class-name">in.biencaps.erp.testCases.SelfTaskSubmittedTests</span>
              <div class="ignored-methods-div">
                <span class="ignored-method-name">launch_The_Website</span>
                <br/>
                <span class="ignored-method-name">tear_Down</span>
                <br/>
              </div> <!-- ignored-methods-div -->
            </div> <!-- ignored-class-div -->
            <div class="ignored-class-div">
              <span class="ignored-class-name">in.biencaps.erp.testCases.LoginAndForgotPasswordTests</span>
              <div class="ignored-methods-div">
                <span class="ignored-method-name">verify_Forgot_Password_By_Giving_Valid_UserId</span>
                <br/>
              </div> <!-- ignored-methods-div -->
            </div> <!-- ignored-class-div -->
          </div> <!-- main-panel-content rounded-window-bottom -->
        </div> <!-- panel -->
        <div panel-name="chronological-Suite" class="panel">
          <div class="main-panel-header rounded-window-top">
            <span class="header-content">Methods in chronological order</span>
          </div> <!-- main-panel-header rounded-window-top -->
          <div class="main-panel-content rounded-window-bottom">
            <div class="chronological-class">
              <div class="chronological-class-name">in.biencaps.erp.testCases.LoginAndForgotPasswordTests</div> <!-- chronological-class-name -->
              <div class="configuration-suite before">
                <span class="method-name">launch_The_Website</span>
                <span class="method-start">0 ms</span>
              </div> <!-- configuration-suite before -->
              <div class="configuration-class before">
                <span class="method-name">extent_Report_Setup</span>
                <span class="method-start">5532 ms</span>
              </div> <!-- configuration-class before -->
              <div class="configuration-method before">
                <span class="method-name">create_Extent_Report_For_Each_Test_Method([TestResult name={null} status=CREATED method=LoginAndForgotPasswordTests.verify_Forgot_Password_Wit...)</span>
                <span class="method-start">5860 ms</span>
              </div> <!-- configuration-method before -->
              <div class="test-method">
                <span class="method-name">verify_Forgot_Password_Without_Giving_UserId</span>
                <span class="method-start">5869 ms</span>
              </div> <!-- test-method -->
              <div class="configuration-method after">
                <span class="method-name">test_Method_Exection_Result([TestResult name=verify_Forgot_Password_Without_Giving_UserId status=SUCCESS method=LoginAndForgotPa...)</span>
                <span class="method-start">6676 ms</span>
              </div> <!-- configuration-method after -->
              <div class="configuration-method before">
                <span class="method-name">create_Extent_Report_For_Each_Test_Method([TestResult name={null} status=CREATED method=LoginAndForgotPasswordTests.verify_Login_Employee_With...)</span>
                <span class="method-start">6824 ms</span>
              </div> <!-- configuration-method before -->
              <div class="test-method">
                <span class="method-name">verify_Login_Employee_With_Valid_And_Invalid_Credentails(Algiers, Pass@123)</span>
                <span class="method-start">6825 ms</span>
              </div> <!-- test-method -->
              <div class="configuration-method after">
                <span class="method-name">test_Method_Exection_Result([TestResult name=verify_Login_Employee_With_Valid_And_Invalid_Credentails status=SUCCESS method=Logi...)</span>
                <span class="method-start">10293 ms</span>
              </div> <!-- configuration-method after -->
              <div class="configuration-method before">
                <span class="method-name">create_Extent_Report_For_Each_Test_Method([TestResult name={null} status=CREATED method=LoginAndForgotPasswordTests.verify_Login_Employee_With...)</span>
                <span class="method-start">10298 ms</span>
              </div> <!-- configuration-method before -->
              <div class="test-method">
                <span class="method-name">verify_Login_Employee_With_Valid_And_Invalid_Credentails(INC012, 7mnnj9046yak6)</span>
                <span class="method-start">10306 ms</span>
              </div> <!-- test-method -->
              <div class="configuration-method after">
                <span class="method-name">test_Method_Exection_Result([TestResult name=verify_Login_Employee_With_Valid_And_Invalid_Credentails status=SUCCESS method=Logi...)</span>
                <span class="method-start">13775 ms</span>
              </div> <!-- configuration-method after -->
              <div class="configuration-method before">
                <span class="method-name">create_Extent_Report_For_Each_Test_Method([TestResult name={null} status=CREATED method=LoginAndForgotPasswordTests.verify_Login_Employee_With...)</span>
                <span class="method-start">13777 ms</span>
              </div> <!-- configuration-method before -->
              <div class="test-method">
                <span class="method-name">verify_Login_Employee_With_Valid_And_Invalid_Credentails(Algiers, 7mnnj9046yak6)</span>
                <span class="method-start">13778 ms</span>
              </div> <!-- test-method -->
              <div class="configuration-method after">
                <span class="method-name">test_Method_Exection_Result([TestResult name=verify_Login_Employee_With_Valid_And_Invalid_Credentails status=SUCCESS method=Logi...)</span>
                <span class="method-start">17229 ms</span>
              </div> <!-- configuration-method after -->
              <div class="configuration-method before">
                <span class="method-name">create_Extent_Report_For_Each_Test_Method([TestResult name={null} status=CREATED method=LoginAndForgotPasswordTests.verify_Login_Employee_With...)</span>
                <span class="method-start">17231 ms</span>
              </div> <!-- configuration-method before -->
              <div class="test-method">
                <span class="method-name">verify_Login_Employee_With_Valid_And_Invalid_Credentails(INC012, Pass@123)</span>
                <span class="method-start">17245 ms</span>
              </div> <!-- test-method -->
              <div class="configuration-method after">
                <span class="method-name">test_Method_Exection_Result([TestResult name=verify_Login_Employee_With_Valid_And_Invalid_Credentails status=SUCCESS method=Logi...)</span>
                <span class="method-start">21591 ms</span>
              </div> <!-- configuration-method after -->
              <div class="configuration-method before">
                <span class="method-name">create_Extent_Report_For_Each_Test_Method([TestResult name={null} status=CREATED method=LoginAndForgotPasswordTests.verify_Employee_Name_After...)</span>
                <span class="method-start">21593 ms</span>
              </div> <!-- configuration-method before -->
              <div class="test-method">
                <span class="method-name">verify_Employee_Name_After_Logged_In</span>
                <span class="method-start">21594 ms</span>
              </div> <!-- test-method -->
              <div class="configuration-method after">
                <span class="method-name">test_Method_Exection_Result([TestResult name=verify_Employee_Name_After_Logged_In status=SUCCESS method=LoginAndForgotPasswordTe...)</span>
                <span class="method-start">22867 ms</span>
              </div> <!-- configuration-method after -->
            </div> <!-- chronological-class -->
            <div class="chronological-class">
              <div class="chronological-class-name">in.biencaps.erp.testCases.AddSelfTaskAndCheckInDayViewTests</div> <!-- chronological-class-name -->
              <div class="configuration-class before">
                <span class="method-name">extent_Report_Setup</span>
                <span class="method-start">22869 ms</span>
              </div> <!-- configuration-class before -->
              <div class="configuration-method before">
                <span class="method-name">create_Extent_Report_For_Each_Test_Method([TestResult name={null} status=CREATED method=AddSelfTaskAndCheckInDayViewTests.verify_Add_Task_From...)</span>
                <span class="method-start">22871 ms</span>
              </div> <!-- configuration-method before -->
              <div class="test-method">
                <span class="method-name">verify_Add_Task_From_Sidebar_Without_Entering_Task_Title</span>
                <span class="method-start">22873 ms</span>
              </div> <!-- test-method -->
              <div class="configuration-method after">
                <span class="method-name">test_Method_Exection_Result([TestResult name=verify_Add_Task_From_Sidebar_Without_Entering_Task_Title status=SUCCESS method=AddS...)</span>
                <span class="method-start">27093 ms</span>
              </div> <!-- configuration-method after -->
              <div class="configuration-method before">
                <span class="method-name">create_Extent_Report_For_Each_Test_Method([TestResult name={null} status=CREATED method=AddSelfTaskAndCheckInDayViewTests.verify_Total_Tasks_C...)</span>
                <span class="method-start">27094 ms</span>
              </div> <!-- configuration-method before -->
              <div class="test-method">
                <span class="method-name">verify_Total_Tasks_Count_Before_Add_New_Task</span>
                <span class="method-start">27095 ms</span>
              </div> <!-- test-method -->
              <div class="configuration-method after">
                <span class="method-name">test_Method_Exection_Result([TestResult name=verify_Total_Tasks_Count_Before_Add_New_Task status=SUCCESS method=AddSelfTaskAndCh...)</span>
                <span class="method-start">30301 ms</span>
              </div> <!-- configuration-method after -->
              <div class="configuration-method before">
                <span class="method-name">create_Extent_Report_For_Each_Test_Method([TestResult name={null} status=CREATED method=AddSelfTaskAndCheckInDayViewTests.verify_Add_Task_From...)</span>
                <span class="method-start">30302 ms</span>
              </div> <!-- configuration-method before -->
              <div class="test-method">
                <span class="method-name">verify_Add_Task_From_Month_View_At_Current_Date</span>
                <span class="method-start">30304 ms</span>
              </div> <!-- test-method -->
              <div class="configuration-method after">
                <span class="method-name">test_Method_Exection_Result([TestResult name=verify_Add_Task_From_Month_View_At_Current_Date status=SUCCESS method=AddSelfTaskAn...)</span>
                <span class="method-start">38504 ms</span>
              </div> <!-- configuration-method after -->
              <div class="configuration-method before">
                <span class="method-name">create_Extent_Report_For_Each_Test_Method([TestResult name={null} status=CREATED method=AddSelfTaskAndCheckInDayViewTests.verify_Added_Task_Fr...)</span>
                <span class="method-start">38510 ms</span>
              </div> <!-- configuration-method before -->
              <div class="test-method">
                <span class="method-name">verify_Added_Task_From_Month_View_At_Current_Date_Check_In_Day_View</span>
                <span class="method-start">38510 ms</span>
              </div> <!-- test-method -->
              <div class="configuration-method after">
                <span class="method-name">test_Method_Exection_Result([TestResult name=verify_Added_Task_From_Month_View_At_Current_Date_Check_In_Day_View status=SUCCESS ...)</span>
                <span class="method-start">42100 ms</span>
              </div> <!-- configuration-method after -->
              <div class="test-method">
                <img src="failed.png">
                </img>
                <span class="method-name">verify_Total_Tasks_Count_And_Log_Messages_In_Day_View_After_New_Task_Add_From_Month_View_At_Current_Date</span>
                <span class="method-start">42102 ms</span>
              </div> <!-- test-method -->
              <div class="configuration-method before">
                <span class="method-name">create_Extent_Report_For_Each_Test_Method([TestResult name={null} status=CREATED method=AddSelfTaskAndCheckInDayViewTests.verify_Total_Tasks_C...)</span>
                <span class="method-start">42102 ms</span>
              </div> <!-- configuration-method before -->
              <div class="configuration-method after">
                <span class="method-name">test_Method_Exection_Result([TestResult name=verify_Total_Tasks_Count_And_Log_Messages_In_Day_View_After_New_Task_Add_From_Month...)</span>
                <span class="method-start">48293 ms</span>
              </div> <!-- configuration-method after -->
              <div class="configuration-method before">
                <span class="method-name">create_Extent_Report_For_Each_Test_Method([TestResult name={null} status=CREATED method=AddSelfTaskAndCheckInDayViewTests.verify_Add_Roll_Over...)</span>
                <span class="method-start">48298 ms</span>
              </div> <!-- configuration-method before -->
              <div class="test-method">
                <img src="failed.png">
                </img>
                <span class="method-name">verify_Add_Roll_Over_Task_At_Past_Date_Which_Start_And_End_Date_Is_Same</span>
                <span class="method-start">48301 ms</span>
              </div> <!-- test-method -->
              <div class="configuration-method after">
                <span class="method-name">test_Method_Exection_Result([TestResult name=verify_Add_Roll_Over_Task_At_Past_Date_Which_Start_And_End_Date_Is_Same status=FAIL...)</span>
                <span class="method-start">49746 ms</span>
              </div> <!-- configuration-method after -->
              <div class="configuration-method before">
                <span class="method-name">create_Extent_Report_For_Each_Test_Method([TestResult name={null} status=CREATED method=AddSelfTaskAndCheckInDayViewTests.verify_Add_New_Task_...)</span>
                <span class="method-start">49802 ms</span>
              </div> <!-- configuration-method before -->
              <div class="test-method">
                <img src="failed.png">
                </img>
                <span class="method-name">verify_Add_New_Task_From_Day_View_At_Current_Date</span>
                <span class="method-start">49803 ms</span>
              </div> <!-- test-method -->
              <div class="configuration-method after">
                <span class="method-name">test_Method_Exection_Result([TestResult name=verify_Add_New_Task_From_Day_View_At_Current_Date status=FAILURE method=AddSelfTask...)</span>
                <span class="method-start">51275 ms</span>
              </div> <!-- configuration-method after -->
              <div class="configuration-method before">
                <span class="method-name">create_Extent_Report_For_Each_Test_Method([TestResult name={null} status=CREATED method=AddSelfTaskAndCheckInDayViewTests.verify_Add_Task_From...)</span>
                <span class="method-start">51281 ms</span>
              </div> <!-- configuration-method before -->
              <div class="test-method">
                <img src="failed.png">
                </img>
                <span class="method-name">verify_Add_Task_From_Day_View_Sidebar_With_Start_Date_As_Current_Date_And_Due_Date_As_Future_Date</span>
                <span class="method-start">51283 ms</span>
              </div> <!-- test-method -->
              <div class="configuration-method after">
                <span class="method-name">test_Method_Exection_Result([TestResult name=verify_Add_Task_From_Day_View_Sidebar_With_Start_Date_As_Current_Date_And_Due_Date_...)</span>
                <span class="method-start">52637 ms</span>
              </div> <!-- configuration-method after -->
              <div class="configuration-method before">
                <span class="method-name">create_Extent_Report_For_Each_Test_Method([TestResult name={null} status=CREATED method=AddSelfTaskAndCheckInDayViewTests.verify_Add_Task_From...)</span>
                <span class="method-start">52655 ms</span>
              </div> <!-- configuration-method before -->
              <div class="test-method">
                <img src="failed.png">
                </img>
                <span class="method-name">verify_Add_Task_From_Week_View_Sidebar_By_Giving_Only_Title_Date_And_Comment</span>
                <span class="method-start">52656 ms</span>
              </div> <!-- test-method -->
              <div class="configuration-method after">
                <span class="method-name">test_Method_Exection_Result([TestResult name=verify_Add_Task_From_Week_View_Sidebar_By_Giving_Only_Title_Date_And_Comment status...)</span>
                <span class="method-start">54147 ms</span>
              </div> <!-- configuration-method after -->
            </div> <!-- chronological-class -->
            <div class="chronological-class">
              <div class="chronological-class-name">in.biencaps.erp.testCases.SelfTaskUpdateTests</div> <!-- chronological-class-name -->
              <div class="configuration-class before">
                <span class="method-name">extent_Report_Setup</span>
                <span class="method-start">54173 ms</span>
              </div> <!-- configuration-class before -->
              <div class="configuration-method before">
                <span class="method-name">create_Extent_Report_For_Each_Test_Method([TestResult name={null} status=CREATED method=SelfTaskUpdateTests.verify_Last_Task_Details_In_Day_Vi...)</span>
                <span class="method-start">54179 ms</span>
              </div> <!-- configuration-method before -->
              <div class="test-method">
                <img src="failed.png">
                </img>
                <span class="method-name">verify_Last_Task_Details_In_Day_View</span>
                <span class="method-start">54184 ms</span>
              </div> <!-- test-method -->
              <div class="configuration-method after">
                <span class="method-name">test_Method_Exection_Result([TestResult name=verify_Last_Task_Details_In_Day_View status=FAILURE method=SelfTaskUpdateTests.veri...)</span>
                <span class="method-start">55703 ms</span>
              </div> <!-- configuration-method after -->
              <div class="configuration-method before">
                <span class="method-name">create_Extent_Report_For_Each_Test_Method([TestResult name={null} status=CREATED method=SelfTaskUpdateTests.verify_Update_Self_Task_Title_From...)</span>
                <span class="method-start">55705 ms</span>
              </div> <!-- configuration-method before -->
              <div class="test-method">
                <img src="failed.png">
                </img>
                <span class="method-name">verify_Update_Self_Task_Title_From_Day_View_And_Check_Task_Title_And_Logs</span>
                <span class="method-start">55706 ms</span>
              </div> <!-- test-method -->
              <div class="configuration-method after">
                <span class="method-name">test_Method_Exection_Result([TestResult name=verify_Update_Self_Task_Title_From_Day_View_And_Check_Task_Title_And_Logs status=FA...)</span>
                <span class="method-start">58209 ms</span>
              </div> <!-- configuration-method after -->
              <div class="configuration-method before">
                <span class="method-name">create_Extent_Report_For_Each_Test_Method([TestResult name={null} status=CREATED method=SelfTaskUpdateTests.verify_Update_Self_Task_Priority_F...)</span>
                <span class="method-start">58211 ms</span>
              </div> <!-- configuration-method before -->
              <div class="test-method">
                <img src="failed.png">
                </img>
                <span class="method-name">verify_Update_Self_Task_Priority_From_Day_View_And_Check_Task_Priority_And_Logs</span>
                <span class="method-start">58211 ms</span>
              </div> <!-- test-method -->
              <div class="configuration-method after">
                <span class="method-name">test_Method_Exection_Result([TestResult name=verify_Update_Self_Task_Priority_From_Day_View_And_Check_Task_Priority_And_Logs sta...)</span>
                <span class="method-start">59577 ms</span>
              </div> <!-- configuration-method after -->
              <div class="configuration-method before">
                <span class="method-name">create_Extent_Report_For_Each_Test_Method([TestResult name={null} status=CREATED method=SelfTaskUpdateTests.verify_Update_Self_Task_Time_From_...)</span>
                <span class="method-start">59579 ms</span>
              </div> <!-- configuration-method before -->
              <div class="test-method">
                <img src="failed.png">
                </img>
                <span class="method-name">verify_Update_Self_Task_Time_From_Day_View_And_Check_Task_Time_And_Logs</span>
                <span class="method-start">59582 ms</span>
              </div> <!-- test-method -->
              <div class="configuration-method after">
                <span class="method-name">test_Method_Exection_Result([TestResult name=verify_Update_Self_Task_Time_From_Day_View_And_Check_Task_Time_And_Logs status=FAIL...)</span>
                <span class="method-start">60917 ms</span>
              </div> <!-- configuration-method after -->
              <div class="configuration-method before">
                <span class="method-name">create_Extent_Report_For_Each_Test_Method([TestResult name={null} status=CREATED method=SelfTaskUpdateTests.verify_Update_Self_Task_Due_Date_F...)</span>
                <span class="method-start">60919 ms</span>
              </div> <!-- configuration-method before -->
              <div class="test-method">
                <img src="failed.png">
                </img>
                <span class="method-name">verify_Update_Self_Task_Due_Date_From_Day_View_And_Check_Task_Due_Date_And_Logs</span>
                <span class="method-start">60921 ms</span>
              </div> <!-- test-method -->
              <div class="configuration-method after">
                <span class="method-name">test_Method_Exection_Result([TestResult name=verify_Update_Self_Task_Due_Date_From_Day_View_And_Check_Task_Due_Date_And_Logs sta...)</span>
                <span class="method-start">62327 ms</span>
              </div> <!-- configuration-method after -->
              <div class="configuration-method before">
                <span class="method-name">create_Extent_Report_For_Each_Test_Method([TestResult name={null} status=CREATED method=SelfTaskUpdateTests.verify_Update_Self_Task_Department...)</span>
                <span class="method-start">62329 ms</span>
              </div> <!-- configuration-method before -->
              <div class="test-method">
                <img src="failed.png">
                </img>
                <span class="method-name">verify_Update_Self_Task_Department_From_Day_View_And_Check_Task_Department_And_Logs</span>
                <span class="method-start">62330 ms</span>
              </div> <!-- test-method -->
              <div class="configuration-method after">
                <span class="method-name">test_Method_Exection_Result([TestResult name=verify_Update_Self_Task_Department_From_Day_View_And_Check_Task_Department_And_Logs...)</span>
                <span class="method-start">63765 ms</span>
              </div> <!-- configuration-method after -->
              <div class="configuration-method before">
                <span class="method-name">create_Extent_Report_For_Each_Test_Method([TestResult name={null} status=CREATED method=SelfTaskUpdateTests.verify_Update_Self_Task_Gitlink_Fr...)</span>
                <span class="method-start">63767 ms</span>
              </div> <!-- configuration-method before -->
              <div class="test-method">
                <img src="failed.png">
                </img>
                <span class="method-name">verify_Update_Self_Task_Gitlink_From_Day_View_Without_Selecting_Project</span>
                <span class="method-start">63768 ms</span>
              </div> <!-- test-method -->
              <div class="configuration-method after">
                <span class="method-name">test_Method_Exection_Result([TestResult name=verify_Update_Self_Task_Gitlink_From_Day_View_Without_Selecting_Project status=FAIL...)</span>
                <span class="method-start">65239 ms</span>
              </div> <!-- configuration-method after -->
              <div class="configuration-method before">
                <span class="method-name">create_Extent_Report_For_Each_Test_Method([TestResult name={null} status=CREATED method=SelfTaskUpdateTests.verify_Higher_Authority_Viewed_Tas...)</span>
                <span class="method-start">65284 ms</span>
              </div> <!-- configuration-method before -->
              <div class="test-method">
                <img src="failed.png">
                </img>
                <span class="method-name">verify_Higher_Authority_Viewed_Tasks</span>
                <span class="method-start">65285 ms</span>
              </div> <!-- test-method -->
              <div class="configuration-method after">
                <span class="method-name">test_Method_Exection_Result([TestResult name=verify_Higher_Authority_Viewed_Tasks status=FAILURE method=SelfTaskUpdateTests.veri...)</span>
                <span class="method-start">66843 ms</span>
              </div> <!-- configuration-method after -->
              <div class="configuration-method before">
                <span class="method-name">create_Extent_Report_For_Each_Test_Method([TestResult name={null} status=CREATED method=SelfTaskUpdateTests.verify_Update_Self_Task_Status_Fro...)</span>
                <span class="method-start">66845 ms</span>
              </div> <!-- configuration-method before -->
              <div class="test-method">
                <img src="failed.png">
                </img>
                <span class="method-name">verify_Update_Self_Task_Status_From_Day_View_And_Check_Task_Status_And_Logs</span>
                <span class="method-start">66846 ms</span>
              </div> <!-- test-method -->
              <div class="configuration-method after">
                <span class="method-name">test_Method_Exection_Result([TestResult name=verify_Update_Self_Task_Status_From_Day_View_And_Check_Task_Status_And_Logs status=...)</span>
                <span class="method-start">68438 ms</span>
              </div> <!-- configuration-method after -->
            </div> <!-- chronological-class -->
            <div class="chronological-class">
              <div class="chronological-class-name">in.biencaps.erp.testCases.SelfTaskSubmittedTests</div> <!-- chronological-class-name -->
              <div class="configuration-class before">
                <span class="method-name">extent_Report_Setup</span>
                <span class="method-start">68444 ms</span>
              </div> <!-- configuration-class before -->
              <div class="configuration-method before">
                <span class="method-name">create_Extent_Report_For_Each_Test_Method([TestResult name={null} status=CREATED method=SelfTaskSubmittedTests.verify_Self_Task_Submitted_In_D...)</span>
                <span class="method-start">68446 ms</span>
              </div> <!-- configuration-method before -->
              <div class="test-method">
                <img src="failed.png">
                </img>
                <span class="method-name">verify_Self_Task_Submitted_In_Day_View</span>
                <span class="method-start">68446 ms</span>
              </div> <!-- test-method -->
              <div class="configuration-method after">
                <span class="method-name">test_Method_Exection_Result([TestResult name=verify_Self_Task_Submitted_In_Day_View status=FAILURE method=SelfTaskSubmittedTests...)</span>
                <span class="method-start">70000 ms</span>
              </div> <!-- configuration-method after -->
              <div class="configuration-method before">
                <span class="method-name">create_Extent_Report_For_Each_Test_Method([TestResult name={null} status=CREATED method=SelfTaskSubmittedTests.verify_Task_Submitted_Request_I...)</span>
                <span class="method-start">70003 ms</span>
              </div> <!-- configuration-method before -->
              <div class="test-method">
                <img src="failed.png">
                </img>
                <span class="method-name">verify_Task_Submitted_Request_In_My_Request_Section</span>
                <span class="method-start">70004 ms</span>
              </div> <!-- test-method -->
              <div class="configuration-method after">
                <span class="method-name">test_Method_Exection_Result([TestResult name=verify_Task_Submitted_Request_In_My_Request_Section status=FAILURE method=SelfTaskS...)</span>
                <span class="method-start">70316 ms</span>
              </div> <!-- configuration-method after -->
              <div class="configuration-method before">
                <span class="method-name">create_Extent_Report_For_Each_Test_Method([TestResult name={null} status=CREATED method=SelfTaskSubmittedTests.verify_Notification_Message_And...)</span>
                <span class="method-start">70318 ms</span>
              </div> <!-- configuration-method before -->
              <div class="test-method">
                <img src="failed.png">
                </img>
                <span class="method-name">verify_Notification_Message_And_Request_Of_Employee_At_All_Higher_Authority_of_Submit_Task</span>
                <span class="method-start">70318 ms</span>
              </div> <!-- test-method -->
              <div class="configuration-method after">
                <span class="method-name">test_Method_Exection_Result([TestResult name=verify_Notification_Message_And_Request_Of_Employee_At_All_Higher_Authority_of_Subm...)</span>
                <span class="method-start">71723 ms</span>
              </div> <!-- configuration-method after -->
              <div class="configuration-method before">
                <span class="method-name">create_Extent_Report_For_Each_Test_Method([TestResult name={null} status=CREATED method=SelfTaskSubmittedTests.verify_Notification_Message_Of_...)</span>
                <span class="method-start">71728 ms</span>
              </div> <!-- configuration-method before -->
              <div class="test-method">
                <img src="failed.png">
                </img>
                <span class="method-name">verify_Notification_Message_Of_Request_Rejected_By_Higher_Authority_At_Employee_Side</span>
                <span class="method-start">71729 ms</span>
              </div> <!-- test-method -->
              <div class="configuration-method after">
                <span class="method-name">test_Method_Exection_Result([TestResult name=verify_Notification_Message_Of_Request_Rejected_By_Higher_Authority_At_Employee_Sid...)</span>
                <span class="method-start">73148 ms</span>
              </div> <!-- configuration-method after -->
              <div class="configuration-method before">
                <span class="method-name">create_Extent_Report_For_Each_Test_Method([TestResult name={null} status=CREATED method=SelfTaskSubmittedTests.verify_Task_Status_And_Log_Mess...)</span>
                <span class="method-start">73149 ms</span>
              </div> <!-- configuration-method before -->
              <div class="test-method">
                <img src="failed.png">
                </img>
                <span class="method-name">verify_Task_Status_And_Log_Message_In_Day_View_After_Task_Submitted_Request_Rejected_By_Higher_Authority</span>
                <span class="method-start">73151 ms</span>
              </div> <!-- test-method -->
              <div class="configuration-method after">
                <span class="method-name">test_Method_Exection_Result([TestResult name=verify_Task_Status_And_Log_Message_In_Day_View_After_Task_Submitted_Request_Rejecte...)</span>
                <span class="method-start">74560 ms</span>
              </div> <!-- configuration-method after -->
              <div class="configuration-method before">
                <span class="method-name">create_Extent_Report_For_Each_Test_Method([TestResult name={null} status=CREATED method=SelfTaskSubmittedTests.verify_Task_Request_In_My_Reque...)</span>
                <span class="method-start">74561 ms</span>
              </div> <!-- configuration-method before -->
              <div class="test-method">
                <img src="failed.png">
                </img>
                <span class="method-name">verify_Task_Request_In_My_Request_Section_After_Rejected_Submit_Task_Request</span>
                <span class="method-start">74562 ms</span>
              </div> <!-- test-method -->
              <div class="configuration-method after">
                <span class="method-name">test_Method_Exection_Result([TestResult name=verify_Task_Request_In_My_Request_Section_After_Rejected_Submit_Task_Request status...)</span>
                <span class="method-start">74781 ms</span>
              </div> <!-- configuration-method after -->
              <div class="configuration-method before">
                <span class="method-name">create_Extent_Report_For_Each_Test_Method([TestResult name={null} status=CREATED method=SelfTaskSubmittedTests.verify_Self_Task_Submitted_Agai...)</span>
                <span class="method-start">74783 ms</span>
              </div> <!-- configuration-method before -->
              <div class="test-method">
                <img src="failed.png">
                </img>
                <span class="method-name">verify_Self_Task_Submitted_Again__In_Day_View</span>
                <span class="method-start">74784 ms</span>
              </div> <!-- test-method -->
              <div class="configuration-method after">
                <span class="method-name">test_Method_Exection_Result([TestResult name=verify_Self_Task_Submitted_Again__In_Day_View status=FAILURE method=SelfTaskSubmitt...)</span>
                <span class="method-start">76189 ms</span>
              </div> <!-- configuration-method after -->
              <div class="configuration-method before">
                <span class="method-name">create_Extent_Report_For_Each_Test_Method([TestResult name={null} status=CREATED method=SelfTaskSubmittedTests.verify__New_Task_Submitted_Requ...)</span>
                <span class="method-start">76191 ms</span>
              </div> <!-- configuration-method before -->
              <div class="test-method">
                <img src="failed.png">
                </img>
                <span class="method-name">verify__New_Task_Submitted_Request_In_My_Request_Section</span>
                <span class="method-start">76192 ms</span>
              </div> <!-- test-method -->
              <div class="configuration-method after">
                <span class="method-name">test_Method_Exection_Result([TestResult name=verify__New_Task_Submitted_Request_In_My_Request_Section status=FAILURE method=Self...)</span>
                <span class="method-start">76430 ms</span>
              </div> <!-- configuration-method after -->
              <div class="configuration-method before">
                <span class="method-name">create_Extent_Report_For_Each_Test_Method([TestResult name={null} status=CREATED method=SelfTaskSubmittedTests.verify_New_Notification_Message...)</span>
                <span class="method-start">76431 ms</span>
              </div> <!-- configuration-method before -->
              <div class="test-method">
                <img src="failed.png">
                </img>
                <span class="method-name">verify_New_Notification_Message_And_Request_Of_Employee_At_All_Higher_Authority_of_Submit_Task</span>
                <span class="method-start">76432 ms</span>
              </div> <!-- test-method -->
              <div class="configuration-method after">
                <span class="method-name">test_Method_Exection_Result([TestResult name=verify_New_Notification_Message_And_Request_Of_Employee_At_All_Higher_Authority_of_...)</span>
                <span class="method-start">77792 ms</span>
              </div> <!-- configuration-method after -->
              <div class="configuration-method before">
                <span class="method-name">create_Extent_Report_For_Each_Test_Method([TestResult name={null} status=CREATED method=SelfTaskSubmittedTests.verify_Notification_Message_Of_...)</span>
                <span class="method-start">77796 ms</span>
              </div> <!-- configuration-method before -->
              <div class="test-method">
                <img src="failed.png">
                </img>
                <span class="method-name">verify_Notification_Message_Of_Request_Accepted_By_Higher_Authority_At_Employee_Side</span>
                <span class="method-start">77797 ms</span>
              </div> <!-- test-method -->
              <div class="configuration-method after">
                <span class="method-name">test_Method_Exection_Result([TestResult name=verify_Notification_Message_Of_Request_Accepted_By_Higher_Authority_At_Employee_Sid...)</span>
                <span class="method-start">79200 ms</span>
              </div> <!-- configuration-method after -->
              <div class="test-method">
                <img src="failed.png">
                </img>
                <span class="method-name">verify_Task_Status_In_Day_View_After_Task_Submitted_Request_Accepted_By_Higher_Authority</span>
                <span class="method-start">79201 ms</span>
              </div> <!-- test-method -->
              <div class="configuration-method before">
                <span class="method-name">create_Extent_Report_For_Each_Test_Method([TestResult name={null} status=CREATED method=SelfTaskSubmittedTests.verify_Task_Status_In_Day_View_...)</span>
                <span class="method-start">79201 ms</span>
              </div> <!-- configuration-method before -->
              <div class="configuration-method after">
                <span class="method-name">test_Method_Exection_Result([TestResult name=verify_Task_Status_In_Day_View_After_Task_Submitted_Request_Accepted_By_Higher_Auth...)</span>
                <span class="method-start">80560 ms</span>
              </div> <!-- configuration-method after -->
              <div class="test-method">
                <img src="failed.png">
                </img>
                <span class="method-name">verify_Completed_Tasks_Count_And_Percentage_After_Task_Completed_In_Day_View</span>
                <span class="method-start">80561 ms</span>
              </div> <!-- test-method -->
              <div class="configuration-method before">
                <span class="method-name">create_Extent_Report_For_Each_Test_Method([TestResult name={null} status=CREATED method=SelfTaskSubmittedTests.verify_Completed_Tasks_Count_An...)</span>
                <span class="method-start">80561 ms</span>
              </div> <!-- configuration-method before -->
              <div class="configuration-method after">
                <span class="method-name">test_Method_Exection_Result([TestResult name=verify_Completed_Tasks_Count_And_Percentage_After_Task_Completed_In_Day_View status...)</span>
                <span class="method-start">86965 ms</span>
              </div> <!-- configuration-method after -->
              <div class="configuration-method before">
                <span class="method-name">create_Extent_Report_For_Each_Test_Method([TestResult name={null} status=CREATED method=SelfTaskSubmittedTests.verify_Log_Message_After_Submit...)</span>
                <span class="method-start">86967 ms</span>
              </div> <!-- configuration-method before -->
              <div class="test-method">
                <img src="failed.png">
                </img>
                <span class="method-name">verify_Log_Message_After_Submit_Task_Request_Accepted</span>
                <span class="method-start">86970 ms</span>
              </div> <!-- test-method -->
              <div class="configuration-method after">
                <span class="method-name">test_Method_Exection_Result([TestResult name=verify_Log_Message_After_Submit_Task_Request_Accepted status=FAILURE method=SelfTas...)</span>
                <span class="method-start">88336 ms</span>
              </div> <!-- configuration-method after -->
              <div class="configuration-method before">
                <span class="method-name">create_Extent_Report_For_Each_Test_Method([TestResult name={null} status=CREATED method=SelfTaskSubmittedTests.verify_Task_Request_In_My_Reque...)</span>
                <span class="method-start">88337 ms</span>
              </div> <!-- configuration-method before -->
              <div class="test-method">
                <img src="failed.png">
                </img>
                <span class="method-name">verify_Task_Request_In_My_Request_Section_After_Accepted_Submit_Task_Request</span>
                <span class="method-start">88338 ms</span>
              </div> <!-- test-method -->
              <div class="configuration-method after">
                <span class="method-name">test_Method_Exection_Result([TestResult name=verify_Task_Request_In_My_Request_Section_After_Accepted_Submit_Task_Request status...)</span>
                <span class="method-start">88583 ms</span>
              </div> <!-- configuration-method after -->
            </div> <!-- chronological-class -->
            <div class="chronological-class">
              <div class="chronological-class-name">in.biencaps.erp.testCases.LoginAndForgotPasswordTests</div> <!-- chronological-class-name -->
              <div class="configuration-suite after">
                <span class="method-name">tear_Down</span>
                <span class="method-start">88720 ms</span>
              </div> <!-- configuration-suite after -->
          </div> <!-- main-panel-content rounded-window-bottom -->
        </div> <!-- panel -->
      </div> <!-- main-panel-root -->
    </div> <!-- wrapper -->
  </body>
<script type="text/javascript" src="testng-reports2.js"></script>
</html>
