<?xml version="1.0" encoding="UTF-8"?>
<!-- Generated by org.testng.reporters.JUnitReportReporter -->
<testsuite hostname="DESKTOP-BG83L86" failures="0" tests="21" name="in.biencaps.erp.testCases.AddSelfTaskAndCheckInDayViewFunctionality" time="152.981" errors="2" timestamp="2024-05-15T17:17:58 IST" skipped="6">
  <testcase classname="in.biencaps.erp.testCases.AddSelfTaskAndCheckInDayViewFunctionality" name="verify_Added_Task_From_Month_View_At_Current_Date_Check_In_Day_View" time="4.507"/>
  <testcase classname="in.biencaps.erp.testCases.AddSelfTaskAndCheckInDayViewFunctionality" name="verify_Total_Tasks_Count_And_Log_Messages_In_Day_View_After_New_Task_Add_From_Month_View_At_Current_Date" time="9.157"/>
  <testcase classname="in.biencaps.erp.testCases.AddSelfTaskAndCheckInDayViewFunctionality" name="verify_Added_Roll_Over_Task_In_Each_Day_From_Start_Date_Until_Current_Day_In_Day_View" time="26.653"/>
  <testcase classname="in.biencaps.erp.testCases.AddSelfTaskAndCheckInDayViewFunctionality" name="verify_Added_Task_From_Week_View_Sidebar_Check_In_Day_View" time="22.768">
    <error message="no such element: Unable to locate element: {&quot;method&quot;:&quot;xpath&quot;,&quot;selector&quot;:&quot;(//input[@id=&#039;due-task-title&#039;])[last()]&quot;}
  (Session info: chrome=124.0.6367.203)
For documentation on this error, please visit: https://www.selenium.dev/documentation/webdriver/troubleshooting/errors#no-such-element-exception
Build info: version: &#039;4.20.0&#039;, revision: &#039;866c76ca80&#039;
System info: os.name: &#039;Windows 10&#039;, os.arch: &#039;amd64&#039;, os.version: &#039;10.0&#039;, java.version: &#039;17.0.8&#039;
Driver info: org.openqa.selenium.chrome.ChromeDriver
Command: [ec562747806b96cae1267085502cab79, findElement {using=xpath, value=(//input[@id=&#039;due-task-title&#039;])[last()]}]
Capabilities {acceptInsecureCerts: false, browserName: chrome, browserVersion: 124.0.6367.203, chrome: {chromedriverVersion: 124.0.6367.207 (a9001a6e39f..., userDataDir: C:\Users\Lenovo\AppData\Loc...}, fedcm:accounts: true, goog:chromeOptions: {debuggerAddress: localhost:63694}, networkConnectionEnabled: false, pageLoadStrategy: normal, platformName: windows, proxy: Proxy(), se:cdp: ws://localhost:63694/devtoo..., se:cdpVersion: 124.0.6367.203, setWindowRect: true, strictFileInteractability: false, timeouts: {implicit: 0, pageLoad: 300000, script: 30000}, unhandledPromptBehavior: dismiss and notify, webauthn:extension:credBlob: true, webauthn:extension:largeBlob: true, webauthn:extension:minPinLength: true, webauthn:extension:prf: true, webauthn:virtualAuthenticators: true}
Session ID: ec562747806b96cae1267085502cab79" type="org.openqa.selenium.NoSuchElementException">
      <![CDATA[org.openqa.selenium.NoSuchElementException: no such element: Unable to locate element: {"method":"xpath","selector":"(//input[@id='due-task-title'])[last()]"}
  (Session info: chrome=124.0.6367.203)
For documentation on this error, please visit: https://www.selenium.dev/documentation/webdriver/troubleshooting/errors#no-such-element-exception
Build info: version: '4.20.0', revision: '866c76ca80'
System info: os.name: 'Windows 10', os.arch: 'amd64', os.version: '10.0', java.version: '17.0.8'
Driver info: org.openqa.selenium.chrome.ChromeDriver
Command: [ec562747806b96cae1267085502cab79, findElement {using=xpath, value=(//input[@id='due-task-title'])[last()]}]
Capabilities {acceptInsecureCerts: false, browserName: chrome, browserVersion: 124.0.6367.203, chrome: {chromedriverVersion: 124.0.6367.207 (a9001a6e39f..., userDataDir: C:\Users\Lenovo\AppData\Loc...}, fedcm:accounts: true, goog:chromeOptions: {debuggerAddress: localhost:63694}, networkConnectionEnabled: false, pageLoadStrategy: normal, platformName: windows, proxy: Proxy(), se:cdp: ws://localhost:63694/devtoo..., se:cdpVersion: 124.0.6367.203, setWindowRect: true, strictFileInteractability: false, timeouts: {implicit: 0, pageLoad: 300000, script: 30000}, unhandledPromptBehavior: dismiss and notify, webauthn:extension:credBlob: true, webauthn:extension:largeBlob: true, webauthn:extension:minPinLength: true, webauthn:extension:prf: true, webauthn:virtualAuthenticators: true}
Session ID: ec562747806b96cae1267085502cab79
at jdk.internal.reflect.GeneratedConstructorAccessor25.newInstance(Unknown Source)
at java.base/jdk.internal.reflect.DelegatingConstructorAccessorImpl.newInstance(DelegatingConstructorAccessorImpl.java:45)
at java.base/java.lang.reflect.Constructor.newInstanceWithCaller(Constructor.java:499)
at java.base/java.lang.reflect.Constructor.newInstance(Constructor.java:480)
at org.openqa.selenium.remote.ErrorCodec.decode(ErrorCodec.java:167)
at org.openqa.selenium.remote.codec.w3c.W3CHttpResponseCodec.decode(W3CHttpResponseCodec.java:138)
at org.openqa.selenium.remote.codec.w3c.W3CHttpResponseCodec.decode(W3CHttpResponseCodec.java:50)
at org.openqa.selenium.remote.HttpCommandExecutor.execute(HttpCommandExecutor.java:190)
at org.openqa.selenium.remote.service.DriverCommandExecutor.invokeExecute(DriverCommandExecutor.java:216)
at org.openqa.selenium.remote.service.DriverCommandExecutor.execute(DriverCommandExecutor.java:174)
at org.openqa.selenium.remote.RemoteWebDriver.execute(RemoteWebDriver.java:518)
at org.openqa.selenium.remote.ElementLocation$ElementFinder$2.findElement(ElementLocation.java:165)
at org.openqa.selenium.remote.ElementLocation.findElement(ElementLocation.java:59)
at org.openqa.selenium.remote.RemoteWebDriver.findElement(RemoteWebDriver.java:355)
at org.openqa.selenium.remote.RemoteWebDriver.findElement(RemoteWebDriver.java:349)
at in.biencaps.erp.utilities.WebElementActions.getCssValue(WebElementActions.java:168)
at in.biencaps.erp.pages.MyTasksPage.checkRollOverTaskColor(MyTasksPage.java:360)
at in.biencaps.erp.testCases.AddSelfTaskAndCheckInDayViewFunctionality.verify_Added_Task_From_Week_View_Sidebar_Check_In_Day_View(AddSelfTaskAndCheckInDayViewFunctionality.java:1126)
at java.base/jdk.internal.reflect.NativeMethodAccessorImpl.invoke0(Native Method)
at java.base/jdk.internal.reflect.NativeMethodAccessorImpl.invoke(NativeMethodAccessorImpl.java:77)
at java.base/jdk.internal.reflect.DelegatingMethodAccessorImpl.invoke(DelegatingMethodAccessorImpl.java:43)
at java.base/java.lang.reflect.Method.invoke(Method.java:568)
at org.testng.internal.invokers.MethodInvocationHelper.invokeMethod(MethodInvocationHelper.java:139)
at org.testng.internal.invokers.TestInvoker.invokeMethod(TestInvoker.java:664)
at org.testng.internal.invokers.TestInvoker.invokeTestMethod(TestInvoker.java:228)
at org.testng.internal.invokers.MethodRunner.runInSequence(MethodRunner.java:63)
at org.testng.internal.invokers.TestInvoker$MethodInvocationAgent.invoke(TestInvoker.java:961)
at org.testng.internal.invokers.TestInvoker.invokeTestMethods(TestInvoker.java:201)
at org.testng.internal.invokers.TestMethodWorker.invokeTestMethods(TestMethodWorker.java:148)
at org.testng.internal.invokers.TestMethodWorker.run(TestMethodWorker.java:128)
at java.base/java.util.ArrayList.forEach(ArrayList.java:1511)
at org.testng.TestRunner.privateRun(TestRunner.java:819)
at org.testng.TestRunner.run(TestRunner.java:619)
at org.testng.SuiteRunner.runTest(SuiteRunner.java:443)
at org.testng.SuiteRunner.runSequentially(SuiteRunner.java:437)
at org.testng.SuiteRunner.privateRun(SuiteRunner.java:397)
at org.testng.SuiteRunner.run(SuiteRunner.java:336)
at org.testng.SuiteRunnerWorker.runSuite(SuiteRunnerWorker.java:52)
at org.testng.SuiteRunnerWorker.run(SuiteRunnerWorker.java:95)
at org.testng.TestNG.runSuitesSequentially(TestNG.java:1301)
at org.testng.TestNG.runSuitesLocally(TestNG.java:1228)
at org.testng.TestNG.runSuites(TestNG.java:1134)
at org.testng.TestNG.run(TestNG.java:1101)
at org.testng.remote.AbstractRemoteTestNG.run(AbstractRemoteTestNG.java:115)
at org.testng.remote.RemoteTestNG.initAndRun(RemoteTestNG.java:251)
at org.testng.remote.RemoteTestNG.main(RemoteTestNG.java:77)
]]>
    </error>
  </testcase> <!-- verify_Added_Task_From_Week_View_Sidebar_Check_In_Day_View -->
  <testcase classname="in.biencaps.erp.testCases.AddSelfTaskAndCheckInDayViewFunctionality" name="verify_Added_Task_From_Day_View_Sidebar_Check_In_Each_Day_Until_Future_Date_In_Day_View" time="16.439"/>
  <testcase classname="in.biencaps.erp.testCases.AddSelfTaskAndCheckInDayViewFunctionality" name="verify_Total_Tasks_Count_And_Log_Message_In_Day_View_After_Added_Another_Task_From_Day_View" time="0.001">
    <skipped/>
  </testcase> <!-- verify_Total_Tasks_Count_And_Log_Message_In_Day_View_After_Added_Another_Task_From_Day_View -->
  <testcase classname="in.biencaps.erp.testCases.AddSelfTaskAndCheckInDayViewFunctionality" name="verify_Total_Tasks_Count_And_Log_Message_In_Day_View_After_Added_Another_Task_From_Week_View_Sidebar" time="0.000">
    <skipped/>
  </testcase> <!-- verify_Total_Tasks_Count_And_Log_Message_In_Day_View_After_Added_Another_Task_From_Week_View_Sidebar -->
  <testcase classname="in.biencaps.erp.testCases.AddSelfTaskAndCheckInDayViewFunctionality" name="verify_Total_Tasks_Count_And_Log_Message_In_Day_View_After_Adding_Another_Task_From_Day_View_Sidebar" time="11.792"/>
  <testcase classname="in.biencaps.erp.testCases.AddSelfTaskAndCheckInDayViewFunctionality" name="verify_Added_Task_From_Week_View_Sidebar_In_Week_View" time="8.580"/>
  <testcase classname="in.biencaps.erp.testCases.AddSelfTaskAndCheckInDayViewFunctionality" name="verify_Total_Tasks_Count_And_Log_Messages_In_Day_View_After_Added_Another_Task_From_Month_View_Sidebar" time="10.349"/>
  <testcase classname="in.biencaps.erp.testCases.AddSelfTaskAndCheckInDayViewFunctionality" name="verify_Add_Task_From_Sidebar_Without_Entering_Task_Title" time="3.571"/>
  <testcase classname="in.biencaps.erp.testCases.AddSelfTaskAndCheckInDayViewFunctionality" name="verify_Total_Tasks_Count_Before_Add_New_Task" time="1.983"/>
  <testcase classname="in.biencaps.erp.testCases.AddSelfTaskAndCheckInDayViewFunctionality" name="verify_Add_Task_From_Month_View_At_Current_Date" time="7.223"/>
  <testcase classname="in.biencaps.erp.testCases.AddSelfTaskAndCheckInDayViewFunctionality" name="verify_Add_Roll_Over_Task_At_Past_Date_Which_Start_And_End_Date_Is_Same" time="4.769"/>
  <testcase classname="in.biencaps.erp.testCases.AddSelfTaskAndCheckInDayViewFunctionality" name="verify_Add_New_Task_From_Day_View_At_Current_Date" time="8.507">
    <error message="Expected condition failed: waiting for visibility of element located by By.xpath: (//div[@class=&#039;taskTileDivContainer&#039;]//input[@type=&#039;text&#039;])[last()] (tried for 6 second(s) with 500 milliseconds interval)
Build info: version: &#039;4.20.0&#039;, revision: &#039;866c76ca80&#039;
System info: os.name: &#039;Windows 10&#039;, os.arch: &#039;amd64&#039;, os.version: &#039;10.0&#039;, java.version: &#039;17.0.8&#039;
Driver info: org.openqa.selenium.chrome.ChromeDriver
Capabilities {acceptInsecureCerts: false, browserName: chrome, browserVersion: 124.0.6367.203, chrome: {chromedriverVersion: 124.0.6367.207 (a9001a6e39f..., userDataDir: C:\Users\Lenovo\AppData\Loc...}, fedcm:accounts: true, goog:chromeOptions: {debuggerAddress: localhost:63694}, networkConnectionEnabled: false, pageLoadStrategy: normal, platformName: windows, proxy: Proxy(), se:cdp: ws://localhost:63694/devtoo..., se:cdpVersion: 124.0.6367.203, setWindowRect: true, strictFileInteractability: false, timeouts: {implicit: 0, pageLoad: 300000, script: 30000}, unhandledPromptBehavior: dismiss and notify, webauthn:extension:credBlob: true, webauthn:extension:largeBlob: true, webauthn:extension:minPinLength: true, webauthn:extension:prf: true, webauthn:virtualAuthenticators: true}
Session ID: ec562747806b96cae1267085502cab79" type="org.openqa.selenium.TimeoutException">
      <![CDATA[org.openqa.selenium.TimeoutException: Expected condition failed: waiting for visibility of element located by By.xpath: (//div[@class='taskTileDivContainer']//input[@type='text'])[last()] (tried for 6 second(s) with 500 milliseconds interval)
Build info: version: '4.20.0', revision: '866c76ca80'
System info: os.name: 'Windows 10', os.arch: 'amd64', os.version: '10.0', java.version: '17.0.8'
Driver info: org.openqa.selenium.chrome.ChromeDriver
Capabilities {acceptInsecureCerts: false, browserName: chrome, browserVersion: 124.0.6367.203, chrome: {chromedriverVersion: 124.0.6367.207 (a9001a6e39f..., userDataDir: C:\Users\Lenovo\AppData\Loc...}, fedcm:accounts: true, goog:chromeOptions: {debuggerAddress: localhost:63694}, networkConnectionEnabled: false, pageLoadStrategy: normal, platformName: windows, proxy: Proxy(), se:cdp: ws://localhost:63694/devtoo..., se:cdpVersion: 124.0.6367.203, setWindowRect: true, strictFileInteractability: false, timeouts: {implicit: 0, pageLoad: 300000, script: 30000}, unhandledPromptBehavior: dismiss and notify, webauthn:extension:credBlob: true, webauthn:extension:largeBlob: true, webauthn:extension:minPinLength: true, webauthn:extension:prf: true, webauthn:virtualAuthenticators: true}
Session ID: ec562747806b96cae1267085502cab79
at org.openqa.selenium.support.ui.WebDriverWait.timeoutException(WebDriverWait.java:84)
at org.openqa.selenium.support.ui.FluentWait.until(FluentWait.java:228)
at in.biencaps.erp.utilities.WebElementActions.sendKeysMethod(WebElementActions.java:150)
at in.biencaps.erp.pages.MyTasksPage.enterTaskTitleInLastTaskTitleTextfieldDayView(MyTasksPage.java:618)
at in.biencaps.erp.testCases.AddSelfTaskAndCheckInDayViewFunctionality.verify_Add_New_Task_From_Day_View_At_Current_Date(AddSelfTaskAndCheckInDayViewFunctionality.java:495)
at java.base/jdk.internal.reflect.NativeMethodAccessorImpl.invoke0(Native Method)
at java.base/jdk.internal.reflect.NativeMethodAccessorImpl.invoke(NativeMethodAccessorImpl.java:77)
at java.base/jdk.internal.reflect.DelegatingMethodAccessorImpl.invoke(DelegatingMethodAccessorImpl.java:43)
at java.base/java.lang.reflect.Method.invoke(Method.java:568)
at org.testng.internal.invokers.MethodInvocationHelper.invokeMethod(MethodInvocationHelper.java:139)
at org.testng.internal.invokers.TestInvoker.invokeMethod(TestInvoker.java:664)
at org.testng.internal.invokers.TestInvoker.invokeTestMethod(TestInvoker.java:228)
at org.testng.internal.invokers.MethodRunner.runInSequence(MethodRunner.java:63)
at org.testng.internal.invokers.TestInvoker$MethodInvocationAgent.invoke(TestInvoker.java:961)
at org.testng.internal.invokers.TestInvoker.invokeTestMethods(TestInvoker.java:201)
at org.testng.internal.invokers.TestMethodWorker.invokeTestMethods(TestMethodWorker.java:148)
at org.testng.internal.invokers.TestMethodWorker.run(TestMethodWorker.java:128)
at java.base/java.util.ArrayList.forEach(ArrayList.java:1511)
at org.testng.TestRunner.privateRun(TestRunner.java:819)
at org.testng.TestRunner.run(TestRunner.java:619)
at org.testng.SuiteRunner.runTest(SuiteRunner.java:443)
at org.testng.SuiteRunner.runSequentially(SuiteRunner.java:437)
at org.testng.SuiteRunner.privateRun(SuiteRunner.java:397)
at org.testng.SuiteRunner.run(SuiteRunner.java:336)
at org.testng.SuiteRunnerWorker.runSuite(SuiteRunnerWorker.java:52)
at org.testng.SuiteRunnerWorker.run(SuiteRunnerWorker.java:95)
at org.testng.TestNG.runSuitesSequentially(TestNG.java:1301)
at org.testng.TestNG.runSuitesLocally(TestNG.java:1228)
at org.testng.TestNG.runSuites(TestNG.java:1134)
at org.testng.TestNG.run(TestNG.java:1101)
at org.testng.remote.AbstractRemoteTestNG.run(AbstractRemoteTestNG.java:115)
at org.testng.remote.RemoteTestNG.initAndRun(RemoteTestNG.java:251)
at org.testng.remote.RemoteTestNG.main(RemoteTestNG.java:77)
]]>
    </error>
  </testcase> <!-- verify_Add_New_Task_From_Day_View_At_Current_Date -->
  <testcase classname="in.biencaps.erp.testCases.AddSelfTaskAndCheckInDayViewFunctionality" name="verify_Add_Task_From_Day_View_Sidebar_With_Start_Date_As_Current_Date_And_Due_Date_As_Future_Date" time="6.553"/>
  <testcase classname="in.biencaps.erp.testCases.AddSelfTaskAndCheckInDayViewFunctionality" name="verify_Add_Task_From_Week_View_Sidebar_By_Giving_Only_Title_Date_And_Comment" time="10.129"/>
  <testcase classname="in.biencaps.erp.testCases.AddSelfTaskAndCheckInDayViewFunctionality" name="verify_Add_Task_From_Week_View_At_Future_Date">
    <skipped/>
  </testcase> <!-- verify_Add_Task_From_Week_View_At_Future_Date -->
  <testcase classname="in.biencaps.erp.testCases.AddSelfTaskAndCheckInDayViewFunctionality" name="verify_Added_Task_From_Week_View_Sidebar_At_Future_Date_In_Week_View">
    <skipped/>
  </testcase> <!-- verify_Added_Task_From_Week_View_Sidebar_At_Future_Date_In_Week_View -->
  <testcase classname="in.biencaps.erp.testCases.AddSelfTaskAndCheckInDayViewFunctionality" name="verify_Added_Task_From_Week_View_At_Future_Date_Check_In_Day_View">
    <skipped/>
  </testcase> <!-- verify_Added_Task_From_Week_View_At_Future_Date_Check_In_Day_View -->
  <testcase classname="in.biencaps.erp.testCases.AddSelfTaskAndCheckInDayViewFunctionality" name="verify_Total_Tasks_Count_And_Log_Message_In_Day_View_After_Task_Added_From_Week_View_At_Future_Date">
    <skipped/>
  </testcase> <!-- verify_Total_Tasks_Count_And_Log_Message_In_Day_View_After_Task_Added_From_Week_View_At_Future_Date -->
</testsuite> <!-- in.biencaps.erp.testCases.AddSelfTaskAndCheckInDayViewFunctionality -->
