<?xml version="1.0" encoding="UTF-8"?>
<!-- Generated by org.testng.reporters.JUnitReportReporter -->
<testsuite hostname="DESKTOP-BG83L86" failures="0" tests="22" name="com.biencaps.erp.testCases.AddSelfTaskAndCheckInDayViewFunctionality" time="14.312" errors="5" timestamp="2024-05-07T17:25:15 IST" skipped="15">
  <testcase classname="com.biencaps.erp.testCases.AddSelfTaskAndCheckInDayViewFunctionality" name="verifyAddTaskFromSidebarWithoutEnteringTaskTitle" time="3.489"/>
  <testcase classname="com.biencaps.erp.testCases.AddSelfTaskAndCheckInDayViewFunctionality" name="verifyTotalTasksCountBeforeAddNewTask" time="2.129"/>
  <testcase classname="com.biencaps.erp.testCases.AddSelfTaskAndCheckInDayViewFunctionality" name="verifyAddTaskFromMonthViewAtParticularDate" time="4.223">
    <error message="bound must be positive" type="java.lang.IllegalArgumentException">
      <![CDATA[java.lang.IllegalArgumentException: bound must be positive
at java.base/java.util.Random.nextInt(Random.java:322)
at com.biencaps.erp.pageObjectModels.MyTasksPage.clickOnRandomValueFromDropdownWhileAddTaskFromSidebar(MyTasksPage.java:259)
at com.biencaps.erp.testCases.AddSelfTaskAndCheckInDayViewFunctionality.verifyAddTaskFromMonthViewAtParticularDate(AddSelfTaskAndCheckInDayViewFunctionality.java:205)
at java.base/jdk.internal.reflect.NativeMethodAccessorImpl.invoke0(Native Method)
at java.base/jdk.internal.reflect.NativeMethodAccessorImpl.invoke(NativeMethodAccessorImpl.java:77)
at java.base/jdk.internal.reflect.DelegatingMethodAccessorImpl.invoke(DelegatingMethodAccessorImpl.java:43)
at java.base/java.lang.reflect.Method.invoke(Method.java:568)
at org.testng.internal.invokers.MethodInvocationHelper.invokeMethod(MethodInvocationHelper.java:139)
at org.testng.internal.invokers.TestInvoker.invokeMethod(TestInvoker.java:664)
at org.testng.internal.invokers.TestInvoker.invokeTestMethod(TestInvoker.java:228)
at org.testng.internal.invokers.MethodRunner.runInSequence(MethodRunner.java:63)
at org.testng.internal.invokers.TestInvoker$MethodInvocationAgent.invoke(TestInvoker.java:961)
at org.testng.internal.invokers.TestInvoker.invokeTestMethods(TestInvoker.java:201)
at org.testng.internal.invokers.TestMethodWorker.invokeTestMethods(TestMethodWorker.java:148)
at org.testng.internal.invokers.TestMethodWorker.run(TestMethodWorker.java:128)
at java.base/java.util.ArrayList.forEach(ArrayList.java:1511)
at org.testng.TestRunner.privateRun(TestRunner.java:819)
at org.testng.TestRunner.run(TestRunner.java:619)
at org.testng.SuiteRunner.runTest(SuiteRunner.java:443)
at org.testng.SuiteRunner.runSequentially(SuiteRunner.java:437)
at org.testng.SuiteRunner.privateRun(SuiteRunner.java:397)
at org.testng.SuiteRunner.run(SuiteRunner.java:336)
at org.testng.SuiteRunnerWorker.runSuite(SuiteRunnerWorker.java:52)
at org.testng.SuiteRunnerWorker.run(SuiteRunnerWorker.java:95)
at org.testng.TestNG.runSuitesSequentially(TestNG.java:1301)
at org.testng.TestNG.runSuitesLocally(TestNG.java:1228)
at org.testng.TestNG.runSuites(TestNG.java:1134)
at org.testng.TestNG.run(TestNG.java:1101)
at org.testng.remote.AbstractRemoteTestNG.run(AbstractRemoteTestNG.java:115)
at org.testng.remote.RemoteTestNG.initAndRun(RemoteTestNG.java:251)
at org.testng.remote.RemoteTestNG.main(RemoteTestNG.java:77)
]]>
    </error>
  </testcase> <!-- verifyAddTaskFromMonthViewAtParticularDate -->
  <testcase classname="com.biencaps.erp.testCases.AddSelfTaskAndCheckInDayViewFunctionality" name="verifyAddedTaskFromMonthViewAtParticularDateCheckInDayView" time="0.000">
    <skipped/>
  </testcase> <!-- verifyAddedTaskFromMonthViewAtParticularDateCheckInDayView -->
  <testcase classname="com.biencaps.erp.testCases.AddSelfTaskAndCheckInDayViewFunctionality" name="verifyTotalTasksCountAndLogMessagesInDayViewAfterNewTaskAddFromMonthViewAtParticularDate" time="0.002">
    <skipped/>
  </testcase> <!-- verifyTotalTasksCountAndLogMessagesInDayViewAfterNewTaskAddFromMonthViewAtParticularDate -->
  <testcase classname="com.biencaps.erp.testCases.AddSelfTaskAndCheckInDayViewFunctionality" name="verifyAddTaskFromMonthViewSidebarByGivingOnlyTitleAndDate" time="1.137">
    <error message="element click intercepted: Element &lt;button class=&quot;monthView-btn monthView-btn-view&quot; style=&quot;background: rgb(255, 246, 223);&quot;&gt;...&lt;/button&gt; is not clickable at point (1293, 118). Other element would receive the click: &lt;input type=&quot;text&quot; placeholder=&quot;Enter Tasks Name &quot; value=&quot;&quot;&gt;
  (Session info: chrome=124.0.6367.119)
Build info: version: &#039;4.20.0&#039;, revision: &#039;866c76ca80&#039;
System info: os.name: &#039;Windows 10&#039;, os.arch: &#039;amd64&#039;, os.version: &#039;10.0&#039;, java.version: &#039;17.0.8&#039;
Driver info: org.openqa.selenium.chrome.ChromeDriver
Command: [d310ead95bc8a4bfb9542c6a48dd079e, clickElement {id=f.9EE26CE8D40E6768727E82D42D92AFA8.d.BCD012C6CF177CF328B07C5376527C8B.e.229}]
Capabilities {acceptInsecureCerts: false, browserName: chrome, browserVersion: 124.0.6367.119, chrome: {chromedriverVersion: 124.0.6367.91 (51df0e5e17a8..., userDataDir: C:\Users\Lenovo\AppData\Loc...}, fedcm:accounts: true, goog:chromeOptions: {debuggerAddress: localhost:57443}, networkConnectionEnabled: false, pageLoadStrategy: normal, platformName: windows, proxy: Proxy(), se:cdp: ws://localhost:57443/devtoo..., se:cdpVersion: 124.0.6367.119, setWindowRect: true, strictFileInteractability: false, timeouts: {implicit: 0, pageLoad: 300000, script: 30000}, unhandledPromptBehavior: dismiss and notify, webauthn:extension:credBlob: true, webauthn:extension:largeBlob: true, webauthn:extension:minPinLength: true, webauthn:extension:prf: true, webauthn:virtualAuthenticators: true}
Element: [[ChromeDriver: chrome on windows (d310ead95bc8a4bfb9542c6a48dd079e)] -&gt; xpath: //button[normalize-space()=&#039;Month&#039;]]
Session ID: d310ead95bc8a4bfb9542c6a48dd079e" type="org.openqa.selenium.ElementClickInterceptedException">
      <![CDATA[org.openqa.selenium.ElementClickInterceptedException: element click intercepted: Element <button class="monthView-btn monthView-btn-view" style="background: rgb(255, 246, 223);">...</button> is not clickable at point (1293, 118). Other element would receive the click: <input type="text" placeholder="Enter Tasks Name " value="">
  (Session info: chrome=124.0.6367.119)
Build info: version: '4.20.0', revision: '866c76ca80'
System info: os.name: 'Windows 10', os.arch: 'amd64', os.version: '10.0', java.version: '17.0.8'
Driver info: org.openqa.selenium.chrome.ChromeDriver
Command: [d310ead95bc8a4bfb9542c6a48dd079e, clickElement {id=f.9EE26CE8D40E6768727E82D42D92AFA8.d.BCD012C6CF177CF328B07C5376527C8B.e.229}]
Capabilities {acceptInsecureCerts: false, browserName: chrome, browserVersion: 124.0.6367.119, chrome: {chromedriverVersion: 124.0.6367.91 (51df0e5e17a8..., userDataDir: C:\Users\Lenovo\AppData\Loc...}, fedcm:accounts: true, goog:chromeOptions: {debuggerAddress: localhost:57443}, networkConnectionEnabled: false, pageLoadStrategy: normal, platformName: windows, proxy: Proxy(), se:cdp: ws://localhost:57443/devtoo..., se:cdpVersion: 124.0.6367.119, setWindowRect: true, strictFileInteractability: false, timeouts: {implicit: 0, pageLoad: 300000, script: 30000}, unhandledPromptBehavior: dismiss and notify, webauthn:extension:credBlob: true, webauthn:extension:largeBlob: true, webauthn:extension:minPinLength: true, webauthn:extension:prf: true, webauthn:virtualAuthenticators: true}
Element: [[ChromeDriver: chrome on windows (d310ead95bc8a4bfb9542c6a48dd079e)] -> xpath: //button[normalize-space()='Month']]
Session ID: d310ead95bc8a4bfb9542c6a48dd079e
at java.base/jdk.internal.reflect.NativeConstructorAccessorImpl.newInstance0(Native Method)
at java.base/jdk.internal.reflect.NativeConstructorAccessorImpl.newInstance(NativeConstructorAccessorImpl.java:77)
at java.base/jdk.internal.reflect.DelegatingConstructorAccessorImpl.newInstance(DelegatingConstructorAccessorImpl.java:45)
at java.base/java.lang.reflect.Constructor.newInstanceWithCaller(Constructor.java:499)
at java.base/java.lang.reflect.Constructor.newInstance(Constructor.java:480)
at org.openqa.selenium.remote.ErrorCodec.decode(ErrorCodec.java:167)
at org.openqa.selenium.remote.codec.w3c.W3CHttpResponseCodec.decode(W3CHttpResponseCodec.java:138)
at org.openqa.selenium.remote.codec.w3c.W3CHttpResponseCodec.decode(W3CHttpResponseCodec.java:50)
at org.openqa.selenium.remote.HttpCommandExecutor.execute(HttpCommandExecutor.java:190)
at org.openqa.selenium.remote.service.DriverCommandExecutor.invokeExecute(DriverCommandExecutor.java:216)
at org.openqa.selenium.remote.service.DriverCommandExecutor.execute(DriverCommandExecutor.java:174)
at org.openqa.selenium.remote.RemoteWebDriver.execute(RemoteWebDriver.java:518)
at org.openqa.selenium.remote.RemoteWebElement.execute(RemoteWebElement.java:223)
at org.openqa.selenium.remote.RemoteWebElement.click(RemoteWebElement.java:76)
at com.biencaps.erp.utilities.WebElementActions.clickOnMethod(WebElementActions.java:70)
at com.biencaps.erp.pageObjectModels.MyTasksPage.clickOnMonthButton(MyTasksPage.java:549)
at com.biencaps.erp.testCases.AddSelfTaskAndCheckInDayViewFunctionality.verifyAddTaskFromMonthViewSidebarByGivingOnlyTitleAndDate(AddSelfTaskAndCheckInDayViewFunctionality.java:338)
at java.base/jdk.internal.reflect.NativeMethodAccessorImpl.invoke0(Native Method)
at java.base/jdk.internal.reflect.NativeMethodAccessorImpl.invoke(NativeMethodAccessorImpl.java:77)
at java.base/jdk.internal.reflect.DelegatingMethodAccessorImpl.invoke(DelegatingMethodAccessorImpl.java:43)
at java.base/java.lang.reflect.Method.invoke(Method.java:568)
at org.testng.internal.invokers.MethodInvocationHelper.invokeMethod(MethodInvocationHelper.java:139)
at org.testng.internal.invokers.TestInvoker.invokeMethod(TestInvoker.java:664)
at org.testng.internal.invokers.TestInvoker.invokeTestMethod(TestInvoker.java:228)
at org.testng.internal.invokers.MethodRunner.runInSequence(MethodRunner.java:63)
at org.testng.internal.invokers.TestInvoker$MethodInvocationAgent.invoke(TestInvoker.java:961)
at org.testng.internal.invokers.TestInvoker.invokeTestMethods(TestInvoker.java:201)
at org.testng.internal.invokers.TestMethodWorker.invokeTestMethods(TestMethodWorker.java:148)
at org.testng.internal.invokers.TestMethodWorker.run(TestMethodWorker.java:128)
at java.base/java.util.ArrayList.forEach(ArrayList.java:1511)
at org.testng.TestRunner.privateRun(TestRunner.java:819)
at org.testng.TestRunner.run(TestRunner.java:619)
at org.testng.SuiteRunner.runTest(SuiteRunner.java:443)
at org.testng.SuiteRunner.runSequentially(SuiteRunner.java:437)
at org.testng.SuiteRunner.privateRun(SuiteRunner.java:397)
at org.testng.SuiteRunner.run(SuiteRunner.java:336)
at org.testng.SuiteRunnerWorker.runSuite(SuiteRunnerWorker.java:52)
at org.testng.SuiteRunnerWorker.run(SuiteRunnerWorker.java:95)
at org.testng.TestNG.runSuitesSequentially(TestNG.java:1301)
at org.testng.TestNG.runSuitesLocally(TestNG.java:1228)
at org.testng.TestNG.runSuites(TestNG.java:1134)
at org.testng.TestNG.run(TestNG.java:1101)
at org.testng.remote.AbstractRemoteTestNG.run(AbstractRemoteTestNG.java:115)
at org.testng.remote.RemoteTestNG.initAndRun(RemoteTestNG.java:251)
at org.testng.remote.RemoteTestNG.main(RemoteTestNG.java:77)
]]>
    </error>
  </testcase> <!-- verifyAddTaskFromMonthViewSidebarByGivingOnlyTitleAndDate -->
  <testcase classname="com.biencaps.erp.testCases.AddSelfTaskAndCheckInDayViewFunctionality" name="verifyAddedTaskFromMonthViewSidebarCheckInDayView" time="0.001">
    <skipped/>
  </testcase> <!-- verifyAddedTaskFromMonthViewSidebarCheckInDayView -->
  <testcase classname="com.biencaps.erp.testCases.AddSelfTaskAndCheckInDayViewFunctionality" name="verifyTotalTasksCountAndLogMessagesInDayViewAfterAddingAnotherTaskFromMonthViewSidebar" time="0.000">
    <skipped/>
  </testcase> <!-- verifyTotalTasksCountAndLogMessagesInDayViewAfterAddingAnotherTaskFromMonthViewSidebar -->
  <testcase classname="com.biencaps.erp.testCases.AddSelfTaskAndCheckInDayViewFunctionality" name="verifyAddNewTaskFromDayView" time="1.126">
    <error message="element click intercepted: Element &lt;button class=&quot;dayView-btn monthView-btn-view&quot; style=&quot;background: none;&quot;&gt;...&lt;/button&gt; is not clickable at point (1437, 118). Other element would receive the click: &lt;input type=&quot;text&quot; placeholder=&quot;Enter Tasks Name &quot; value=&quot;&quot;&gt;
  (Session info: chrome=124.0.6367.119)
Build info: version: &#039;4.20.0&#039;, revision: &#039;866c76ca80&#039;
System info: os.name: &#039;Windows 10&#039;, os.arch: &#039;amd64&#039;, os.version: &#039;10.0&#039;, java.version: &#039;17.0.8&#039;
Driver info: org.openqa.selenium.chrome.ChromeDriver
Command: [d310ead95bc8a4bfb9542c6a48dd079e, clickElement {id=f.9EE26CE8D40E6768727E82D42D92AFA8.d.BCD012C6CF177CF328B07C5376527C8B.e.230}]
Capabilities {acceptInsecureCerts: false, browserName: chrome, browserVersion: 124.0.6367.119, chrome: {chromedriverVersion: 124.0.6367.91 (51df0e5e17a8..., userDataDir: C:\Users\Lenovo\AppData\Loc...}, fedcm:accounts: true, goog:chromeOptions: {debuggerAddress: localhost:57443}, networkConnectionEnabled: false, pageLoadStrategy: normal, platformName: windows, proxy: Proxy(), se:cdp: ws://localhost:57443/devtoo..., se:cdpVersion: 124.0.6367.119, setWindowRect: true, strictFileInteractability: false, timeouts: {implicit: 0, pageLoad: 300000, script: 30000}, unhandledPromptBehavior: dismiss and notify, webauthn:extension:credBlob: true, webauthn:extension:largeBlob: true, webauthn:extension:minPinLength: true, webauthn:extension:prf: true, webauthn:virtualAuthenticators: true}
Element: [[ChromeDriver: chrome on windows (d310ead95bc8a4bfb9542c6a48dd079e)] -&gt; xpath: //button[normalize-space()=&#039;Day&#039;]]
Session ID: d310ead95bc8a4bfb9542c6a48dd079e" type="org.openqa.selenium.ElementClickInterceptedException">
      <![CDATA[org.openqa.selenium.ElementClickInterceptedException: element click intercepted: Element <button class="dayView-btn monthView-btn-view" style="background: none;">...</button> is not clickable at point (1437, 118). Other element would receive the click: <input type="text" placeholder="Enter Tasks Name " value="">
  (Session info: chrome=124.0.6367.119)
Build info: version: '4.20.0', revision: '866c76ca80'
System info: os.name: 'Windows 10', os.arch: 'amd64', os.version: '10.0', java.version: '17.0.8'
Driver info: org.openqa.selenium.chrome.ChromeDriver
Command: [d310ead95bc8a4bfb9542c6a48dd079e, clickElement {id=f.9EE26CE8D40E6768727E82D42D92AFA8.d.BCD012C6CF177CF328B07C5376527C8B.e.230}]
Capabilities {acceptInsecureCerts: false, browserName: chrome, browserVersion: 124.0.6367.119, chrome: {chromedriverVersion: 124.0.6367.91 (51df0e5e17a8..., userDataDir: C:\Users\Lenovo\AppData\Loc...}, fedcm:accounts: true, goog:chromeOptions: {debuggerAddress: localhost:57443}, networkConnectionEnabled: false, pageLoadStrategy: normal, platformName: windows, proxy: Proxy(), se:cdp: ws://localhost:57443/devtoo..., se:cdpVersion: 124.0.6367.119, setWindowRect: true, strictFileInteractability: false, timeouts: {implicit: 0, pageLoad: 300000, script: 30000}, unhandledPromptBehavior: dismiss and notify, webauthn:extension:credBlob: true, webauthn:extension:largeBlob: true, webauthn:extension:minPinLength: true, webauthn:extension:prf: true, webauthn:virtualAuthenticators: true}
Element: [[ChromeDriver: chrome on windows (d310ead95bc8a4bfb9542c6a48dd079e)] -> xpath: //button[normalize-space()='Day']]
Session ID: d310ead95bc8a4bfb9542c6a48dd079e
at java.base/jdk.internal.reflect.NativeConstructorAccessorImpl.newInstance0(Native Method)
at java.base/jdk.internal.reflect.NativeConstructorAccessorImpl.newInstance(NativeConstructorAccessorImpl.java:77)
at java.base/jdk.internal.reflect.DelegatingConstructorAccessorImpl.newInstance(DelegatingConstructorAccessorImpl.java:45)
at java.base/java.lang.reflect.Constructor.newInstanceWithCaller(Constructor.java:499)
at java.base/java.lang.reflect.Constructor.newInstance(Constructor.java:480)
at org.openqa.selenium.remote.ErrorCodec.decode(ErrorCodec.java:167)
at org.openqa.selenium.remote.codec.w3c.W3CHttpResponseCodec.decode(W3CHttpResponseCodec.java:138)
at org.openqa.selenium.remote.codec.w3c.W3CHttpResponseCodec.decode(W3CHttpResponseCodec.java:50)
at org.openqa.selenium.remote.HttpCommandExecutor.execute(HttpCommandExecutor.java:190)
at org.openqa.selenium.remote.service.DriverCommandExecutor.invokeExecute(DriverCommandExecutor.java:216)
at org.openqa.selenium.remote.service.DriverCommandExecutor.execute(DriverCommandExecutor.java:174)
at org.openqa.selenium.remote.RemoteWebDriver.execute(RemoteWebDriver.java:518)
at org.openqa.selenium.remote.RemoteWebElement.execute(RemoteWebElement.java:223)
at org.openqa.selenium.remote.RemoteWebElement.click(RemoteWebElement.java:76)
at com.biencaps.erp.utilities.WebElementActions.clickOnMethod(WebElementActions.java:70)
at com.biencaps.erp.pageObjectModels.MyTasksPage.clickOnDayButton(MyTasksPage.java:338)
at com.biencaps.erp.testCases.AddSelfTaskAndCheckInDayViewFunctionality.verifyAddNewTaskFromDayView(AddSelfTaskAndCheckInDayViewFunctionality.java:529)
at java.base/jdk.internal.reflect.NativeMethodAccessorImpl.invoke0(Native Method)
at java.base/jdk.internal.reflect.NativeMethodAccessorImpl.invoke(NativeMethodAccessorImpl.java:77)
at java.base/jdk.internal.reflect.DelegatingMethodAccessorImpl.invoke(DelegatingMethodAccessorImpl.java:43)
at java.base/java.lang.reflect.Method.invoke(Method.java:568)
at org.testng.internal.invokers.MethodInvocationHelper.invokeMethod(MethodInvocationHelper.java:139)
at org.testng.internal.invokers.TestInvoker.invokeMethod(TestInvoker.java:664)
at org.testng.internal.invokers.TestInvoker.invokeTestMethod(TestInvoker.java:228)
at org.testng.internal.invokers.MethodRunner.runInSequence(MethodRunner.java:63)
at org.testng.internal.invokers.TestInvoker$MethodInvocationAgent.invoke(TestInvoker.java:961)
at org.testng.internal.invokers.TestInvoker.invokeTestMethods(TestInvoker.java:201)
at org.testng.internal.invokers.TestMethodWorker.invokeTestMethods(TestMethodWorker.java:148)
at org.testng.internal.invokers.TestMethodWorker.run(TestMethodWorker.java:128)
at java.base/java.util.ArrayList.forEach(ArrayList.java:1511)
at org.testng.TestRunner.privateRun(TestRunner.java:819)
at org.testng.TestRunner.run(TestRunner.java:619)
at org.testng.SuiteRunner.runTest(SuiteRunner.java:443)
at org.testng.SuiteRunner.runSequentially(SuiteRunner.java:437)
at org.testng.SuiteRunner.privateRun(SuiteRunner.java:397)
at org.testng.SuiteRunner.run(SuiteRunner.java:336)
at org.testng.SuiteRunnerWorker.runSuite(SuiteRunnerWorker.java:52)
at org.testng.SuiteRunnerWorker.run(SuiteRunnerWorker.java:95)
at org.testng.TestNG.runSuitesSequentially(TestNG.java:1301)
at org.testng.TestNG.runSuitesLocally(TestNG.java:1228)
at org.testng.TestNG.runSuites(TestNG.java:1134)
at org.testng.TestNG.run(TestNG.java:1101)
at org.testng.remote.AbstractRemoteTestNG.run(AbstractRemoteTestNG.java:115)
at org.testng.remote.RemoteTestNG.initAndRun(RemoteTestNG.java:251)
at org.testng.remote.RemoteTestNG.main(RemoteTestNG.java:77)
]]>
    </error>
  </testcase> <!-- verifyAddNewTaskFromDayView -->
  <testcase classname="com.biencaps.erp.testCases.AddSelfTaskAndCheckInDayViewFunctionality" name="verifyTotalTasksCountAndLogMessagesInDayViewAfterAddingAnotherTaskFromDayView" time="0.000">
    <skipped/>
  </testcase> <!-- verifyTotalTasksCountAndLogMessagesInDayViewAfterAddingAnotherTaskFromDayView -->
  <testcase classname="com.biencaps.erp.testCases.AddSelfTaskAndCheckInDayViewFunctionality" name="verifyAddNewTaskFromDayViewSidebar" time="1.073">
    <error message="element click intercepted: Element &lt;button class=&quot;dayView-btn monthView-btn-view&quot; style=&quot;background: none;&quot;&gt;...&lt;/button&gt; is not clickable at point (1437, 118). Other element would receive the click: &lt;input type=&quot;text&quot; placeholder=&quot;Enter Tasks Name &quot; value=&quot;&quot;&gt;
  (Session info: chrome=124.0.6367.119)
Build info: version: &#039;4.20.0&#039;, revision: &#039;866c76ca80&#039;
System info: os.name: &#039;Windows 10&#039;, os.arch: &#039;amd64&#039;, os.version: &#039;10.0&#039;, java.version: &#039;17.0.8&#039;
Driver info: org.openqa.selenium.chrome.ChromeDriver
Command: [d310ead95bc8a4bfb9542c6a48dd079e, clickElement {id=f.9EE26CE8D40E6768727E82D42D92AFA8.d.BCD012C6CF177CF328B07C5376527C8B.e.230}]
Capabilities {acceptInsecureCerts: false, browserName: chrome, browserVersion: 124.0.6367.119, chrome: {chromedriverVersion: 124.0.6367.91 (51df0e5e17a8..., userDataDir: C:\Users\Lenovo\AppData\Loc...}, fedcm:accounts: true, goog:chromeOptions: {debuggerAddress: localhost:57443}, networkConnectionEnabled: false, pageLoadStrategy: normal, platformName: windows, proxy: Proxy(), se:cdp: ws://localhost:57443/devtoo..., se:cdpVersion: 124.0.6367.119, setWindowRect: true, strictFileInteractability: false, timeouts: {implicit: 0, pageLoad: 300000, script: 30000}, unhandledPromptBehavior: dismiss and notify, webauthn:extension:credBlob: true, webauthn:extension:largeBlob: true, webauthn:extension:minPinLength: true, webauthn:extension:prf: true, webauthn:virtualAuthenticators: true}
Element: [[ChromeDriver: chrome on windows (d310ead95bc8a4bfb9542c6a48dd079e)] -&gt; xpath: //button[normalize-space()=&#039;Day&#039;]]
Session ID: d310ead95bc8a4bfb9542c6a48dd079e" type="org.openqa.selenium.ElementClickInterceptedException">
      <![CDATA[org.openqa.selenium.ElementClickInterceptedException: element click intercepted: Element <button class="dayView-btn monthView-btn-view" style="background: none;">...</button> is not clickable at point (1437, 118). Other element would receive the click: <input type="text" placeholder="Enter Tasks Name " value="">
  (Session info: chrome=124.0.6367.119)
Build info: version: '4.20.0', revision: '866c76ca80'
System info: os.name: 'Windows 10', os.arch: 'amd64', os.version: '10.0', java.version: '17.0.8'
Driver info: org.openqa.selenium.chrome.ChromeDriver
Command: [d310ead95bc8a4bfb9542c6a48dd079e, clickElement {id=f.9EE26CE8D40E6768727E82D42D92AFA8.d.BCD012C6CF177CF328B07C5376527C8B.e.230}]
Capabilities {acceptInsecureCerts: false, browserName: chrome, browserVersion: 124.0.6367.119, chrome: {chromedriverVersion: 124.0.6367.91 (51df0e5e17a8..., userDataDir: C:\Users\Lenovo\AppData\Loc...}, fedcm:accounts: true, goog:chromeOptions: {debuggerAddress: localhost:57443}, networkConnectionEnabled: false, pageLoadStrategy: normal, platformName: windows, proxy: Proxy(), se:cdp: ws://localhost:57443/devtoo..., se:cdpVersion: 124.0.6367.119, setWindowRect: true, strictFileInteractability: false, timeouts: {implicit: 0, pageLoad: 300000, script: 30000}, unhandledPromptBehavior: dismiss and notify, webauthn:extension:credBlob: true, webauthn:extension:largeBlob: true, webauthn:extension:minPinLength: true, webauthn:extension:prf: true, webauthn:virtualAuthenticators: true}
Element: [[ChromeDriver: chrome on windows (d310ead95bc8a4bfb9542c6a48dd079e)] -> xpath: //button[normalize-space()='Day']]
Session ID: d310ead95bc8a4bfb9542c6a48dd079e
at java.base/jdk.internal.reflect.NativeConstructorAccessorImpl.newInstance0(Native Method)
at java.base/jdk.internal.reflect.NativeConstructorAccessorImpl.newInstance(NativeConstructorAccessorImpl.java:77)
at java.base/jdk.internal.reflect.DelegatingConstructorAccessorImpl.newInstance(DelegatingConstructorAccessorImpl.java:45)
at java.base/java.lang.reflect.Constructor.newInstanceWithCaller(Constructor.java:499)
at java.base/java.lang.reflect.Constructor.newInstance(Constructor.java:480)
at org.openqa.selenium.remote.ErrorCodec.decode(ErrorCodec.java:167)
at org.openqa.selenium.remote.codec.w3c.W3CHttpResponseCodec.decode(W3CHttpResponseCodec.java:138)
at org.openqa.selenium.remote.codec.w3c.W3CHttpResponseCodec.decode(W3CHttpResponseCodec.java:50)
at org.openqa.selenium.remote.HttpCommandExecutor.execute(HttpCommandExecutor.java:190)
at org.openqa.selenium.remote.service.DriverCommandExecutor.invokeExecute(DriverCommandExecutor.java:216)
at org.openqa.selenium.remote.service.DriverCommandExecutor.execute(DriverCommandExecutor.java:174)
at org.openqa.selenium.remote.RemoteWebDriver.execute(RemoteWebDriver.java:518)
at org.openqa.selenium.remote.RemoteWebElement.execute(RemoteWebElement.java:223)
at org.openqa.selenium.remote.RemoteWebElement.click(RemoteWebElement.java:76)
at com.biencaps.erp.utilities.WebElementActions.clickOnMethod(WebElementActions.java:70)
at com.biencaps.erp.pageObjectModels.MyTasksPage.clickOnDayButton(MyTasksPage.java:338)
at com.biencaps.erp.testCases.AddSelfTaskAndCheckInDayViewFunctionality.verifyAddNewTaskFromDayViewSidebar(AddSelfTaskAndCheckInDayViewFunctionality.java:576)
at java.base/jdk.internal.reflect.NativeMethodAccessorImpl.invoke0(Native Method)
at java.base/jdk.internal.reflect.NativeMethodAccessorImpl.invoke(NativeMethodAccessorImpl.java:77)
at java.base/jdk.internal.reflect.DelegatingMethodAccessorImpl.invoke(DelegatingMethodAccessorImpl.java:43)
at java.base/java.lang.reflect.Method.invoke(Method.java:568)
at org.testng.internal.invokers.MethodInvocationHelper.invokeMethod(MethodInvocationHelper.java:139)
at org.testng.internal.invokers.TestInvoker.invokeMethod(TestInvoker.java:664)
at org.testng.internal.invokers.TestInvoker.invokeTestMethod(TestInvoker.java:228)
at org.testng.internal.invokers.MethodRunner.runInSequence(MethodRunner.java:63)
at org.testng.internal.invokers.TestInvoker$MethodInvocationAgent.invoke(TestInvoker.java:961)
at org.testng.internal.invokers.TestInvoker.invokeTestMethods(TestInvoker.java:201)
at org.testng.internal.invokers.TestMethodWorker.invokeTestMethods(TestMethodWorker.java:148)
at org.testng.internal.invokers.TestMethodWorker.run(TestMethodWorker.java:128)
at java.base/java.util.ArrayList.forEach(ArrayList.java:1511)
at org.testng.TestRunner.privateRun(TestRunner.java:819)
at org.testng.TestRunner.run(TestRunner.java:619)
at org.testng.SuiteRunner.runTest(SuiteRunner.java:443)
at org.testng.SuiteRunner.runSequentially(SuiteRunner.java:437)
at org.testng.SuiteRunner.privateRun(SuiteRunner.java:397)
at org.testng.SuiteRunner.run(SuiteRunner.java:336)
at org.testng.SuiteRunnerWorker.runSuite(SuiteRunnerWorker.java:52)
at org.testng.SuiteRunnerWorker.run(SuiteRunnerWorker.java:95)
at org.testng.TestNG.runSuitesSequentially(TestNG.java:1301)
at org.testng.TestNG.runSuitesLocally(TestNG.java:1228)
at org.testng.TestNG.runSuites(TestNG.java:1134)
at org.testng.TestNG.run(TestNG.java:1101)
at org.testng.remote.AbstractRemoteTestNG.run(AbstractRemoteTestNG.java:115)
at org.testng.remote.RemoteTestNG.initAndRun(RemoteTestNG.java:251)
at org.testng.remote.RemoteTestNG.main(RemoteTestNG.java:77)
]]>
    </error>
  </testcase> <!-- verifyAddNewTaskFromDayViewSidebar -->
  <testcase classname="com.biencaps.erp.testCases.AddSelfTaskAndCheckInDayViewFunctionality" name="verifyAddedTaskFromDayViewSidebarCheckInDayView" time="0.001">
    <skipped/>
  </testcase> <!-- verifyAddedTaskFromDayViewSidebarCheckInDayView -->
  <testcase classname="com.biencaps.erp.testCases.AddSelfTaskAndCheckInDayViewFunctionality" name="verifyTotalTasksCountAndLogMessagesInDayViewAfterAddingAnotherTaskFromDayViewSidebar" time="0.000">
    <skipped/>
  </testcase> <!-- verifyTotalTasksCountAndLogMessagesInDayViewAfterAddingAnotherTaskFromDayViewSidebar -->
  <testcase classname="com.biencaps.erp.testCases.AddSelfTaskAndCheckInDayViewFunctionality" name="verifyAddTaskFromWeekViewSidebarByGivingOnlyTitleDateAndComment" time="1.131">
    <error message="element click intercepted: Element &lt;button class=&quot;weekView-btn monthView-btn-view&quot; style=&quot;background: none;&quot;&gt;...&lt;/button&gt; is not clickable at point (1365, 118). Other element would receive the click: &lt;input type=&quot;text&quot; placeholder=&quot;Enter Tasks Name &quot; value=&quot;&quot;&gt;
  (Session info: chrome=124.0.6367.119)
Build info: version: &#039;4.20.0&#039;, revision: &#039;866c76ca80&#039;
System info: os.name: &#039;Windows 10&#039;, os.arch: &#039;amd64&#039;, os.version: &#039;10.0&#039;, java.version: &#039;17.0.8&#039;
Driver info: org.openqa.selenium.chrome.ChromeDriver
Command: [d310ead95bc8a4bfb9542c6a48dd079e, clickElement {id=f.9EE26CE8D40E6768727E82D42D92AFA8.d.BCD012C6CF177CF328B07C5376527C8B.e.231}]
Capabilities {acceptInsecureCerts: false, browserName: chrome, browserVersion: 124.0.6367.119, chrome: {chromedriverVersion: 124.0.6367.91 (51df0e5e17a8..., userDataDir: C:\Users\Lenovo\AppData\Loc...}, fedcm:accounts: true, goog:chromeOptions: {debuggerAddress: localhost:57443}, networkConnectionEnabled: false, pageLoadStrategy: normal, platformName: windows, proxy: Proxy(), se:cdp: ws://localhost:57443/devtoo..., se:cdpVersion: 124.0.6367.119, setWindowRect: true, strictFileInteractability: false, timeouts: {implicit: 0, pageLoad: 300000, script: 30000}, unhandledPromptBehavior: dismiss and notify, webauthn:extension:credBlob: true, webauthn:extension:largeBlob: true, webauthn:extension:minPinLength: true, webauthn:extension:prf: true, webauthn:virtualAuthenticators: true}
Element: [[ChromeDriver: chrome on windows (d310ead95bc8a4bfb9542c6a48dd079e)] -&gt; xpath: //button[normalize-space()=&#039;Week&#039;]]
Session ID: d310ead95bc8a4bfb9542c6a48dd079e" type="org.openqa.selenium.ElementClickInterceptedException">
      <![CDATA[org.openqa.selenium.ElementClickInterceptedException: element click intercepted: Element <button class="weekView-btn monthView-btn-view" style="background: none;">...</button> is not clickable at point (1365, 118). Other element would receive the click: <input type="text" placeholder="Enter Tasks Name " value="">
  (Session info: chrome=124.0.6367.119)
Build info: version: '4.20.0', revision: '866c76ca80'
System info: os.name: 'Windows 10', os.arch: 'amd64', os.version: '10.0', java.version: '17.0.8'
Driver info: org.openqa.selenium.chrome.ChromeDriver
Command: [d310ead95bc8a4bfb9542c6a48dd079e, clickElement {id=f.9EE26CE8D40E6768727E82D42D92AFA8.d.BCD012C6CF177CF328B07C5376527C8B.e.231}]
Capabilities {acceptInsecureCerts: false, browserName: chrome, browserVersion: 124.0.6367.119, chrome: {chromedriverVersion: 124.0.6367.91 (51df0e5e17a8..., userDataDir: C:\Users\Lenovo\AppData\Loc...}, fedcm:accounts: true, goog:chromeOptions: {debuggerAddress: localhost:57443}, networkConnectionEnabled: false, pageLoadStrategy: normal, platformName: windows, proxy: Proxy(), se:cdp: ws://localhost:57443/devtoo..., se:cdpVersion: 124.0.6367.119, setWindowRect: true, strictFileInteractability: false, timeouts: {implicit: 0, pageLoad: 300000, script: 30000}, unhandledPromptBehavior: dismiss and notify, webauthn:extension:credBlob: true, webauthn:extension:largeBlob: true, webauthn:extension:minPinLength: true, webauthn:extension:prf: true, webauthn:virtualAuthenticators: true}
Element: [[ChromeDriver: chrome on windows (d310ead95bc8a4bfb9542c6a48dd079e)] -> xpath: //button[normalize-space()='Week']]
Session ID: d310ead95bc8a4bfb9542c6a48dd079e
at java.base/jdk.internal.reflect.NativeConstructorAccessorImpl.newInstance0(Native Method)
at java.base/jdk.internal.reflect.NativeConstructorAccessorImpl.newInstance(NativeConstructorAccessorImpl.java:77)
at java.base/jdk.internal.reflect.DelegatingConstructorAccessorImpl.newInstance(DelegatingConstructorAccessorImpl.java:45)
at java.base/java.lang.reflect.Constructor.newInstanceWithCaller(Constructor.java:499)
at java.base/java.lang.reflect.Constructor.newInstance(Constructor.java:480)
at org.openqa.selenium.remote.ErrorCodec.decode(ErrorCodec.java:167)
at org.openqa.selenium.remote.codec.w3c.W3CHttpResponseCodec.decode(W3CHttpResponseCodec.java:138)
at org.openqa.selenium.remote.codec.w3c.W3CHttpResponseCodec.decode(W3CHttpResponseCodec.java:50)
at org.openqa.selenium.remote.HttpCommandExecutor.execute(HttpCommandExecutor.java:190)
at org.openqa.selenium.remote.service.DriverCommandExecutor.invokeExecute(DriverCommandExecutor.java:216)
at org.openqa.selenium.remote.service.DriverCommandExecutor.execute(DriverCommandExecutor.java:174)
at org.openqa.selenium.remote.RemoteWebDriver.execute(RemoteWebDriver.java:518)
at org.openqa.selenium.remote.RemoteWebElement.execute(RemoteWebElement.java:223)
at org.openqa.selenium.remote.RemoteWebElement.click(RemoteWebElement.java:76)
at com.biencaps.erp.utilities.WebElementActions.clickOnMethod(WebElementActions.java:70)
at com.biencaps.erp.pageObjectModels.MyTasksPage.clickOnWeekButton(MyTasksPage.java:563)
at com.biencaps.erp.testCases.AddSelfTaskAndCheckInDayViewFunctionality.verifyAddTaskFromWeekViewSidebarByGivingOnlyTitleDateAndComment(AddSelfTaskAndCheckInDayViewFunctionality.java:1005)
at java.base/jdk.internal.reflect.NativeMethodAccessorImpl.invoke0(Native Method)
at java.base/jdk.internal.reflect.NativeMethodAccessorImpl.invoke(NativeMethodAccessorImpl.java:77)
at java.base/jdk.internal.reflect.DelegatingMethodAccessorImpl.invoke(DelegatingMethodAccessorImpl.java:43)
at java.base/java.lang.reflect.Method.invoke(Method.java:568)
at org.testng.internal.invokers.MethodInvocationHelper.invokeMethod(MethodInvocationHelper.java:139)
at org.testng.internal.invokers.TestInvoker.invokeMethod(TestInvoker.java:664)
at org.testng.internal.invokers.TestInvoker.invokeTestMethod(TestInvoker.java:228)
at org.testng.internal.invokers.MethodRunner.runInSequence(MethodRunner.java:63)
at org.testng.internal.invokers.TestInvoker$MethodInvocationAgent.invoke(TestInvoker.java:961)
at org.testng.internal.invokers.TestInvoker.invokeTestMethods(TestInvoker.java:201)
at org.testng.internal.invokers.TestMethodWorker.invokeTestMethods(TestMethodWorker.java:148)
at org.testng.internal.invokers.TestMethodWorker.run(TestMethodWorker.java:128)
at java.base/java.util.ArrayList.forEach(ArrayList.java:1511)
at org.testng.TestRunner.privateRun(TestRunner.java:819)
at org.testng.TestRunner.run(TestRunner.java:619)
at org.testng.SuiteRunner.runTest(SuiteRunner.java:443)
at org.testng.SuiteRunner.runSequentially(SuiteRunner.java:437)
at org.testng.SuiteRunner.privateRun(SuiteRunner.java:397)
at org.testng.SuiteRunner.run(SuiteRunner.java:336)
at org.testng.SuiteRunnerWorker.runSuite(SuiteRunnerWorker.java:52)
at org.testng.SuiteRunnerWorker.run(SuiteRunnerWorker.java:95)
at org.testng.TestNG.runSuitesSequentially(TestNG.java:1301)
at org.testng.TestNG.runSuitesLocally(TestNG.java:1228)
at org.testng.TestNG.runSuites(TestNG.java:1134)
at org.testng.TestNG.run(TestNG.java:1101)
at org.testng.remote.AbstractRemoteTestNG.run(AbstractRemoteTestNG.java:115)
at org.testng.remote.RemoteTestNG.initAndRun(RemoteTestNG.java:251)
at org.testng.remote.RemoteTestNG.main(RemoteTestNG.java:77)
]]>
    </error>
  </testcase> <!-- verifyAddTaskFromWeekViewSidebarByGivingOnlyTitleDateAndComment -->
  <testcase classname="com.biencaps.erp.testCases.AddSelfTaskAndCheckInDayViewFunctionality" name="verifyNewAddedTaskFromWeekViewSidebarInWeekView" time="0.000">
    <skipped/>
  </testcase> <!-- verifyNewAddedTaskFromWeekViewSidebarInWeekView -->
  <testcase classname="com.biencaps.erp.testCases.AddSelfTaskAndCheckInDayViewFunctionality" name="verifyAddedTaskFromWeekViewSidebarCheckInDayView" time="0.000">
    <skipped/>
  </testcase> <!-- verifyAddedTaskFromWeekViewSidebarCheckInDayView -->
  <testcase classname="com.biencaps.erp.testCases.AddSelfTaskAndCheckInDayViewFunctionality" name="verifyTotalTasksCountAndLogMessagesInDayViewAfterAddingAnotherTaskFromWeekViewSidebar" time="0.000">
    <skipped/>
  </testcase> <!-- verifyTotalTasksCountAndLogMessagesInDayViewAfterAddingAnotherTaskFromWeekViewSidebar -->
  <testcase classname="com.biencaps.erp.testCases.AddSelfTaskAndCheckInDayViewFunctionality" name="verifyAddedTaskFromWeekViewAtParticularDateCheckInDayView">
    <skipped/>
  </testcase> <!-- verifyAddedTaskFromWeekViewAtParticularDateCheckInDayView -->
  <testcase classname="com.biencaps.erp.testCases.AddSelfTaskAndCheckInDayViewFunctionality" name="verifyAddTaskFromMonthViewByGivingOnlyTitle">
    <skipped/>
  </testcase> <!-- verifyAddTaskFromMonthViewByGivingOnlyTitle -->
  <testcase classname="com.biencaps.erp.testCases.AddSelfTaskAndCheckInDayViewFunctionality" name="verifyTotalTasksCountAndLogMessagesInDayViewAfterTaskAddedFromWeekViewAtParticularDate">
    <skipped/>
  </testcase> <!-- verifyTotalTasksCountAndLogMessagesInDayViewAfterTaskAddedFromWeekViewAtParticularDate -->
  <testcase classname="com.biencaps.erp.testCases.AddSelfTaskAndCheckInDayViewFunctionality" name="verifyNewAddedTaskFromWeekViewSidebarAtParticularDateInWeekView">
    <skipped/>
  </testcase> <!-- verifyNewAddedTaskFromWeekViewSidebarAtParticularDateInWeekView -->
  <testcase classname="com.biencaps.erp.testCases.AddSelfTaskAndCheckInDayViewFunctionality" name="verifyAddTaskFromWeekViewAtParticularDate">
    <skipped/>
  </testcase> <!-- verifyAddTaskFromWeekViewAtParticularDate -->
</testsuite> <!-- com.biencaps.erp.testCases.AddSelfTaskAndCheckInDayViewFunctionality -->
