<?xml version="1.0" encoding="UTF-8"?>
<!-- Generated by org.testng.reporters.JUnitReportReporter -->
<testsuite hostname="DESKTOP-BG83L86" failures="0" tests="13" name="com.biencaps.erp.testCases.SelfTaskUpdateFunctionality" time="158.512" errors="1" timestamp="2024-05-04T14:15:58 IST" skipped="1">
  <testcase classname="com.biencaps.erp.testCases.SelfTaskUpdateFunctionality" name="verifyLastTaskDetailsInDayView" time="15.182"/>
  <testcase classname="com.biencaps.erp.testCases.SelfTaskUpdateFunctionality" name="verifyUpdateSelfTaskTitleFromDayViewAndCheckTaskTitleAndLogs" time="16.472"/>
  <testcase classname="com.biencaps.erp.testCases.SelfTaskUpdateFunctionality" name="verifyUpdateSelfTaskStatusFromDayViewAndCheckTaskStatusAndLogs" time="14.140"/>
  <testcase classname="com.biencaps.erp.testCases.SelfTaskUpdateFunctionality" name="verifyUpdateSelfTaskPriorityFromDayViewAndCheckTaskPriorityAndLogs" time="13.707"/>
  <testcase classname="com.biencaps.erp.testCases.SelfTaskUpdateFunctionality" name="verifyUpdateSelfTaskDueDateFromDayViewAndCheckTaskDueDateAndLogs" time="14.828"/>
  <testcase classname="com.biencaps.erp.testCases.SelfTaskUpdateFunctionality" name="verifyUpdateSelfTaskDepartmentFromDayViewAndCheckTaskDepartmentAndLogs" time="14.525"/>
  <testcase classname="com.biencaps.erp.testCases.SelfTaskUpdateFunctionality" name="verifyUpdateSelfTaskGitlinkFromDayViewWithoutSelectingProject" time="2.603"/>
  <testcase classname="com.biencaps.erp.testCases.SelfTaskUpdateFunctionality" name="verifyUpdateSelfTaskProjectFromDayViewAndCheckTaskProjectAndLogs" time="14.781"/>
  <testcase classname="com.biencaps.erp.testCases.SelfTaskUpdateFunctionality" name="verifyUpdateSelfTaskGitlinkByGivingInvalidGitlinkFromDayViewAndCheckTaskGitlinkAndLogs" time="6.232"/>
  <testcase classname="com.biencaps.erp.testCases.SelfTaskUpdateFunctionality" name="verifyUpdateSelfTaskGitlinkByGivingValidGitlinkFromDayViewAndCheckTaskGitlinkAndLogs" time="13.773"/>
  <testcase classname="com.biencaps.erp.testCases.SelfTaskUpdateFunctionality" name="verifyUpdateSelfTaskVerifiedStatusFromDayViewAndCheckTaskVerifiedStatusAndLogs" time="9.854">
    <error message="Expected condition failed: waiting for visibility of all elements located by By.xpath: //div[@class=&#039;listOfVerifiedWrapper&#039;]//div (tried for 7 second(s) with 500 milliseconds interval)
Build info: version: &#039;4.20.0&#039;, revision: &#039;866c76ca80&#039;
System info: os.name: &#039;Windows 10&#039;, os.arch: &#039;amd64&#039;, os.version: &#039;10.0&#039;, java.version: &#039;17.0.8&#039;
Driver info: org.openqa.selenium.chrome.ChromeDriver
Capabilities {acceptInsecureCerts: false, browserName: chrome, browserVersion: 124.0.6367.119, chrome: {chromedriverVersion: 124.0.6367.91 (51df0e5e17a8..., userDataDir: C:\Users\Lenovo\AppData\Loc...}, fedcm:accounts: true, goog:chromeOptions: {debuggerAddress: localhost:62337}, networkConnectionEnabled: false, pageLoadStrategy: normal, platformName: windows, proxy: Proxy(), se:cdp: ws://localhost:62337/devtoo..., se:cdpVersion: 124.0.6367.119, setWindowRect: true, strictFileInteractability: false, timeouts: {implicit: 0, pageLoad: 300000, script: 30000}, unhandledPromptBehavior: dismiss and notify, webauthn:extension:credBlob: true, webauthn:extension:largeBlob: true, webauthn:extension:minPinLength: true, webauthn:extension:prf: true, webauthn:virtualAuthenticators: true}
Session ID: 1d02dea901232dbecef573dab2fbcfaf" type="org.openqa.selenium.TimeoutException">
      <![CDATA[org.openqa.selenium.TimeoutException: Expected condition failed: waiting for visibility of all elements located by By.xpath: //div[@class='listOfVerifiedWrapper']//div (tried for 7 second(s) with 500 milliseconds interval)
Build info: version: '4.20.0', revision: '866c76ca80'
System info: os.name: 'Windows 10', os.arch: 'amd64', os.version: '10.0', java.version: '17.0.8'
Driver info: org.openqa.selenium.chrome.ChromeDriver
Capabilities {acceptInsecureCerts: false, browserName: chrome, browserVersion: 124.0.6367.119, chrome: {chromedriverVersion: 124.0.6367.91 (51df0e5e17a8..., userDataDir: C:\Users\Lenovo\AppData\Loc...}, fedcm:accounts: true, goog:chromeOptions: {debuggerAddress: localhost:62337}, networkConnectionEnabled: false, pageLoadStrategy: normal, platformName: windows, proxy: Proxy(), se:cdp: ws://localhost:62337/devtoo..., se:cdpVersion: 124.0.6367.119, setWindowRect: true, strictFileInteractability: false, timeouts: {implicit: 0, pageLoad: 300000, script: 30000}, unhandledPromptBehavior: dismiss and notify, webauthn:extension:credBlob: true, webauthn:extension:largeBlob: true, webauthn:extension:minPinLength: true, webauthn:extension:prf: true, webauthn:virtualAuthenticators: true}
Session ID: 1d02dea901232dbecef573dab2fbcfaf
at org.openqa.selenium.support.ui.WebDriverWait.timeoutException(WebDriverWait.java:84)
at org.openqa.selenium.support.ui.FluentWait.until(FluentWait.java:228)
at com.biencaps.erp.utilities.WebElementActions.sizeOfListOfWebElement(WebElementActions.java:31)
at com.biencaps.erp.pageObjectModels.MyTasksPage.checkSelectedTaskVerifiedStatusValueFromDropdownInDayView(MyTasksPage.java:771)
at com.biencaps.erp.testCases.SelfTaskUpdateFunctionality.verifyUpdateSelfTaskVerifiedStatusFromDayViewAndCheckTaskVerifiedStatusAndLogs(SelfTaskUpdateFunctionality.java:590)
at java.base/jdk.internal.reflect.NativeMethodAccessorImpl.invoke0(Native Method)
at java.base/jdk.internal.reflect.NativeMethodAccessorImpl.invoke(NativeMethodAccessorImpl.java:77)
at java.base/jdk.internal.reflect.DelegatingMethodAccessorImpl.invoke(DelegatingMethodAccessorImpl.java:43)
at java.base/java.lang.reflect.Method.invoke(Method.java:568)
at org.testng.internal.invokers.MethodInvocationHelper.invokeMethod(MethodInvocationHelper.java:139)
at org.testng.internal.invokers.TestInvoker.invokeMethod(TestInvoker.java:664)
at org.testng.internal.invokers.TestInvoker.invokeTestMethod(TestInvoker.java:228)
at org.testng.internal.invokers.MethodRunner.runInSequence(MethodRunner.java:63)
at org.testng.internal.invokers.TestInvoker$MethodInvocationAgent.invoke(TestInvoker.java:961)
at org.testng.internal.invokers.TestInvoker.invokeTestMethods(TestInvoker.java:201)
at org.testng.internal.invokers.TestMethodWorker.invokeTestMethods(TestMethodWorker.java:148)
at org.testng.internal.invokers.TestMethodWorker.run(TestMethodWorker.java:128)
at java.base/java.util.ArrayList.forEach(ArrayList.java:1511)
at org.testng.TestRunner.privateRun(TestRunner.java:819)
at org.testng.TestRunner.run(TestRunner.java:619)
at org.testng.SuiteRunner.runTest(SuiteRunner.java:443)
at org.testng.SuiteRunner.runSequentially(SuiteRunner.java:437)
at org.testng.SuiteRunner.privateRun(SuiteRunner.java:397)
at org.testng.SuiteRunner.run(SuiteRunner.java:336)
at org.testng.SuiteRunnerWorker.runSuite(SuiteRunnerWorker.java:52)
at org.testng.SuiteRunnerWorker.run(SuiteRunnerWorker.java:95)
at org.testng.TestNG.runSuitesSequentially(TestNG.java:1301)
at org.testng.TestNG.runSuitesLocally(TestNG.java:1228)
at org.testng.TestNG.runSuites(TestNG.java:1134)
at org.testng.TestNG.run(TestNG.java:1101)
at org.testng.remote.AbstractRemoteTestNG.run(AbstractRemoteTestNG.java:115)
at org.testng.remote.RemoteTestNG.initAndRun(RemoteTestNG.java:251)
at org.testng.remote.RemoteTestNG.main(RemoteTestNG.java:77)
]]>
    </error>
  </testcase> <!-- verifyUpdateSelfTaskVerifiedStatusFromDayViewAndCheckTaskVerifiedStatusAndLogs -->
  <testcase classname="com.biencaps.erp.testCases.SelfTaskUpdateFunctionality" name="verifyUpdateSelfTaskCommentFromDayViewAndCheckTaskCommentAndLogs" time="22.415"/>
  <testcase classname="com.biencaps.erp.testCases.SelfTaskUpdateFunctionality" name="verifyUpdateSelfTaskTimeFromDayViewAndCheckTaskTimeAndLogs">
    <skipped/>
  </testcase> <!-- verifyUpdateSelfTaskTimeFromDayViewAndCheckTaskTimeAndLogs -->
</testsuite> <!-- com.biencaps.erp.testCases.SelfTaskUpdateFunctionality -->
