<?xml version="1.0" encoding="UTF-8"?>
<!-- Generated by org.testng.reporters.JUnitReportReporter -->
<testsuite hostname="DESKTOP-BG83L86" failures="1" tests="25" name="com.biencaps.erp.testCases.SelfTaskSubmittedFunctionality" time="66.475" errors="2" timestamp="2024-05-06T15:19:44 IST" skipped="19">
  <testcase classname="com.biencaps.erp.testCases.SelfTaskSubmittedFunctionality" name="tearDown" time="0.003">
    <error message="no such window: target window already closed
from unknown error: web view not found
  (Session info: chrome=124.0.6367.119)
Build info: version: &#039;4.20.0&#039;, revision: &#039;866c76ca80&#039;
System info: os.name: &#039;Windows 10&#039;, os.arch: &#039;amd64&#039;, os.version: &#039;10.0&#039;, java.version: &#039;17.0.8&#039;
Driver info: org.openqa.selenium.chrome.ChromeDriver
Command: [27373a7b46e32b7c205e009bbaefa6cc, screenshot {}]
Capabilities {acceptInsecureCerts: false, browserName: chrome, browserVersion: 124.0.6367.119, chrome: {chromedriverVersion: 124.0.6367.91 (51df0e5e17a8..., userDataDir: C:\Users\Lenovo\AppData\Loc...}, fedcm:accounts: true, goog:chromeOptions: {debuggerAddress: localhost:59694}, networkConnectionEnabled: false, pageLoadStrategy: normal, platformName: windows, proxy: Proxy(), se:cdp: ws://localhost:59694/devtoo..., se:cdpVersion: 124.0.6367.119, setWindowRect: true, strictFileInteractability: false, timeouts: {implicit: 0, pageLoad: 300000, script: 30000}, unhandledPromptBehavior: dismiss and notify, webauthn:extension:credBlob: true, webauthn:extension:largeBlob: true, webauthn:extension:minPinLength: true, webauthn:extension:prf: true, webauthn:virtualAuthenticators: true}
Session ID: 27373a7b46e32b7c205e009bbaefa6cc" type="org.openqa.selenium.NoSuchWindowException">
      <![CDATA[org.openqa.selenium.NoSuchWindowException: no such window: target window already closed
from unknown error: web view not found
  (Session info: chrome=124.0.6367.119)
Build info: version: '4.20.0', revision: '866c76ca80'
System info: os.name: 'Windows 10', os.arch: 'amd64', os.version: '10.0', java.version: '17.0.8'
Driver info: org.openqa.selenium.chrome.ChromeDriver
Command: [27373a7b46e32b7c205e009bbaefa6cc, screenshot {}]
Capabilities {acceptInsecureCerts: false, browserName: chrome, browserVersion: 124.0.6367.119, chrome: {chromedriverVersion: 124.0.6367.91 (51df0e5e17a8..., userDataDir: C:\Users\Lenovo\AppData\Loc...}, fedcm:accounts: true, goog:chromeOptions: {debuggerAddress: localhost:59694}, networkConnectionEnabled: false, pageLoadStrategy: normal, platformName: windows, proxy: Proxy(), se:cdp: ws://localhost:59694/devtoo..., se:cdpVersion: 124.0.6367.119, setWindowRect: true, strictFileInteractability: false, timeouts: {implicit: 0, pageLoad: 300000, script: 30000}, unhandledPromptBehavior: dismiss and notify, webauthn:extension:credBlob: true, webauthn:extension:largeBlob: true, webauthn:extension:minPinLength: true, webauthn:extension:prf: true, webauthn:virtualAuthenticators: true}
Session ID: 27373a7b46e32b7c205e009bbaefa6cc
at java.base/jdk.internal.reflect.NativeConstructorAccessorImpl.newInstance0(Native Method)
at java.base/jdk.internal.reflect.NativeConstructorAccessorImpl.newInstance(NativeConstructorAccessorImpl.java:77)
at java.base/jdk.internal.reflect.DelegatingConstructorAccessorImpl.newInstance(DelegatingConstructorAccessorImpl.java:45)
at java.base/java.lang.reflect.Constructor.newInstanceWithCaller(Constructor.java:499)
at java.base/java.lang.reflect.Constructor.newInstance(Constructor.java:480)
at org.openqa.selenium.remote.ErrorCodec.decode(ErrorCodec.java:167)
at org.openqa.selenium.remote.codec.w3c.W3CHttpResponseCodec.decode(W3CHttpResponseCodec.java:138)
at org.openqa.selenium.remote.codec.w3c.W3CHttpResponseCodec.decode(W3CHttpResponseCodec.java:50)
at org.openqa.selenium.remote.HttpCommandExecutor.execute(HttpCommandExecutor.java:190)
at org.openqa.selenium.remote.service.DriverCommandExecutor.invokeExecute(DriverCommandExecutor.java:216)
at org.openqa.selenium.remote.service.DriverCommandExecutor.execute(DriverCommandExecutor.java:174)
at org.openqa.selenium.remote.RemoteWebDriver.execute(RemoteWebDriver.java:518)
at org.openqa.selenium.remote.RemoteWebDriver.execute(RemoteWebDriver.java:591)
at org.openqa.selenium.remote.RemoteWebDriver.execute(RemoteWebDriver.java:595)
at org.openqa.selenium.remote.RemoteWebDriver.getScreenshotAs(RemoteWebDriver.java:321)
at com.biencaps.erp.testCases.BaseTest.captureScreenshot(BaseTest.java:70)
at com.biencaps.erp.testCases.BaseTest.tearDown(BaseTest.java:59)
at jdk.internal.reflect.GeneratedMethodAccessor6.invoke(Unknown Source)
at java.base/jdk.internal.reflect.DelegatingMethodAccessorImpl.invoke(DelegatingMethodAccessorImpl.java:43)
at java.base/java.lang.reflect.Method.invoke(Method.java:568)
at org.testng.internal.invokers.MethodInvocationHelper.invokeMethod(MethodInvocationHelper.java:139)
at org.testng.internal.invokers.MethodInvocationHelper.invokeMethodConsideringTimeout(MethodInvocationHelper.java:69)
at org.testng.internal.invokers.ConfigInvoker.invokeConfigurationMethod(ConfigInvoker.java:393)
at org.testng.internal.invokers.ConfigInvoker.invokeConfigurations(ConfigInvoker.java:326)
at org.testng.internal.invokers.TestInvoker.runConfigMethods(TestInvoker.java:810)
at org.testng.internal.invokers.TestInvoker.runAfterConfigurations(TestInvoker.java:779)
at org.testng.internal.invokers.TestInvoker.invokeMethod(TestInvoker.java:755)
at org.testng.internal.invokers.TestInvoker.invokeTestMethod(TestInvoker.java:228)
at org.testng.internal.invokers.MethodRunner.runInSequence(MethodRunner.java:63)
at org.testng.internal.invokers.TestInvoker$MethodInvocationAgent.invoke(TestInvoker.java:961)
at org.testng.internal.invokers.TestInvoker.invokeTestMethods(TestInvoker.java:201)
at org.testng.internal.invokers.TestMethodWorker.invokeTestMethods(TestMethodWorker.java:148)
at org.testng.internal.invokers.TestMethodWorker.run(TestMethodWorker.java:128)
at java.base/java.util.ArrayList.forEach(ArrayList.java:1511)
at org.testng.TestRunner.privateRun(TestRunner.java:819)
at org.testng.TestRunner.run(TestRunner.java:619)
at org.testng.SuiteRunner.runTest(SuiteRunner.java:443)
at org.testng.SuiteRunner.runSequentially(SuiteRunner.java:437)
at org.testng.SuiteRunner.privateRun(SuiteRunner.java:397)
at org.testng.SuiteRunner.run(SuiteRunner.java:336)
at org.testng.SuiteRunnerWorker.runSuite(SuiteRunnerWorker.java:52)
at org.testng.SuiteRunnerWorker.run(SuiteRunnerWorker.java:95)
at org.testng.TestNG.runSuitesSequentially(TestNG.java:1301)
at org.testng.TestNG.runSuitesLocally(TestNG.java:1228)
at org.testng.TestNG.runSuites(TestNG.java:1134)
at org.testng.TestNG.run(TestNG.java:1101)
at org.testng.remote.AbstractRemoteTestNG.run(AbstractRemoteTestNG.java:115)
at org.testng.remote.RemoteTestNG.initAndRun(RemoteTestNG.java:251)
at org.testng.remote.RemoteTestNG.main(RemoteTestNG.java:77)
]]>
    </error>
  </testcase> <!-- tearDown -->
  <testcase classname="com.biencaps.erp.testCases.SelfTaskSubmittedFunctionality" name="verifySelfTaskSubmittedInDayView" time="16.455"/>
  <testcase classname="com.biencaps.erp.testCases.SelfTaskSubmittedFunctionality" name="verifyTaskSubmittedRequestInMyRequestSection" time="14.148"/>
  <testcase classname="com.biencaps.erp.testCases.SelfTaskSubmittedFunctionality" name="verifyNotificationMessageAndRequestOfEmployeeAtAllHigherAuthority" time="15.707">
    <failure message="expected [true] but found [false]" type="java.lang.AssertionError">
      <![CDATA[java.lang.AssertionError: expected [true] but found [false]
at org.testng.Assert.fail(Assert.java:111)
at org.testng.Assert.failNotEquals(Assert.java:1578)
at org.testng.Assert.assertTrue(Assert.java:57)
at org.testng.Assert.assertTrue(Assert.java:67)
at com.biencaps.erp.testCases.RequestFunctionality.verifyRequestInReceivedRequestCard(RequestFunctionality.java:41)
at com.biencaps.erp.utilities.CommonTestMethods.verifyloggedInEmployeeNameNotificationMessageAndRequestForAllHigherAuthority(CommonTestMethods.java:240)
at com.biencaps.erp.testCases.SelfTaskSubmittedFunctionality.verifyNotificationMessageAndRequestOfEmployeeAtAllHigherAuthority(SelfTaskSubmittedFunctionality.java:104)
at java.base/jdk.internal.reflect.NativeMethodAccessorImpl.invoke0(Native Method)
at java.base/jdk.internal.reflect.NativeMethodAccessorImpl.invoke(NativeMethodAccessorImpl.java:77)
at java.base/jdk.internal.reflect.DelegatingMethodAccessorImpl.invoke(DelegatingMethodAccessorImpl.java:43)
at java.base/java.lang.reflect.Method.invoke(Method.java:568)
at org.testng.internal.invokers.MethodInvocationHelper.invokeMethod(MethodInvocationHelper.java:139)
at org.testng.internal.invokers.TestInvoker.invokeMethod(TestInvoker.java:664)
at org.testng.internal.invokers.TestInvoker.invokeTestMethod(TestInvoker.java:228)
at org.testng.internal.invokers.MethodRunner.runInSequence(MethodRunner.java:63)
at org.testng.internal.invokers.TestInvoker$MethodInvocationAgent.invoke(TestInvoker.java:961)
at org.testng.internal.invokers.TestInvoker.invokeTestMethods(TestInvoker.java:201)
at org.testng.internal.invokers.TestMethodWorker.invokeTestMethods(TestMethodWorker.java:148)
at org.testng.internal.invokers.TestMethodWorker.run(TestMethodWorker.java:128)
at java.base/java.util.ArrayList.forEach(ArrayList.java:1511)
at org.testng.TestRunner.privateRun(TestRunner.java:819)
at org.testng.TestRunner.run(TestRunner.java:619)
at org.testng.SuiteRunner.runTest(SuiteRunner.java:443)
at org.testng.SuiteRunner.runSequentially(SuiteRunner.java:437)
at org.testng.SuiteRunner.privateRun(SuiteRunner.java:397)
at org.testng.SuiteRunner.run(SuiteRunner.java:336)
at org.testng.SuiteRunnerWorker.runSuite(SuiteRunnerWorker.java:52)
at org.testng.SuiteRunnerWorker.run(SuiteRunnerWorker.java:95)
at org.testng.TestNG.runSuitesSequentially(TestNG.java:1301)
at org.testng.TestNG.runSuitesLocally(TestNG.java:1228)
at org.testng.TestNG.runSuites(TestNG.java:1134)
at org.testng.TestNG.run(TestNG.java:1101)
at org.testng.remote.AbstractRemoteTestNG.run(AbstractRemoteTestNG.java:115)
at org.testng.remote.RemoteTestNG.initAndRun(RemoteTestNG.java:251)
at org.testng.remote.RemoteTestNG.main(RemoteTestNG.java:77)
]]>
    </failure>
  </testcase> <!-- verifyNotificationMessageAndRequestOfEmployeeAtAllHigherAuthority -->
  <testcase classname="com.biencaps.erp.testCases.SelfTaskSubmittedFunctionality" name="verifyIsRequestActionAndTaskTitlePresentInRequestCardList" time="3.242"/>
  <testcase classname="com.biencaps.erp.testCases.SelfTaskSubmittedFunctionality" name="verifyLogoutAsHigherAuthorityLoginAsEmployeeAndCheckEmployeeName" time="16.920">
    <error message="Expected condition failed: waiting for visibility of element located by By.xpath: //p[@class=&#039;profileName&#039;] (tried for 7 second(s) with 500 milliseconds interval)" type="org.openqa.selenium.TimeoutException">
      <![CDATA[org.openqa.selenium.TimeoutException: Expected condition failed: waiting for visibility of element located by By.xpath: //p[@class='profileName'] (tried for 7 second(s) with 500 milliseconds interval)
at org.openqa.selenium.support.ui.WebDriverWait.timeoutException(WebDriverWait.java:84)
at org.openqa.selenium.support.ui.FluentWait.until(FluentWait.java:228)
at com.biencaps.erp.utilities.WebElementActions.getTextMethod(WebElementActions.java:144)
at com.biencaps.erp.pageObjectModels.DashboardPage.checkEmployeeNameAtDashboard(DashboardPage.java:41)
at com.biencaps.erp.utilities.CommonTestMethods.verifyEmployeeNameAfterLoggedIn(CommonTestMethods.java:80)
at com.biencaps.erp.testCases.SelfTaskSubmittedFunctionality.verifyLogoutAsHigherAuthorityLoginAsEmployeeAndCheckEmployeeName(SelfTaskSubmittedFunctionality.java:239)
at java.base/jdk.internal.reflect.NativeMethodAccessorImpl.invoke0(Native Method)
at java.base/jdk.internal.reflect.NativeMethodAccessorImpl.invoke(NativeMethodAccessorImpl.java:77)
at java.base/jdk.internal.reflect.DelegatingMethodAccessorImpl.invoke(DelegatingMethodAccessorImpl.java:43)
at java.base/java.lang.reflect.Method.invoke(Method.java:568)
at org.testng.internal.invokers.MethodInvocationHelper.invokeMethod(MethodInvocationHelper.java:139)
at org.testng.internal.invokers.TestInvoker.invokeMethod(TestInvoker.java:664)
at org.testng.internal.invokers.TestInvoker.invokeTestMethod(TestInvoker.java:228)
at org.testng.internal.invokers.MethodRunner.runInSequence(MethodRunner.java:63)
at org.testng.internal.invokers.TestInvoker$MethodInvocationAgent.invoke(TestInvoker.java:961)
at org.testng.internal.invokers.TestInvoker.invokeTestMethods(TestInvoker.java:201)
at org.testng.internal.invokers.TestMethodWorker.invokeTestMethods(TestMethodWorker.java:148)
at org.testng.internal.invokers.TestMethodWorker.run(TestMethodWorker.java:128)
at java.base/java.util.ArrayList.forEach(ArrayList.java:1511)
at org.testng.TestRunner.privateRun(TestRunner.java:819)
at org.testng.TestRunner.run(TestRunner.java:619)
at org.testng.SuiteRunner.runTest(SuiteRunner.java:443)
at org.testng.SuiteRunner.runSequentially(SuiteRunner.java:437)
at org.testng.SuiteRunner.privateRun(SuiteRunner.java:397)
at org.testng.SuiteRunner.run(SuiteRunner.java:336)
at org.testng.SuiteRunnerWorker.runSuite(SuiteRunnerWorker.java:52)
at org.testng.SuiteRunnerWorker.run(SuiteRunnerWorker.java:95)
at org.testng.TestNG.runSuitesSequentially(TestNG.java:1301)
at org.testng.TestNG.runSuitesLocally(TestNG.java:1228)
at org.testng.TestNG.runSuites(TestNG.java:1134)
at org.testng.TestNG.run(TestNG.java:1101)
at org.testng.remote.AbstractRemoteTestNG.run(AbstractRemoteTestNG.java:115)
at org.testng.remote.RemoteTestNG.initAndRun(RemoteTestNG.java:251)
at org.testng.remote.RemoteTestNG.main(RemoteTestNG.java:77)
Caused by: org.openqa.selenium.NoSuchWindowException: no such window: target window already closed
from unknown error: web view not found
  (Session info: chrome=124.0.6367.119)
Build info: version: '4.20.0', revision: '866c76ca80'
System info: os.name: 'Windows 10', os.arch: 'amd64', os.version: '10.0', java.version: '17.0.8'
Driver info: org.openqa.selenium.chrome.ChromeDriver
Command: [27373a7b46e32b7c205e009bbaefa6cc, findElement {value=//p[@class='profileName'], using=xpath}]
Capabilities {acceptInsecureCerts: false, browserName: chrome, browserVersion: 124.0.6367.119, chrome: {chromedriverVersion: 124.0.6367.91 (51df0e5e17a8..., userDataDir: C:\Users\Lenovo\AppData\Loc...}, fedcm:accounts: true, goog:chromeOptions: {debuggerAddress: localhost:59694}, networkConnectionEnabled: false, pageLoadStrategy: normal, platformName: windows, proxy: Proxy(), se:cdp: ws://localhost:59694/devtoo..., se:cdpVersion: 124.0.6367.119, setWindowRect: true, strictFileInteractability: false, timeouts: {implicit: 0, pageLoad: 300000, script: 30000}, unhandledPromptBehavior: dismiss and notify, webauthn:extension:credBlob: true, webauthn:extension:largeBlob: true, webauthn:extension:minPinLength: true, webauthn:extension:prf: true, webauthn:virtualAuthenticators: true}
Session ID: 27373a7b46e32b7c205e009bbaefa6cc
at java.base/jdk.internal.reflect.NativeConstructorAccessorImpl.newInstance0(Native Method)
at java.base/jdk.internal.reflect.NativeConstructorAccessorImpl.newInstance(NativeConstructorAccessorImpl.java:77)
at java.base/jdk.internal.reflect.DelegatingConstructorAccessorImpl.newInstance(DelegatingConstructorAccessorImpl.java:45)
at java.base/java.lang.reflect.Constructor.newInstanceWithCaller(Constructor.java:499)
at java.base/java.lang.reflect.Constructor.newInstance(Constructor.java:480)
at org.openqa.selenium.remote.ErrorCodec.decode(ErrorCodec.java:167)
at org.openqa.selenium.remote.codec.w3c.W3CHttpResponseCodec.decode(W3CHttpResponseCodec.java:138)
at org.openqa.selenium.remote.codec.w3c.W3CHttpResponseCodec.decode(W3CHttpResponseCodec.java:50)
at org.openqa.selenium.remote.HttpCommandExecutor.execute(HttpCommandExecutor.java:190)
at org.openqa.selenium.remote.service.DriverCommandExecutor.invokeExecute(DriverCommandExecutor.java:216)
at org.openqa.selenium.remote.service.DriverCommandExecutor.execute(DriverCommandExecutor.java:174)
at org.openqa.selenium.remote.RemoteWebDriver.execute(RemoteWebDriver.java:518)
at org.openqa.selenium.remote.ElementLocation$ElementFinder$2.findElement(ElementLocation.java:165)
at org.openqa.selenium.remote.ElementLocation.findElement(ElementLocation.java:59)
at org.openqa.selenium.remote.RemoteWebDriver.findElement(RemoteWebDriver.java:355)
at org.openqa.selenium.remote.RemoteWebDriver.findElement(RemoteWebDriver.java:349)
at org.openqa.selenium.support.ui.ExpectedConditions$7.apply(ExpectedConditions.java:194)
at org.openqa.selenium.support.ui.ExpectedConditions$7.apply(ExpectedConditions.java:190)
at org.openqa.selenium.support.ui.FluentWait.until(FluentWait.java:203)
... 32 more
]]>
    </error>
  </testcase> <!-- verifyLogoutAsHigherAuthorityLoginAsEmployeeAndCheckEmployeeName -->
  <testcase classname="com.biencaps.erp.testCases.SelfTaskSubmittedFunctionality" name="verifyNotificationMessageOfTaskSubmitRequestRejectedByHigherAuthority" time="0.000">
    <skipped/>
  </testcase> <!-- verifyNotificationMessageOfTaskSubmitRequestRejectedByHigherAuthority -->
  <testcase classname="com.biencaps.erp.testCases.SelfTaskSubmittedFunctionality" name="verifyTaskStatusInDayViewAfterTaskSubmittedRequestRejectedByHigherAuthority" time="0.000">
    <skipped/>
  </testcase> <!-- verifyTaskStatusInDayViewAfterTaskSubmittedRequestRejectedByHigherAuthority -->
  <testcase classname="com.biencaps.erp.testCases.SelfTaskSubmittedFunctionality" name="verifyLogMessageAfterSubmitTaskRequestRejected" time="0.000">
    <skipped/>
  </testcase> <!-- verifyLogMessageAfterSubmitTaskRequestRejected -->
  <testcase classname="com.biencaps.erp.testCases.SelfTaskSubmittedFunctionality" name="verifyTaskRequestInMyRequestSectionAfterRejectedSubmitTaskRequest" time="0.000">
    <skipped/>
  </testcase> <!-- verifyTaskRequestInMyRequestSectionAfterRejectedSubmitTaskRequest -->
  <testcase classname="com.biencaps.erp.testCases.SelfTaskSubmittedFunctionality" name="verifyApprovedRequestForTaskSubmitOfEmployeeFromHigherAuthoritySide" time="0.000">
    <skipped/>
  </testcase> <!-- verifyApprovedRequestForTaskSubmitOfEmployeeFromHigherAuthoritySide -->
  <testcase classname="com.biencaps.erp.testCases.SelfTaskSubmittedFunctionality" name="verifyNotificationMessageOfTaskSubmitRequestApprovedByHigherAuthority" time="0.000">
    <skipped/>
  </testcase> <!-- verifyNotificationMessageOfTaskSubmitRequestApprovedByHigherAuthority -->
  <testcase classname="com.biencaps.erp.testCases.SelfTaskSubmittedFunctionality" name="verifyTaskStatusInDayViewAfterTaskSubmittedRequestApprovedByHigherAuthority" time="0.000">
    <skipped/>
  </testcase> <!-- verifyTaskStatusInDayViewAfterTaskSubmittedRequestApprovedByHigherAuthority -->
  <testcase classname="com.biencaps.erp.testCases.SelfTaskSubmittedFunctionality" name="verifyCompletedTasksCountAndPercentageAfterTaskCompletedInDayView" time="0.000">
    <skipped/>
  </testcase> <!-- verifyCompletedTasksCountAndPercentageAfterTaskCompletedInDayView -->
  <testcase classname="com.biencaps.erp.testCases.SelfTaskSubmittedFunctionality" name="verifyLogMessageAfterSubmitTaskRequestApproved" time="0.000">
    <skipped/>
  </testcase> <!-- verifyLogMessageAfterSubmitTaskRequestApproved -->
  <testcase classname="com.biencaps.erp.testCases.SelfTaskSubmittedFunctionality" name="verifyTaskRequestInMyRequestSectionAfterApprovedSubmitTaskRequest" time="0.000">
    <skipped/>
  </testcase> <!-- verifyTaskRequestInMyRequestSectionAfterApprovedSubmitTaskRequest -->
  <testcase classname="com.biencaps.erp.testCases.SelfTaskSubmittedFunctionality" name="verifyNotificationMessageAtAdminLevelEmployeeSideOfTaskSubmitOfEmployee">
    <skipped/>
  </testcase> <!-- verifyNotificationMessageAtAdminLevelEmployeeSideOfTaskSubmitOfEmployee -->
  <testcase classname="com.biencaps.erp.testCases.SelfTaskSubmittedFunctionality" name="verifyRejectedRequestForTaskSubmitOfEmployeeFromAdminSide">
    <skipped/>
  </testcase> <!-- verifyRejectedRequestForTaskSubmitOfEmployeeFromAdminSide -->
  <testcase classname="com.biencaps.erp.testCases.SelfTaskSubmittedFunctionality" name="verifyNotificationMessageAtTeamLeadLevelEmployeeSideOfTaskSubmitOfEmployee">
    <skipped/>
  </testcase> <!-- verifyNotificationMessageAtTeamLeadLevelEmployeeSideOfTaskSubmitOfEmployee -->
  <testcase classname="com.biencaps.erp.testCases.SelfTaskSubmittedFunctionality" name="verifyLogoutAsEmployeeLoginAsLeadLevelEmployeeAndCheckLeadLevelEmployeeName">
    <skipped/>
  </testcase> <!-- verifyLogoutAsEmployeeLoginAsLeadLevelEmployeeAndCheckLeadLevelEmployeeName -->
  <testcase classname="com.biencaps.erp.testCases.SelfTaskSubmittedFunctionality" name="verifyLogoutAsEmployeeLoginAsTeamLeadLevelEmployeeAndCheckTeamLeadLevelEmployeeName">
    <skipped/>
  </testcase> <!-- verifyLogoutAsEmployeeLoginAsTeamLeadLevelEmployeeAndCheckTeamLeadLevelEmployeeName -->
  <testcase classname="com.biencaps.erp.testCases.SelfTaskSubmittedFunctionality" name="verifyLogoutAsEmployeeLoginAsAdminAndCheckAdminName">
    <skipped/>
  </testcase> <!-- verifyLogoutAsEmployeeLoginAsAdminAndCheckAdminName -->
  <testcase classname="com.biencaps.erp.testCases.SelfTaskSubmittedFunctionality" name="verifyNotificationMessageAtLeadLevelEmployeeSideOfTaskSubmitOfEmployee">
    <skipped/>
  </testcase> <!-- verifyNotificationMessageAtLeadLevelEmployeeSideOfTaskSubmitOfEmployee -->
  <testcase classname="com.biencaps.erp.testCases.SelfTaskSubmittedFunctionality" name="verifyRequestForTaskSubmitOfEmployeeByLeadLevelEmployee">
    <skipped/>
  </testcase> <!-- verifyRequestForTaskSubmitOfEmployeeByLeadLevelEmployee -->
  <testcase classname="com.biencaps.erp.testCases.SelfTaskSubmittedFunctionality" name="verifyRequestForTaskSubmitOfEmployeeByTeamLeadLevelEmployee">
    <skipped/>
  </testcase> <!-- verifyRequestForTaskSubmitOfEmployeeByTeamLeadLevelEmployee -->
</testsuite> <!-- com.biencaps.erp.testCases.SelfTaskSubmittedFunctionality -->
